======================================================================

Annotating SDF timing data:
  Compiled SDF file:     /ibe/users/da220/Cadence/WORK_TSMC180FORTE/THESIS/TB_TOP_64_32_8/.CHARACTERIZATION/CONTROLLER_5V_64_32_8_final.sdf.X
  Log file:              /ibe/users/da220/Cadence/WORK_TSMC180FORTE/THESIS/TB_TOP_64_32_8/.CHARACTERIZATION/CONTROLLER_5V_64_32_8_final.sdf.X_sdf_annotation.log
  Backannotation scope:  TB_TOP_64_32_8.TOP.CONTROLLER
  Configuration file:    
  MTM control:           MAXIMUM
  Scale factors:         
  Scale type:            

Time units: 1ns


Annotating to instance CTS_ccl_a_buf_00030 of module CKBD0
	ABSOLUTE (IOPATH I Z) = (0.367, 0.349)

Annotating to instance CTS_ccl_a_buf_00024 of module CKBD0
	ABSOLUTE (IOPATH I Z) = (0.337, 0.316)

Annotating to instance CTS_ccl_a_buf_00018 of module CKBD0
	ABSOLUTE (IOPATH I Z) = (0.346, 0.328)

Annotating to instance CTS_ccl_a_buf_00015 of module CKBD0
	ABSOLUTE (IOPATH I Z) = (0.353, 0.324)

Annotating to instance CTS_ccl_a_buf_00009 of module CKBD0
	ABSOLUTE (IOPATH I Z) = (0.3, 0.309)

Annotating to instance CTS_ccl_a_buf_00006 of module CKBD1
	ABSOLUTE (IOPATH I Z) = (0.256, 0.259)

Annotating to instance g1576 of module CKND2
	ABSOLUTE (IOPATH I ZN) = (0.134, 0.16)

Annotating to instance g1579 of module CKND0
	ABSOLUTE (IOPATH I ZN) = (0.265, 0.291)

Annotating to instance CTS_cse_buf_00003 of module BUFFD4
	ABSOLUTE (IOPATH I Z) = (0.147, 0.152)

Annotating to instance CTS_cse_buf_00002 of module BUFFD2
	ABSOLUTE (IOPATH I Z) = (0.177, 0.223)

Annotating to instance CTS_cse_buf_00001 of module BUFFD1
	ABSOLUTE (IOPATH I Z) = (0.215, 0.259)

Annotating to instance g1464 of module INVD4
	ABSOLUTE (IOPATH I ZN) = (1.562, 1.118)

Annotating to instance g1477__8780 of module AN2D4
	ABSOLUTE (IOPATH A1 Z) = (1.438, 0.891)
	ABSOLUTE (IOPATH A2 Z) = (1.439, 0.993)

Annotating to instance g1487 of module INVD4
	ABSOLUTE (IOPATH I ZN) = (1.565, 1.12)

Annotating to instance g1462 of module INVD4
	ABSOLUTE (IOPATH I ZN) = (1.56, 1.117)

Annotating to instance g1463 of module INVD4
	ABSOLUTE (IOPATH I ZN) = (1.562, 1.126)

Annotating to instance g1488 of module INVD4
	ABSOLUTE (IOPATH I ZN) = (1.752, 1.123)

Annotating to instance g1489 of module INVD4
	ABSOLUTE (IOPATH I ZN) = (1.554, 1.108)

Annotating to instance g1502__4296 of module OR2D4
	ABSOLUTE (IOPATH A1 Z) = (1.46, 1.025)
	ABSOLUTE (IOPATH A2 Z) = (1.5, 1.01)

Annotating to instance g1459__3772 of module AN2D4
	ABSOLUTE (IOPATH A1 Z) = (1.368, 0.901)
	ABSOLUTE (IOPATH A2 Z) = (1.288, 0.882)

Annotating to instance g1456__1474 of module AN2D4
	ABSOLUTE (IOPATH A1 Z) = (1.343, 0.855)
	ABSOLUTE (IOPATH A2 Z) = (1.256, 0.971)

Annotating to instance g1465 of module INVD4
	ABSOLUTE (IOPATH I ZN) = (1.558, 1.111)

Annotating to instance g1452__4547 of module AN2D4
	ABSOLUTE (IOPATH A1 Z) = (1.336, 0.846)
	ABSOLUTE (IOPATH A2 Z) = (1.249, 0.963)

Annotating to instance g1446__9682 of module AN2D4
	ABSOLUTE (IOPATH A1 Z) = (1.343, 0.856)
	ABSOLUTE (IOPATH A2 Z) = (1.288, 0.883)

Annotating to instance g1449__2683 of module AN2D4
	ABSOLUTE (IOPATH A1 Z) = (1.343, 0.855)
	ABSOLUTE (IOPATH A2 Z) = (1.256, 0.97)

Annotating to instance g1466 of module INVD4
	ABSOLUTE (IOPATH I ZN) = (1.555, 1.108)

Annotating to instance g1507 of module INVD4
	ABSOLUTE (IOPATH I ZN) = (1.559, 1.117)

Annotating to instance g1450__1309 of module AN2D4
	ABSOLUTE (IOPATH A1 Z) = (1.343, 0.855)
	ABSOLUTE (IOPATH A2 Z) = (1.288, 0.882)

Annotating to instance g1447__6877 of module AN2D4
	ABSOLUTE (IOPATH A1 Z) = (1.343, 0.855)
	ABSOLUTE (IOPATH A2 Z) = (1.288, 0.883)

Annotating to instance g1448__2900 of module AN2D4
	ABSOLUTE (IOPATH A1 Z) = (1.343, 0.855)
	ABSOLUTE (IOPATH A2 Z) = (1.256, 0.969)

Annotating to instance g1476__2391 of module OR2D4
	ABSOLUTE (IOPATH A1 Z) = (1.459, 0.978)
	ABSOLUTE (IOPATH A2 Z) = (1.518, 0.999)

Annotating to instance g1475__7675 of module OR2D4
	ABSOLUTE (IOPATH A1 Z) = (1.46, 0.979)
	ABSOLUTE (IOPATH A2 Z) = (1.509, 0.995)

Annotating to instance g1504__7118 of module AN2D4
	ABSOLUTE (IOPATH A1 Z) = (1.43, 0.886)
	ABSOLUTE (IOPATH A2 Z) = (1.441, 0.984)

Annotating to instance g1461__8757 of module AN2D4
	ABSOLUTE (IOPATH A1 Z) = (1.369, 0.901)
	ABSOLUTE (IOPATH A2 Z) = (1.256, 0.971)

Annotating to instance g1460__1786 of module AN2D4
	ABSOLUTE (IOPATH A1 Z) = (1.368, 0.901)
	ABSOLUTE (IOPATH A2 Z) = (1.256, 0.969)

Annotating to instance g1453__5953 of module AN2D4
	ABSOLUTE (IOPATH A1 Z) = (1.343, 0.855)
	ABSOLUTE (IOPATH A2 Z) = (1.255, 0.971)

Annotating to instance g1458__5703 of module AN2D4
	ABSOLUTE (IOPATH A1 Z) = (1.343, 0.854)
	ABSOLUTE (IOPATH A2 Z) = (1.284, 0.886)

Annotating to instance g1455__7114 of module AN2D4
	ABSOLUTE (IOPATH A1 Z) = (1.343, 0.855)
	ABSOLUTE (IOPATH A2 Z) = (1.284, 0.888)

Annotating to instance g1467 of module INVD4
	ABSOLUTE (IOPATH I ZN) = (1.565, 1.119)

Annotating to instance g1484 of module INVD4
	ABSOLUTE (IOPATH I ZN) = (1.564, 1.128)

Annotating to instance g1451__5266 of module AN2D4
	ABSOLUTE (IOPATH A1 Z) = (1.343, 0.855)
	ABSOLUTE (IOPATH A2 Z) = (1.256, 0.969)

Annotating to instance g1457__2250 of module AN2D4
	ABSOLUTE (IOPATH A1 Z) = (1.343, 0.856)
	ABSOLUTE (IOPATH A2 Z) = (1.284, 0.888)

Annotating to instance g1454__6083 of module AN2D4
	ABSOLUTE (IOPATH A1 Z) = (1.368, 0.902)
	ABSOLUTE (IOPATH A2 Z) = (1.283, 0.887)

Annotating to instance g1510 of module INVD4
	ABSOLUTE (IOPATH I ZN) = (1.557, 1.116)

Annotating to instance g1485 of module INVD4
	ABSOLUTE (IOPATH I ZN) = (1.557, 1.116)

Annotating to instance g1486 of module INVD4
	ABSOLUTE (IOPATH I ZN) = (1.564, 1.122)

Annotating to instance g1520 of module CKND1
	ABSOLUTE (IOPATH I ZN) = (0.184, 0.156)

Annotating to instance g1492__5795 of module AN2D4
	ABSOLUTE (IOPATH A1 Z) = (1.319, 0.845)
	ABSOLUTE (IOPATH A2 Z) = (1.288, 0.945)

Annotating to instance g1491__7344 of module AN2D4
	ABSOLUTE (IOPATH A1 Z) = (1.318, 0.84)
	ABSOLUTE (IOPATH A2 Z) = (1.288, 0.941)

Annotating to instance g1508 of module INVD4
	ABSOLUTE (IOPATH I ZN) = (1.558, 1.118)

Annotating to instance g1471__1840 of module AN2D4
	ABSOLUTE (IOPATH A1 Z) = (1.319, 0.847)
	ABSOLUTE (IOPATH A2 Z) = (1.287, 0.943)

Annotating to instance g1496__5019 of module AN2D4
	ABSOLUTE (IOPATH A1 Z) = (1.318, 0.845)
	ABSOLUTE (IOPATH A2 Z) = (1.287, 0.934)

Annotating to instance g1468__1857 of module AN2D4
	ABSOLUTE (IOPATH A1 Z) = (1.319, 0.845)
	ABSOLUTE (IOPATH A2 Z) = (1.288, 0.943)

Annotating to instance g1473__9906 of module AN2D4
	ABSOLUTE (IOPATH A1 Z) = (1.319, 0.845)
	ABSOLUTE (IOPATH A2 Z) = (1.287, 0.935)

Annotating to instance g1490__8780 of module AN2D4
	ABSOLUTE (IOPATH A1 Z) = (1.319, 0.846)
	ABSOLUTE (IOPATH A2 Z) = (1.268, 0.986)

Annotating to instance g1521 of module INVD4
	ABSOLUTE (IOPATH I ZN) = (1.555, 1.109)

Annotating to instance g1479__4296 of module OR2D4
	ABSOLUTE (IOPATH A1 Z) = (1.46, 0.98)
	ABSOLUTE (IOPATH A2 Z) = (1.518, 0.999)

Annotating to instance g1525__3772 of module ND2D1
	ABSOLUTE (IOPATH A1 ZN) = (0.152, 0.137)
	ABSOLUTE (IOPATH A2 ZN) = (0.385, 0.074)

Annotating to instance g1512__1474 of module AN2D4
	ABSOLUTE (IOPATH A1 Z) = (1.442, 0.892)
	ABSOLUTE (IOPATH A2 Z) = (1.442, 0.923)

Annotating to instance g1480__4547 of module OR2D4
	ABSOLUTE (IOPATH A1 Z) = (1.464, 0.987)
	ABSOLUTE (IOPATH A2 Z) = (1.511, 1.022)

Annotating to instance g1498__9682 of module AN2D4
	ABSOLUTE (IOPATH A1 Z) = (1.319, 0.844)
	ABSOLUTE (IOPATH A2 Z) = (1.268, 0.986)

Annotating to instance g1494__2683 of module AN2D4
	ABSOLUTE (IOPATH A1 Z) = (1.315, 0.839)
	ABSOLUTE (IOPATH A2 Z) = (1.288, 0.942)

Annotating to instance g1474__1309 of module AN2D4
	ABSOLUTE (IOPATH A1 Z) = (1.315, 0.839)
	ABSOLUTE (IOPATH A2 Z) = (1.287, 0.935)

Annotating to instance g1472__6877 of module AN2D4
	ABSOLUTE (IOPATH A1 Z) = (1.315, 0.838)
	ABSOLUTE (IOPATH A2 Z) = (1.268, 0.984)

Annotating to instance g1497__2900 of module AN2D4
	ABSOLUTE (IOPATH A1 Z) = (1.317, 0.839)
	ABSOLUTE (IOPATH A2 Z) = (1.268, 0.983)

Annotating to instance g1470__2391 of module AN2D4
	ABSOLUTE (IOPATH A1 Z) = (1.315, 0.839)
	ABSOLUTE (IOPATH A2 Z) = (1.288, 0.944)

Annotating to instance g1469__7675 of module AN2D4
	ABSOLUTE (IOPATH A1 Z) = (1.318, 0.841)
	ABSOLUTE (IOPATH A2 Z) = (1.288, 0.943)

Annotating to instance g1495__7118 of module AN2D4
	ABSOLUTE (IOPATH A1 Z) = (1.319, 0.845)
	ABSOLUTE (IOPATH A2 Z) = (1.288, 0.944)

Annotating to instance g1493__8757 of module AN2D4
	ABSOLUTE (IOPATH A1 Z) = (1.318, 0.841)
	ABSOLUTE (IOPATH A2 Z) = (1.288, 0.934)

Annotating to instance g1499__1786 of module OR2D4
	ABSOLUTE (IOPATH A1 Z) = (1.461, 0.984)
	ABSOLUTE (IOPATH A2 Z) = (1.553, 1.019)

Annotating to instance g1517__5953 of module AN2D4
	ABSOLUTE (IOPATH A1 Z) = (1.449, 0.895)
	ABSOLUTE (IOPATH A2 Z) = (1.444, 0.954)

Annotating to instance g1500__5703 of module AN2D4
	ABSOLUTE (IOPATH A1 Z) = (1.495, 1.025)
	ABSOLUTE (IOPATH A2 Z) = (1.451, 0.996)

Annotating to instance g1478__7114 of module OR2D4
	ABSOLUTE (IOPATH A1 Z) = (1.451, 0.968)
	ABSOLUTE (IOPATH A2 Z) = (1.498, 0.983)

Annotating to instance g1501__5266 of module OR2D4
	ABSOLUTE (IOPATH A1 Z) = (1.455, 0.978)
	ABSOLUTE (IOPATH A2 Z) = (1.543, 1.006)

Annotating to instance g1526__2250 of module OR2D4
	ABSOLUTE (IOPATH A1 Z) = (1.46, 0.984)
	ABSOLUTE (IOPATH A2 Z) = (1.498, 0.997)

Annotating to instance g1514__6083 of module OR2D1
	ABSOLUTE (IOPATH A1 Z) = (0.262, 0.377)
	ABSOLUTE (IOPATH A2 Z) = (0.285, 0.37)

Annotating to instance g1505__2703 of module INR2D0
	ABSOLUTE (IOPATH A1 ZN) = (1.053, 0.629)
	ABSOLUTE (IOPATH B1 ZN) = (1.088, 0.404)

Annotating to instance g1482__5795 of module NR2D1
	ABSOLUTE (IOPATH A1 ZN) = (0.614, 0.219)
	ABSOLUTE (IOPATH A2 ZN) = (0.619, 0.258)

Annotating to instance g1506 of module CKND1
	ABSOLUTE (IOPATH I ZN) = (0.137, 0.142)

Annotating to instance g1513__7344 of module AN2D4
	ABSOLUTE (IOPATH A1 Z) = (1.458, 0.901)
	ABSOLUTE (IOPATH A2 Z) = (1.443, 0.952)

Annotating to instance g1483__1840 of module NR2D1
	ABSOLUTE (IOPATH A1 ZN) = (0.616, 0.22)
	ABSOLUTE (IOPATH A2 ZN) = (0.623, 0.259)

Annotating to instance g1481__5019 of module NR2D1
	ABSOLUTE (IOPATH A1 ZN) = (0.623, 0.223)
	ABSOLUTE (IOPATH A2 ZN) = (0.626, 0.26)

Annotating to instance g1527__1857 of module ND2D1
	ABSOLUTE (IOPATH A1 ZN) = (0.284, 0.186)
	ABSOLUTE (IOPATH A2 ZN) = (0.225, 0.151)

Annotating to instance g1511__9906 of module ND2D1
	ABSOLUTE (IOPATH A1 ZN) = (0.254, 0.159)
	ABSOLUTE (IOPATH A2 ZN) = (0.209, 0.128)

Annotating to instance g1536 of module INVD1
	ABSOLUTE (IOPATH I ZN) = (0.177, 0.108)

Annotating to instance g1530__8780 of module AN2D1
	ABSOLUTE (IOPATH A1 Z) = (0.59, 0.474)
	ABSOLUTE (IOPATH A2 Z) = (0.472, 0.41)

Annotating to instance g1529__4296 of module AN2D1
	ABSOLUTE (IOPATH A1 Z) = (0.602, 0.479)
	ABSOLUTE (IOPATH A2 Z) = (0.484, 0.418)

Annotating to instance g1528__3772 of module AN2D1
	ABSOLUTE (IOPATH A1 Z) = (0.541, 0.411)
	ABSOLUTE (IOPATH A2 Z) = (0.497, 0.426)

Annotating to instance g1543 of module INVD1
	ABSOLUTE (IOPATH I ZN) = (0.169, 0.09)

Annotating to instance g1516__1474 of module NR2D1
	ABSOLUTE (IOPATH A1 ZN) = (0.454, 0.169)
	ABSOLUTE (IOPATH A2 ZN) = (0.718, 0.144)

Annotating to instance g1515__4547 of module OR2D1
	ABSOLUTE (IOPATH A1 Z) = (0.261, 0.378)
	ABSOLUTE (IOPATH A2 Z) = (0.292, 0.376)

Annotating to instance g1524 of module CKND1
	ABSOLUTE (IOPATH I ZN) = (0.386, 0.4)

Annotating to instance g1522 of module CKND1
	ABSOLUTE (IOPATH I ZN) = (0.401, 0.418)

Annotating to instance g1523 of module CKND1
	ABSOLUTE (IOPATH I ZN) = (0.409, 0.424)

Annotating to instance g1518__9682 of module AN2D1
	ABSOLUTE (IOPATH A1 Z) = (0.549, 0.397)
	ABSOLUTE (IOPATH A2 Z) = (0.466, 0.407)

Annotating to instance g1531__2683 of module ND3D1
	ABSOLUTE (IOPATH A1 ZN) = (0.173, 0.188)
	ABSOLUTE (IOPATH A2 ZN) = (0.19, 0.181)
	ABSOLUTE (IOPATH A3 ZN) = (0.217, 0.171)

Annotating to instance g1535 of module INVD1
	ABSOLUTE (IOPATH I ZN) = (0.23, 0.141)

Annotating to instance g1538__1309 of module ND2D1
	ABSOLUTE (IOPATH A1 ZN) = (0.185, 0.159)
	ABSOLUTE (IOPATH A2 ZN) = (0.202, 0.132)

Annotating to instance g1532__6877 of module IND3D1
	ABSOLUTE (IOPATH A1 ZN) = (0.282, 0.336)
	ABSOLUTE (IOPATH B1 ZN) = (0.21, 0.199)
	ABSOLUTE (IOPATH B2 ZN) = (0.181, 0.198)

Annotating to instance g1542 of module CKND1
	ABSOLUTE (IOPATH I ZN) = (0.231, 0.223)

Annotating to instance g1533__2900 of module IND3D1
	ABSOLUTE (IOPATH A1 ZN) = (0.277, 0.33)
	ABSOLUTE (IOPATH B1 ZN) = (0.205, 0.192)
	ABSOLUTE (IOPATH B2 ZN) = (0.174, 0.19)

Annotating to instance g1546__2391 of module ND2D1
	ABSOLUTE (IOPATH A1 ZN) = (0.295, 0.218)
	ABSOLUTE (IOPATH A2 ZN) = (0.256, 0.183)

Annotating to instance g1534__7675 of module NR3D0
	ABSOLUTE (IOPATH A1 ZN) = (1.115, 0.494)
	ABSOLUTE (IOPATH A2 ZN) = (1.155, 0.518)
	ABSOLUTE (IOPATH A3 ZN) = (1.168, 0.515)

Annotating to instance g1537__7118 of module ND2D1
	ABSOLUTE (IOPATH A1 ZN) = (0.184, 0.161)
	ABSOLUTE (IOPATH A2 ZN) = (0.214, 0.135)

Annotating to instance controller1_state_reg[2] of module DFKCNQD1
	ABSOLUTE (IOPATH CP Q) = (0.651, 0.642)
	TIMINGCHECK (SETUPHOLD (posedge D) (posedge CP) (0.103) (-0.05))
	TIMINGCHECK (SETUPHOLD (negedge D) (posedge CP) (0.054) (0.065))
	TIMINGCHECK (WIDTH (posedge CP) (0.619))
	TIMINGCHECK (WIDTH (negedge CP) (0.711))
	TIMINGCHECK (SETUPHOLD (posedge CN) (posedge CP) (0.092) (-0.04))
	TIMINGCHECK (SETUPHOLD (negedge CN) (posedge CP) (0.222) (-0.042))

Annotating to instance g1540__8757 of module AN2D1
	ABSOLUTE (IOPATH A1 Z) = (0.555, 0.408)
	ABSOLUTE (IOPATH A2 Z) = (0.539, 0.427)

Annotating to instance g1541__1786 of module NR2D1
	ABSOLUTE (IOPATH A1 ZN) = (0.744, 0.264)
	ABSOLUTE (IOPATH A2 ZN) = (0.753, 0.277)

Annotating to instance g1545__5953 of module ND2D1
	ABSOLUTE (IOPATH A1 ZN) = (0.21, 0.16)
	ABSOLUTE (IOPATH A2 ZN) = (0.187, 0.116)

Annotating to instance g1544__5703 of module NR2D1
	ABSOLUTE (IOPATH A1 ZN) = (0.263, 0.1)
ncelab: *W,SDFNDP: Annotation resulted in a negative delay value or pulse limit to specify path or interconnect delay ((IOPATH A2 ZN)), setting to 0 </ibe/users/da220/Cadence/WORK_TSMC180FORTE/THESIS/TB_TOP_64_32_8/.CHARACTERIZATION/CONTROLLER_5V_64_32_8_final.sdf, line 1530>.

Annotating to instance g1547__7114 of module INR2D0
	ABSOLUTE (IOPATH A1 ZN) = (1.452, 0.596)
	ABSOLUTE (IOPATH B1 ZN) = (1.378, 0.468)

Annotating to instance g1548__5266 of module INR2D0
	ABSOLUTE (IOPATH A1 ZN) = (1.437, 0.588)
	ABSOLUTE (IOPATH B1 ZN) = (1.365, 0.467)

Annotating to instance g1549 of module INVD1
	ABSOLUTE (IOPATH I ZN) = (0.298, 0.196)

Annotating to instance controller1_state_reg[0] of module DFKCNQD1
	ABSOLUTE (IOPATH CP Q) = (0.608, 0.617)
	TIMINGCHECK (SETUPHOLD (posedge D) (posedge CP) (0.103) (-0.05))
	TIMINGCHECK (SETUPHOLD (negedge D) (posedge CP) (0.056) (0.064))
	TIMINGCHECK (WIDTH (posedge CP) (0.619))
	TIMINGCHECK (WIDTH (negedge CP) (0.711))
	TIMINGCHECK (SETUPHOLD (posedge CN) (posedge CP) (0.092) (-0.04))
	TIMINGCHECK (SETUPHOLD (negedge CN) (posedge CP) (0.222) (-0.042))

Annotating to instance g1554 of module CKND1
	ABSOLUTE (IOPATH I ZN) = (0.351, 0.41)

Annotating to instance controller1_Y_ADDRESS_CON_DEC_reg[0] of module LHQD1
	ABSOLUTE (IOPATH D Q) = (0.328, 0.439)
	ABSOLUTE (IOPATH E Q) = (0.541, 0.438)
	TIMINGCHECK (WIDTH (posedge E) (0.39))
	TIMINGCHECK (SETUPHOLD (posedge D) (negedge E) (-0.11) (0.167))
	TIMINGCHECK (SETUPHOLD (negedge D) (negedge E) (0.189) (-0.096))

Annotating to instance controller1_X_ADDRESS_CON_DEC_reg[2] of module LHQD1
	ABSOLUTE (IOPATH D Q) = (0.611, 0.624)
	ABSOLUTE (IOPATH E Q) = (0.826, 0.622)
	TIMINGCHECK (WIDTH (posedge E) (0.39))
	TIMINGCHECK (SETUPHOLD (posedge D) (negedge E) (-0.11) (0.167))
	TIMINGCHECK (SETUPHOLD (negedge D) (negedge E) (0.189) (-0.096))

Annotating to instance controller1_Y_ADDRESS_CON_DEC_reg[4] of module LHQD1
	ABSOLUTE (IOPATH D Q) = (0.444, 0.52)
	ABSOLUTE (IOPATH E Q) = (0.658, 0.518)
	TIMINGCHECK (WIDTH (posedge E) (0.39))
	TIMINGCHECK (SETUPHOLD (posedge D) (negedge E) (-0.11) (0.167))
	TIMINGCHECK (SETUPHOLD (negedge D) (negedge E) (0.189) (-0.096))

Annotating to instance controller1_Y_ADDRESS_CON_DEC_reg[2] of module LHQD1
	ABSOLUTE (IOPATH D Q) = (0.324, 0.436)
	ABSOLUTE (IOPATH E Q) = (0.537, 0.435)
	TIMINGCHECK (WIDTH (posedge E) (0.39))
	TIMINGCHECK (SETUPHOLD (posedge D) (negedge E) (-0.11) (0.167))
	TIMINGCHECK (SETUPHOLD (negedge D) (negedge E) (0.189) (-0.096))

Annotating to instance controller1_Y_ADDRESS_CON_DEC_reg[3] of module LHQD1
	ABSOLUTE (IOPATH D Q) = (0.309, 0.423)
	ABSOLUTE (IOPATH E Q) = (0.522, 0.422)
	TIMINGCHECK (WIDTH (posedge E) (0.39))
	TIMINGCHECK (SETUPHOLD (posedge D) (negedge E) (-0.11) (0.167))
	TIMINGCHECK (SETUPHOLD (negedge D) (negedge E) (0.189) (-0.096))

Annotating to instance controller1_Y_ADDRESS_CON_DEC_reg[1] of module LHQD1
	ABSOLUTE (IOPATH D Q) = (0.323, 0.435)
	ABSOLUTE (IOPATH E Q) = (0.536, 0.434)
	TIMINGCHECK (WIDTH (posedge E) (0.39))
	TIMINGCHECK (SETUPHOLD (posedge D) (negedge E) (-0.11) (0.167))
	TIMINGCHECK (SETUPHOLD (negedge D) (negedge E) (0.189) (-0.096))

Annotating to instance controller1_X_ADDRESS_CON_DEC_reg[0] of module LHQD1
	ABSOLUTE (IOPATH D Q) = (0.374, 0.473)
	ABSOLUTE (IOPATH E Q) = (0.588, 0.472)
	TIMINGCHECK (WIDTH (posedge E) (0.39))
	TIMINGCHECK (SETUPHOLD (posedge D) (negedge E) (-0.11) (0.167))
	TIMINGCHECK (SETUPHOLD (negedge D) (negedge E) (0.189) (-0.096))

Annotating to instance controller1_X_ADDRESS_CON_DEC_reg[1] of module LHQD1
	ABSOLUTE (IOPATH D Q) = (0.428, 0.51)
	ABSOLUTE (IOPATH E Q) = (0.642, 0.508)
	TIMINGCHECK (WIDTH (posedge E) (0.39))
	TIMINGCHECK (SETUPHOLD (posedge D) (negedge E) (-0.11) (0.167))
	TIMINGCHECK (SETUPHOLD (negedge D) (negedge E) (0.189) (-0.096))

Annotating to instance controller1_P_ADDRESS_EN_reg of module LHD1
	ABSOLUTE (IOPATH D QN) = (0.465, 0.348)
	ABSOLUTE (IOPATH D Q) = (0.385, 0.417)
	ABSOLUTE (IOPATH E QN) = (0.534, 0.574)
	ABSOLUTE (IOPATH E Q) = (0.61, 0.485)
	TIMINGCHECK (WIDTH (posedge E) (0.431))
	TIMINGCHECK (SETUPHOLD (posedge D) (negedge E) (-0.13) (0.166))
	TIMINGCHECK (SETUPHOLD (negedge D) (negedge E) (0.137) (-0.027))

Annotating to instance controller1_nstate_reg[2] of module LHQD1
	ABSOLUTE (IOPATH D Q) = (0.229, 0.305)
	ABSOLUTE (IOPATH E Q) = (0.449, 0.363)
	TIMINGCHECK (WIDTH (posedge E) (0.427))
	TIMINGCHECK (SETUPHOLD (posedge D) (negedge E) (-0.138) (0.179))
	TIMINGCHECK (SETUPHOLD (negedge D) (negedge E) (0.12) (-0.026))

Annotating to instance g1561 of module INVD3
	ABSOLUTE (IOPATH I ZN) = (1.508, 1.059)

Annotating to instance controller1_nstate_reg[0] of module LHQD1
	ABSOLUTE (IOPATH D Q) = (0.244, 0.312)
	ABSOLUTE (IOPATH E Q) = (0.464, 0.377)
	TIMINGCHECK (WIDTH (posedge E) (0.427))
	TIMINGCHECK (SETUPHOLD (posedge D) (negedge E) (-0.137) (0.174))
	TIMINGCHECK (SETUPHOLD (negedge D) (negedge E) (0.115) (-0.028))

Annotating to instance controller1_READ_reg of module LHQD1
	ABSOLUTE (IOPATH D Q) = (0.508, 0.495)
	ABSOLUTE (IOPATH E Q) = (0.733, 0.567)
	TIMINGCHECK (WIDTH (posedge E) (0.427))
	TIMINGCHECK (SETUPHOLD (posedge D) (negedge E) (-0.129) (0.164))
	TIMINGCHECK (SETUPHOLD (negedge D) (negedge E) (0.102) (-0.022))

Annotating to instance g1570__2250 of module AO21D2
	ABSOLUTE (IOPATH A1 Z) = (0.332, 0.352)
	ABSOLUTE (IOPATH A2 Z) = (0.314, 0.439)
	ABSOLUTE (IOPATH B Z) = (0.313, 0.417)
	ABSOLUTE (COND ((A1==0)&&(A2==0)) (IOPATH B Z)) = (0.313, 0.417)
	ABSOLUTE (COND ((A1==0)&&(A2==1)) (IOPATH B Z)) = (0.313, 0.417)
	ABSOLUTE (COND ((A1==1)&&(A2==0)) (IOPATH B Z)) = (0.313, 0.417)

Annotating to instance controller1_EN_SA_reg of module LHQD1
	ABSOLUTE (IOPATH D Q) = (0.516, 0.502)
	ABSOLUTE (IOPATH E Q) = (0.741, 0.572)
	TIMINGCHECK (WIDTH (posedge E) (0.427))
	TIMINGCHECK (SETUPHOLD (posedge D) (negedge E) (-0.131) (0.167))
	TIMINGCHECK (SETUPHOLD (negedge D) (negedge E) (0.105) (-0.024))

Annotating to instance controller1_PRE_reg of module LHQD1
	ABSOLUTE (IOPATH D Q) = (0.517, 0.502)
	ABSOLUTE (IOPATH E Q) = (0.741, 0.572)
	TIMINGCHECK (WIDTH (posedge E) (0.427))
	TIMINGCHECK (SETUPHOLD (posedge D) (negedge E) (-0.131) (0.167))
	TIMINGCHECK (SETUPHOLD (negedge D) (negedge E) (0.105) (-0.025))

Annotating to instance controller1_N_ADDRESS_EN_reg of module LHQD4
	ABSOLUTE (IOPATH D Q) = (1.243, 1.061)
	ABSOLUTE (IOPATH E Q) = (1.471, 1.131)
	TIMINGCHECK (WIDTH (posedge E) (0.453))
	TIMINGCHECK (SETUPHOLD (posedge D) (negedge E) (-0.038) (0.086))
	TIMINGCHECK (SETUPHOLD (negedge D) (negedge E) (0.27) (-0.105))

Annotating to instance controller1_DVLP_reg of module LHQD4
	ABSOLUTE (IOPATH D Q) = (1.649, 1.297)
	ABSOLUTE (IOPATH E Q) = (1.872, 1.359)
	TIMINGCHECK (WIDTH (posedge E) (0.453))
	TIMINGCHECK (SETUPHOLD (posedge D) (negedge E) (-0.031) (0.086))
	TIMINGCHECK (SETUPHOLD (negedge D) (negedge E) (0.284) (-0.115))

Annotating to instance g1571__6083 of module OR2D1
	ABSOLUTE (IOPATH A1 Z) = (0.205, 0.297)
	ABSOLUTE (IOPATH A2 Z) = (0.222, 0.338)

Annotating to instance g1568__2703 of module NR3D0
	ABSOLUTE (IOPATH A1 ZN) = (0.219, 0.118)
	ABSOLUTE (IOPATH A2 ZN) = (0.31, 0.176)
	ABSOLUTE (IOPATH A3 ZN) = (0.285, 0.167)

Annotating to instance g1573__5795 of module CKND2D2
	ABSOLUTE (IOPATH A1 ZN) = (0.217, 0.226)
	ABSOLUTE (IOPATH A2 ZN) = (0.251, 0.251)

Annotating to instance g1572__7344 of module INR2D2
	ABSOLUTE (IOPATH A1 ZN) = (0.329, 0.257)
	ABSOLUTE (IOPATH B1 ZN) = (0.233, 0.089)

Annotating to instance g1575__1840 of module AOI21D1
	ABSOLUTE (IOPATH A1 ZN) = (0.26, 0.135)
	ABSOLUTE (IOPATH A2 ZN) = (0.296, 0.115)
	ABSOLUTE (IOPATH B ZN) = (0.288, 0.125)
	ABSOLUTE (COND ((A1==0)&&(A2==0)) (IOPATH B ZN)) = (0.288, 0.125)
	ABSOLUTE (COND ((A1==0)&&(A2==1)) (IOPATH B ZN)) = (0.288, 0.125)
	ABSOLUTE (COND ((A1==1)&&(A2==0)) (IOPATH B ZN)) = (0.288, 0.125)

Annotating to instance g1574__5019 of module AOI21D1
	ABSOLUTE (IOPATH A1 ZN) = (0.212, 0.116)
	ABSOLUTE (IOPATH A2 ZN) = (0.297, 0.108)
	ABSOLUTE (IOPATH B ZN) = (0.301, 0.123)
	ABSOLUTE (COND ((A1==0)&&(A2==0)) (IOPATH B ZN)) = (0.301, 0.123)
	ABSOLUTE (COND ((A1==0)&&(A2==1)) (IOPATH B ZN)) = (0.301, 0.123)
	ABSOLUTE (COND ((A1==1)&&(A2==0)) (IOPATH B ZN)) = (0.301, 0.123)

Annotating to instance g1577__1857 of module NR2D2
	ABSOLUTE (IOPATH A1 ZN) = (0.213, 0.084)
	ABSOLUTE (IOPATH A2 ZN) = (0.23, 0.102)

Annotating to instance g1578__9906 of module AN2D1
	ABSOLUTE (IOPATH A1 Z) = (0.272, 0.216)
	ABSOLUTE (IOPATH A2 Z) = (0.257, 0.278)

Annotating to instance g1581__8780 of module IND2D1
	ABSOLUTE (IOPATH A1 ZN) = (0.195, 0.22)
	ABSOLUTE (IOPATH B1 ZN) = (0.178, 0.106)

Annotating to instance controller1_state_reg[1] of module DFKCNQD1
	ABSOLUTE (IOPATH CP Q) = (0.607, 0.616)
	TIMINGCHECK (SETUPHOLD (posedge D) (posedge CP) (0.117) (-0.007))
	TIMINGCHECK (SETUPHOLD (negedge D) (posedge CP) (0.243) (-0.036))
	TIMINGCHECK (WIDTH (posedge CP) (0.619))
	TIMINGCHECK (WIDTH (negedge CP) (0.711))
	TIMINGCHECK (SETUPHOLD (posedge CN) (posedge CP) (0.092) (-0.04))
	TIMINGCHECK (SETUPHOLD (negedge CN) (posedge CP) (0.222) (-0.042))

Annotating to instance g1583__4296 of module IND2D2
	ABSOLUTE (IOPATH A1 ZN) = (0.207, 0.266)
	ABSOLUTE (IOPATH B1 ZN) = (0.169, 0.098)

Annotating to instance g1582__3772 of module INR2D2
	ABSOLUTE (IOPATH A1 ZN) = (0.309, 0.241)
	ABSOLUTE (IOPATH B1 ZN) = (0.228, 0.082)

Annotating to instance g1585 of module INVD1
	ABSOLUTE (IOPATH I ZN) = (0.283, 0.142)

Annotating to instance g1584 of module INVD4
	ABSOLUTE (IOPATH I ZN) = (1.598, 1.141)

Annotating to instance g2 of module IND2D4
	ABSOLUTE (IOPATH A1 ZN) = (1.418, 1.337)
	ABSOLUTE (IOPATH B1 ZN) = (1.455, 1.226)
ABSOLUTE PORT: TB_TOP_64_32_8.TOP.CONTROLLER.CTS_ccl_a_buf_00030.I = (0)
ABSOLUTE PORT: TB_TOP_64_32_8.TOP.CONTROLLER.g1583__4296.A1 = (0)
ABSOLUTE PORT: TB_TOP_64_32_8.TOP.CONTROLLER.g1583__4296.B1 = (0)
ABSOLUTE PORT: TB_TOP_64_32_8.TOP.CONTROLLER.g1571__6083.A2 = (0)
ABSOLUTE PORT: TB_TOP_64_32_8.TOP.CONTROLLER.g1571__6083.A1 = (0)
ABSOLUTE PORT: TB_TOP_64_32_8.TOP.CONTROLLER.CTS_ccl_a_buf_00024.I = (0)
ABSOLUTE PORT: TB_TOP_64_32_8.TOP.CONTROLLER.g1573__5795.A2 = (0)
ABSOLUTE PORT: TB_TOP_64_32_8.TOP.CONTROLLER.g1573__5795.A1 = (0)
ABSOLUTE PORT: TB_TOP_64_32_8.TOP.CONTROLLER.CTS_ccl_a_buf_00018.I = (0)
ABSOLUTE PORT: TB_TOP_64_32_8.TOP.CONTROLLER.g1574__5019.B = (0)
ABSOLUTE PORT: TB_TOP_64_32_8.TOP.CONTROLLER.g1574__5019.A2 = (0)
ABSOLUTE PORT: TB_TOP_64_32_8.TOP.CONTROLLER.g1574__5019.A1 = (0)
ABSOLUTE PORT: TB_TOP_64_32_8.TOP.CONTROLLER.g1575__1840.A2 = (0)
ABSOLUTE PORT: TB_TOP_64_32_8.TOP.CONTROLLER.g1575__1840.A1 = (0)
ABSOLUTE PORT: TB_TOP_64_32_8.TOP.CONTROLLER.g1575__1840.B = (0)
ABSOLUTE PORT: TB_TOP_64_32_8.TOP.CONTROLLER.CTS_ccl_a_buf_00015.I = (0)
ABSOLUTE PORT: TB_TOP_64_32_8.TOP.CONTROLLER.g1578__9906.A2 = (0)
ABSOLUTE PORT: TB_TOP_64_32_8.TOP.CONTROLLER.g1578__9906.A1 = (0)
ABSOLUTE PORT: TB_TOP_64_32_8.TOP.CONTROLLER.CTS_cse_buf_00001.I = (0)
ABSOLUTE PORT: TB_TOP_64_32_8.TOP.CONTROLLER.g1576.I = (0)
ABSOLUTE PORT: TB_TOP_64_32_8.TOP.CONTROLLER.g1572__7344.B1 = (0)
ABSOLUTE PORT: TB_TOP_64_32_8.TOP.CONTROLLER.g1572__7344.A1 = (0)
ABSOLUTE PORT: TB_TOP_64_32_8.TOP.CONTROLLER.CTS_ccl_a_buf_00006.I = (0)
ABSOLUTE PORT: TB_TOP_64_32_8.TOP.CONTROLLER.CTS_ccl_a_buf_00009.I = (0)
ABSOLUTE PORT: TB_TOP_64_32_8.TOP.CONTROLLER.g1568__2703.A3 = (0)
ABSOLUTE PORT: TB_TOP_64_32_8.TOP.CONTROLLER.g1568__2703.A2 = (0)
ABSOLUTE PORT: TB_TOP_64_32_8.TOP.CONTROLLER.g1568__2703.A1 = (0)
ABSOLUTE PORT: TB_TOP_64_32_8.TOP.CONTROLLER.CTS_cse_buf_00002.I = (0)
ABSOLUTE PORT: TB_TOP_64_32_8.TOP.CONTROLLER.g1579.I = (0)
ABSOLUTE PORT: TB_TOP_64_32_8.TOP.CONTROLLER.g1570__2250.A2 = (0)
ABSOLUTE PORT: TB_TOP_64_32_8.TOP.CONTROLLER.g1570__2250.A1 = (0)
ABSOLUTE PORT: TB_TOP_64_32_8.TOP.CONTROLLER.g1570__2250.B = (0)
ABSOLUTE PORT: TB_TOP_64_32_8.TOP.CONTROLLER.CTS_cse_buf_00003.I = (0)
ABSOLUTE PORT: TB_TOP_64_32_8.TOP.CONTROLLER.controller1_N_ADDRESS_EN_reg.D = (0)
ABSOLUTE PORT: TB_TOP_64_32_8.TOP.CONTROLLER.controller1_N_ADDRESS_EN_reg.E = (0)
ABSOLUTE PORT: TB_TOP_64_32_8.TOP.CONTROLLER.controller1_READ_reg.D = (0)
ABSOLUTE PORT: TB_TOP_64_32_8.TOP.CONTROLLER.controller1_READ_reg.E = (0)
ABSOLUTE PORT: TB_TOP_64_32_8.TOP.CONTROLLER.controller1_PRE_reg.D = (0)
ABSOLUTE PORT: TB_TOP_64_32_8.TOP.CONTROLLER.controller1_PRE_reg.E = (0)
ABSOLUTE PORT: TB_TOP_64_32_8.TOP.CONTROLLER.g1581__8780.B1 = (0)
ABSOLUTE PORT: TB_TOP_64_32_8.TOP.CONTROLLER.g1581__8780.A1 = (0)
ABSOLUTE PORT: TB_TOP_64_32_8.TOP.CONTROLLER.\controller1_state_reg[2] .CP = (0)
ABSOLUTE PORT: TB_TOP_64_32_8.TOP.CONTROLLER.\controller1_state_reg[2] .D = (0)
ABSOLUTE PORT: TB_TOP_64_32_8.TOP.CONTROLLER.\controller1_state_reg[2] .CN = (0)
ABSOLUTE PORT: TB_TOP_64_32_8.TOP.CONTROLLER.\controller1_state_reg[1] .CP = (0)
ABSOLUTE PORT: TB_TOP_64_32_8.TOP.CONTROLLER.\controller1_state_reg[1] .D = (0.01)
ABSOLUTE PORT: TB_TOP_64_32_8.TOP.CONTROLLER.\controller1_state_reg[1] .CN = (0)
ABSOLUTE PORT: TB_TOP_64_32_8.TOP.CONTROLLER.\controller1_state_reg[0] .CP = (0)
ABSOLUTE PORT: TB_TOP_64_32_8.TOP.CONTROLLER.\controller1_state_reg[0] .D = (0)
ABSOLUTE PORT: TB_TOP_64_32_8.TOP.CONTROLLER.\controller1_state_reg[0] .CN = (0)
ABSOLUTE PORT: TB_TOP_64_32_8.TOP.CONTROLLER.g1585.I = (0)
ABSOLUTE PORT: TB_TOP_64_32_8.TOP.CONTROLLER.\controller1_X_ADDRESS_CON_DEC_reg[2] .D = (0)
ABSOLUTE PORT: TB_TOP_64_32_8.TOP.CONTROLLER.\controller1_X_ADDRESS_CON_DEC_reg[2] .E = (0)
ABSOLUTE PORT: TB_TOP_64_32_8.TOP.CONTROLLER.\controller1_X_ADDRESS_CON_DEC_reg[1] .D = (0)
ABSOLUTE PORT: TB_TOP_64_32_8.TOP.CONTROLLER.\controller1_X_ADDRESS_CON_DEC_reg[1] .E = (0)
ABSOLUTE PORT: TB_TOP_64_32_8.TOP.CONTROLLER.\controller1_X_ADDRESS_CON_DEC_reg[0] .D = (0)
ABSOLUTE PORT: TB_TOP_64_32_8.TOP.CONTROLLER.\controller1_X_ADDRESS_CON_DEC_reg[0] .E = (0)
ABSOLUTE PORT: TB_TOP_64_32_8.TOP.CONTROLLER.\controller1_Y_ADDRESS_CON_DEC_reg[4] .D = (0)
ABSOLUTE PORT: TB_TOP_64_32_8.TOP.CONTROLLER.\controller1_Y_ADDRESS_CON_DEC_reg[4] .E = (0)
ABSOLUTE PORT: TB_TOP_64_32_8.TOP.CONTROLLER.\controller1_Y_ADDRESS_CON_DEC_reg[3] .D = (0)
ABSOLUTE PORT: TB_TOP_64_32_8.TOP.CONTROLLER.\controller1_Y_ADDRESS_CON_DEC_reg[3] .E = (0)
ABSOLUTE PORT: TB_TOP_64_32_8.TOP.CONTROLLER.\controller1_Y_ADDRESS_CON_DEC_reg[2] .D = (0)
ABSOLUTE PORT: TB_TOP_64_32_8.TOP.CONTROLLER.\controller1_Y_ADDRESS_CON_DEC_reg[2] .E = (0)
ABSOLUTE PORT: TB_TOP_64_32_8.TOP.CONTROLLER.\controller1_Y_ADDRESS_CON_DEC_reg[1] .D = (0)
ABSOLUTE PORT: TB_TOP_64_32_8.TOP.CONTROLLER.\controller1_Y_ADDRESS_CON_DEC_reg[1] .E = (0)
ABSOLUTE PORT: TB_TOP_64_32_8.TOP.CONTROLLER.\controller1_Y_ADDRESS_CON_DEC_reg[0] .D = (0)
ABSOLUTE PORT: TB_TOP_64_32_8.TOP.CONTROLLER.\controller1_Y_ADDRESS_CON_DEC_reg[0] .E = (0)
ABSOLUTE PORT: TB_TOP_64_32_8.TOP.CONTROLLER.g1513__7344.A2 = (0)
ABSOLUTE PORT: TB_TOP_64_32_8.TOP.CONTROLLER.g1513__7344.A1 = (0)
ABSOLUTE PORT: TB_TOP_64_32_8.TOP.CONTROLLER.g1508.I = (0.02)
ABSOLUTE PORT: TB_TOP_64_32_8.TOP.CONTROLLER.P_EN[7] = (0)
ABSOLUTE PORT: TB_TOP_64_32_8.TOP.CONTROLLER.g1465.I = (0.02)
ABSOLUTE PORT: TB_TOP_64_32_8.TOP.CONTROLLER.P_EN[6] = (0)
ABSOLUTE PORT: TB_TOP_64_32_8.TOP.CONTROLLER.g1517__5953.A2 = (0)
ABSOLUTE PORT: TB_TOP_64_32_8.TOP.CONTROLLER.g1517__5953.A1 = (0)
ABSOLUTE PORT: TB_TOP_64_32_8.TOP.CONTROLLER.g1510.I = (0.01)
ABSOLUTE PORT: TB_TOP_64_32_8.TOP.CONTROLLER.P_EN[5] = (0)
ABSOLUTE PORT: TB_TOP_64_32_8.TOP.CONTROLLER.g1466.I = (0.01)
ABSOLUTE PORT: TB_TOP_64_32_8.TOP.CONTROLLER.P_EN[4] = (0)
ABSOLUTE PORT: TB_TOP_64_32_8.TOP.CONTROLLER.g1512__1474.A1 = (0)
ABSOLUTE PORT: TB_TOP_64_32_8.TOP.CONTROLLER.g1512__1474.A2 = (0)
ABSOLUTE PORT: TB_TOP_64_32_8.TOP.CONTROLLER.g1507.I = (0.01)
ABSOLUTE PORT: TB_TOP_64_32_8.TOP.CONTROLLER.P_EN[3] = (0)
ABSOLUTE PORT: TB_TOP_64_32_8.TOP.CONTROLLER.g1462.I = (0.01)
ABSOLUTE PORT: TB_TOP_64_32_8.TOP.CONTROLLER.P_EN[2] = (0)
ABSOLUTE PORT: TB_TOP_64_32_8.TOP.CONTROLLER.g1521.I = (0.01)
ABSOLUTE PORT: TB_TOP_64_32_8.TOP.CONTROLLER.P_EN[1] = (0)
ABSOLUTE PORT: TB_TOP_64_32_8.TOP.CONTROLLER.g1463.I = (0.01)
ABSOLUTE PORT: TB_TOP_64_32_8.TOP.CONTROLLER.P_EN[0] = (0)
ABSOLUTE PORT: TB_TOP_64_32_8.TOP.CONTROLLER.g1584.I = (0.04)
ABSOLUTE PORT: TB_TOP_64_32_8.TOP.CONTROLLER.P_NOT_EN[8] = (0)
ABSOLUTE PORT: TB_TOP_64_32_8.TOP.CONTROLLER.P_NOT_EN[7] = (0)
ABSOLUTE PORT: TB_TOP_64_32_8.TOP.CONTROLLER.g1478__7114.A2 = (0)
ABSOLUTE PORT: TB_TOP_64_32_8.TOP.CONTROLLER.g1478__7114.A1 = (0)
ABSOLUTE PORT: TB_TOP_64_32_8.TOP.CONTROLLER.P_NOT_EN[6] = (0)
ABSOLUTE PORT: TB_TOP_64_32_8.TOP.CONTROLLER.P_NOT_EN[5] = (0)
ABSOLUTE PORT: TB_TOP_64_32_8.TOP.CONTROLLER.g1479__4296.A2 = (0)
ABSOLUTE PORT: TB_TOP_64_32_8.TOP.CONTROLLER.g1479__4296.A1 = (0)
ABSOLUTE PORT: TB_TOP_64_32_8.TOP.CONTROLLER.P_NOT_EN[4] = (0)
ABSOLUTE PORT: TB_TOP_64_32_8.TOP.CONTROLLER.P_NOT_EN[3] = (0)
ABSOLUTE PORT: TB_TOP_64_32_8.TOP.CONTROLLER.g1475__7675.A2 = (0)
ABSOLUTE PORT: TB_TOP_64_32_8.TOP.CONTROLLER.g1475__7675.A1 = (0)
ABSOLUTE PORT: TB_TOP_64_32_8.TOP.CONTROLLER.P_NOT_EN[2] = (0)
ABSOLUTE PORT: TB_TOP_64_32_8.TOP.CONTROLLER.g1526__2250.A1 = (0)
ABSOLUTE PORT: TB_TOP_64_32_8.TOP.CONTROLLER.g1526__2250.A2 = (0)
ABSOLUTE PORT: TB_TOP_64_32_8.TOP.CONTROLLER.P_NOT_EN[1] = (0)
ABSOLUTE PORT: TB_TOP_64_32_8.TOP.CONTROLLER.g1476__2391.A2 = (0)
ABSOLUTE PORT: TB_TOP_64_32_8.TOP.CONTROLLER.g1476__2391.A1 = (0)
ABSOLUTE PORT: TB_TOP_64_32_8.TOP.CONTROLLER.P_NOT_EN[0] = (0)
ABSOLUTE PORT: TB_TOP_64_32_8.TOP.CONTROLLER.g1500__5703.A2 = (0)
ABSOLUTE PORT: TB_TOP_64_32_8.TOP.CONTROLLER.g1500__5703.A1 = (0)
ABSOLUTE PORT: TB_TOP_64_32_8.TOP.CONTROLLER.g1485.I = (0.02)
ABSOLUTE PORT: TB_TOP_64_32_8.TOP.CONTROLLER.N_EN[7] = (0)
ABSOLUTE PORT: TB_TOP_64_32_8.TOP.CONTROLLER.g1504__7118.A2 = (0)
ABSOLUTE PORT: TB_TOP_64_32_8.TOP.CONTROLLER.g1504__7118.A1 = (0)
ABSOLUTE PORT: TB_TOP_64_32_8.TOP.CONTROLLER.g1489.I = (0.02)
ABSOLUTE PORT: TB_TOP_64_32_8.TOP.CONTROLLER.N_EN[6] = (0)
ABSOLUTE PORT: TB_TOP_64_32_8.TOP.CONTROLLER.g1487.I = (0.04)
ABSOLUTE PORT: TB_TOP_64_32_8.TOP.CONTROLLER.N_EN[5] = (0)
ABSOLUTE PORT: TB_TOP_64_32_8.TOP.CONTROLLER.g1467.I = (0.02)
ABSOLUTE PORT: TB_TOP_64_32_8.TOP.CONTROLLER.N_EN[4] = (0)
ABSOLUTE PORT: TB_TOP_64_32_8.TOP.CONTROLLER.g1488.I = (0.01)
ABSOLUTE PORT: TB_TOP_64_32_8.TOP.CONTROLLER.N_EN[3] = (0)
ABSOLUTE PORT: TB_TOP_64_32_8.TOP.CONTROLLER.g1484.I = (0.03)
ABSOLUTE PORT: TB_TOP_64_32_8.TOP.CONTROLLER.N_EN[2] = (0)
ABSOLUTE PORT: TB_TOP_64_32_8.TOP.CONTROLLER.g1477__8780.A1 = (0)
ABSOLUTE PORT: TB_TOP_64_32_8.TOP.CONTROLLER.g1477__8780.A2 = (0)
ABSOLUTE PORT: TB_TOP_64_32_8.TOP.CONTROLLER.g1464.I = (0.01)
ABSOLUTE PORT: TB_TOP_64_32_8.TOP.CONTROLLER.N_EN[1] = (0)
ABSOLUTE PORT: TB_TOP_64_32_8.TOP.CONTROLLER.g1486.I = (0.03)
ABSOLUTE PORT: TB_TOP_64_32_8.TOP.CONTROLLER.N_EN[0] = (0)
ABSOLUTE PORT: TB_TOP_64_32_8.TOP.CONTROLLER.N_NOT_EN[7] = (0)
ABSOLUTE PORT: TB_TOP_64_32_8.TOP.CONTROLLER.N_NOT_EN[6] = (0)
ABSOLUTE PORT: TB_TOP_64_32_8.TOP.CONTROLLER.g1502__4296.A1 = (0)
ABSOLUTE PORT: TB_TOP_64_32_8.TOP.CONTROLLER.g1502__4296.A2 = (0)
ABSOLUTE PORT: TB_TOP_64_32_8.TOP.CONTROLLER.N_NOT_EN[5] = (0)
ABSOLUTE PORT: TB_TOP_64_32_8.TOP.CONTROLLER.g1480__4547.A1 = (0)
ABSOLUTE PORT: TB_TOP_64_32_8.TOP.CONTROLLER.g1480__4547.A2 = (0)
ABSOLUTE PORT: TB_TOP_64_32_8.TOP.CONTROLLER.N_NOT_EN[4] = (0)
ABSOLUTE PORT: TB_TOP_64_32_8.TOP.CONTROLLER.g2.A1 = (0)
ABSOLUTE PORT: TB_TOP_64_32_8.TOP.CONTROLLER.g2.B1 = (0)
ABSOLUTE PORT: TB_TOP_64_32_8.TOP.CONTROLLER.N_NOT_EN[3] = (0)
ABSOLUTE PORT: TB_TOP_64_32_8.TOP.CONTROLLER.g1499__1786.A2 = (0)
ABSOLUTE PORT: TB_TOP_64_32_8.TOP.CONTROLLER.g1499__1786.A1 = (0)
ABSOLUTE PORT: TB_TOP_64_32_8.TOP.CONTROLLER.N_NOT_EN[2] = (0)
ABSOLUTE PORT: TB_TOP_64_32_8.TOP.CONTROLLER.N_NOT_EN[1] = (0)
ABSOLUTE PORT: TB_TOP_64_32_8.TOP.CONTROLLER.g1501__5266.A2 = (0)
ABSOLUTE PORT: TB_TOP_64_32_8.TOP.CONTROLLER.g1501__5266.A1 = (0)
ABSOLUTE PORT: TB_TOP_64_32_8.TOP.CONTROLLER.N_NOT_EN[0] = (0)
ABSOLUTE PORT: TB_TOP_64_32_8.TOP.CONTROLLER.g1471__1840.A1 = (0)
ABSOLUTE PORT: TB_TOP_64_32_8.TOP.CONTROLLER.g1471__1840.A2 = (0)
ABSOLUTE PORT: TB_TOP_64_32_8.TOP.CONTROLLER.SEL[31] = (0)
ABSOLUTE PORT: TB_TOP_64_32_8.TOP.CONTROLLER.g1496__5019.A2 = (0)
ABSOLUTE PORT: TB_TOP_64_32_8.TOP.CONTROLLER.g1496__5019.A1 = (0)
ABSOLUTE PORT: TB_TOP_64_32_8.TOP.CONTROLLER.SEL[30] = (0)
ABSOLUTE PORT: TB_TOP_64_32_8.TOP.CONTROLLER.g1468__1857.A1 = (0)
ABSOLUTE PORT: TB_TOP_64_32_8.TOP.CONTROLLER.g1468__1857.A2 = (0)
ABSOLUTE PORT: TB_TOP_64_32_8.TOP.CONTROLLER.SEL[29] = (0)
ABSOLUTE PORT: TB_TOP_64_32_8.TOP.CONTROLLER.g1473__9906.A2 = (0)
ABSOLUTE PORT: TB_TOP_64_32_8.TOP.CONTROLLER.g1473__9906.A1 = (0)
ABSOLUTE PORT: TB_TOP_64_32_8.TOP.CONTROLLER.SEL[28] = (0)
ABSOLUTE PORT: TB_TOP_64_32_8.TOP.CONTROLLER.g1495__7118.A2 = (0)
ABSOLUTE PORT: TB_TOP_64_32_8.TOP.CONTROLLER.g1495__7118.A1 = (0)
ABSOLUTE PORT: TB_TOP_64_32_8.TOP.CONTROLLER.SEL[27] = (0)
ABSOLUTE PORT: TB_TOP_64_32_8.TOP.CONTROLLER.g1490__8780.A2 = (0)
ABSOLUTE PORT: TB_TOP_64_32_8.TOP.CONTROLLER.g1490__8780.A1 = (0)
ABSOLUTE PORT: TB_TOP_64_32_8.TOP.CONTROLLER.SEL[26] = (0)
ABSOLUTE PORT: TB_TOP_64_32_8.TOP.CONTROLLER.g1492__5795.A2 = (0)
ABSOLUTE PORT: TB_TOP_64_32_8.TOP.CONTROLLER.g1492__5795.A1 = (0)
ABSOLUTE PORT: TB_TOP_64_32_8.TOP.CONTROLLER.SEL[25] = (0)
ABSOLUTE PORT: TB_TOP_64_32_8.TOP.CONTROLLER.g1498__9682.A2 = (0)
ABSOLUTE PORT: TB_TOP_64_32_8.TOP.CONTROLLER.g1498__9682.A1 = (0)
ABSOLUTE PORT: TB_TOP_64_32_8.TOP.CONTROLLER.SEL[24] = (0)
ABSOLUTE PORT: TB_TOP_64_32_8.TOP.CONTROLLER.g1491__7344.A1 = (0)
ABSOLUTE PORT: TB_TOP_64_32_8.TOP.CONTROLLER.g1491__7344.A2 = (0)
ABSOLUTE PORT: TB_TOP_64_32_8.TOP.CONTROLLER.SEL[23] = (0)
ABSOLUTE PORT: TB_TOP_64_32_8.TOP.CONTROLLER.g1493__8757.A1 = (0)
ABSOLUTE PORT: TB_TOP_64_32_8.TOP.CONTROLLER.g1493__8757.A2 = (0)
ABSOLUTE PORT: TB_TOP_64_32_8.TOP.CONTROLLER.SEL[22] = (0)
ABSOLUTE PORT: TB_TOP_64_32_8.TOP.CONTROLLER.g1494__2683.A1 = (0)
ABSOLUTE PORT: TB_TOP_64_32_8.TOP.CONTROLLER.g1494__2683.A2 = (0)
ABSOLUTE PORT: TB_TOP_64_32_8.TOP.CONTROLLER.SEL[21] = (0)
ABSOLUTE PORT: TB_TOP_64_32_8.TOP.CONTROLLER.g1474__1309.A1 = (0)
ABSOLUTE PORT: TB_TOP_64_32_8.TOP.CONTROLLER.g1474__1309.A2 = (0)
ABSOLUTE PORT: TB_TOP_64_32_8.TOP.CONTROLLER.SEL[20] = (0)
ABSOLUTE PORT: TB_TOP_64_32_8.TOP.CONTROLLER.g1469__7675.A2 = (0)
ABSOLUTE PORT: TB_TOP_64_32_8.TOP.CONTROLLER.g1469__7675.A1 = (0)
ABSOLUTE PORT: TB_TOP_64_32_8.TOP.CONTROLLER.SEL[19] = (0)
ABSOLUTE PORT: TB_TOP_64_32_8.TOP.CONTROLLER.g1497__2900.A1 = (0)
ABSOLUTE PORT: TB_TOP_64_32_8.TOP.CONTROLLER.g1497__2900.A2 = (0)
ABSOLUTE PORT: TB_TOP_64_32_8.TOP.CONTROLLER.SEL[18] = (0)
ABSOLUTE PORT: TB_TOP_64_32_8.TOP.CONTROLLER.g1470__2391.A2 = (0)
ABSOLUTE PORT: TB_TOP_64_32_8.TOP.CONTROLLER.g1470__2391.A1 = (0)
ABSOLUTE PORT: TB_TOP_64_32_8.TOP.CONTROLLER.SEL[17] = (0)
ABSOLUTE PORT: TB_TOP_64_32_8.TOP.CONTROLLER.g1472__6877.A1 = (0)
ABSOLUTE PORT: TB_TOP_64_32_8.TOP.CONTROLLER.g1472__6877.A2 = (0)
ABSOLUTE PORT: TB_TOP_64_32_8.TOP.CONTROLLER.SEL[16] = (0)
ABSOLUTE PORT: TB_TOP_64_32_8.TOP.CONTROLLER.g1450__1309.A1 = (0)
ABSOLUTE PORT: TB_TOP_64_32_8.TOP.CONTROLLER.g1450__1309.A2 = (0)
ABSOLUTE PORT: TB_TOP_64_32_8.TOP.CONTROLLER.SEL[15] = (0)
ABSOLUTE PORT: TB_TOP_64_32_8.TOP.CONTROLLER.g1447__6877.A1 = (0)
ABSOLUTE PORT: TB_TOP_64_32_8.TOP.CONTROLLER.g1447__6877.A2 = (0)
ABSOLUTE PORT: TB_TOP_64_32_8.TOP.CONTROLLER.SEL[14] = (0)
ABSOLUTE PORT: TB_TOP_64_32_8.TOP.CONTROLLER.g1448__2900.A2 = (0)
ABSOLUTE PORT: TB_TOP_64_32_8.TOP.CONTROLLER.g1448__2900.A1 = (0)
ABSOLUTE PORT: TB_TOP_64_32_8.TOP.CONTROLLER.SEL[13] = (0)
ABSOLUTE PORT: TB_TOP_64_32_8.TOP.CONTROLLER.g1449__2683.A2 = (0)
ABSOLUTE PORT: TB_TOP_64_32_8.TOP.CONTROLLER.g1449__2683.A1 = (0)
ABSOLUTE PORT: TB_TOP_64_32_8.TOP.CONTROLLER.SEL[12] = (0)
ABSOLUTE PORT: TB_TOP_64_32_8.TOP.CONTROLLER.g1446__9682.A2 = (0)
ABSOLUTE PORT: TB_TOP_64_32_8.TOP.CONTROLLER.g1446__9682.A1 = (0)
ABSOLUTE PORT: TB_TOP_64_32_8.TOP.CONTROLLER.SEL[11] = (0)
ABSOLUTE PORT: TB_TOP_64_32_8.TOP.CONTROLLER.g1459__3772.A1 = (0)
ABSOLUTE PORT: TB_TOP_64_32_8.TOP.CONTROLLER.g1459__3772.A2 = (0)
ABSOLUTE PORT: TB_TOP_64_32_8.TOP.CONTROLLER.SEL[10] = (0)
ABSOLUTE PORT: TB_TOP_64_32_8.TOP.CONTROLLER.g1451__5266.A2 = (0)
ABSOLUTE PORT: TB_TOP_64_32_8.TOP.CONTROLLER.g1451__5266.A1 = (0)
ABSOLUTE PORT: TB_TOP_64_32_8.TOP.CONTROLLER.SEL[9] = (0)
ABSOLUTE PORT: TB_TOP_64_32_8.TOP.CONTROLLER.g1460__1786.A1 = (0)
ABSOLUTE PORT: TB_TOP_64_32_8.TOP.CONTROLLER.g1460__1786.A2 = (0)
ABSOLUTE PORT: TB_TOP_64_32_8.TOP.CONTROLLER.SEL[8] = (0)
ABSOLUTE PORT: TB_TOP_64_32_8.TOP.CONTROLLER.g1452__4547.A1 = (0)
ABSOLUTE PORT: TB_TOP_64_32_8.TOP.CONTROLLER.g1452__4547.A2 = (0)
ABSOLUTE PORT: TB_TOP_64_32_8.TOP.CONTROLLER.SEL[7] = (0)
ABSOLUTE PORT: TB_TOP_64_32_8.TOP.CONTROLLER.g1453__5953.A1 = (0)
ABSOLUTE PORT: TB_TOP_64_32_8.TOP.CONTROLLER.g1453__5953.A2 = (0)
ABSOLUTE PORT: TB_TOP_64_32_8.TOP.CONTROLLER.SEL[6] = (0)
ABSOLUTE PORT: TB_TOP_64_32_8.TOP.CONTROLLER.g1458__5703.A2 = (0)
ABSOLUTE PORT: TB_TOP_64_32_8.TOP.CONTROLLER.g1458__5703.A1 = (0)
ABSOLUTE PORT: TB_TOP_64_32_8.TOP.CONTROLLER.SEL[5] = (0)
ABSOLUTE PORT: TB_TOP_64_32_8.TOP.CONTROLLER.g1455__7114.A2 = (0)
ABSOLUTE PORT: TB_TOP_64_32_8.TOP.CONTROLLER.g1455__7114.A1 = (0)
ABSOLUTE PORT: TB_TOP_64_32_8.TOP.CONTROLLER.SEL[4] = (0)
ABSOLUTE PORT: TB_TOP_64_32_8.TOP.CONTROLLER.g1456__1474.A1 = (0)
ABSOLUTE PORT: TB_TOP_64_32_8.TOP.CONTROLLER.g1456__1474.A2 = (0)
ABSOLUTE PORT: TB_TOP_64_32_8.TOP.CONTROLLER.SEL[3] = (0)
ABSOLUTE PORT: TB_TOP_64_32_8.TOP.CONTROLLER.g1461__8757.A1 = (0)
ABSOLUTE PORT: TB_TOP_64_32_8.TOP.CONTROLLER.g1461__8757.A2 = (0)
ABSOLUTE PORT: TB_TOP_64_32_8.TOP.CONTROLLER.SEL[2] = (0)
ABSOLUTE PORT: TB_TOP_64_32_8.TOP.CONTROLLER.g1457__2250.A2 = (0)
ABSOLUTE PORT: TB_TOP_64_32_8.TOP.CONTROLLER.g1457__2250.A1 = (0)
ABSOLUTE PORT: TB_TOP_64_32_8.TOP.CONTROLLER.SEL[1] = (0)
ABSOLUTE PORT: TB_TOP_64_32_8.TOP.CONTROLLER.g1454__6083.A2 = (0)
ABSOLUTE PORT: TB_TOP_64_32_8.TOP.CONTROLLER.g1454__6083.A1 = (0)
ABSOLUTE PORT: TB_TOP_64_32_8.TOP.CONTROLLER.SEL[0] = (0)
ABSOLUTE PORT: TB_TOP_64_32_8.TOP.CONTROLLER.READ = (0)
ABSOLUTE PORT: TB_TOP_64_32_8.TOP.CONTROLLER.g1525__3772.A2 = (0.01)
ABSOLUTE PORT: TB_TOP_64_32_8.TOP.CONTROLLER.g1525__3772.A1 = (0)
ABSOLUTE PORT: TB_TOP_64_32_8.TOP.CONTROLLER.g1561.I = (0.02)
ABSOLUTE PORT: TB_TOP_64_32_8.TOP.CONTROLLER.WRITE = (0)
ABSOLUTE PORT: TB_TOP_64_32_8.TOP.CONTROLLER.WRITE_2 = (0)
ABSOLUTE PORT: TB_TOP_64_32_8.TOP.CONTROLLER.g1516__1474.A2 = (0)
ABSOLUTE PORT: TB_TOP_64_32_8.TOP.CONTROLLER.g1516__1474.A1 = (0)
ABSOLUTE PORT: TB_TOP_64_32_8.TOP.CONTROLLER.g1544__5703.A2 = (0)
ABSOLUTE PORT: TB_TOP_64_32_8.TOP.CONTROLLER.g1544__5703.A1 = (0)
ABSOLUTE PORT: TB_TOP_64_32_8.TOP.CONTROLLER.NOT_WRITE = (0)
ABSOLUTE PORT: TB_TOP_64_32_8.TOP.CONTROLLER.NOT_WRITE_2 = (0)
ABSOLUTE PORT: TB_TOP_64_32_8.TOP.CONTROLLER.controller1_DVLP_reg.D = (0)
ABSOLUTE PORT: TB_TOP_64_32_8.TOP.CONTROLLER.controller1_DVLP_reg.E = (0)
ABSOLUTE PORT: TB_TOP_64_32_8.TOP.CONTROLLER.P_EN[8] = (0)
ABSOLUTE PORT: TB_TOP_64_32_8.TOP.CONTROLLER.DVLP = (0)
ABSOLUTE PORT: TB_TOP_64_32_8.TOP.CONTROLLER.PRE = (0)
ABSOLUTE PORT: TB_TOP_64_32_8.TOP.CONTROLLER.controller1_EN_SA_reg.D = (0)
ABSOLUTE PORT: TB_TOP_64_32_8.TOP.CONTROLLER.controller1_EN_SA_reg.E = (0)
ABSOLUTE PORT: TB_TOP_64_32_8.TOP.CONTROLLER.EN_SA = (0)
ABSOLUTE PORT: TB_TOP_64_32_8.TOP.CONTROLLER.g1545__5953.A1 = (0)
ABSOLUTE PORT: TB_TOP_64_32_8.TOP.CONTROLLER.g1545__5953.A2 = (0)
ABSOLUTE PORT: TB_TOP_64_32_8.TOP.CONTROLLER.g1554.I = (0)
ABSOLUTE PORT: TB_TOP_64_32_8.TOP.CONTROLLER.g1511__9906.A2 = (0)
ABSOLUTE PORT: TB_TOP_64_32_8.TOP.CONTROLLER.g1511__9906.A1 = (0)
ABSOLUTE PORT: TB_TOP_64_32_8.TOP.CONTROLLER.g1537__7118.A2 = (0)
ABSOLUTE PORT: TB_TOP_64_32_8.TOP.CONTROLLER.g1537__7118.A1 = (0)
ABSOLUTE PORT: TB_TOP_64_32_8.TOP.CONTROLLER.g1549.I = (0)
ABSOLUTE PORT: TB_TOP_64_32_8.TOP.CONTROLLER.g1514__6083.A2 = (0)
ABSOLUTE PORT: TB_TOP_64_32_8.TOP.CONTROLLER.g1514__6083.A1 = (0)
ABSOLUTE PORT: TB_TOP_64_32_8.TOP.CONTROLLER.g1515__4547.A2 = (0)
ABSOLUTE PORT: TB_TOP_64_32_8.TOP.CONTROLLER.g1515__4547.A1 = (0)
ABSOLUTE PORT: TB_TOP_64_32_8.TOP.CONTROLLER.g1538__1309.A2 = (0)
ABSOLUTE PORT: TB_TOP_64_32_8.TOP.CONTROLLER.g1538__1309.A1 = (0)
ABSOLUTE PORT: TB_TOP_64_32_8.TOP.CONTROLLER.g1505__2703.B1 = (0)
ABSOLUTE PORT: TB_TOP_64_32_8.TOP.CONTROLLER.g1505__2703.A1 = (0)
ABSOLUTE PORT: TB_TOP_64_32_8.TOP.CONTROLLER.g1482__5795.A2 = (0)
ABSOLUTE PORT: TB_TOP_64_32_8.TOP.CONTROLLER.g1482__5795.A1 = (0)
ABSOLUTE PORT: TB_TOP_64_32_8.TOP.CONTROLLER.g1483__1840.A2 = (0)
ABSOLUTE PORT: TB_TOP_64_32_8.TOP.CONTROLLER.g1483__1840.A1 = (0)
ABSOLUTE PORT: TB_TOP_64_32_8.TOP.CONTROLLER.g1481__5019.A2 = (0)
ABSOLUTE PORT: TB_TOP_64_32_8.TOP.CONTROLLER.g1481__5019.A1 = (0)
ABSOLUTE PORT: TB_TOP_64_32_8.TOP.CONTROLLER.g1530__8780.A2 = (0)
ABSOLUTE PORT: TB_TOP_64_32_8.TOP.CONTROLLER.g1530__8780.A1 = (0)
ABSOLUTE PORT: TB_TOP_64_32_8.TOP.CONTROLLER.g1529__4296.A2 = (0)
ABSOLUTE PORT: TB_TOP_64_32_8.TOP.CONTROLLER.g1529__4296.A1 = (0)
ABSOLUTE PORT: TB_TOP_64_32_8.TOP.CONTROLLER.g1528__3772.A2 = (0)
ABSOLUTE PORT: TB_TOP_64_32_8.TOP.CONTROLLER.g1528__3772.A1 = (0)
ABSOLUTE PORT: TB_TOP_64_32_8.TOP.CONTROLLER.g1518__9682.A2 = (0)
ABSOLUTE PORT: TB_TOP_64_32_8.TOP.CONTROLLER.g1518__9682.A1 = (0)
ABSOLUTE PORT: TB_TOP_64_32_8.TOP.CONTROLLER.g1540__8757.A2 = (0)
ABSOLUTE PORT: TB_TOP_64_32_8.TOP.CONTROLLER.g1540__8757.A1 = (0)
ABSOLUTE PORT: TB_TOP_64_32_8.TOP.CONTROLLER.g1541__1786.A1 = (0)
ABSOLUTE PORT: TB_TOP_64_32_8.TOP.CONTROLLER.g1541__1786.A2 = (0)
ABSOLUTE PORT: TB_TOP_64_32_8.TOP.CONTROLLER.g1547__7114.B1 = (0)
ABSOLUTE PORT: TB_TOP_64_32_8.TOP.CONTROLLER.g1547__7114.A1 = (0)
ABSOLUTE PORT: TB_TOP_64_32_8.TOP.CONTROLLER.g1548__5266.A1 = (0)
ABSOLUTE PORT: TB_TOP_64_32_8.TOP.CONTROLLER.g1548__5266.B1 = (0)
ABSOLUTE PORT: TB_TOP_64_32_8.TOP.CONTROLLER.g1531__2683.A2 = (0)
ABSOLUTE PORT: TB_TOP_64_32_8.TOP.CONTROLLER.g1531__2683.A1 = (0)
ABSOLUTE PORT: TB_TOP_64_32_8.TOP.CONTROLLER.g1531__2683.A3 = (0)
ABSOLUTE PORT: TB_TOP_64_32_8.TOP.CONTROLLER.g1532__6877.A1 = (0)
ABSOLUTE PORT: TB_TOP_64_32_8.TOP.CONTROLLER.g1532__6877.B2 = (0)
ABSOLUTE PORT: TB_TOP_64_32_8.TOP.CONTROLLER.g1532__6877.B1 = (0)
ABSOLUTE PORT: TB_TOP_64_32_8.TOP.CONTROLLER.g1533__2900.B2 = (0)
ABSOLUTE PORT: TB_TOP_64_32_8.TOP.CONTROLLER.g1533__2900.A1 = (0)
ABSOLUTE PORT: TB_TOP_64_32_8.TOP.CONTROLLER.g1533__2900.B1 = (0)
ABSOLUTE PORT: TB_TOP_64_32_8.TOP.CONTROLLER.g1534__7675.A1 = (0)
ABSOLUTE PORT: TB_TOP_64_32_8.TOP.CONTROLLER.g1534__7675.A2 = (0)
ABSOLUTE PORT: TB_TOP_64_32_8.TOP.CONTROLLER.g1534__7675.A3 = (0)
ABSOLUTE PORT: TB_TOP_64_32_8.TOP.CONTROLLER.\controller1_nstate_reg[2] .D = (0)
ABSOLUTE PORT: TB_TOP_64_32_8.TOP.CONTROLLER.\controller1_nstate_reg[2] .E = (0)
ABSOLUTE PORT: TB_TOP_64_32_8.TOP.CONTROLLER.\controller1_nstate_reg[0] .D = (0)
ABSOLUTE PORT: TB_TOP_64_32_8.TOP.CONTROLLER.\controller1_nstate_reg[0] .E = (0)
ABSOLUTE PORT: TB_TOP_64_32_8.TOP.CONTROLLER.g1582__3772.B1 = (0)
ABSOLUTE PORT: TB_TOP_64_32_8.TOP.CONTROLLER.g1582__3772.A1 = (0)
ABSOLUTE PORT: TB_TOP_64_32_8.TOP.CONTROLLER.g1577__1857.A1 = (0)
ABSOLUTE PORT: TB_TOP_64_32_8.TOP.CONTROLLER.g1577__1857.A2 = (0)
ABSOLUTE PORT: TB_TOP_64_32_8.TOP.CONTROLLER.controller1_P_ADDRESS_EN_reg.D = (0)
ABSOLUTE PORT: TB_TOP_64_32_8.TOP.CONTROLLER.controller1_P_ADDRESS_EN_reg.E = (0)
ABSOLUTE PORT: TB_TOP_64_32_8.TOP.CONTROLLER.g1542.I = (0)
ABSOLUTE PORT: TB_TOP_64_32_8.TOP.CONTROLLER.g1546__2391.A2 = (0)
ABSOLUTE PORT: TB_TOP_64_32_8.TOP.CONTROLLER.g1546__2391.A1 = (0)
ABSOLUTE PORT: TB_TOP_64_32_8.TOP.CONTROLLER.g1535.I = (0)
ABSOLUTE PORT: TB_TOP_64_32_8.TOP.CONTROLLER.g1523.I = (0)
ABSOLUTE PORT: TB_TOP_64_32_8.TOP.CONTROLLER.g1522.I = (0)
ABSOLUTE PORT: TB_TOP_64_32_8.TOP.CONTROLLER.g1524.I = (0)
ABSOLUTE PORT: TB_TOP_64_32_8.TOP.CONTROLLER.g1543.I = (0)
ABSOLUTE PORT: TB_TOP_64_32_8.TOP.CONTROLLER.g1536.I = (0)
ABSOLUTE PORT: TB_TOP_64_32_8.TOP.CONTROLLER.g1527__1857.A1 = (0)
ABSOLUTE PORT: TB_TOP_64_32_8.TOP.CONTROLLER.g1527__1857.A2 = (0)
ABSOLUTE PORT: TB_TOP_64_32_8.TOP.CONTROLLER.g1506.I = (0)
ABSOLUTE PORT: TB_TOP_64_32_8.TOP.CONTROLLER.g1520.I = (0)
