======================================================================

Annotating SDF timing data:
  Compiled SDF file:     /ibe/users/da220/Cadence/WORK_TSMC180FORTE/THESIS/TB_TOP_128_64_16/.CHARACTERIZATION/SIGNALS_VDDL_128_64_16_final.sdf.X
  Log file:              /ibe/users/da220/Cadence/WORK_TSMC180FORTE/THESIS/TB_TOP_128_64_16/.CHARACTERIZATION/SIGNALS_VDDL_128_64_16_final.sdf.X_sdf_annotation.log
  Backannotation scope:  TB_TOP_128_64_16.TOP.SIGNALS_VDDL
  Configuration file:    
  MTM control:           MAXIMUM
  Scale factors:         
  Scale type:            

Time units: 1ns


Annotating to instance FE_OFC1_SA_EN_L of module BUFFD6BWP7T
	ABSOLUTE (IOPATH I Z) = (0.662, 0.391)

Annotating to instance FE_OFC0_NOT_READ_VDDL_1 of module BUFFD12BWP7T
	ABSOLUTE (IOPATH I Z) = (0.497, 0.255)

Annotating to instance U7_g9__8780 of module BUFTD8BWP7T
	ABSOLUTE (IOPATH I Z) = (6.113, 3.375)
	ABSOLUTE (IOPATH OE Z) = ((), (), 0.279, 6.173, 0.255, 3.282)

Annotating to instance U7_g10__4296 of module BUFTD8BWP7T
	ABSOLUTE (IOPATH I Z) = (6.154, 3.428)
	ABSOLUTE (IOPATH OE Z) = ((), (), 0.279, 6.208, 0.255, 3.325)

Annotating to instance U7_g8__3772 of module BUFTD8BWP7T
	ABSOLUTE (IOPATH I Z) = (6.474, 3.855)
	ABSOLUTE (IOPATH OE Z) = ((), (), 0.279, 6.468, 0.255, 3.648)

Annotating to instance U7_g11__1474 of module BUFTD8BWP7T
	ABSOLUTE (IOPATH I Z) = (6.128, 3.394)
	ABSOLUTE (IOPATH OE Z) = ((), (), 0.279, 6.186, 0.255, 3.297)

Annotating to instance U7_g12__4547 of module BUFTD8BWP7T
	ABSOLUTE (IOPATH I Z) = (6.216, 3.508)
	ABSOLUTE (IOPATH OE Z) = ((), (), 0.279, 6.261, 0.255, 3.391)

Annotating to instance U7_g13__9682 of module BUFTD8BWP7T
	ABSOLUTE (IOPATH I Z) = (6.37, 3.712)
	ABSOLUTE (IOPATH OE Z) = ((), (), 0.28, 6.388, 0.256, 3.547)

Annotating to instance U7_g14__2683 of module BUFTD8BWP7T
	ABSOLUTE (IOPATH I Z) = (6.469, 3.849)
	ABSOLUTE (IOPATH OE Z) = ((), (), 0.28, 6.465, 0.256, 3.644)

Annotating to instance U7_g15__1309 of module BUFTD8BWP7T
	ABSOLUTE (IOPATH I Z) = (6.413, 3.771)
	ABSOLUTE (IOPATH OE Z) = ((), (), 0.28, 6.422, 0.256, 3.59)

Annotating to instance U7_g16__6877 of module BUFTD8BWP7T
	ABSOLUTE (IOPATH I Z) = (6.504, 3.897)
	ABSOLUTE (IOPATH OE Z) = ((), (), 0.28, 6.49, 0.256, 3.675)

Annotating to instance U7_g17__2900 of module BUFTD8BWP7T
	ABSOLUTE (IOPATH I Z) = (6.482, 3.866)
	ABSOLUTE (IOPATH OE Z) = ((), (), 0.28, 6.474, 0.256, 3.655)

Annotating to instance U7_g18__2391 of module BUFTD8BWP7T
	ABSOLUTE (IOPATH I Z) = (6.204, 3.493)
	ABSOLUTE (IOPATH OE Z) = ((), (), 0.28, 6.251, 0.256, 3.378)

Annotating to instance U7_g1__7675 of module BUFTD8BWP7T
	ABSOLUTE (IOPATH I Z) = (6.128, 3.393)
	ABSOLUTE (IOPATH OE Z) = ((), (), 0.175, 6.05, 0.148, 3.278)

Annotating to instance U7_g4__7118 of module BUFTD8BWP7T
	ABSOLUTE (IOPATH I Z) = (6.164, 3.44)
	ABSOLUTE (IOPATH OE Z) = ((), (), 0.279, 6.217, 0.255, 3.336)

Annotating to instance U7_g5__8757 of module BUFTD8BWP7T
	ABSOLUTE (IOPATH I Z) = (6.186, 3.469)
	ABSOLUTE (IOPATH OE Z) = ((), (), 0.279, 6.235, 0.255, 3.359)

Annotating to instance U7_g6__1786 of module BUFTD8BWP7T
	ABSOLUTE (IOPATH I Z) = (6.11, 3.37)
	ABSOLUTE (IOPATH OE Z) = ((), (), 0.279, 6.17, 0.255, 3.278)

Annotating to instance U7_g7__5953 of module BUFTD8BWP7T
	ABSOLUTE (IOPATH I Z) = (6.241, 3.542)
	ABSOLUTE (IOPATH OE Z) = ((), (), 0.279, 6.282, 0.255, 3.417)

Annotating to instance g20 of module CKND10BWP7T
	ABSOLUTE (IOPATH I ZN) = (0.646, 0.643)

Annotating to instance g22 of module INVD5BWP7T
	ABSOLUTE (IOPATH I ZN) = (0.667, 0.356)

Annotating to instance g24 of module INVD5BWP7T
	ABSOLUTE (IOPATH I ZN) = (0.652, 0.34)

Annotating to instance g26 of module INVD5BWP7T
	ABSOLUTE (IOPATH I ZN) = (0.649, 0.337)

Annotating to instance U3_out_reg of module LHD1BWP7T
	ABSOLUTE (IOPATH D QN) = (0.391, 0.245)
	ABSOLUTE (IOPATH D Q) = (0.115, 0.19)
	ABSOLUTE (IOPATH E QN) = (0.371, 0.319)
	ABSOLUTE (IOPATH E Q) = (0.188, 0.17)
	TIMINGCHECK (WIDTH (posedge E) (0.135))
	TIMINGCHECK (SETUPHOLD (posedge D) (negedge E) (0.005) (0.012))
	TIMINGCHECK (SETUPHOLD (negedge D) (negedge E) (0.158) (-0.105))

Annotating to instance U1_out_reg of module LHD1BWP7T
	ABSOLUTE (IOPATH D QN) = (0.315, 0.217)
	ABSOLUTE (IOPATH D Q) = (0.122, 0.179)
	ABSOLUTE (IOPATH E QN) = (0.306, 0.284)
	ABSOLUTE (IOPATH E Q) = (0.188, 0.17)
	TIMINGCHECK (WIDTH (posedge E) (0.135))
	TIMINGCHECK (SETUPHOLD (posedge D) (negedge E) (0.011) (0.007))
	TIMINGCHECK (SETUPHOLD (negedge D) (negedge E) (0.147) (-0.094))

Annotating to instance U5_out_reg of module LHD1BWP7T
	ABSOLUTE (IOPATH D QN) = (0.333, 0.221)
	ABSOLUTE (IOPATH D Q) = (0.113, 0.173)
	ABSOLUTE (IOPATH E QN) = (0.33, 0.297)
	ABSOLUTE (IOPATH E Q) = (0.188, 0.17)
	TIMINGCHECK (WIDTH (posedge E) (0.135))
	TIMINGCHECK (SETUPHOLD (posedge D) (negedge E) (0.004) (0.014))
	TIMINGCHECK (SETUPHOLD (negedge D) (negedge E) (0.14) (-0.088))

Annotating to instance U4_out_reg of module LHD1BWP7T
	ABSOLUTE (IOPATH D QN) = (0.332, 0.221)
	ABSOLUTE (IOPATH D Q) = (0.112, 0.172)
	ABSOLUTE (IOPATH E QN) = (0.33, 0.297)
	ABSOLUTE (IOPATH E Q) = (0.188, 0.17)
	TIMINGCHECK (WIDTH (posedge E) (0.135))
	TIMINGCHECK (SETUPHOLD (posedge D) (negedge E) (0.003) (0.014))
	TIMINGCHECK (SETUPHOLD (negedge D) (negedge E) (0.14) (-0.088))

Annotating to instance U6_out_reg of module LHQD1BWP7T
	ABSOLUTE (IOPATH D Q) = (0.252, 0.285)
	ABSOLUTE (IOPATH E Q) = (0.328, 0.284)
	TIMINGCHECK (WIDTH (posedge E) (0.122))
	TIMINGCHECK (SETUPHOLD (posedge D) (negedge E) (0.002) (0.014))
	TIMINGCHECK (SETUPHOLD (negedge D) (negedge E) (0.128) (-0.088))

Annotating to instance g34 of module INVD5BWP7T
	ABSOLUTE (IOPATH I ZN) = (0.669, 0.361)

Annotating to instance g31 of module INVD1BWP7T
	ABSOLUTE (IOPATH I ZN) = (0.135, 0.005)

Annotating to instance U5_mid_reg of module LHD1BWP7T
	ABSOLUTE (IOPATH D QN) = (0.286, 0.193)
	ABSOLUTE (IOPATH D Q) = (0.119, 0.188)
	ABSOLUTE (IOPATH E QN) = (0.268, 0.263)
	ABSOLUTE (IOPATH E Q) = (0.188, 0.17)
	TIMINGCHECK (WIDTH (posedge E) (0.135))
	TIMINGCHECK (SETUPHOLD (posedge D) (negedge E) (0.009) (0.009))
	TIMINGCHECK (SETUPHOLD (negedge D) (negedge E) (0.156) (-0.104))

Annotating to instance U1_mid_reg of module LHD1BWP7T
	ABSOLUTE (IOPATH D QN) = (0.333, 0.219)
	ABSOLUTE (IOPATH D Q) = (0.117, 0.185)
	ABSOLUTE (IOPATH E QN) = (0.319, 0.291)
	ABSOLUTE (IOPATH E Q) = (0.188, 0.17)
	TIMINGCHECK (WIDTH (posedge E) (0.135))
	TIMINGCHECK (SETUPHOLD (posedge D) (negedge E) (0.007) (0.01))
	TIMINGCHECK (SETUPHOLD (negedge D) (negedge E) (0.153) (-0.1))

Annotating to instance U6_mid_reg of module LHD1BWP7T
	ABSOLUTE (IOPATH D QN) = (0.276, 0.19)
	ABSOLUTE (IOPATH D Q) = (0.121, 0.186)
	ABSOLUTE (IOPATH E QN) = (0.261, 0.257)
	ABSOLUTE (IOPATH E Q) = (0.188, 0.17)
	TIMINGCHECK (WIDTH (posedge E) (0.135))
	TIMINGCHECK (SETUPHOLD (posedge D) (negedge E) (0.01) (0.007))
	TIMINGCHECK (SETUPHOLD (negedge D) (negedge E) (0.153) (-0.101))

Annotating to instance U4_mid_reg of module LHD1BWP7T
	ABSOLUTE (IOPATH D QN) = (0.285, 0.192)
	ABSOLUTE (IOPATH D Q) = (0.12, 0.189)
	ABSOLUTE (IOPATH E QN) = (0.266, 0.261)
	ABSOLUTE (IOPATH E Q) = (0.188, 0.17)
	TIMINGCHECK (WIDTH (posedge E) (0.135))
	TIMINGCHECK (SETUPHOLD (posedge D) (negedge E) (0.009) (0.008))
	TIMINGCHECK (SETUPHOLD (negedge D) (negedge E) (0.157) (-0.104))

Annotating to instance U3_mid_reg of module LHQD1BWP7T
	ABSOLUTE (IOPATH D Q) = (0.201, 0.265)
	ABSOLUTE (IOPATH E Q) = (0.266, 0.242)
	TIMINGCHECK (WIDTH (posedge E) (0.122))
	TIMINGCHECK (SETUPHOLD (posedge D) (negedge E) (0.013) (0.005))
	TIMINGCHECK (SETUPHOLD (negedge D) (negedge E) (0.15) (-0.111))

Annotating to instance g40 of module CKND1BWP7T
	ABSOLUTE (IOPATH I ZN) = (0.185, 0.149)

Annotating to instance g41 of module CKND1BWP7T
	ABSOLUTE (IOPATH I ZN) = (0.158, 0.113)

Annotating to instance g42 of module CKND1BWP7T
	ABSOLUTE (IOPATH I ZN) = (0.163, 0.119)

Annotating to instance g43 of module INVD1BWP7T
	ABSOLUTE (IOPATH I ZN) = (0.184, 0.08)

Annotating to instance g44 of module CKND1BWP7T
	ABSOLUTE (IOPATH I ZN) = (0.129, 0.093)
   assign WRITE_2 = WRITE ;
        |
ncelab: *W,SDFNCAP (/ibe/users/da220/Cadence/WORK_TSMC180FORTE/DIGITAL_THESIS_5V/CONTROLLER_5V_128_64_16/functional/verilog.v,207|8): The interconnect source TB_TOP_128_64_16.TOP.CONTROLLER.g1723.ZN is separated by a unidirectional continuous assign from the destination TB_TOP_128_64_16.TOP.CONTROLLER.WRITE_2.  The port annotation will still occur.
   assign NOT_WRITE_2 = NOT_WRITE ;
        |
ncelab: *W,SDFNCAP (/ibe/users/da220/Cadence/WORK_TSMC180FORTE/DIGITAL_THESIS_5V/CONTROLLER_5V_128_64_16/functional/verilog.v,206|8): The interconnect source TB_TOP_128_64_16.TOP.CONTROLLER.g1718.ZN is separated by a unidirectional continuous assign from the destination TB_TOP_128_64_16.TOP.CONTROLLER.NOT_WRITE_2.  The port annotation will still occur.
   assign READ_VDDL_2 = READ_VDDL_1 ;
        |
ncelab: *W,SDFNCAP (/ibe/users/da220/Cadence/WORK_TSMC180FORTE/DIGITAL_THESIS_1_8V/SIGNALS_VDDL_128_64_16/functional/verilog.v,69|8): The interconnect source TB_TOP_128_64_16.TOP.SIGNALS_VDDL.g20.ZN is separated by a unidirectional continuous assign from the destination TB_TOP_128_64_16.TOP.SIGNALS_VDDL.READ_VDDL_2.  The port annotation will still occur.
   assign NOT_READ_VDDL_2 = NOT_READ_VDDL_1 ;
        |
ncelab: *W,SDFNCAP (/ibe/users/da220/Cadence/WORK_TSMC180FORTE/DIGITAL_THESIS_1_8V/SIGNALS_VDDL_128_64_16/functional/verilog.v,68|8): The interconnect source TB_TOP_128_64_16.TOP.SIGNALS_VDDL.FE_OFC0_NOT_READ_VDDL_1.Z is separated by a unidirectional continuous assign from the destination TB_TOP_128_64_16.TOP.SIGNALS_VDDL.NOT_READ_VDDL_2.  The port annotation will still occur.
ABSOLUTE PORT: TB_TOP_128_64_16.TOP.SIGNALS_VDDL.U6_out_reg.E = (0.001)
ABSOLUTE PORT: TB_TOP_128_64_16.TOP.SIGNALS_VDDL.U6_out_reg.D = (0)
ABSOLUTE PORT: TB_TOP_128_64_16.TOP.SIGNALS_VDDL.FE_OFC1_SA_EN_L.I = (0.002)
ABSOLUTE PORT: TB_TOP_128_64_16.TOP.SIGNALS_VDDL.U7_g1__7675.OE = (0.002)
ABSOLUTE PORT: TB_TOP_128_64_16.TOP.SIGNALS_VDDL.U7_g1__7675.I = (0.001)
ABSOLUTE PORT: TB_TOP_128_64_16.TOP.SIGNALS_VDDL.U3_mid_reg.E = (0.001)
ABSOLUTE PORT: TB_TOP_128_64_16.TOP.SIGNALS_VDDL.U3_mid_reg.D = (0)
ABSOLUTE PORT: TB_TOP_128_64_16.TOP.SIGNALS_VDDL.FE_OFC0_NOT_READ_VDDL_1.I = (0)
ABSOLUTE PORT: TB_TOP_128_64_16.TOP.SIGNALS_VDDL.g44.I = (0.001)
ABSOLUTE PORT: TB_TOP_128_64_16.TOP.SIGNALS_VDDL.g40.I = (0)
ABSOLUTE PORT: TB_TOP_128_64_16.TOP.SIGNALS_VDDL.g42.I = (0)
ABSOLUTE PORT: TB_TOP_128_64_16.TOP.SIGNALS_VDDL.g41.I = (0)
ABSOLUTE PORT: TB_TOP_128_64_16.TOP.SIGNALS_VDDL.g43.I = (0)
ABSOLUTE PORT: TB_TOP_128_64_16.TOP.SIGNALS_VDDL.U3_out_reg.E = (0.001)
ABSOLUTE PORT: TB_TOP_128_64_16.TOP.SIGNALS_VDDL.U3_out_reg.D = (0)
ABSOLUTE PORT: TB_TOP_128_64_16.TOP.SIGNALS_VDDL.U1_out_reg.E = (0.002)
ABSOLUTE PORT: TB_TOP_128_64_16.TOP.SIGNALS_VDDL.U1_out_reg.D = (0)
ABSOLUTE PORT: TB_TOP_128_64_16.TOP.SIGNALS_VDDL.U5_out_reg.E = (0.001)
ABSOLUTE PORT: TB_TOP_128_64_16.TOP.SIGNALS_VDDL.U5_out_reg.D = (0.001)
ABSOLUTE PORT: TB_TOP_128_64_16.TOP.SIGNALS_VDDL.U4_out_reg.E = (0.001)
ABSOLUTE PORT: TB_TOP_128_64_16.TOP.SIGNALS_VDDL.U4_out_reg.D = (0.001)
ABSOLUTE PORT: TB_TOP_128_64_16.TOP.SIGNALS_VDDL.U5_mid_reg.E = (0.002)
ABSOLUTE PORT: TB_TOP_128_64_16.TOP.SIGNALS_VDDL.U5_mid_reg.D = (0)
ABSOLUTE PORT: TB_TOP_128_64_16.TOP.SIGNALS_VDDL.U1_mid_reg.E = (0.002)
ABSOLUTE PORT: TB_TOP_128_64_16.TOP.SIGNALS_VDDL.U1_mid_reg.D = (0)
ABSOLUTE PORT: TB_TOP_128_64_16.TOP.SIGNALS_VDDL.U6_mid_reg.E = (0.002)
ABSOLUTE PORT: TB_TOP_128_64_16.TOP.SIGNALS_VDDL.U6_mid_reg.D = (0)
ABSOLUTE PORT: TB_TOP_128_64_16.TOP.SIGNALS_VDDL.U4_mid_reg.E = (0.002)
ABSOLUTE PORT: TB_TOP_128_64_16.TOP.SIGNALS_VDDL.U4_mid_reg.D = (0)
ABSOLUTE PORT: TB_TOP_128_64_16.TOP.SIGNALS_VDDL.g22.I = (0)
ABSOLUTE PORT: TB_TOP_128_64_16.TOP.SIGNALS_VDDL.WRITE_VDDL = (0)
ABSOLUTE PORT: TB_TOP_128_64_16.TOP.SIGNALS_VDDL.g34.I = (0)
ABSOLUTE PORT: TB_TOP_128_64_16.TOP.SIGNALS_VDDL.NOT_WRITE_VDDL = (0)
ABSOLUTE PORT: TB_TOP_128_64_16.TOP.SIGNALS_VDDL.g20.I = (0.002)
ABSOLUTE PORT: TB_TOP_128_64_16.TOP.SIGNALS_VDDL.READ_VDDL_1 = (0)
ABSOLUTE PORT: TB_TOP_128_64_16.TOP.SIGNALS_VDDL.READ_VDDL_2 = (0)
ABSOLUTE PORT: TB_TOP_128_64_16.TOP.SIGNALS_VDDL.g31.I = (0.016)
ABSOLUTE PORT: TB_TOP_128_64_16.TOP.SIGNALS_VDDL.NOT_READ_VDDL_1 = (0)
ABSOLUTE PORT: TB_TOP_128_64_16.TOP.SIGNALS_VDDL.NOT_READ_VDDL_2 = (0)
ABSOLUTE PORT: TB_TOP_128_64_16.TOP.SIGNALS_VDDL.g24.I = (0.002)
ABSOLUTE PORT: TB_TOP_128_64_16.TOP.SIGNALS_VDDL.DVLP_L = (0)
ABSOLUTE PORT: TB_TOP_128_64_16.TOP.SIGNALS_VDDL.g26.I = (0.002)
ABSOLUTE PORT: TB_TOP_128_64_16.TOP.SIGNALS_VDDL.PRE_L = (0)
ABSOLUTE PORT: TB_TOP_128_64_16.TOP.SIGNALS_VDDL.U7_g9__8780.OE = (0.023, 0.024)
ABSOLUTE PORT: TB_TOP_128_64_16.TOP.SIGNALS_VDDL.U7_g9__8780.I = (0.001)
ABSOLUTE PORT: TB_TOP_128_64_16.TOP.SIGNALS_VDDL.U7_g10__4296.OE = (0.03)
ABSOLUTE PORT: TB_TOP_128_64_16.TOP.SIGNALS_VDDL.U7_g10__4296.I = (0.001)
ABSOLUTE PORT: TB_TOP_128_64_16.TOP.SIGNALS_VDDL.U7_g8__3772.OE = (0.03)
ABSOLUTE PORT: TB_TOP_128_64_16.TOP.SIGNALS_VDDL.U7_g8__3772.I = (0)
ABSOLUTE PORT: TB_TOP_128_64_16.TOP.SIGNALS_VDDL.U7_g11__1474.OE = (0.03)
ABSOLUTE PORT: TB_TOP_128_64_16.TOP.SIGNALS_VDDL.U7_g11__1474.I = (0.001)
ABSOLUTE PORT: TB_TOP_128_64_16.TOP.SIGNALS_VDDL.U7_g12__4547.OE = (0.03)
ABSOLUTE PORT: TB_TOP_128_64_16.TOP.SIGNALS_VDDL.U7_g12__4547.I = (0.001)
ABSOLUTE PORT: TB_TOP_128_64_16.TOP.SIGNALS_VDDL.U7_g13__9682.OE = (0.043)
ABSOLUTE PORT: TB_TOP_128_64_16.TOP.SIGNALS_VDDL.U7_g13__9682.I = (0.001)
ABSOLUTE PORT: TB_TOP_128_64_16.TOP.SIGNALS_VDDL.U7_g14__2683.OE = (0.043, 0.044)
ABSOLUTE PORT: TB_TOP_128_64_16.TOP.SIGNALS_VDDL.U7_g14__2683.I = (0)
ABSOLUTE PORT: TB_TOP_128_64_16.TOP.SIGNALS_VDDL.U7_g15__1309.OE = (0.043)
ABSOLUTE PORT: TB_TOP_128_64_16.TOP.SIGNALS_VDDL.U7_g15__1309.I = (0.001)
ABSOLUTE PORT: TB_TOP_128_64_16.TOP.SIGNALS_VDDL.U7_g16__6877.OE = (0.044, 0.045)
ABSOLUTE PORT: TB_TOP_128_64_16.TOP.SIGNALS_VDDL.U7_g16__6877.I = (0)
ABSOLUTE PORT: TB_TOP_128_64_16.TOP.SIGNALS_VDDL.U7_g17__2900.OE = (0.051, 0.052)
ABSOLUTE PORT: TB_TOP_128_64_16.TOP.SIGNALS_VDDL.U7_g17__2900.I = (0)
ABSOLUTE PORT: TB_TOP_128_64_16.TOP.SIGNALS_VDDL.U7_g18__2391.OE = (0.043)
ABSOLUTE PORT: TB_TOP_128_64_16.TOP.SIGNALS_VDDL.U7_g18__2391.I = (0.001)
ABSOLUTE PORT: TB_TOP_128_64_16.TOP.SIGNALS_VDDL.U7_g4__7118.OE = (0.023, 0.024)
ABSOLUTE PORT: TB_TOP_128_64_16.TOP.SIGNALS_VDDL.U7_g4__7118.I = (0.001)
ABSOLUTE PORT: TB_TOP_128_64_16.TOP.SIGNALS_VDDL.U7_g5__8757.OE = (0.023, 0.024)
ABSOLUTE PORT: TB_TOP_128_64_16.TOP.SIGNALS_VDDL.U7_g5__8757.I = (0.001)
ABSOLUTE PORT: TB_TOP_128_64_16.TOP.SIGNALS_VDDL.U7_g6__1786.OE = (0.023, 0.024)
ABSOLUTE PORT: TB_TOP_128_64_16.TOP.SIGNALS_VDDL.U7_g6__1786.I = (0.001)
ABSOLUTE PORT: TB_TOP_128_64_16.TOP.SIGNALS_VDDL.U7_g7__5953.OE = (0.03)
ABSOLUTE PORT: TB_TOP_128_64_16.TOP.SIGNALS_VDDL.U7_g7__5953.I = (0)
ABSOLUTE PORT: TB_TOP_128_64_16.TOP.SIGNALS_VDDL.SA_EN_L = (0)
ABSOLUTE PORT: TB_TOP_128_64_16.TOP.SIGNALS_VDDL.Z_BUS[15] = (1)
ABSOLUTE PORT: TB_TOP_128_64_16.TOP.SIGNALS_VDDL.Z_BUS[14] = (1)
ABSOLUTE PORT: TB_TOP_128_64_16.TOP.SIGNALS_VDDL.Z_BUS[13] = (0)
ABSOLUTE PORT: TB_TOP_128_64_16.TOP.SIGNALS_VDDL.Z_BUS[12] = (1)
ABSOLUTE PORT: TB_TOP_128_64_16.TOP.SIGNALS_VDDL.Z_BUS[11] = (0)
ABSOLUTE PORT: TB_TOP_128_64_16.TOP.SIGNALS_VDDL.Z_BUS[10] = (0)
ABSOLUTE PORT: TB_TOP_128_64_16.TOP.SIGNALS_VDDL.Z_BUS[9] = (1)
ABSOLUTE PORT: TB_TOP_128_64_16.TOP.SIGNALS_VDDL.Z_BUS[8] = (1)
ABSOLUTE PORT: TB_TOP_128_64_16.TOP.SIGNALS_VDDL.Z_BUS[7] = (1)
ABSOLUTE PORT: TB_TOP_128_64_16.TOP.SIGNALS_VDDL.Z_BUS[6] = (0)
ABSOLUTE PORT: TB_TOP_128_64_16.TOP.SIGNALS_VDDL.Z_BUS[5] = (0)
ABSOLUTE PORT: TB_TOP_128_64_16.TOP.SIGNALS_VDDL.Z_BUS[4] = (0)
ABSOLUTE PORT: TB_TOP_128_64_16.TOP.SIGNALS_VDDL.Z_BUS[3] = (0)
ABSOLUTE PORT: TB_TOP_128_64_16.TOP.SIGNALS_VDDL.Z_BUS[2] = (0)
ABSOLUTE PORT: TB_TOP_128_64_16.TOP.SIGNALS_VDDL.Z_BUS[1] = (0)
ABSOLUTE PORT: TB_TOP_128_64_16.TOP.SIGNALS_VDDL.Z_BUS[0] = (0)
