======================================================================

Annotating SDF timing data:
  Compiled SDF file:     /ibe/users/da220/Cadence/WORK_TSMC180FORTE/THESIS/TB_TOP_128_16_8/.CHARACTERIZATION/CONTROLLER_5V_128_16_8_final.sdf.X
  Log file:              /ibe/users/da220/Cadence/WORK_TSMC180FORTE/THESIS/TB_TOP_128_16_8/.CHARACTERIZATION/CONTROLLER_5V_128_16_8_final.sdf.X_sdf_annotation.log
  Backannotation scope:  TB_TOP_128_16_8.TOP.CONTROLLER
  Configuration file:    
  MTM control:           MAXIMUM
  Scale factors:         
  Scale type:            

Time units: 1ns


Annotating to instance CTS_ccl_a_buf_00024 of module CKBD0
	ABSOLUTE (IOPATH I Z) = (0.392, 0.387)

Annotating to instance CTS_ccl_a_buf_00021 of module CKBD2
	ABSOLUTE (IOPATH I Z) = (0.349, 0.33)

Annotating to instance CTS_ccl_a_buf_00018 of module CKBD0
	ABSOLUTE (IOPATH I Z) = (0.321, 0.309)

Annotating to instance CTS_ccl_a_buf_00015 of module CKBD4
	ABSOLUTE (IOPATH I Z) = (0.229, 0.207)

Annotating to instance CTS_ccl_a_buf_00012 of module CKBD0
	ABSOLUTE (IOPATH I Z) = (0.357, 0.357)

Annotating to instance CTS_ccl_a_buf_00006 of module CKBD0
	ABSOLUTE (IOPATH I Z) = (0.366, 0.373)

Annotating to instance g1566 of module CKND6
	ABSOLUTE (IOPATH I ZN) = (0.101, 0.139)

Annotating to instance g1569 of module CKND0
	ABSOLUTE (IOPATH I ZN) = (0.283, 0.295)

Annotating to instance CTS_ccl_a_buf_00009 of module CKBD2
	ABSOLUTE (IOPATH I Z) = (0.268, 0.254)

Annotating to instance CTS_cse_buf_00003 of module BUFFD4
	ABSOLUTE (IOPATH I Z) = (0.139, 0.144)

Annotating to instance CTS_cse_buf_00002 of module BUFFD2
	ABSOLUTE (IOPATH I Z) = (0.189, 0.256)

Annotating to instance CTS_cse_buf_00001 of module BUFFD1
	ABSOLUTE (IOPATH I Z) = (0.237, 0.293)

Annotating to instance FE_OFC47_SEL_0 of module BUFFD8
	ABSOLUTE (IOPATH I Z) = (1.252, 0.843)

Annotating to instance FE_OFC46_SEL_1 of module BUFFD8
	ABSOLUTE (IOPATH I Z) = (1.252, 0.84)

Annotating to instance FE_OFC45_SEL_2 of module BUFFD8
	ABSOLUTE (IOPATH I Z) = (1.239, 0.827)

Annotating to instance FE_OFC44_SEL_3 of module BUFFD8
	ABSOLUTE (IOPATH I Z) = (1.24, 0.828)

Annotating to instance FE_OFC43_SEL_4 of module BUFFD8
	ABSOLUTE (IOPATH I Z) = (1.248, 0.842)

Annotating to instance FE_OFC42_SEL_5 of module BUFFD8
	ABSOLUTE (IOPATH I Z) = (1.243, 0.831)

Annotating to instance FE_OFC41_SEL_6 of module BUFFD8
	ABSOLUTE (IOPATH I Z) = (1.243, 0.83)

Annotating to instance FE_OFC40_SEL_7 of module BUFFD8
	ABSOLUTE (IOPATH I Z) = (1.252, 0.84)

Annotating to instance FE_OFC39_SEL_8 of module BUFFD8
	ABSOLUTE (IOPATH I Z) = (1.237, 0.825)

Annotating to instance FE_OFC38_SEL_9 of module BUFFD8
	ABSOLUTE (IOPATH I Z) = (1.248, 0.836)

Annotating to instance FE_OFC37_SEL_10 of module BUFFD8
	ABSOLUTE (IOPATH I Z) = (1.232, 0.82)

Annotating to instance FE_OFC36_SEL_11 of module BUFFD8
	ABSOLUTE (IOPATH I Z) = (1.241, 0.828)

Annotating to instance FE_OFC35_SEL_12 of module BUFFD8
	ABSOLUTE (IOPATH I Z) = (1.236, 0.825)

Annotating to instance FE_OFC34_SEL_13 of module BUFFD8
	ABSOLUTE (IOPATH I Z) = (1.244, 0.832)

Annotating to instance FE_OFC33_SEL_14 of module BUFFD8
	ABSOLUTE (IOPATH I Z) = (1.222, 0.807)

Annotating to instance FE_OFC32_SEL_15 of module BUFFD8
	ABSOLUTE (IOPATH I Z) = (1.249, 0.84)

Annotating to instance FE_OFC31_N_EN_0 of module BUFFD8
	ABSOLUTE (IOPATH I Z) = (1.306, 0.863)

Annotating to instance FE_OFC30_N_EN_1 of module BUFFD8
	ABSOLUTE (IOPATH I Z) = (1.253, 0.804)

Annotating to instance FE_OFC29_N_EN_2 of module BUFFD8
	ABSOLUTE (IOPATH I Z) = (1.272, 0.823)

Annotating to instance FE_OFC28_N_EN_3 of module BUFFD8
	ABSOLUTE (IOPATH I Z) = (1.274, 0.824)

Annotating to instance FE_OFC27_N_EN_4 of module BUFFD8
	ABSOLUTE (IOPATH I Z) = (1.266, 0.823)

Annotating to instance FE_OFC26_N_EN_5 of module BUFFD8
	ABSOLUTE (IOPATH I Z) = (1.269, 0.826)

Annotating to instance FE_OFC25_N_EN_6 of module BUFFD8
	ABSOLUTE (IOPATH I Z) = (1.305, 0.864)

Annotating to instance FE_OFC24_N_EN_7 of module BUFFD8
	ABSOLUTE (IOPATH I Z) = (1.263, 0.819)

Annotating to instance FE_OFC23_N_EN_8 of module BUFFD8
	ABSOLUTE (IOPATH I Z) = (1.264, 0.818)

Annotating to instance FE_OFC22_N_EN_9 of module BUFFD8
	ABSOLUTE (IOPATH I Z) = (1.285, 0.84)

Annotating to instance FE_OFC21_N_EN_10 of module BUFFD8
	ABSOLUTE (IOPATH I Z) = (1.271, 0.822)

Annotating to instance FE_OFC20_N_EN_11 of module BUFFD8
	ABSOLUTE (IOPATH I Z) = (1.273, 0.821)

Annotating to instance FE_OFC19_N_EN_12 of module BUFFD8
	ABSOLUTE (IOPATH I Z) = (1.261, 0.817)

Annotating to instance FE_OFC18_N_EN_13 of module BUFFD8
	ABSOLUTE (IOPATH I Z) = (1.285, 0.844)

Annotating to instance FE_OFC17_N_EN_14 of module BUFFD8
	ABSOLUTE (IOPATH I Z) = (1.281, 0.838)

Annotating to instance FE_OFC16_N_EN_15 of module BUFFD8
	ABSOLUTE (IOPATH I Z) = (1.281, 0.838)

Annotating to instance FE_OFC15_P_EN_0 of module BUFFD8
	ABSOLUTE (IOPATH I Z) = (1.298, 0.854)

Annotating to instance FE_OFC14_P_EN_1 of module BUFFD8
	ABSOLUTE (IOPATH I Z) = (1.286, 0.842)

Annotating to instance FE_OFC13_P_EN_2 of module BUFFD8
	ABSOLUTE (IOPATH I Z) = (1.282, 0.835)

Annotating to instance FE_OFC12_P_EN_3 of module BUFFD8
	ABSOLUTE (IOPATH I Z) = (1.262, 0.813)

Annotating to instance FE_OFC11_P_EN_4 of module BUFFD8
	ABSOLUTE (IOPATH I Z) = (1.25, 0.804)

Annotating to instance FE_OFC10_P_EN_5 of module BUFFD8
	ABSOLUTE (IOPATH I Z) = (1.274, 0.83)

Annotating to instance FE_OFC9_P_EN_6 of module BUFFD8
	ABSOLUTE (IOPATH I Z) = (1.311, 0.872)

Annotating to instance FE_OFC8_P_EN_7 of module BUFFD8
	ABSOLUTE (IOPATH I Z) = (1.287, 0.847)

Annotating to instance FE_OFC7_P_EN_8 of module BUFFD8
	ABSOLUTE (IOPATH I Z) = (1.271, 0.825)

Annotating to instance FE_OFC6_P_EN_9 of module BUFFD8
	ABSOLUTE (IOPATH I Z) = (1.308, 0.865)

Annotating to instance FE_OFC5_P_EN_10 of module BUFFD8
	ABSOLUTE (IOPATH I Z) = (1.275, 0.826)

Annotating to instance FE_OFC4_P_EN_11 of module BUFFD8
	ABSOLUTE (IOPATH I Z) = (1.31, 0.868)

Annotating to instance FE_OFC3_P_EN_12 of module BUFFD8
	ABSOLUTE (IOPATH I Z) = (1.27, 0.826)

Annotating to instance FE_OFC2_P_EN_13 of module BUFFD8
	ABSOLUTE (IOPATH I Z) = (1.287, 0.846)

Annotating to instance FE_OFC1_P_EN_14 of module BUFFD8
	ABSOLUTE (IOPATH I Z) = (1.285, 0.842)

Annotating to instance FE_OFC0_P_EN_15 of module BUFFD8
	ABSOLUTE (IOPATH I Z) = (1.296, 0.856)

Annotating to instance g1455 of module INVD8
	ABSOLUTE (IOPATH I ZN) = (1.479, 1.045)

Annotating to instance g1405 of module INVD8
	ABSOLUTE (IOPATH I ZN) = (1.477, 1.046)

Annotating to instance g1415 of module INVD8
	ABSOLUTE (IOPATH I ZN) = (1.468, 1.037)

Annotating to instance g1451 of module INVD8
	ABSOLUTE (IOPATH I ZN) = (1.477, 1.04)

Annotating to instance g1477 of module INVD8
	ABSOLUTE (IOPATH I ZN) = (1.455, 1.018)

Annotating to instance g1479 of module INVD8
	ABSOLUTE (IOPATH I ZN) = (1.474, 1.041)

Annotating to instance g1453 of module INVD8
	ABSOLUTE (IOPATH I ZN) = (1.461, 1.016)

Annotating to instance g1481 of module INVD8
	ABSOLUTE (IOPATH I ZN) = (1.459, 1.022)

Annotating to instance g1409 of module INVD8
	ABSOLUTE (IOPATH I ZN) = (1.459, 1.018)

Annotating to instance g1403 of module INVD8
	ABSOLUTE (IOPATH I ZN) = (1.46, 1.018)

Annotating to instance g1483 of module INVD8
	ABSOLUTE (IOPATH I ZN) = (1.445, 1.004)

Annotating to instance g1485 of module INVD8
	ABSOLUTE (IOPATH I ZN) = (1.469, 1.032)

Annotating to instance g1417 of module INVD8
	ABSOLUTE (IOPATH I ZN) = (1.473, 1.036)

Annotating to instance g1487 of module INVD8
	ABSOLUTE (IOPATH I ZN) = (1.468, 1.022)

Annotating to instance g1457 of module INVD8
	ABSOLUTE (IOPATH I ZN) = (1.458, 1.016)

Annotating to instance g1489 of module INVD8
	ABSOLUTE (IOPATH I ZN) = (1.47, 1.037)

Annotating to instance g1467 of module INVD8
	ABSOLUTE (IOPATH I ZN) = (1.473, 1.034)

Annotating to instance g1419 of module INVD8
	ABSOLUTE (IOPATH I ZN) = (1.47, 1.032)

Annotating to instance g1461 of module INVD8
	ABSOLUTE (IOPATH I ZN) = (1.479, 1.045)

Annotating to instance g1463 of module INVD8
	ABSOLUTE (IOPATH I ZN) = (1.463, 1.023)

Annotating to instance g1407 of module INVD8
	ABSOLUTE (IOPATH I ZN) = (1.458, 1.02)

Annotating to instance g1411 of module INVD8
	ABSOLUTE (IOPATH I ZN) = (1.455, 1.013)

Annotating to instance g1421 of module INVD8
	ABSOLUTE (IOPATH I ZN) = (1.461, 1.027)

Annotating to instance g1465 of module INVD8
	ABSOLUTE (IOPATH I ZN) = (1.457, 1.008)

Annotating to instance g1423 of module INVD8
	ABSOLUTE (IOPATH I ZN) = (1.469, 1.023)

Annotating to instance g1459 of module INVD8
	ABSOLUTE (IOPATH I ZN) = (1.458, 1.012)

Annotating to instance g1469 of module INVD8
	ABSOLUTE (IOPATH I ZN) = (1.465, 1.017)

Annotating to instance g1413 of module INVD8
	ABSOLUTE (IOPATH I ZN) = (1.467, 1.038)

Annotating to instance g1471 of module INVD8
	ABSOLUTE (IOPATH I ZN) = (1.457, 1.01)

Annotating to instance g1425 of module INVD8
	ABSOLUTE (IOPATH I ZN) = (1.474, 1.036)

Annotating to instance g1473 of module INVD8
	ABSOLUTE (IOPATH I ZN) = (1.475, 1.036)

Annotating to instance g1475 of module INVD8
	ABSOLUTE (IOPATH I ZN) = (1.471, 1.038)

Annotating to instance g1499__8780 of module NR2D1
	ABSOLUTE (IOPATH A1 ZN) = (0.444, 0.142)
	ABSOLUTE (IOPATH A2 ZN) = (0.379, 0.159)

Annotating to instance g1495__4296 of module NR2D1
	ABSOLUTE (IOPATH A1 ZN) = (0.344, 0.125)
	ABSOLUTE (IOPATH A2 ZN) = (0.37, 0.141)

Annotating to instance g1509__3772 of module NR2D1
	ABSOLUTE (IOPATH A1 ZN) = (0.356, 0.135)
	ABSOLUTE (IOPATH A2 ZN) = (0.405, 0.154)

Annotating to instance g1441__1474 of module NR2D1
	ABSOLUTE (IOPATH A1 ZN) = (0.347, 0.127)
	ABSOLUTE (IOPATH A2 ZN) = (0.384, 0.141)

Annotating to instance g1510__4547 of module NR2D1
	ABSOLUTE (IOPATH A1 ZN) = (0.358, 0.136)
	ABSOLUTE (IOPATH A2 ZN) = (0.397, 0.155)

Annotating to instance g1496__9682 of module NR2D1
	ABSOLUTE (IOPATH A1 ZN) = (0.418, 0.129)
	ABSOLUTE (IOPATH A2 ZN) = (0.378, 0.145)

Annotating to instance g1511__2683 of module NR2D1
	ABSOLUTE (IOPATH A1 ZN) = (0.441, 0.136)
	ABSOLUTE (IOPATH A2 ZN) = (0.407, 0.151)

Annotating to instance g1445__1309 of module NR2D1
	ABSOLUTE (IOPATH A1 ZN) = (0.407, 0.127)
	ABSOLUTE (IOPATH A2 ZN) = (0.39, 0.141)

Annotating to instance g1512__6877 of module NR2D1
	ABSOLUTE (IOPATH A1 ZN) = (0.425, 0.128)
	ABSOLUTE (IOPATH A2 ZN) = (0.376, 0.144)

Annotating to instance g1497__2900 of module NR2D1
	ABSOLUTE (IOPATH A1 ZN) = (0.345, 0.127)
	ABSOLUTE (IOPATH A2 ZN) = (0.35, 0.143)

Annotating to instance g1513__2391 of module NR2D1
	ABSOLUTE (IOPATH A1 ZN) = (0.334, 0.126)
	ABSOLUTE (IOPATH A2 ZN) = (0.389, 0.141)

Annotating to instance g1438__7675 of module NR2D1
	ABSOLUTE (IOPATH A1 ZN) = (0.337, 0.129)
	ABSOLUTE (IOPATH A2 ZN) = (0.38, 0.146)

Annotating to instance g1498__7118 of module NR2D1
	ABSOLUTE (IOPATH A1 ZN) = (0.346, 0.126)
	ABSOLUTE (IOPATH A2 ZN) = (0.388, 0.14)

Annotating to instance g1446__8757 of module NR2D1
	ABSOLUTE (IOPATH A1 ZN) = (0.405, 0.126)
	ABSOLUTE (IOPATH A2 ZN) = (0.372, 0.142)

Annotating to instance g1442__1786 of module NR2D1
	ABSOLUTE (IOPATH A1 ZN) = (0.371, 0.139)
	ABSOLUTE (IOPATH A2 ZN) = (0.41, 0.156)

Annotating to instance g1508__5953 of module NR2D1
	ABSOLUTE (IOPATH A1 ZN) = (0.438, 0.135)
	ABSOLUTE (IOPATH A2 ZN) = (0.4, 0.15)

Annotating to instance g1507__5703 of module NR2D1
	ABSOLUTE (IOPATH A1 ZN) = (0.341, 0.129)
	ABSOLUTE (IOPATH A2 ZN) = (0.356, 0.146)

Annotating to instance g1500__7114 of module NR2D1
	ABSOLUTE (IOPATH A1 ZN) = (0.341, 0.124)
	ABSOLUTE (IOPATH A2 ZN) = (0.342, 0.138)

Annotating to instance g1447__5266 of module NR2D1
	ABSOLUTE (IOPATH A1 ZN) = (0.402, 0.125)
	ABSOLUTE (IOPATH A2 ZN) = (0.345, 0.14)

Annotating to instance g1501__2250 of module NR2D1
	ABSOLUTE (IOPATH A1 ZN) = (0.421, 0.136)
	ABSOLUTE (IOPATH A2 ZN) = (0.407, 0.151)

Annotating to instance g1502__6083 of module NR2D1
	ABSOLUTE (IOPATH A1 ZN) = (0.407, 0.129)
	ABSOLUTE (IOPATH A2 ZN) = (0.377, 0.145)

Annotating to instance g1448__2703 of module NR2D1
	ABSOLUTE (IOPATH A1 ZN) = (0.328, 0.125)
	ABSOLUTE (IOPATH A2 ZN) = (0.386, 0.139)

Annotating to instance g1503__5795 of module NR2D1
	ABSOLUTE (IOPATH A1 ZN) = (0.424, 0.137)
	ABSOLUTE (IOPATH A2 ZN) = (0.37, 0.154)

Annotating to instance g1443__7344 of module NR2D1
	ABSOLUTE (IOPATH A1 ZN) = (0.356, 0.137)
	ABSOLUTE (IOPATH A2 ZN) = (0.409, 0.155)

Annotating to instance g1504__1840 of module NR2D1
	ABSOLUTE (IOPATH A1 ZN) = (0.343, 0.126)
	ABSOLUTE (IOPATH A2 ZN) = (0.388, 0.14)

Annotating to instance g1449__5019 of module NR2D1
	ABSOLUTE (IOPATH A1 ZN) = (0.427, 0.138)
	ABSOLUTE (IOPATH A2 ZN) = (0.407, 0.155)

Annotating to instance g1505__1857 of module NR2D1
	ABSOLUTE (IOPATH A1 ZN) = (0.353, 0.131)
	ABSOLUTE (IOPATH A2 ZN) = (0.383, 0.148)

Annotating to instance g1439__9906 of module NR2D1
	ABSOLUTE (IOPATH A1 ZN) = (0.432, 0.136)
	ABSOLUTE (IOPATH A2 ZN) = (0.402, 0.151)

Annotating to instance g1506__8780 of module NR2D1
	ABSOLUTE (IOPATH A1 ZN) = (0.43, 0.131)
	ABSOLUTE (IOPATH A2 ZN) = (0.356, 0.146)

Annotating to instance g1494__4296 of module NR2D1
	ABSOLUTE (IOPATH A1 ZN) = (0.413, 0.126)
	ABSOLUTE (IOPATH A2 ZN) = (0.388, 0.14)

Annotating to instance g1444__3772 of module NR2D1
	ABSOLUTE (IOPATH A1 ZN) = (0.408, 0.128)
	ABSOLUTE (IOPATH A2 ZN) = (0.386, 0.142)

Annotating to instance g1440__1474 of module NR2D1
	ABSOLUTE (IOPATH A1 ZN) = (0.325, 0.123)
	ABSOLUTE (IOPATH A2 ZN) = (0.343, 0.139)

Annotating to instance g1492__4547 of module AN2D0
	ABSOLUTE (IOPATH A1 Z) = (0.399, 0.297)
	ABSOLUTE (IOPATH A2 Z) = (0.394, 0.338)

Annotating to instance g1436__9682 of module AN2D0
	ABSOLUTE (IOPATH A1 Z) = (0.44, 0.336)
	ABSOLUTE (IOPATH A2 Z) = (0.397, 0.323)

Annotating to instance g1491__2683 of module AN2D0
	ABSOLUTE (IOPATH A1 Z) = (0.399, 0.295)
	ABSOLUTE (IOPATH A2 Z) = (0.395, 0.339)

Annotating to instance g1430__1309 of module AN2D0
	ABSOLUTE (IOPATH A1 Z) = (0.431, 0.331)
	ABSOLUTE (IOPATH A2 Z) = (0.39, 0.336)

Annotating to instance g1433__6877 of module AN2D0
	ABSOLUTE (IOPATH A1 Z) = (0.421, 0.31)
	ABSOLUTE (IOPATH A2 Z) = (0.413, 0.333)

Annotating to instance g1432__2900 of module AN2D0
	ABSOLUTE (IOPATH A1 Z) = (0.396, 0.297)
	ABSOLUTE (IOPATH A2 Z) = (0.386, 0.334)

Annotating to instance g1437__2391 of module AN2D0
	ABSOLUTE (IOPATH A1 Z) = (0.408, 0.304)
	ABSOLUTE (IOPATH A2 Z) = (0.391, 0.319)

Annotating to instance g1427__7675 of module AN2D0
	ABSOLUTE (IOPATH A1 Z) = (0.391, 0.292)
	ABSOLUTE (IOPATH A2 Z) = (0.377, 0.312)

Annotating to instance g1490__7118 of module AN2D0
	ABSOLUTE (IOPATH A1 Z) = (0.389, 0.291)
	ABSOLUTE (IOPATH A2 Z) = (0.383, 0.343)

Annotating to instance g1429__8757 of module AN2D0
	ABSOLUTE (IOPATH A1 Z) = (0.422, 0.326)
	ABSOLUTE (IOPATH A2 Z) = (0.373, 0.309)

Annotating to instance g1431__1786 of module AN2D0
	ABSOLUTE (IOPATH A1 Z) = (0.392, 0.295)
	ABSOLUTE (IOPATH A2 Z) = (0.381, 0.343)

Annotating to instance g1426__5953 of module AN2D0
	ABSOLUTE (IOPATH A1 Z) = (0.389, 0.293)
	ABSOLUTE (IOPATH A2 Z) = (0.378, 0.312)

Annotating to instance g1428__5703 of module AN2D0
	ABSOLUTE (IOPATH A1 Z) = (0.387, 0.288)
	ABSOLUTE (IOPATH A2 Z) = (0.375, 0.31)

Annotating to instance g1493__7114 of module AN2D0
	ABSOLUTE (IOPATH A1 Z) = (0.393, 0.292)
	ABSOLUTE (IOPATH A2 Z) = (0.388, 0.347)

Annotating to instance g1434__5266 of module AN2D0
	ABSOLUTE (IOPATH A1 Z) = (0.388, 0.289)
	ABSOLUTE (IOPATH A2 Z) = (0.383, 0.315)

Annotating to instance g1435__2250 of module AN2D0
	ABSOLUTE (IOPATH A1 Z) = (0.422, 0.326)
	ABSOLUTE (IOPATH A2 Z) = (0.38, 0.342)

Annotating to instance g1516__6083 of module IND2D1
	ABSOLUTE (IOPATH A1 ZN) = (0.333, 0.337)
	ABSOLUTE (IOPATH B1 ZN) = (0.449, 0.325)

Annotating to instance g1515__2703 of module ND2D1
	ABSOLUTE (IOPATH A1 ZN) = (0.225, 0.216)
	ABSOLUTE (IOPATH A2 ZN) = (0.468, 0.168)

Annotating to instance g1514__5795 of module ND2D1
	ABSOLUTE (IOPATH A1 ZN) = (0.223, 0.215)
	ABSOLUTE (IOPATH A2 ZN) = (0.28, 0.192)

Annotating to instance g1517__7344 of module IND2D1
	ABSOLUTE (IOPATH A1 ZN) = (0.32, 0.326)
	ABSOLUTE (IOPATH B1 ZN) = (0.265, 0.236)

Annotating to instance g1522__1840 of module ND2D1
	ABSOLUTE (IOPATH A1 ZN) = (0.256, 0.266)
	ABSOLUTE (IOPATH A2 ZN) = (0.3, 0.211)

Annotating to instance g1521__5019 of module ND2D1
	ABSOLUTE (IOPATH A1 ZN) = (0.25, 0.259)
	ABSOLUTE (IOPATH A2 ZN) = (0.296, 0.208)

Annotating to instance g1518__1857 of module ND2D1
	ABSOLUTE (IOPATH A1 ZN) = (0.256, 0.266)
	ABSOLUTE (IOPATH A2 ZN) = (0.488, 0.194)

Annotating to instance g1526__9906 of module ND2D1
	ABSOLUTE (IOPATH A1 ZN) = (0.227, 0.235)
	ABSOLUTE (IOPATH A2 ZN) = (0.459, 0.157)

Annotating to instance g1524__8780 of module AN3D1
	ABSOLUTE (IOPATH A1 Z) = (0.453, 0.315)
	ABSOLUTE (IOPATH A2 Z) = (0.448, 0.333)
	ABSOLUTE (IOPATH A3 Z) = (0.447, 0.377)

Annotating to instance g1520__4296 of module AN3D1
	ABSOLUTE (IOPATH A1 Z) = (0.389, 0.269)
	ABSOLUTE (IOPATH A2 Z) = (0.413, 0.311)
	ABSOLUTE (IOPATH A3 Z) = (0.411, 0.354)

Annotating to instance g1523__3772 of module INR3D0
	ABSOLUTE (IOPATH A1 ZN) = (0.643, 0.441)
	ABSOLUTE (IOPATH B1 ZN) = (0.55, 0.267)
	ABSOLUTE (IOPATH B2 ZN) = (0.516, 0.259)

Annotating to instance g1525__1474 of module AN3D1
	ABSOLUTE (IOPATH A1 Z) = (0.4, 0.276)
	ABSOLUTE (IOPATH A2 Z) = (0.424, 0.318)
	ABSOLUTE (IOPATH A3 Z) = (0.423, 0.361)

Annotating to instance g1533__4547 of module INR2D0
	ABSOLUTE (IOPATH A1 ZN) = (0.47, 0.284)
	ABSOLUTE (IOPATH B1 ZN) = (0.403, 0.161)

Annotating to instance g1534__9682 of module INR2D0
	ABSOLUTE (IOPATH A1 ZN) = (0.453, 0.278)
	ABSOLUTE (IOPATH B1 ZN) = (0.387, 0.156)

Annotating to instance g1535__2683 of module NR2D1
	ABSOLUTE (IOPATH A1 ZN) = (0.257, 0.102)
	ABSOLUTE (IOPATH A2 ZN) = (0.26, 0.114)

Annotating to instance g1537__1309 of module IND2D1
	ABSOLUTE (IOPATH A1 ZN) = (0.548, 0.533)
	ABSOLUTE (IOPATH B1 ZN) = (0.456, 0.394)

Annotating to instance g1532__6877 of module IND2D1
	ABSOLUTE (IOPATH A1 ZN) = (0.503, 0.493)
	ABSOLUTE (IOPATH B1 ZN) = (0.417, 0.363)

Annotating to instance g1538__2900 of module ND2D1
	ABSOLUTE (IOPATH A1 ZN) = (0.449, 0.389)
	ABSOLUTE (IOPATH A2 ZN) = (0.462, 0.371)

Annotating to instance g1527__2391 of module ND2D1
	ABSOLUTE (IOPATH A1 ZN) = (0.155, 0.133)
	ABSOLUTE (IOPATH A2 ZN) = (0.174, 0.116)

Annotating to instance g1530__7675 of module INR2D0
	ABSOLUTE (IOPATH A1 ZN) = (0.711, 0.357)
	ABSOLUTE (IOPATH B1 ZN) = (0.644, 0.237)

Annotating to instance g1536__7118 of module AN2D1
	ABSOLUTE (IOPATH A1 Z) = (0.339, 0.276)
	ABSOLUTE (IOPATH A2 Z) = (0.326, 0.301)

Annotating to instance g1531__8757 of module NR2D1
	ABSOLUTE (IOPATH A1 ZN) = (0.345, 0.134)
	ABSOLUTE (IOPATH A2 ZN) = (0.347, 0.144)

Annotating to instance g1528__1786 of module INR2D0
	ABSOLUTE (IOPATH A1 ZN) = (0.561, 0.314)
	ABSOLUTE (IOPATH B1 ZN) = (0.492, 0.19)

Annotating to instance controller1_state_reg[2] of module DFKCNQD1
	ABSOLUTE (IOPATH CP Q) = (0.563, 0.59)
	TIMINGCHECK (SETUPHOLD (posedge D) (posedge CP) (0.104) (-0.05))
	TIMINGCHECK (SETUPHOLD (negedge D) (posedge CP) (0.057) (0.064))
	TIMINGCHECK (WIDTH (posedge CP) (0.619))
	TIMINGCHECK (WIDTH (negedge CP) (0.711))
	TIMINGCHECK (SETUPHOLD (posedge CN) (posedge CP) (0.093) (-0.041))
	TIMINGCHECK (SETUPHOLD (negedge CN) (posedge CP) (0.221) (-0.041))

Annotating to instance g1539__5953 of module OR2D1
	ABSOLUTE (IOPATH A1 Z) = (0.522, 0.533)
	ABSOLUTE (IOPATH A2 Z) = (0.54, 0.544)

Annotating to instance g1540 of module CKND1
	ABSOLUTE (IOPATH I ZN) = (0.091, 0.094)

Annotating to instance g1545 of module CKND1
	ABSOLUTE (IOPATH I ZN) = (0.094, 0.097)

Annotating to instance controller1_state_reg[0] of module DFKCNQD1
	ABSOLUTE (IOPATH CP Q) = (0.55, 0.581)
	TIMINGCHECK (SETUPHOLD (posedge D) (posedge CP) (0.103) (-0.05))
	TIMINGCHECK (SETUPHOLD (negedge D) (posedge CP) (0.056) (0.064))
	TIMINGCHECK (WIDTH (posedge CP) (0.619))
	TIMINGCHECK (WIDTH (negedge CP) (0.711))
	TIMINGCHECK (SETUPHOLD (posedge CN) (posedge CP) (0.093) (-0.041))
	TIMINGCHECK (SETUPHOLD (negedge CN) (posedge CP) (0.221) (-0.041))

Annotating to instance controller1_X_ADDRESS_CON_DEC_reg[1] of module LHQD1
	ABSOLUTE (IOPATH D Q) = (0.32, 0.434)
	ABSOLUTE (IOPATH E Q) = (0.531, 0.431)
	TIMINGCHECK (WIDTH (posedge E) (0.375))
	TIMINGCHECK (SETUPHOLD (posedge D) (negedge E) (-0.107) (0.164))
	TIMINGCHECK (SETUPHOLD (negedge D) (negedge E) (0.191) (-0.097))

Annotating to instance controller1_Y_ADDRESS_CON_DEC_reg[0] of module LHQD1
	ABSOLUTE (IOPATH D Q) = (0.315, 0.43)
	ABSOLUTE (IOPATH E Q) = (0.526, 0.427)
	TIMINGCHECK (WIDTH (posedge E) (0.375))
	TIMINGCHECK (SETUPHOLD (posedge D) (negedge E) (-0.107) (0.164))
	TIMINGCHECK (SETUPHOLD (negedge D) (negedge E) (0.191) (-0.097))

Annotating to instance controller1_Y_ADDRESS_CON_DEC_reg[1] of module LHQD1
	ABSOLUTE (IOPATH D Q) = (0.323, 0.436)
	ABSOLUTE (IOPATH E Q) = (0.534, 0.433)
	TIMINGCHECK (WIDTH (posedge E) (0.375))
	TIMINGCHECK (SETUPHOLD (posedge D) (negedge E) (-0.107) (0.164))
	TIMINGCHECK (SETUPHOLD (negedge D) (negedge E) (0.191) (-0.097))

Annotating to instance controller1_Y_ADDRESS_CON_DEC_reg[3] of module LHQD1
	ABSOLUTE (IOPATH D Q) = (0.326, 0.438)
	ABSOLUTE (IOPATH E Q) = (0.537, 0.435)
	TIMINGCHECK (WIDTH (posedge E) (0.375))
	TIMINGCHECK (SETUPHOLD (posedge D) (negedge E) (-0.107) (0.164))
	TIMINGCHECK (SETUPHOLD (negedge D) (negedge E) (0.191) (-0.097))

Annotating to instance controller1_X_ADDRESS_CON_DEC_reg[3] of module LHQD1
	ABSOLUTE (IOPATH D Q) = (0.326, 0.438)
	ABSOLUTE (IOPATH E Q) = (0.537, 0.435)
	TIMINGCHECK (WIDTH (posedge E) (0.375))
	TIMINGCHECK (SETUPHOLD (posedge D) (negedge E) (-0.107) (0.164))
	TIMINGCHECK (SETUPHOLD (negedge D) (negedge E) (0.191) (-0.097))

Annotating to instance controller1_Y_ADDRESS_CON_DEC_reg[2] of module LHQD1
	ABSOLUTE (IOPATH D Q) = (0.315, 0.43)
	ABSOLUTE (IOPATH E Q) = (0.526, 0.427)
	TIMINGCHECK (WIDTH (posedge E) (0.375))
	TIMINGCHECK (SETUPHOLD (posedge D) (negedge E) (-0.107) (0.164))
	TIMINGCHECK (SETUPHOLD (negedge D) (negedge E) (0.191) (-0.097))

Annotating to instance controller1_X_ADDRESS_CON_DEC_reg[0] of module LHQD1
	ABSOLUTE (IOPATH D Q) = (0.323, 0.436)
	ABSOLUTE (IOPATH E Q) = (0.534, 0.433)
	TIMINGCHECK (WIDTH (posedge E) (0.375))
	TIMINGCHECK (SETUPHOLD (posedge D) (negedge E) (-0.107) (0.164))
	TIMINGCHECK (SETUPHOLD (negedge D) (negedge E) (0.191) (-0.097))

Annotating to instance controller1_X_ADDRESS_CON_DEC_reg[2] of module LHQD1
	ABSOLUTE (IOPATH D Q) = (0.301, 0.419)
	ABSOLUTE (IOPATH E Q) = (0.512, 0.416)
	TIMINGCHECK (WIDTH (posedge E) (0.375))
	TIMINGCHECK (SETUPHOLD (posedge D) (negedge E) (-0.107) (0.164))
	TIMINGCHECK (SETUPHOLD (negedge D) (negedge E) (0.191) (-0.097))

Annotating to instance g1551 of module INVD3
	ABSOLUTE (IOPATH I ZN) = (1.487, 1.045)

Annotating to instance controller1_nstate_reg[2] of module LHQD1
	ABSOLUTE (IOPATH D Q) = (0.261, 0.337)
	ABSOLUTE (IOPATH E Q) = (0.481, 0.39)
	TIMINGCHECK (WIDTH (posedge E) (0.437))
	TIMINGCHECK (SETUPHOLD (posedge D) (negedge E) (-0.154) (0.2))
	TIMINGCHECK (SETUPHOLD (negedge D) (negedge E) (0.122) (-0.028))

Annotating to instance controller1_P_ADDRESS_EN_reg of module LHQD1
	ABSOLUTE (IOPATH D Q) = (0.444, 0.458)
	ABSOLUTE (IOPATH E Q) = (0.67, 0.528)
	TIMINGCHECK (WIDTH (posedge E) (0.437))
	TIMINGCHECK (SETUPHOLD (posedge D) (negedge E) (-0.134) (0.169))
	TIMINGCHECK (SETUPHOLD (negedge D) (negedge E) (0.105) (-0.024))

Annotating to instance controller1_PRE_reg of module LHQD1
	ABSOLUTE (IOPATH D Q) = (0.507, 0.498)
	ABSOLUTE (IOPATH E Q) = (0.733, 0.567)
	TIMINGCHECK (WIDTH (posedge E) (0.437))
	TIMINGCHECK (SETUPHOLD (posedge D) (negedge E) (-0.135) (0.172))
	TIMINGCHECK (SETUPHOLD (negedge D) (negedge E) (0.104) (-0.024))

Annotating to instance controller1_READ_reg of module LHQD1
	ABSOLUTE (IOPATH D Q) = (0.501, 0.491)
	ABSOLUTE (IOPATH E Q) = (0.727, 0.564)
	TIMINGCHECK (WIDTH (posedge E) (0.437))
	TIMINGCHECK (SETUPHOLD (posedge D) (negedge E) (-0.133) (0.168))
	TIMINGCHECK (SETUPHOLD (negedge D) (negedge E) (0.1) (-0.02))

Annotating to instance g1560__5703 of module AO21D2
	ABSOLUTE (IOPATH A1 Z) = (0.31, 0.333)
	ABSOLUTE (IOPATH A2 Z) = (0.302, 0.446)
	ABSOLUTE (IOPATH B Z) = (0.287, 0.404)
	ABSOLUTE (COND ((A1==0)&&(A2==0)) (IOPATH B Z)) = (0.287, 0.404)
	ABSOLUTE (COND ((A1==0)&&(A2==1)) (IOPATH B Z)) = (0.287, 0.404)
	ABSOLUTE (COND ((A1==1)&&(A2==0)) (IOPATH B Z)) = (0.287, 0.404)

Annotating to instance controller1_nstate_reg[0] of module LHQD1
	ABSOLUTE (IOPATH D Q) = (0.248, 0.315)
	ABSOLUTE (IOPATH E Q) = (0.47, 0.382)
	TIMINGCHECK (WIDTH (posedge E) (0.437))
	TIMINGCHECK (SETUPHOLD (posedge D) (negedge E) (-0.14) (0.176))
	TIMINGCHECK (SETUPHOLD (negedge D) (negedge E) (0.11) (-0.023))

Annotating to instance controller1_EN_SA_reg of module LHQD1
	ABSOLUTE (IOPATH D Q) = (0.508, 0.497)
	ABSOLUTE (IOPATH E Q) = (0.734, 0.568)
	TIMINGCHECK (WIDTH (posedge E) (0.437))
	TIMINGCHECK (SETUPHOLD (posedge D) (negedge E) (-0.134) (0.17))
	TIMINGCHECK (SETUPHOLD (negedge D) (negedge E) (0.102) (-0.021))

Annotating to instance controller1_DVLP_reg of module LHQD1
	ABSOLUTE (IOPATH D Q) = (0.831, 0.701)
	ABSOLUTE (IOPATH E Q) = (1.053, 0.757)
	TIMINGCHECK (WIDTH (posedge E) (0.437))
	TIMINGCHECK (SETUPHOLD (posedge D) (negedge E) (-0.145) (0.179))
	TIMINGCHECK (SETUPHOLD (negedge D) (negedge E) (0.118) (-0.029))

Annotating to instance controller1_N_ADDRESS_EN_reg of module LHQD4
	ABSOLUTE (IOPATH D Q) = (1.275, 1.081)
	ABSOLUTE (IOPATH E Q) = (1.505, 1.153)
	TIMINGCHECK (WIDTH (posedge E) (0.457))
	TIMINGCHECK (SETUPHOLD (posedge D) (negedge E) (-0.041) (0.09))
	TIMINGCHECK (SETUPHOLD (negedge D) (negedge E) (0.267) (-0.102))

Annotating to instance g1558__7114 of module NR3D0
	ABSOLUTE (IOPATH A1 ZN) = (0.309, 0.145)
	ABSOLUTE (IOPATH A2 ZN) = (0.399, 0.215)
	ABSOLUTE (IOPATH A3 ZN) = (0.384, 0.217)

Annotating to instance g1561__5266 of module OR2D1
	ABSOLUTE (IOPATH A1 Z) = (0.206, 0.313)
	ABSOLUTE (IOPATH A2 Z) = (0.229, 0.357)

Annotating to instance g1562__2250 of module INR2D4
	ABSOLUTE (IOPATH A1 ZN) = (0.252, 0.241)
	ABSOLUTE (IOPATH B1 ZN) = (0.168, 0.061)

Annotating to instance g1563__6083 of module CKND2D2
	ABSOLUTE (IOPATH A1 ZN) = (0.215, 0.222)
	ABSOLUTE (IOPATH A2 ZN) = (0.26, 0.262)

Annotating to instance g1564__2703 of module AOI21D1
	ABSOLUTE (IOPATH A1 ZN) = (0.192, 0.106)
	ABSOLUTE (IOPATH A2 ZN) = (0.295, 0.094)
	ABSOLUTE (IOPATH B ZN) = (0.279, 0.114)
	ABSOLUTE (COND ((A1==0)&&(A2==0)) (IOPATH B ZN)) = (0.279, 0.114)
	ABSOLUTE (COND ((A1==0)&&(A2==1)) (IOPATH B ZN)) = (0.279, 0.114)
	ABSOLUTE (COND ((A1==1)&&(A2==0)) (IOPATH B ZN)) = (0.279, 0.114)

Annotating to instance g1565__5795 of module AOI21D1
	ABSOLUTE (IOPATH A1 ZN) = (0.3, 0.15)
	ABSOLUTE (IOPATH A2 ZN) = (0.31, 0.125)
	ABSOLUTE (IOPATH B ZN) = (0.306, 0.141)
	ABSOLUTE (COND ((A1==0)&&(A2==0)) (IOPATH B ZN)) = (0.306, 0.141)
	ABSOLUTE (COND ((A1==0)&&(A2==1)) (IOPATH B ZN)) = (0.306, 0.141)
	ABSOLUTE (COND ((A1==1)&&(A2==0)) (IOPATH B ZN)) = (0.306, 0.141)

Annotating to instance g1567__7344 of module NR2D2
	ABSOLUTE (IOPATH A1 ZN) = (0.3, 0.114)
	ABSOLUTE (IOPATH A2 ZN) = (0.311, 0.117)

Annotating to instance g1568__1840 of module AN2D1
	ABSOLUTE (IOPATH A1 Z) = (0.25, 0.199)
	ABSOLUTE (IOPATH A2 Z) = (0.252, 0.292)

Annotating to instance controller1_state_reg[1] of module DFKCNQD1
	ABSOLUTE (IOPATH CP Q) = (0.515, 0.558)
	TIMINGCHECK (SETUPHOLD (posedge D) (posedge CP) (0.112) (-0.035))
	TIMINGCHECK (SETUPHOLD (negedge D) (posedge CP) (0.123) (0.028))
	TIMINGCHECK (WIDTH (posedge CP) (0.619))
	TIMINGCHECK (WIDTH (negedge CP) (0.711))
	TIMINGCHECK (SETUPHOLD (posedge CN) (posedge CP) (0.093) (-0.041))
	TIMINGCHECK (SETUPHOLD (negedge CN) (posedge CP) (0.221) (-0.041))

Annotating to instance g1571__5019 of module IND2D1
	ABSOLUTE (IOPATH A1 ZN) = (0.19, 0.212)
	ABSOLUTE (IOPATH B1 ZN) = (0.175, 0.103)

Annotating to instance g1573__1857 of module IND2D4
	ABSOLUTE (IOPATH A1 ZN) = (0.184, 0.262)
	ABSOLUTE (IOPATH B1 ZN) = (0.148, 0.075)

Annotating to instance g1572__9906 of module INR2D4
	ABSOLUTE (IOPATH A1 ZN) = (0.235, 0.194)
	ABSOLUTE (IOPATH B1 ZN) = (0.201, 0.06)

Annotating to instance g1578 of module INVD8
	ABSOLUTE (IOPATH I ZN) = (1.493, 1.047)

Annotating to instance g1580 of module INVD8
	ABSOLUTE (IOPATH I ZN) = (1.324, 0.867)

Annotating to instance g1574 of module INVD1
	ABSOLUTE (IOPATH I ZN) = (0.283, 0.142)
ABSOLUTE PORT: TB_TOP_128_16_8.TOP.CONTROLLER.CTS_ccl_a_buf_00024.I = (0)
ABSOLUTE PORT: TB_TOP_128_16_8.TOP.CONTROLLER.g1573__1857.A1 = (0)
ABSOLUTE PORT: TB_TOP_128_16_8.TOP.CONTROLLER.g1573__1857.B1 = (0)
ABSOLUTE PORT: TB_TOP_128_16_8.TOP.CONTROLLER.g1561__5266.A2 = (0)
ABSOLUTE PORT: TB_TOP_128_16_8.TOP.CONTROLLER.g1561__5266.A1 = (0)
ABSOLUTE PORT: TB_TOP_128_16_8.TOP.CONTROLLER.CTS_ccl_a_buf_00021.I = (0)
ABSOLUTE PORT: TB_TOP_128_16_8.TOP.CONTROLLER.g1572__9906.B1 = (0)
ABSOLUTE PORT: TB_TOP_128_16_8.TOP.CONTROLLER.g1572__9906.A1 = (0)
ABSOLUTE PORT: TB_TOP_128_16_8.TOP.CONTROLLER.g1563__6083.A2 = (0)
ABSOLUTE PORT: TB_TOP_128_16_8.TOP.CONTROLLER.g1563__6083.A1 = (0)
ABSOLUTE PORT: TB_TOP_128_16_8.TOP.CONTROLLER.g1562__2250.A1 = (0)
ABSOLUTE PORT: TB_TOP_128_16_8.TOP.CONTROLLER.g1562__2250.B1 = (0)
ABSOLUTE PORT: TB_TOP_128_16_8.TOP.CONTROLLER.CTS_ccl_a_buf_00018.I = (0)
ABSOLUTE PORT: TB_TOP_128_16_8.TOP.CONTROLLER.g1565__5795.A2 = (0)
ABSOLUTE PORT: TB_TOP_128_16_8.TOP.CONTROLLER.g1565__5795.A1 = (0)
ABSOLUTE PORT: TB_TOP_128_16_8.TOP.CONTROLLER.g1565__5795.B = (0)
ABSOLUTE PORT: TB_TOP_128_16_8.TOP.CONTROLLER.g1564__2703.B = (0)
ABSOLUTE PORT: TB_TOP_128_16_8.TOP.CONTROLLER.g1564__2703.A2 = (0)
ABSOLUTE PORT: TB_TOP_128_16_8.TOP.CONTROLLER.g1564__2703.A1 = (0)
ABSOLUTE PORT: TB_TOP_128_16_8.TOP.CONTROLLER.CTS_ccl_a_buf_00015.I = (0)
ABSOLUTE PORT: TB_TOP_128_16_8.TOP.CONTROLLER.g1567__7344.A2 = (0)
ABSOLUTE PORT: TB_TOP_128_16_8.TOP.CONTROLLER.g1567__7344.A1 = (0)
ABSOLUTE PORT: TB_TOP_128_16_8.TOP.CONTROLLER.CTS_ccl_a_buf_00012.I = (0)
ABSOLUTE PORT: TB_TOP_128_16_8.TOP.CONTROLLER.g1568__1840.A2 = (0)
ABSOLUTE PORT: TB_TOP_128_16_8.TOP.CONTROLLER.g1568__1840.A1 = (0)
ABSOLUTE PORT: TB_TOP_128_16_8.TOP.CONTROLLER.CTS_cse_buf_00001.I = (0)
ABSOLUTE PORT: TB_TOP_128_16_8.TOP.CONTROLLER.CTS_ccl_a_buf_00009.I = (0)
ABSOLUTE PORT: TB_TOP_128_16_8.TOP.CONTROLLER.g1569.I = (0)
ABSOLUTE PORT: TB_TOP_128_16_8.TOP.CONTROLLER.g1566.I = (0)
ABSOLUTE PORT: TB_TOP_128_16_8.TOP.CONTROLLER.CTS_ccl_a_buf_00006.I = (0)
ABSOLUTE PORT: TB_TOP_128_16_8.TOP.CONTROLLER.g1558__7114.A3 = (0)
ABSOLUTE PORT: TB_TOP_128_16_8.TOP.CONTROLLER.g1558__7114.A2 = (0)
ABSOLUTE PORT: TB_TOP_128_16_8.TOP.CONTROLLER.g1558__7114.A1 = (0)
ABSOLUTE PORT: TB_TOP_128_16_8.TOP.CONTROLLER.CTS_cse_buf_00002.I = (0)
ABSOLUTE PORT: TB_TOP_128_16_8.TOP.CONTROLLER.g1560__5703.A2 = (0)
ABSOLUTE PORT: TB_TOP_128_16_8.TOP.CONTROLLER.g1560__5703.A1 = (0)
ABSOLUTE PORT: TB_TOP_128_16_8.TOP.CONTROLLER.g1560__5703.B = (0)
ABSOLUTE PORT: TB_TOP_128_16_8.TOP.CONTROLLER.CTS_cse_buf_00003.I = (0)
ABSOLUTE PORT: TB_TOP_128_16_8.TOP.CONTROLLER.controller1_N_ADDRESS_EN_reg.D = (0)
ABSOLUTE PORT: TB_TOP_128_16_8.TOP.CONTROLLER.controller1_N_ADDRESS_EN_reg.E = (0)
ABSOLUTE PORT: TB_TOP_128_16_8.TOP.CONTROLLER.controller1_READ_reg.D = (0)
ABSOLUTE PORT: TB_TOP_128_16_8.TOP.CONTROLLER.controller1_READ_reg.E = (0)
ABSOLUTE PORT: TB_TOP_128_16_8.TOP.CONTROLLER.controller1_PRE_reg.D = (0)
ABSOLUTE PORT: TB_TOP_128_16_8.TOP.CONTROLLER.controller1_PRE_reg.E = (0)
ABSOLUTE PORT: TB_TOP_128_16_8.TOP.CONTROLLER.g1436__9682.A2 = (0)
ABSOLUTE PORT: TB_TOP_128_16_8.TOP.CONTROLLER.g1436__9682.A1 = (0)
ABSOLUTE PORT: TB_TOP_128_16_8.TOP.CONTROLLER.FE_OFC47_SEL_0.I = (0)
ABSOLUTE PORT: TB_TOP_128_16_8.TOP.CONTROLLER.g1435__2250.A2 = (0)
ABSOLUTE PORT: TB_TOP_128_16_8.TOP.CONTROLLER.g1435__2250.A1 = (0)
ABSOLUTE PORT: TB_TOP_128_16_8.TOP.CONTROLLER.FE_OFC46_SEL_1.I = (0)
ABSOLUTE PORT: TB_TOP_128_16_8.TOP.CONTROLLER.g1434__5266.A1 = (0)
ABSOLUTE PORT: TB_TOP_128_16_8.TOP.CONTROLLER.g1434__5266.A2 = (0)
ABSOLUTE PORT: TB_TOP_128_16_8.TOP.CONTROLLER.FE_OFC45_SEL_2.I = (0)
ABSOLUTE PORT: TB_TOP_128_16_8.TOP.CONTROLLER.g1493__7114.A1 = (0)
ABSOLUTE PORT: TB_TOP_128_16_8.TOP.CONTROLLER.g1493__7114.A2 = (0)
ABSOLUTE PORT: TB_TOP_128_16_8.TOP.CONTROLLER.FE_OFC44_SEL_3.I = (0)
ABSOLUTE PORT: TB_TOP_128_16_8.TOP.CONTROLLER.g1433__6877.A2 = (0)
ABSOLUTE PORT: TB_TOP_128_16_8.TOP.CONTROLLER.g1433__6877.A1 = (0)
ABSOLUTE PORT: TB_TOP_128_16_8.TOP.CONTROLLER.FE_OFC43_SEL_4.I = (0)
ABSOLUTE PORT: TB_TOP_128_16_8.TOP.CONTROLLER.g1490__7118.A2 = (0)
ABSOLUTE PORT: TB_TOP_128_16_8.TOP.CONTROLLER.g1490__7118.A1 = (0)
ABSOLUTE PORT: TB_TOP_128_16_8.TOP.CONTROLLER.FE_OFC42_SEL_5.I = (0)
ABSOLUTE PORT: TB_TOP_128_16_8.TOP.CONTROLLER.g1426__5953.A1 = (0)
ABSOLUTE PORT: TB_TOP_128_16_8.TOP.CONTROLLER.g1426__5953.A2 = (0)
ABSOLUTE PORT: TB_TOP_128_16_8.TOP.CONTROLLER.FE_OFC41_SEL_6.I = (0)
ABSOLUTE PORT: TB_TOP_128_16_8.TOP.CONTROLLER.g1431__1786.A2 = (0)
ABSOLUTE PORT: TB_TOP_128_16_8.TOP.CONTROLLER.g1431__1786.A1 = (0)
ABSOLUTE PORT: TB_TOP_128_16_8.TOP.CONTROLLER.FE_OFC40_SEL_7.I = (0)
ABSOLUTE PORT: TB_TOP_128_16_8.TOP.CONTROLLER.g1430__1309.A1 = (0)
ABSOLUTE PORT: TB_TOP_128_16_8.TOP.CONTROLLER.g1430__1309.A2 = (0)
ABSOLUTE PORT: TB_TOP_128_16_8.TOP.CONTROLLER.FE_OFC39_SEL_8.I = (0)
ABSOLUTE PORT: TB_TOP_128_16_8.TOP.CONTROLLER.g1429__8757.A2 = (0)
ABSOLUTE PORT: TB_TOP_128_16_8.TOP.CONTROLLER.g1429__8757.A1 = (0)
ABSOLUTE PORT: TB_TOP_128_16_8.TOP.CONTROLLER.FE_OFC38_SEL_9.I = (0)
ABSOLUTE PORT: TB_TOP_128_16_8.TOP.CONTROLLER.g1491__2683.A1 = (0)
ABSOLUTE PORT: TB_TOP_128_16_8.TOP.CONTROLLER.g1491__2683.A2 = (0)
ABSOLUTE PORT: TB_TOP_128_16_8.TOP.CONTROLLER.FE_OFC37_SEL_10.I = (0)
ABSOLUTE PORT: TB_TOP_128_16_8.TOP.CONTROLLER.g1428__5703.A1 = (0)
ABSOLUTE PORT: TB_TOP_128_16_8.TOP.CONTROLLER.g1428__5703.A2 = (0)
ABSOLUTE PORT: TB_TOP_128_16_8.TOP.CONTROLLER.FE_OFC36_SEL_11.I = (0)
ABSOLUTE PORT: TB_TOP_128_16_8.TOP.CONTROLLER.g1492__4547.A1 = (0)
ABSOLUTE PORT: TB_TOP_128_16_8.TOP.CONTROLLER.g1492__4547.A2 = (0)
ABSOLUTE PORT: TB_TOP_128_16_8.TOP.CONTROLLER.FE_OFC35_SEL_12.I = (0)
ABSOLUTE PORT: TB_TOP_128_16_8.TOP.CONTROLLER.g1427__7675.A2 = (0)
ABSOLUTE PORT: TB_TOP_128_16_8.TOP.CONTROLLER.g1427__7675.A1 = (0)
ABSOLUTE PORT: TB_TOP_128_16_8.TOP.CONTROLLER.FE_OFC34_SEL_13.I = (0)
ABSOLUTE PORT: TB_TOP_128_16_8.TOP.CONTROLLER.g1432__2900.A1 = (0)
ABSOLUTE PORT: TB_TOP_128_16_8.TOP.CONTROLLER.g1432__2900.A2 = (0)
ABSOLUTE PORT: TB_TOP_128_16_8.TOP.CONTROLLER.FE_OFC33_SEL_14.I = (0)
ABSOLUTE PORT: TB_TOP_128_16_8.TOP.CONTROLLER.g1437__2391.A2 = (0)
ABSOLUTE PORT: TB_TOP_128_16_8.TOP.CONTROLLER.g1437__2391.A1 = (0)
ABSOLUTE PORT: TB_TOP_128_16_8.TOP.CONTROLLER.FE_OFC32_SEL_15.I = (0)
ABSOLUTE PORT: TB_TOP_128_16_8.TOP.CONTROLLER.g1447__5266.A1 = (0)
ABSOLUTE PORT: TB_TOP_128_16_8.TOP.CONTROLLER.g1447__5266.A2 = (0)
ABSOLUTE PORT: TB_TOP_128_16_8.TOP.CONTROLLER.FE_OFC31_N_EN_0.I = (0)
ABSOLUTE PORT: TB_TOP_128_16_8.TOP.CONTROLLER.g1503__5795.A1 = (0)
ABSOLUTE PORT: TB_TOP_128_16_8.TOP.CONTROLLER.g1503__5795.A2 = (0)
ABSOLUTE PORT: TB_TOP_128_16_8.TOP.CONTROLLER.FE_OFC30_N_EN_1.I = (0)
ABSOLUTE PORT: TB_TOP_128_16_8.TOP.CONTROLLER.g1446__8757.A1 = (0)
ABSOLUTE PORT: TB_TOP_128_16_8.TOP.CONTROLLER.g1446__8757.A2 = (0)
ABSOLUTE PORT: TB_TOP_128_16_8.TOP.CONTROLLER.FE_OFC29_N_EN_2.I = (0)
ABSOLUTE PORT: TB_TOP_128_16_8.TOP.CONTROLLER.g1502__6083.A1 = (0)
ABSOLUTE PORT: TB_TOP_128_16_8.TOP.CONTROLLER.g1502__6083.A2 = (0)
ABSOLUTE PORT: TB_TOP_128_16_8.TOP.CONTROLLER.FE_OFC28_N_EN_3.I = (0)
ABSOLUTE PORT: TB_TOP_128_16_8.TOP.CONTROLLER.g1445__1309.A1 = (0)
ABSOLUTE PORT: TB_TOP_128_16_8.TOP.CONTROLLER.g1445__1309.A2 = (0)
ABSOLUTE PORT: TB_TOP_128_16_8.TOP.CONTROLLER.FE_OFC27_N_EN_4.I = (0)
ABSOLUTE PORT: TB_TOP_128_16_8.TOP.CONTROLLER.g1501__2250.A1 = (0)
ABSOLUTE PORT: TB_TOP_128_16_8.TOP.CONTROLLER.g1501__2250.A2 = (0)
ABSOLUTE PORT: TB_TOP_128_16_8.TOP.CONTROLLER.FE_OFC26_N_EN_5.I = (0)
ABSOLUTE PORT: TB_TOP_128_16_8.TOP.CONTROLLER.g1444__3772.A1 = (0)
ABSOLUTE PORT: TB_TOP_128_16_8.TOP.CONTROLLER.g1444__3772.A2 = (0)
ABSOLUTE PORT: TB_TOP_128_16_8.TOP.CONTROLLER.FE_OFC25_N_EN_6.I = (0)
ABSOLUTE PORT: TB_TOP_128_16_8.TOP.CONTROLLER.g1449__5019.A1 = (0)
ABSOLUTE PORT: TB_TOP_128_16_8.TOP.CONTROLLER.g1449__5019.A2 = (0)
ABSOLUTE PORT: TB_TOP_128_16_8.TOP.CONTROLLER.FE_OFC24_N_EN_7.I = (0)
ABSOLUTE PORT: TB_TOP_128_16_8.TOP.CONTROLLER.g1499__8780.A2 = (0)
ABSOLUTE PORT: TB_TOP_128_16_8.TOP.CONTROLLER.g1499__8780.A1 = (0)
ABSOLUTE PORT: TB_TOP_128_16_8.TOP.CONTROLLER.FE_OFC23_N_EN_8.I = (0)
ABSOLUTE PORT: TB_TOP_128_16_8.TOP.CONTROLLER.g1506__8780.A2 = (0)
ABSOLUTE PORT: TB_TOP_128_16_8.TOP.CONTROLLER.g1506__8780.A1 = (0)
ABSOLUTE PORT: TB_TOP_128_16_8.TOP.CONTROLLER.FE_OFC22_N_EN_9.I = (0)
ABSOLUTE PORT: TB_TOP_128_16_8.TOP.CONTROLLER.g1496__9682.A1 = (0)
ABSOLUTE PORT: TB_TOP_128_16_8.TOP.CONTROLLER.g1496__9682.A2 = (0)
ABSOLUTE PORT: TB_TOP_128_16_8.TOP.CONTROLLER.FE_OFC21_N_EN_10.I = (0)
ABSOLUTE PORT: TB_TOP_128_16_8.TOP.CONTROLLER.g1512__6877.A1 = (0)
ABSOLUTE PORT: TB_TOP_128_16_8.TOP.CONTROLLER.g1512__6877.A2 = (0)
ABSOLUTE PORT: TB_TOP_128_16_8.TOP.CONTROLLER.FE_OFC20_N_EN_11.I = (0)
ABSOLUTE PORT: TB_TOP_128_16_8.TOP.CONTROLLER.g1494__4296.A2 = (0)
ABSOLUTE PORT: TB_TOP_128_16_8.TOP.CONTROLLER.g1494__4296.A1 = (0)
ABSOLUTE PORT: TB_TOP_128_16_8.TOP.CONTROLLER.FE_OFC19_N_EN_12.I = (0)
ABSOLUTE PORT: TB_TOP_128_16_8.TOP.CONTROLLER.g1511__2683.A1 = (0)
ABSOLUTE PORT: TB_TOP_128_16_8.TOP.CONTROLLER.g1511__2683.A2 = (0)
ABSOLUTE PORT: TB_TOP_128_16_8.TOP.CONTROLLER.FE_OFC18_N_EN_13.I = (0)
ABSOLUTE PORT: TB_TOP_128_16_8.TOP.CONTROLLER.g1439__9906.A1 = (0)
ABSOLUTE PORT: TB_TOP_128_16_8.TOP.CONTROLLER.g1439__9906.A2 = (0)
ABSOLUTE PORT: TB_TOP_128_16_8.TOP.CONTROLLER.FE_OFC17_N_EN_14.I = (0)
ABSOLUTE PORT: TB_TOP_128_16_8.TOP.CONTROLLER.g1508__5953.A1 = (0)
ABSOLUTE PORT: TB_TOP_128_16_8.TOP.CONTROLLER.g1508__5953.A2 = (0)
ABSOLUTE PORT: TB_TOP_128_16_8.TOP.CONTROLLER.FE_OFC16_N_EN_15.I = (0)
ABSOLUTE PORT: TB_TOP_128_16_8.TOP.CONTROLLER.g1440__1474.A1 = (0)
ABSOLUTE PORT: TB_TOP_128_16_8.TOP.CONTROLLER.g1440__1474.A2 = (0)
ABSOLUTE PORT: TB_TOP_128_16_8.TOP.CONTROLLER.FE_OFC15_P_EN_0.I = (0)
ABSOLUTE PORT: TB_TOP_128_16_8.TOP.CONTROLLER.g1497__2900.A1 = (0)
ABSOLUTE PORT: TB_TOP_128_16_8.TOP.CONTROLLER.g1497__2900.A2 = (0)
ABSOLUTE PORT: TB_TOP_128_16_8.TOP.CONTROLLER.FE_OFC14_P_EN_1.I = (0)
ABSOLUTE PORT: TB_TOP_128_16_8.TOP.CONTROLLER.g1438__7675.A1 = (0)
ABSOLUTE PORT: TB_TOP_128_16_8.TOP.CONTROLLER.g1438__7675.A2 = (0)
ABSOLUTE PORT: TB_TOP_128_16_8.TOP.CONTROLLER.FE_OFC13_P_EN_2.I = (0)
ABSOLUTE PORT: TB_TOP_128_16_8.TOP.CONTROLLER.g1505__1857.A1 = (0)
ABSOLUTE PORT: TB_TOP_128_16_8.TOP.CONTROLLER.g1505__1857.A2 = (0)
ABSOLUTE PORT: TB_TOP_128_16_8.TOP.CONTROLLER.FE_OFC12_P_EN_3.I = (0)
ABSOLUTE PORT: TB_TOP_128_16_8.TOP.CONTROLLER.g1448__2703.A1 = (0)
ABSOLUTE PORT: TB_TOP_128_16_8.TOP.CONTROLLER.g1448__2703.A2 = (0)
ABSOLUTE PORT: TB_TOP_128_16_8.TOP.CONTROLLER.FE_OFC11_P_EN_4.I = (0)
ABSOLUTE PORT: TB_TOP_128_16_8.TOP.CONTROLLER.g1504__1840.A1 = (0)
ABSOLUTE PORT: TB_TOP_128_16_8.TOP.CONTROLLER.g1504__1840.A2 = (0)
ABSOLUTE PORT: TB_TOP_128_16_8.TOP.CONTROLLER.FE_OFC10_P_EN_5.I = (0)
ABSOLUTE PORT: TB_TOP_128_16_8.TOP.CONTROLLER.g1443__7344.A1 = (0)
ABSOLUTE PORT: TB_TOP_128_16_8.TOP.CONTROLLER.g1443__7344.A2 = (0)
ABSOLUTE PORT: TB_TOP_128_16_8.TOP.CONTROLLER.FE_OFC9_P_EN_6.I = (0)
ABSOLUTE PORT: TB_TOP_128_16_8.TOP.CONTROLLER.g1442__1786.A1 = (0)
ABSOLUTE PORT: TB_TOP_128_16_8.TOP.CONTROLLER.g1442__1786.A2 = (0)
ABSOLUTE PORT: TB_TOP_128_16_8.TOP.CONTROLLER.FE_OFC8_P_EN_7.I = (0)
ABSOLUTE PORT: TB_TOP_128_16_8.TOP.CONTROLLER.g1500__7114.A2 = (0)
ABSOLUTE PORT: TB_TOP_128_16_8.TOP.CONTROLLER.g1500__7114.A1 = (0)
ABSOLUTE PORT: TB_TOP_128_16_8.TOP.CONTROLLER.FE_OFC7_P_EN_8.I = (0)
ABSOLUTE PORT: TB_TOP_128_16_8.TOP.CONTROLLER.g1507__5703.A2 = (0)
ABSOLUTE PORT: TB_TOP_128_16_8.TOP.CONTROLLER.g1507__5703.A1 = (0)
ABSOLUTE PORT: TB_TOP_128_16_8.TOP.CONTROLLER.FE_OFC6_P_EN_9.I = (0)
ABSOLUTE PORT: TB_TOP_128_16_8.TOP.CONTROLLER.g1495__4296.A2 = (0)
ABSOLUTE PORT: TB_TOP_128_16_8.TOP.CONTROLLER.g1495__4296.A1 = (0)
ABSOLUTE PORT: TB_TOP_128_16_8.TOP.CONTROLLER.FE_OFC5_P_EN_10.I = (0)
ABSOLUTE PORT: TB_TOP_128_16_8.TOP.CONTROLLER.g1510__4547.A2 = (0)
ABSOLUTE PORT: TB_TOP_128_16_8.TOP.CONTROLLER.g1510__4547.A1 = (0)
ABSOLUTE PORT: TB_TOP_128_16_8.TOP.CONTROLLER.FE_OFC4_P_EN_11.I = (0)
ABSOLUTE PORT: TB_TOP_128_16_8.TOP.CONTROLLER.g1498__7118.A2 = (0)
ABSOLUTE PORT: TB_TOP_128_16_8.TOP.CONTROLLER.g1498__7118.A1 = (0)
ABSOLUTE PORT: TB_TOP_128_16_8.TOP.CONTROLLER.FE_OFC3_P_EN_12.I = (0)
ABSOLUTE PORT: TB_TOP_128_16_8.TOP.CONTROLLER.g1513__2391.A2 = (0)
ABSOLUTE PORT: TB_TOP_128_16_8.TOP.CONTROLLER.g1513__2391.A1 = (0)
ABSOLUTE PORT: TB_TOP_128_16_8.TOP.CONTROLLER.FE_OFC2_P_EN_13.I = (0)
ABSOLUTE PORT: TB_TOP_128_16_8.TOP.CONTROLLER.g1441__1474.A2 = (0)
ABSOLUTE PORT: TB_TOP_128_16_8.TOP.CONTROLLER.g1441__1474.A1 = (0)
ABSOLUTE PORT: TB_TOP_128_16_8.TOP.CONTROLLER.FE_OFC1_P_EN_14.I = (0)
ABSOLUTE PORT: TB_TOP_128_16_8.TOP.CONTROLLER.g1509__3772.A1 = (0)
ABSOLUTE PORT: TB_TOP_128_16_8.TOP.CONTROLLER.g1509__3772.A2 = (0)
ABSOLUTE PORT: TB_TOP_128_16_8.TOP.CONTROLLER.FE_OFC0_P_EN_15.I = (0)
ABSOLUTE PORT: TB_TOP_128_16_8.TOP.CONTROLLER.g1571__5019.B1 = (0)
ABSOLUTE PORT: TB_TOP_128_16_8.TOP.CONTROLLER.g1571__5019.A1 = (0)
ABSOLUTE PORT: TB_TOP_128_16_8.TOP.CONTROLLER.\controller1_state_reg[2] .CP = (0)
ABSOLUTE PORT: TB_TOP_128_16_8.TOP.CONTROLLER.\controller1_state_reg[2] .D = (0)
ABSOLUTE PORT: TB_TOP_128_16_8.TOP.CONTROLLER.\controller1_state_reg[2] .CN = (0)
ABSOLUTE PORT: TB_TOP_128_16_8.TOP.CONTROLLER.\controller1_state_reg[1] .CP = (0)
ABSOLUTE PORT: TB_TOP_128_16_8.TOP.CONTROLLER.\controller1_state_reg[1] .D = (0)
ABSOLUTE PORT: TB_TOP_128_16_8.TOP.CONTROLLER.\controller1_state_reg[1] .CN = (0)
ABSOLUTE PORT: TB_TOP_128_16_8.TOP.CONTROLLER.\controller1_state_reg[0] .CP = (0)
ABSOLUTE PORT: TB_TOP_128_16_8.TOP.CONTROLLER.\controller1_state_reg[0] .D = (0)
ABSOLUTE PORT: TB_TOP_128_16_8.TOP.CONTROLLER.\controller1_state_reg[0] .CN = (0)
ABSOLUTE PORT: TB_TOP_128_16_8.TOP.CONTROLLER.g1574.I = (0)
ABSOLUTE PORT: TB_TOP_128_16_8.TOP.CONTROLLER.\controller1_X_ADDRESS_CON_DEC_reg[3] .D = (0)
ABSOLUTE PORT: TB_TOP_128_16_8.TOP.CONTROLLER.\controller1_X_ADDRESS_CON_DEC_reg[3] .E = (0)
ABSOLUTE PORT: TB_TOP_128_16_8.TOP.CONTROLLER.\controller1_X_ADDRESS_CON_DEC_reg[2] .D = (0)
ABSOLUTE PORT: TB_TOP_128_16_8.TOP.CONTROLLER.\controller1_X_ADDRESS_CON_DEC_reg[2] .E = (0)
ABSOLUTE PORT: TB_TOP_128_16_8.TOP.CONTROLLER.\controller1_X_ADDRESS_CON_DEC_reg[1] .D = (0)
ABSOLUTE PORT: TB_TOP_128_16_8.TOP.CONTROLLER.\controller1_X_ADDRESS_CON_DEC_reg[1] .E = (0)
ABSOLUTE PORT: TB_TOP_128_16_8.TOP.CONTROLLER.\controller1_X_ADDRESS_CON_DEC_reg[0] .D = (0)
ABSOLUTE PORT: TB_TOP_128_16_8.TOP.CONTROLLER.\controller1_X_ADDRESS_CON_DEC_reg[0] .E = (0)
ABSOLUTE PORT: TB_TOP_128_16_8.TOP.CONTROLLER.\controller1_Y_ADDRESS_CON_DEC_reg[3] .D = (0)
ABSOLUTE PORT: TB_TOP_128_16_8.TOP.CONTROLLER.\controller1_Y_ADDRESS_CON_DEC_reg[3] .E = (0)
ABSOLUTE PORT: TB_TOP_128_16_8.TOP.CONTROLLER.\controller1_Y_ADDRESS_CON_DEC_reg[2] .D = (0)
ABSOLUTE PORT: TB_TOP_128_16_8.TOP.CONTROLLER.\controller1_Y_ADDRESS_CON_DEC_reg[2] .E = (0)
ABSOLUTE PORT: TB_TOP_128_16_8.TOP.CONTROLLER.\controller1_Y_ADDRESS_CON_DEC_reg[1] .D = (0)
ABSOLUTE PORT: TB_TOP_128_16_8.TOP.CONTROLLER.\controller1_Y_ADDRESS_CON_DEC_reg[1] .E = (0)
ABSOLUTE PORT: TB_TOP_128_16_8.TOP.CONTROLLER.\controller1_Y_ADDRESS_CON_DEC_reg[0] .D = (0)
ABSOLUTE PORT: TB_TOP_128_16_8.TOP.CONTROLLER.\controller1_Y_ADDRESS_CON_DEC_reg[0] .E = (0)
ABSOLUTE PORT: TB_TOP_128_16_8.TOP.CONTROLLER.g1578.I = (0.07)
ABSOLUTE PORT: TB_TOP_128_16_8.TOP.CONTROLLER.P_EN[16] = (0)
ABSOLUTE PORT: TB_TOP_128_16_8.TOP.CONTROLLER.g1481.I = (0.04, 0.05)
ABSOLUTE PORT: TB_TOP_128_16_8.TOP.CONTROLLER.P_EN[15] = (0)
ABSOLUTE PORT: TB_TOP_128_16_8.TOP.CONTROLLER.g1409.I = (0.05)
ABSOLUTE PORT: TB_TOP_128_16_8.TOP.CONTROLLER.P_EN[14] = (0)
ABSOLUTE PORT: TB_TOP_128_16_8.TOP.CONTROLLER.g1489.I = (0.05)
ABSOLUTE PORT: TB_TOP_128_16_8.TOP.CONTROLLER.P_EN[13] = (0)
ABSOLUTE PORT: TB_TOP_128_16_8.TOP.CONTROLLER.g1459.I = (0.05)
ABSOLUTE PORT: TB_TOP_128_16_8.TOP.CONTROLLER.P_EN[12] = (0)
ABSOLUTE PORT: TB_TOP_128_16_8.TOP.CONTROLLER.g1483.I = (0.06)
ABSOLUTE PORT: TB_TOP_128_16_8.TOP.CONTROLLER.P_EN[11] = (0)
ABSOLUTE PORT: TB_TOP_128_16_8.TOP.CONTROLLER.g1453.I = (0.06)
ABSOLUTE PORT: TB_TOP_128_16_8.TOP.CONTROLLER.P_EN[10] = (0)
ABSOLUTE PORT: TB_TOP_128_16_8.TOP.CONTROLLER.g1477.I = (0.04)
ABSOLUTE PORT: TB_TOP_128_16_8.TOP.CONTROLLER.P_EN[9] = (0)
ABSOLUTE PORT: TB_TOP_128_16_8.TOP.CONTROLLER.g1463.I = (0.06)
ABSOLUTE PORT: TB_TOP_128_16_8.TOP.CONTROLLER.P_EN[8] = (0)
ABSOLUTE PORT: TB_TOP_128_16_8.TOP.CONTROLLER.g1411.I = (0.03)
ABSOLUTE PORT: TB_TOP_128_16_8.TOP.CONTROLLER.P_EN[7] = (0)
ABSOLUTE PORT: TB_TOP_128_16_8.TOP.CONTROLLER.g1413.I = (0.06)
ABSOLUTE PORT: TB_TOP_128_16_8.TOP.CONTROLLER.P_EN[6] = (0)
ABSOLUTE PORT: TB_TOP_128_16_8.TOP.CONTROLLER.g1471.I = (0.05)
ABSOLUTE PORT: TB_TOP_128_16_8.TOP.CONTROLLER.P_EN[5] = (0)
ABSOLUTE PORT: TB_TOP_128_16_8.TOP.CONTROLLER.g1423.I = (0.09)
ABSOLUTE PORT: TB_TOP_128_16_8.TOP.CONTROLLER.P_EN[4] = (0)
ABSOLUTE PORT: TB_TOP_128_16_8.TOP.CONTROLLER.g1473.I = (0.06)
ABSOLUTE PORT: TB_TOP_128_16_8.TOP.CONTROLLER.P_EN[3] = (0)
ABSOLUTE PORT: TB_TOP_128_16_8.TOP.CONTROLLER.g1403.I = (0.07)
ABSOLUTE PORT: TB_TOP_128_16_8.TOP.CONTROLLER.P_EN[2] = (0)
ABSOLUTE PORT: TB_TOP_128_16_8.TOP.CONTROLLER.g1457.I = (0.06)
ABSOLUTE PORT: TB_TOP_128_16_8.TOP.CONTROLLER.P_EN[1] = (0)
ABSOLUTE PORT: TB_TOP_128_16_8.TOP.CONTROLLER.g1407.I = (0.07)
ABSOLUTE PORT: TB_TOP_128_16_8.TOP.CONTROLLER.P_EN[0] = (0)
ABSOLUTE PORT: TB_TOP_128_16_8.TOP.CONTROLLER.g1580.I = (0.01)
ABSOLUTE PORT: TB_TOP_128_16_8.TOP.CONTROLLER.P_NOT_EN[16] = (0)
ABSOLUTE PORT: TB_TOP_128_16_8.TOP.CONTROLLER.P_NOT_EN[15] = (0)
ABSOLUTE PORT: TB_TOP_128_16_8.TOP.CONTROLLER.P_NOT_EN[14] = (0)
ABSOLUTE PORT: TB_TOP_128_16_8.TOP.CONTROLLER.P_NOT_EN[13] = (0)
ABSOLUTE PORT: TB_TOP_128_16_8.TOP.CONTROLLER.P_NOT_EN[12] = (0)
ABSOLUTE PORT: TB_TOP_128_16_8.TOP.CONTROLLER.P_NOT_EN[11] = (0)
ABSOLUTE PORT: TB_TOP_128_16_8.TOP.CONTROLLER.P_NOT_EN[10] = (0)
ABSOLUTE PORT: TB_TOP_128_16_8.TOP.CONTROLLER.P_NOT_EN[9] = (0)
ABSOLUTE PORT: TB_TOP_128_16_8.TOP.CONTROLLER.P_NOT_EN[8] = (0)
ABSOLUTE PORT: TB_TOP_128_16_8.TOP.CONTROLLER.P_NOT_EN[7] = (0)
ABSOLUTE PORT: TB_TOP_128_16_8.TOP.CONTROLLER.P_NOT_EN[6] = (0)
ABSOLUTE PORT: TB_TOP_128_16_8.TOP.CONTROLLER.P_NOT_EN[5] = (0)
ABSOLUTE PORT: TB_TOP_128_16_8.TOP.CONTROLLER.P_NOT_EN[4] = (0)
ABSOLUTE PORT: TB_TOP_128_16_8.TOP.CONTROLLER.P_NOT_EN[3] = (0)
ABSOLUTE PORT: TB_TOP_128_16_8.TOP.CONTROLLER.P_NOT_EN[2] = (0)
ABSOLUTE PORT: TB_TOP_128_16_8.TOP.CONTROLLER.P_NOT_EN[1] = (0)
ABSOLUTE PORT: TB_TOP_128_16_8.TOP.CONTROLLER.P_NOT_EN[0] = (0)
ABSOLUTE PORT: TB_TOP_128_16_8.TOP.CONTROLLER.g1479.I = (0.08)
ABSOLUTE PORT: TB_TOP_128_16_8.TOP.CONTROLLER.N_EN[15] = (0)
ABSOLUTE PORT: TB_TOP_128_16_8.TOP.CONTROLLER.g1405.I = (0.08)
ABSOLUTE PORT: TB_TOP_128_16_8.TOP.CONTROLLER.N_EN[14] = (0)
ABSOLUTE PORT: TB_TOP_128_16_8.TOP.CONTROLLER.g1485.I = (0.06)
ABSOLUTE PORT: TB_TOP_128_16_8.TOP.CONTROLLER.N_EN[13] = (0)
ABSOLUTE PORT: TB_TOP_128_16_8.TOP.CONTROLLER.g1451.I = (0.07)
ABSOLUTE PORT: TB_TOP_128_16_8.TOP.CONTROLLER.N_EN[12] = (0)
ABSOLUTE PORT: TB_TOP_128_16_8.TOP.CONTROLLER.g1487.I = (0.07)
ABSOLUTE PORT: TB_TOP_128_16_8.TOP.CONTROLLER.N_EN[11] = (0)
ABSOLUTE PORT: TB_TOP_128_16_8.TOP.CONTROLLER.g1455.I = (0.09)
ABSOLUTE PORT: TB_TOP_128_16_8.TOP.CONTROLLER.N_EN[10] = (0)
ABSOLUTE PORT: TB_TOP_128_16_8.TOP.CONTROLLER.g1475.I = (0.06)
ABSOLUTE PORT: TB_TOP_128_16_8.TOP.CONTROLLER.N_EN[9] = (0)
ABSOLUTE PORT: TB_TOP_128_16_8.TOP.CONTROLLER.g1461.I = (0.07)
ABSOLUTE PORT: TB_TOP_128_16_8.TOP.CONTROLLER.N_EN[8] = (0)
ABSOLUTE PORT: TB_TOP_128_16_8.TOP.CONTROLLER.g1425.I = (0.07)
ABSOLUTE PORT: TB_TOP_128_16_8.TOP.CONTROLLER.N_EN[7] = (0)
ABSOLUTE PORT: TB_TOP_128_16_8.TOP.CONTROLLER.g1415.I = (0.04)
ABSOLUTE PORT: TB_TOP_128_16_8.TOP.CONTROLLER.N_EN[6] = (0)
ABSOLUTE PORT: TB_TOP_128_16_8.TOP.CONTROLLER.g1465.I = (0.05, 0.06)
ABSOLUTE PORT: TB_TOP_128_16_8.TOP.CONTROLLER.N_EN[5] = (0)
ABSOLUTE PORT: TB_TOP_128_16_8.TOP.CONTROLLER.g1417.I = (0.06)
ABSOLUTE PORT: TB_TOP_128_16_8.TOP.CONTROLLER.N_EN[4] = (0)
ABSOLUTE PORT: TB_TOP_128_16_8.TOP.CONTROLLER.g1467.I = (0.06)
ABSOLUTE PORT: TB_TOP_128_16_8.TOP.CONTROLLER.N_EN[3] = (0)
ABSOLUTE PORT: TB_TOP_128_16_8.TOP.CONTROLLER.g1419.I = (0.05)
ABSOLUTE PORT: TB_TOP_128_16_8.TOP.CONTROLLER.N_EN[2] = (0)
ABSOLUTE PORT: TB_TOP_128_16_8.TOP.CONTROLLER.g1469.I = (0.07)
ABSOLUTE PORT: TB_TOP_128_16_8.TOP.CONTROLLER.N_EN[1] = (0)
ABSOLUTE PORT: TB_TOP_128_16_8.TOP.CONTROLLER.g1421.I = (0.02)
ABSOLUTE PORT: TB_TOP_128_16_8.TOP.CONTROLLER.N_EN[0] = (0)
ABSOLUTE PORT: TB_TOP_128_16_8.TOP.CONTROLLER.N_NOT_EN[15] = (0)
ABSOLUTE PORT: TB_TOP_128_16_8.TOP.CONTROLLER.N_NOT_EN[14] = (0)
ABSOLUTE PORT: TB_TOP_128_16_8.TOP.CONTROLLER.N_NOT_EN[13] = (0)
ABSOLUTE PORT: TB_TOP_128_16_8.TOP.CONTROLLER.N_NOT_EN[12] = (0)
ABSOLUTE PORT: TB_TOP_128_16_8.TOP.CONTROLLER.N_NOT_EN[11] = (0)
ABSOLUTE PORT: TB_TOP_128_16_8.TOP.CONTROLLER.N_NOT_EN[10] = (0)
ABSOLUTE PORT: TB_TOP_128_16_8.TOP.CONTROLLER.N_NOT_EN[9] = (0)
ABSOLUTE PORT: TB_TOP_128_16_8.TOP.CONTROLLER.N_NOT_EN[8] = (0)
ABSOLUTE PORT: TB_TOP_128_16_8.TOP.CONTROLLER.N_NOT_EN[7] = (0)
ABSOLUTE PORT: TB_TOP_128_16_8.TOP.CONTROLLER.N_NOT_EN[6] = (0)
ABSOLUTE PORT: TB_TOP_128_16_8.TOP.CONTROLLER.N_NOT_EN[5] = (0)
ABSOLUTE PORT: TB_TOP_128_16_8.TOP.CONTROLLER.N_NOT_EN[4] = (0)
ABSOLUTE PORT: TB_TOP_128_16_8.TOP.CONTROLLER.N_NOT_EN[3] = (0)
ABSOLUTE PORT: TB_TOP_128_16_8.TOP.CONTROLLER.N_NOT_EN[2] = (0)
ABSOLUTE PORT: TB_TOP_128_16_8.TOP.CONTROLLER.N_NOT_EN[1] = (0)
ABSOLUTE PORT: TB_TOP_128_16_8.TOP.CONTROLLER.N_NOT_EN[0] = (0)
ABSOLUTE PORT: TB_TOP_128_16_8.TOP.CONTROLLER.SEL[15] = (0)
ABSOLUTE PORT: TB_TOP_128_16_8.TOP.CONTROLLER.SEL[14] = (0)
ABSOLUTE PORT: TB_TOP_128_16_8.TOP.CONTROLLER.SEL[13] = (0)
ABSOLUTE PORT: TB_TOP_128_16_8.TOP.CONTROLLER.SEL[12] = (0)
ABSOLUTE PORT: TB_TOP_128_16_8.TOP.CONTROLLER.SEL[11] = (0)
ABSOLUTE PORT: TB_TOP_128_16_8.TOP.CONTROLLER.SEL[10] = (0)
ABSOLUTE PORT: TB_TOP_128_16_8.TOP.CONTROLLER.SEL[9] = (0)
ABSOLUTE PORT: TB_TOP_128_16_8.TOP.CONTROLLER.SEL[8] = (0)
ABSOLUTE PORT: TB_TOP_128_16_8.TOP.CONTROLLER.SEL[7] = (0)
ABSOLUTE PORT: TB_TOP_128_16_8.TOP.CONTROLLER.SEL[6] = (0)
ABSOLUTE PORT: TB_TOP_128_16_8.TOP.CONTROLLER.SEL[5] = (0)
ABSOLUTE PORT: TB_TOP_128_16_8.TOP.CONTROLLER.SEL[4] = (0)
ABSOLUTE PORT: TB_TOP_128_16_8.TOP.CONTROLLER.SEL[3] = (0)
ABSOLUTE PORT: TB_TOP_128_16_8.TOP.CONTROLLER.SEL[2] = (0)
ABSOLUTE PORT: TB_TOP_128_16_8.TOP.CONTROLLER.SEL[1] = (0)
ABSOLUTE PORT: TB_TOP_128_16_8.TOP.CONTROLLER.SEL[0] = (0)
ABSOLUTE PORT: TB_TOP_128_16_8.TOP.CONTROLLER.READ = (0)
ABSOLUTE PORT: TB_TOP_128_16_8.TOP.CONTROLLER.g1516__6083.B1 = (0.01)
ABSOLUTE PORT: TB_TOP_128_16_8.TOP.CONTROLLER.g1516__6083.A1 = (0)
ABSOLUTE PORT: TB_TOP_128_16_8.TOP.CONTROLLER.g1515__2703.A2 = (0.01)
ABSOLUTE PORT: TB_TOP_128_16_8.TOP.CONTROLLER.g1515__2703.A1 = (0)
ABSOLUTE PORT: TB_TOP_128_16_8.TOP.CONTROLLER.g1518__1857.A2 = (0.01)
ABSOLUTE PORT: TB_TOP_128_16_8.TOP.CONTROLLER.g1518__1857.A1 = (0)
ABSOLUTE PORT: TB_TOP_128_16_8.TOP.CONTROLLER.g1526__9906.A2 = (0.01)
ABSOLUTE PORT: TB_TOP_128_16_8.TOP.CONTROLLER.g1526__9906.A1 = (0)
ABSOLUTE PORT: TB_TOP_128_16_8.TOP.CONTROLLER.g1551.I = (0.01)
ABSOLUTE PORT: TB_TOP_128_16_8.TOP.CONTROLLER.WRITE = (0)
ABSOLUTE PORT: TB_TOP_128_16_8.TOP.CONTROLLER.WRITE_2 = (0)
ABSOLUTE PORT: TB_TOP_128_16_8.TOP.CONTROLLER.NOT_WRITE = (0)
ABSOLUTE PORT: TB_TOP_128_16_8.TOP.CONTROLLER.NOT_WRITE_2 = (0)
ABSOLUTE PORT: TB_TOP_128_16_8.TOP.CONTROLLER.controller1_DVLP_reg.D = (0)
ABSOLUTE PORT: TB_TOP_128_16_8.TOP.CONTROLLER.controller1_DVLP_reg.E = (0)
ABSOLUTE PORT: TB_TOP_128_16_8.TOP.CONTROLLER.DVLP = (0)
ABSOLUTE PORT: TB_TOP_128_16_8.TOP.CONTROLLER.PRE = (0)
ABSOLUTE PORT: TB_TOP_128_16_8.TOP.CONTROLLER.controller1_EN_SA_reg.D = (0)
ABSOLUTE PORT: TB_TOP_128_16_8.TOP.CONTROLLER.controller1_EN_SA_reg.E = (0)
ABSOLUTE PORT: TB_TOP_128_16_8.TOP.CONTROLLER.EN_SA = (0)
ABSOLUTE PORT: TB_TOP_128_16_8.TOP.CONTROLLER.g1530__7675.B1 = (0)
ABSOLUTE PORT: TB_TOP_128_16_8.TOP.CONTROLLER.g1530__7675.A1 = (0)
ABSOLUTE PORT: TB_TOP_128_16_8.TOP.CONTROLLER.g1536__7118.A2 = (0)
ABSOLUTE PORT: TB_TOP_128_16_8.TOP.CONTROLLER.g1536__7118.A1 = (0)
ABSOLUTE PORT: TB_TOP_128_16_8.TOP.CONTROLLER.g1531__8757.A1 = (0)
ABSOLUTE PORT: TB_TOP_128_16_8.TOP.CONTROLLER.g1531__8757.A2 = (0)
ABSOLUTE PORT: TB_TOP_128_16_8.TOP.CONTROLLER.g1528__1786.A1 = (0)
ABSOLUTE PORT: TB_TOP_128_16_8.TOP.CONTROLLER.g1528__1786.B1 = (0)
ABSOLUTE PORT: TB_TOP_128_16_8.TOP.CONTROLLER.g1524__8780.A2 = (0)
ABSOLUTE PORT: TB_TOP_128_16_8.TOP.CONTROLLER.g1524__8780.A1 = (0)
ABSOLUTE PORT: TB_TOP_128_16_8.TOP.CONTROLLER.g1524__8780.A3 = (0)
ABSOLUTE PORT: TB_TOP_128_16_8.TOP.CONTROLLER.g1523__3772.B1 = (0)
ABSOLUTE PORT: TB_TOP_128_16_8.TOP.CONTROLLER.g1523__3772.B2 = (0)
ABSOLUTE PORT: TB_TOP_128_16_8.TOP.CONTROLLER.g1523__3772.A1 = (0)
ABSOLUTE PORT: TB_TOP_128_16_8.TOP.CONTROLLER.g1525__1474.A2 = (0)
ABSOLUTE PORT: TB_TOP_128_16_8.TOP.CONTROLLER.g1525__1474.A3 = (0)
ABSOLUTE PORT: TB_TOP_128_16_8.TOP.CONTROLLER.g1525__1474.A1 = (0)
ABSOLUTE PORT: TB_TOP_128_16_8.TOP.CONTROLLER.g1545.I = (0)
ABSOLUTE PORT: TB_TOP_128_16_8.TOP.CONTROLLER.g1520__4296.A2 = (0)
ABSOLUTE PORT: TB_TOP_128_16_8.TOP.CONTROLLER.g1520__4296.A3 = (0)
ABSOLUTE PORT: TB_TOP_128_16_8.TOP.CONTROLLER.g1520__4296.A1 = (0)
ABSOLUTE PORT: TB_TOP_128_16_8.TOP.CONTROLLER.g1540.I = (0)
ABSOLUTE PORT: TB_TOP_128_16_8.TOP.CONTROLLER.g1533__4547.A1 = (0)
ABSOLUTE PORT: TB_TOP_128_16_8.TOP.CONTROLLER.g1533__4547.B1 = (0)
ABSOLUTE PORT: TB_TOP_128_16_8.TOP.CONTROLLER.g1534__9682.B1 = (0)
ABSOLUTE PORT: TB_TOP_128_16_8.TOP.CONTROLLER.g1534__9682.A1 = (0)
ABSOLUTE PORT: TB_TOP_128_16_8.TOP.CONTROLLER.g1535__2683.A1 = (0)
ABSOLUTE PORT: TB_TOP_128_16_8.TOP.CONTROLLER.g1535__2683.A2 = (0)
ABSOLUTE PORT: TB_TOP_128_16_8.TOP.CONTROLLER.g1527__2391.A2 = (0)
ABSOLUTE PORT: TB_TOP_128_16_8.TOP.CONTROLLER.g1527__2391.A1 = (0)
ABSOLUTE PORT: TB_TOP_128_16_8.TOP.CONTROLLER.g1537__1309.B1 = (0)
ABSOLUTE PORT: TB_TOP_128_16_8.TOP.CONTROLLER.g1537__1309.A1 = (0)
ABSOLUTE PORT: TB_TOP_128_16_8.TOP.CONTROLLER.g1532__6877.A1 = (0)
ABSOLUTE PORT: TB_TOP_128_16_8.TOP.CONTROLLER.g1532__6877.B1 = (0)
ABSOLUTE PORT: TB_TOP_128_16_8.TOP.CONTROLLER.g1538__2900.A2 = (0)
ABSOLUTE PORT: TB_TOP_128_16_8.TOP.CONTROLLER.g1538__2900.A1 = (0)
ABSOLUTE PORT: TB_TOP_128_16_8.TOP.CONTROLLER.g1539__5953.A1 = (0)
ABSOLUTE PORT: TB_TOP_128_16_8.TOP.CONTROLLER.g1539__5953.A2 = (0)
ABSOLUTE PORT: TB_TOP_128_16_8.TOP.CONTROLLER.\controller1_nstate_reg[2] .D = (0)
ABSOLUTE PORT: TB_TOP_128_16_8.TOP.CONTROLLER.\controller1_nstate_reg[2] .E = (0)
ABSOLUTE PORT: TB_TOP_128_16_8.TOP.CONTROLLER.\controller1_nstate_reg[0] .D = (0)
ABSOLUTE PORT: TB_TOP_128_16_8.TOP.CONTROLLER.\controller1_nstate_reg[0] .E = (0)
ABSOLUTE PORT: TB_TOP_128_16_8.TOP.CONTROLLER.controller1_P_ADDRESS_EN_reg.D = (0)
ABSOLUTE PORT: TB_TOP_128_16_8.TOP.CONTROLLER.controller1_P_ADDRESS_EN_reg.E = (0)
ABSOLUTE PORT: TB_TOP_128_16_8.TOP.CONTROLLER.g1514__5795.A2 = (0)
ABSOLUTE PORT: TB_TOP_128_16_8.TOP.CONTROLLER.g1514__5795.A1 = (0)
ABSOLUTE PORT: TB_TOP_128_16_8.TOP.CONTROLLER.g1517__7344.B1 = (0)
ABSOLUTE PORT: TB_TOP_128_16_8.TOP.CONTROLLER.g1517__7344.A1 = (0)
ABSOLUTE PORT: TB_TOP_128_16_8.TOP.CONTROLLER.g1522__1840.A2 = (0)
ABSOLUTE PORT: TB_TOP_128_16_8.TOP.CONTROLLER.g1522__1840.A1 = (0)
ABSOLUTE PORT: TB_TOP_128_16_8.TOP.CONTROLLER.g1521__5019.A2 = (0)
ABSOLUTE PORT: TB_TOP_128_16_8.TOP.CONTROLLER.g1521__5019.A1 = (0)
