======================================================================

Annotating SDF timing data:
  Compiled SDF file:     /ibe/users/da220/Cadence/WORK_TSMC180FORTE/THESIS/TB_TOP_32_32_4/.CHARACTERIZATION/CONTROLLER_5V_32_32_4_final.sdf.X
  Log file:              /ibe/users/da220/Cadence/WORK_TSMC180FORTE/THESIS/TB_TOP_32_32_4/.CHARACTERIZATION/CONTROLLER_5V_32_32_4_final.sdf.X_sdf_annotation.log
  Backannotation scope:  TB_TOP_32_32_4.TOP.CONTROLLER
  Configuration file:    
  MTM control:           MAXIMUM
  Scale factors:         
  Scale type:            

Time units: 1ns


Annotating to instance FE_OFC0_DVLP of module BUFFD3
	ABSOLUTE (IOPATH I Z) = (1.13, 0.774)

Annotating to instance CTS_ccl_a_buf_00024 of module CKBD0
	ABSOLUTE (IOPATH I Z) = (0.37, 0.37)

Annotating to instance CTS_ccl_a_buf_00021 of module CKBD2
	ABSOLUTE (IOPATH I Z) = (0.306, 0.295)

Annotating to instance CTS_ccl_a_buf_00015 of module CKBD0
	ABSOLUTE (IOPATH I Z) = (0.308, 0.311)

Annotating to instance CTS_ccl_a_buf_00018 of module CKBD4
	ABSOLUTE (IOPATH I Z) = (0.212, 0.193)

Annotating to instance CTS_ccl_a_buf_00012 of module CKBD4
	ABSOLUTE (IOPATH I Z) = (0.246, 0.216)

Annotating to instance CTS_ccl_a_buf_00006 of module CKBD0
	ABSOLUTE (IOPATH I Z) = (0.288, 0.299)

Annotating to instance g1575 of module CKND4
	ABSOLUTE (IOPATH I ZN) = (0.116, 0.147)

Annotating to instance g1578 of module CKND0
	ABSOLUTE (IOPATH I ZN) = (0.286, 0.32)

Annotating to instance CTS_cse_buf_00003 of module BUFFD4
	ABSOLUTE (IOPATH I Z) = (0.14, 0.145)

Annotating to instance CTS_cse_buf_00002 of module BUFFD2
	ABSOLUTE (IOPATH I Z) = (0.172, 0.217)

Annotating to instance CTS_cse_buf_00001 of module BUFFD2
	ABSOLUTE (IOPATH I Z) = (0.16, 0.178)

Annotating to instance g1462 of module INVD2
	ABSOLUTE (IOPATH I ZN) = (1.574, 1.074)

Annotating to instance g1463 of module INVD2
	ABSOLUTE (IOPATH I ZN) = (1.571, 1.073)

Annotating to instance g1488 of module INVD2
	ABSOLUTE (IOPATH I ZN) = (1.77, 1.081)

Annotating to instance g1486 of module INVD2
	ABSOLUTE (IOPATH I ZN) = (1.577, 1.078)

Annotating to instance g1464 of module INVD2
	ABSOLUTE (IOPATH I ZN) = (1.589, 1.084)

Annotating to instance g1489 of module INVD2
	ABSOLUTE (IOPATH I ZN) = (1.572, 1.075)

Annotating to instance g1487 of module INVD2
	ABSOLUTE (IOPATH I ZN) = (1.575, 1.077)

Annotating to instance g1507 of module INVD2
	ABSOLUTE (IOPATH I ZN) = (1.571, 1.071)

Annotating to instance g1520 of module INVD2
	ABSOLUTE (IOPATH I ZN) = (1.765, 1.082)

Annotating to instance g1459__8780 of module AN2D2
	ABSOLUTE (IOPATH A1 Z) = (1.365, 0.873)
	ABSOLUTE (IOPATH A2 Z) = (1.298, 0.866)

Annotating to instance g1465 of module INVD2
	ABSOLUTE (IOPATH I ZN) = (1.58, 1.078)

Annotating to instance g1466 of module INVD2
	ABSOLUTE (IOPATH I ZN) = (1.577, 1.072)

Annotating to instance g1453__4296 of module AN2D2
	ABSOLUTE (IOPATH A1 Z) = (1.345, 0.854)
	ABSOLUTE (IOPATH A2 Z) = (1.299, 0.907)

Annotating to instance g1450__3772 of module AN2D2
	ABSOLUTE (IOPATH A1 Z) = (1.341, 0.851)
	ABSOLUTE (IOPATH A2 Z) = (1.3, 0.866)

Annotating to instance g1447__1474 of module AN2D2
	ABSOLUTE (IOPATH A1 Z) = (1.342, 0.853)
	ABSOLUTE (IOPATH A2 Z) = (1.297, 0.865)

Annotating to instance g1448__4547 of module AN2D2
	ABSOLUTE (IOPATH A1 Z) = (1.341, 0.851)
	ABSOLUTE (IOPATH A2 Z) = (1.298, 0.915)

Annotating to instance g1449__9682 of module AN2D2
	ABSOLUTE (IOPATH A1 Z) = (1.347, 0.855)
	ABSOLUTE (IOPATH A2 Z) = (1.299, 0.916)

Annotating to instance g1446__2683 of module AN2D2
	ABSOLUTE (IOPATH A1 Z) = (1.34, 0.851)
	ABSOLUTE (IOPATH A2 Z) = (1.297, 0.865)

Annotating to instance g1475__1309 of module OR2D2
	ABSOLUTE (IOPATH A1 Z) = (1.483, 1.004)
	ABSOLUTE (IOPATH A2 Z) = (1.528, 1.034)

Annotating to instance g1476__6877 of module OR2D2
	ABSOLUTE (IOPATH A1 Z) = (1.489, 1.009)
	ABSOLUTE (IOPATH A2 Z) = (1.555, 1.038)

Annotating to instance g1504__2900 of module AN2D2
	ABSOLUTE (IOPATH A1 Z) = (1.462, 0.911)
	ABSOLUTE (IOPATH A2 Z) = (1.475, 0.992)

Annotating to instance g1477__2391 of module AN2D2
	ABSOLUTE (IOPATH A1 Z) = (1.485, 0.924)
	ABSOLUTE (IOPATH A2 Z) = (1.476, 0.993)

Annotating to instance g1484 of module INVD2
	ABSOLUTE (IOPATH I ZN) = (1.58, 1.078)

Annotating to instance g1460__7675 of module AN2D2
	ABSOLUTE (IOPATH A1 Z) = (1.367, 0.874)
	ABSOLUTE (IOPATH A2 Z) = (1.299, 0.915)

Annotating to instance g1452__7118 of module AN2D2
	ABSOLUTE (IOPATH A1 Z) = (1.339, 0.85)
	ABSOLUTE (IOPATH A2 Z) = (1.298, 0.906)

Annotating to instance g1458__8757 of module AN2D2
	ABSOLUTE (IOPATH A1 Z) = (1.338, 0.85)
	ABSOLUTE (IOPATH A2 Z) = (1.301, 0.865)

Annotating to instance g1455__1786 of module AN2D2
	ABSOLUTE (IOPATH A1 Z) = (1.342, 0.853)
	ABSOLUTE (IOPATH A2 Z) = (1.301, 0.866)

Annotating to instance g1456__5953 of module AN2D2
	ABSOLUTE (IOPATH A1 Z) = (1.342, 0.852)
	ABSOLUTE (IOPATH A2 Z) = (1.298, 0.907)

Annotating to instance g1467 of module INVD2
	ABSOLUTE (IOPATH I ZN) = (1.589, 1.083)

Annotating to instance g1451__5703 of module AN2D2
	ABSOLUTE (IOPATH A1 Z) = (1.342, 0.852)
	ABSOLUTE (IOPATH A2 Z) = (1.296, 0.914)

Annotating to instance g1457__7114 of module AN2D2
	ABSOLUTE (IOPATH A1 Z) = (1.34, 0.851)
	ABSOLUTE (IOPATH A2 Z) = (1.301, 0.866)

Annotating to instance g1454__5266 of module AN2D2
	ABSOLUTE (IOPATH A1 Z) = (1.364, 0.873)
	ABSOLUTE (IOPATH A2 Z) = (1.302, 0.866)

Annotating to instance g1485 of module INVD2
	ABSOLUTE (IOPATH I ZN) = (1.574, 1.076)

Annotating to instance g1461__2250 of module AN2D2
	ABSOLUTE (IOPATH A1 Z) = (1.367, 0.874)
	ABSOLUTE (IOPATH A2 Z) = (1.301, 0.908)

Annotating to instance g1502__6083 of module AN2D2
	ABSOLUTE (IOPATH A1 Z) = (1.48, 0.924)
	ABSOLUTE (IOPATH A2 Z) = (1.478, 0.995)

Annotating to instance g1501__5795 of module AN2D2
	ABSOLUTE (IOPATH A1 Z) = (1.459, 0.906)
	ABSOLUTE (IOPATH A2 Z) = (1.465, 0.984)

Annotating to instance g1496__7344 of module AN2D2
	ABSOLUTE (IOPATH A1 Z) = (1.319, 0.834)
	ABSOLUTE (IOPATH A2 Z) = (1.304, 0.894)

Annotating to instance g1498__1840 of module AN2D2
	ABSOLUTE (IOPATH A1 Z) = (1.318, 0.835)
	ABSOLUTE (IOPATH A2 Z) = (1.301, 0.933)

Annotating to instance g1492__5019 of module AN2D2
	ABSOLUTE (IOPATH A1 Z) = (1.318, 0.835)
	ABSOLUTE (IOPATH A2 Z) = (1.298, 0.891)

Annotating to instance g1495__1857 of module AN2D2
	ABSOLUTE (IOPATH A1 Z) = (1.318, 0.833)
	ABSOLUTE (IOPATH A2 Z) = (1.303, 0.893)

Annotating to instance g1508 of module INVD2
	ABSOLUTE (IOPATH I ZN) = (1.575, 1.077)

Annotating to instance g1471__9906 of module AN2D2
	ABSOLUTE (IOPATH A1 Z) = (1.317, 0.833)
	ABSOLUTE (IOPATH A2 Z) = (1.303, 0.898)

Annotating to instance g1473__8780 of module AN2D2
	ABSOLUTE (IOPATH A1 Z) = (1.318, 0.834)
	ABSOLUTE (IOPATH A2 Z) = (1.298, 0.891)

Annotating to instance g1468__4296 of module AN2D2
	ABSOLUTE (IOPATH A1 Z) = (1.316, 0.834)
	ABSOLUTE (IOPATH A2 Z) = (1.297, 0.895)

Annotating to instance g1512__3772 of module AN2D2
	ABSOLUTE (IOPATH A1 Z) = (1.471, 0.934)
	ABSOLUTE (IOPATH A2 Z) = (1.458, 0.929)

Annotating to instance g1480__1474 of module OR2D2
	ABSOLUTE (IOPATH A1 Z) = (1.515, 1.032)
	ABSOLUTE (IOPATH A2 Z) = (1.551, 1.052)

Annotating to instance g1526__4547 of module ND2D2
	ABSOLUTE (IOPATH A1 ZN) = (1.354, 1.172)
	ABSOLUTE (IOPATH A2 ZN) = (1.387, 1.163)

Annotating to instance g1479__9682 of module OR2D2
	ABSOLUTE (IOPATH A1 Z) = (1.492, 1.009)
	ABSOLUTE (IOPATH A2 Z) = (1.556, 1.036)

Annotating to instance g1491__2683 of module AN2D2
	ABSOLUTE (IOPATH A1 Z) = (1.317, 0.836)
	ABSOLUTE (IOPATH A2 Z) = (1.296, 0.895)

Annotating to instance g1494__1309 of module AN2D2
	ABSOLUTE (IOPATH A1 Z) = (1.315, 0.834)
	ABSOLUTE (IOPATH A2 Z) = (1.297, 0.895)

Annotating to instance g1474__6877 of module AN2D2
	ABSOLUTE (IOPATH A1 Z) = (1.314, 0.833)
	ABSOLUTE (IOPATH A2 Z) = (1.294, 0.89)

Annotating to instance g1469__2900 of module AN2D2
	ABSOLUTE (IOPATH A1 Z) = (1.319, 0.836)
	ABSOLUTE (IOPATH A2 Z) = (1.297, 0.89)

Annotating to instance g1493__2391 of module AN2D2
	ABSOLUTE (IOPATH A1 Z) = (1.319, 0.836)
	ABSOLUTE (IOPATH A2 Z) = (1.296, 0.891)

Annotating to instance g1510 of module INVD2
	ABSOLUTE (IOPATH I ZN) = (1.567, 1.072)

Annotating to instance g1470__7675 of module AN2D2
	ABSOLUTE (IOPATH A1 Z) = (1.316, 0.834)
	ABSOLUTE (IOPATH A2 Z) = (1.296, 0.89)

Annotating to instance g1472__7118 of module AN2D2
	ABSOLUTE (IOPATH A1 Z) = (1.317, 0.835)
	ABSOLUTE (IOPATH A2 Z) = (1.301, 0.933)

Annotating to instance g1497__8757 of module AN2D2
	ABSOLUTE (IOPATH A1 Z) = (1.321, 0.837)
	ABSOLUTE (IOPATH A2 Z) = (1.302, 0.934)

Annotating to instance g1490__1786 of module AN2D2
	ABSOLUTE (IOPATH A1 Z) = (1.319, 0.834)
	ABSOLUTE (IOPATH A2 Z) = (1.307, 0.936)

Annotating to instance g1500__5953 of module AN2D2
	ABSOLUTE (IOPATH A1 Z) = (1.502, 1.007)
	ABSOLUTE (IOPATH A2 Z) = (1.474, 0.991)

Annotating to instance g1478__5703 of module OR2D2
	ABSOLUTE (IOPATH A1 Z) = (1.488, 1.007)
	ABSOLUTE (IOPATH A2 Z) = (1.531, 1.035)

Annotating to instance g1499__7114 of module OR2D2
	ABSOLUTE (IOPATH A1 Z) = (1.503, 1.021)
	ABSOLUTE (IOPATH A2 Z) = (1.584, 1.05)

Annotating to instance g1506 of module CKND1
	ABSOLUTE (IOPATH I ZN) = (0.106, 0.108)

Annotating to instance g1525__5266 of module AN2D1
	ABSOLUTE (IOPATH A1 Z) = (0.295, 0.238)
	ABSOLUTE (IOPATH A2 Z) = (0.282, 0.474)

Annotating to instance g1482__2250 of module NR2D1
	ABSOLUTE (IOPATH A1 ZN) = (0.442, 0.163)
	ABSOLUTE (IOPATH A2 ZN) = (0.45, 0.196)

Annotating to instance g1505__6083 of module INR2D0
	ABSOLUTE (IOPATH A1 ZN) = (0.705, 0.44)
	ABSOLUTE (IOPATH B1 ZN) = (0.691, 0.275)

Annotating to instance g1483__2703 of module NR2D1
	ABSOLUTE (IOPATH A1 ZN) = (0.411, 0.154)
	ABSOLUTE (IOPATH A2 ZN) = (0.415, 0.182)

Annotating to instance g1521 of module CKND1
	ABSOLUTE (IOPATH I ZN) = (0.11, 0.109)

Annotating to instance g1513__5795 of module AN2D2
	ABSOLUTE (IOPATH A1 Z) = (1.466, 0.91)
	ABSOLUTE (IOPATH A2 Z) = (1.461, 0.951)

Annotating to instance g1514__7344 of module OR2D1
	ABSOLUTE (IOPATH A1 Z) = (0.207, 0.31)
	ABSOLUTE (IOPATH A2 Z) = (0.238, 0.331)

Annotating to instance g1517__1840 of module AN2D2
	ABSOLUTE (IOPATH A1 Z) = (1.473, 0.918)
	ABSOLUTE (IOPATH A2 Z) = (1.458, 0.95)

Annotating to instance g1481__5019 of module NR2D1
	ABSOLUTE (IOPATH A1 ZN) = (0.43, 0.161)
	ABSOLUTE (IOPATH A2 ZN) = (0.43, 0.188)

Annotating to instance g1527__1857 of module ND2D1
	ABSOLUTE (IOPATH A1 ZN) = (0.245, 0.167)
	ABSOLUTE (IOPATH A2 ZN) = (0.209, 0.133)

Annotating to instance g1515__9906 of module OR2D1
	ABSOLUTE (IOPATH A1 Z) = (0.224, 0.337)
	ABSOLUTE (IOPATH A2 Z) = (0.253, 0.345)

Annotating to instance g1511__8780 of module ND2D1
	ABSOLUTE (IOPATH A1 ZN) = (0.214, 0.137)
	ABSOLUTE (IOPATH A2 ZN) = (0.181, 0.109)

Annotating to instance g1530__4296 of module AN2D1
	ABSOLUTE (IOPATH A1 Z) = (0.465, 0.349)
	ABSOLUTE (IOPATH A2 Z) = (0.379, 0.354)

Annotating to instance g1529__3772 of module AN2D1
	ABSOLUTE (IOPATH A1 Z) = (0.457, 0.349)
	ABSOLUTE (IOPATH A2 Z) = (0.367, 0.346)

Annotating to instance g1528__1474 of module AN2D1
	ABSOLUTE (IOPATH A1 Z) = (0.373, 0.294)
	ABSOLUTE (IOPATH A2 Z) = (0.351, 0.336)

Annotating to instance g1516__4547 of module NR2D1
	ABSOLUTE (IOPATH A1 ZN) = (0.279, 0.109)
	ABSOLUTE (IOPATH A2 ZN) = (0.52, 0.037)

Annotating to instance g1542 of module CKND1
	ABSOLUTE (IOPATH I ZN) = (0.174, 0.184)

Annotating to instance g1524 of module CKND1
	ABSOLUTE (IOPATH I ZN) = (0.253, 0.258)

Annotating to instance g1523 of module CKND1
	ABSOLUTE (IOPATH I ZN) = (0.259, 0.262)

Annotating to instance g1522 of module CKND1
	ABSOLUTE (IOPATH I ZN) = (0.267, 0.273)

Annotating to instance g1518__9682 of module AN2D1
	ABSOLUTE (IOPATH A1 Z) = (0.423, 0.306)
	ABSOLUTE (IOPATH A2 Z) = (0.369, 0.347)

Annotating to instance g1535 of module INVD1
	ABSOLUTE (IOPATH I ZN) = (0.154, 0.094)

Annotating to instance g1532__2683 of module IND3D1
	ABSOLUTE (IOPATH A1 ZN) = (0.292, 0.348)
	ABSOLUTE (IOPATH B1 ZN) = (0.218, 0.209)
	ABSOLUTE (IOPATH B2 ZN) = (0.19, 0.209)

Annotating to instance g1531__1309 of module ND3D1
	ABSOLUTE (IOPATH A1 ZN) = (0.183, 0.2)
	ABSOLUTE (IOPATH A2 ZN) = (0.201, 0.192)
	ABSOLUTE (IOPATH A3 ZN) = (0.225, 0.181)

Annotating to instance g1533__6877 of module IND3D1
	ABSOLUTE (IOPATH A1 ZN) = (0.271, 0.324)
	ABSOLUTE (IOPATH B1 ZN) = (0.198, 0.184)
	ABSOLUTE (IOPATH B2 ZN) = (0.17, 0.185)

Annotating to instance g1541 of module CKND1
	ABSOLUTE (IOPATH I ZN) = (0.172, 0.17)

Annotating to instance g1545__2900 of module ND2D1
	ABSOLUTE (IOPATH A1 ZN) = (0.173, 0.122)
	ABSOLUTE (IOPATH A2 ZN) = (0.176, 0.104)

Annotating to instance g1537__2391 of module AN2D1
	ABSOLUTE (IOPATH A1 Z) = (0.33, 0.288)
	ABSOLUTE (IOPATH A2 Z) = (0.32, 0.301)

Annotating to instance g1534__7675 of module NR3D0
	ABSOLUTE (IOPATH A1 ZN) = (0.698, 0.329)
	ABSOLUTE (IOPATH A2 ZN) = (0.736, 0.351)
	ABSOLUTE (IOPATH A3 ZN) = (0.749, 0.342)

Annotating to instance g1543__7118 of module NR2D1
	ABSOLUTE (IOPATH A1 ZN) = (0.256, 0.099)
	ABSOLUTE (IOPATH A2 ZN) = (0.485, 0.004)

Annotating to instance g1536__8757 of module ND2D1
	ABSOLUTE (IOPATH A1 ZN) = (0.161, 0.139)
	ABSOLUTE (IOPATH A2 ZN) = (0.189, 0.118)

Annotating to instance g1539__1786 of module AN2D1
	ABSOLUTE (IOPATH A1 Z) = (0.42, 0.326)
	ABSOLUTE (IOPATH A2 Z) = (0.409, 0.35)

Annotating to instance controller1_state_reg[2] of module DFKCNQD1
	ABSOLUTE (IOPATH CP Q) = (0.521, 0.562)
	TIMINGCHECK (SETUPHOLD (posedge D) (posedge CP) (0.103) (-0.05))
	TIMINGCHECK (SETUPHOLD (negedge D) (posedge CP) (0.054) (0.065))
	TIMINGCHECK (WIDTH (posedge CP) (0.619))
	TIMINGCHECK (WIDTH (negedge CP) (0.711))
	TIMINGCHECK (SETUPHOLD (posedge CN) (posedge CP) (0.091) (-0.039))
	TIMINGCHECK (SETUPHOLD (negedge CN) (posedge CP) (0.223) (-0.043))

Annotating to instance g1544__5953 of module ND2D1
	ABSOLUTE (IOPATH A1 ZN) = (0.184, 0.148)
	ABSOLUTE (IOPATH A2 ZN) = (0.183, 0.112)

Annotating to instance g1546__5703 of module INR2D0
	ABSOLUTE (IOPATH A1 ZN) = (0.839, 0.397)
	ABSOLUTE (IOPATH B1 ZN) = (0.767, 0.276)

Annotating to instance g1540__7114 of module NR2D1
	ABSOLUTE (IOPATH A1 ZN) = (0.475, 0.18)
	ABSOLUTE (IOPATH A2 ZN) = (0.481, 0.187)

Annotating to instance g1547__5266 of module INR2D0
	ABSOLUTE (IOPATH A1 ZN) = (0.898, 0.417)
	ABSOLUTE (IOPATH B1 ZN) = (0.825, 0.292)

Annotating to instance controller1_state_reg[0] of module DFKCNQD1
	ABSOLUTE (IOPATH CP Q) = (0.517, 0.559)
	TIMINGCHECK (SETUPHOLD (posedge D) (posedge CP) (0.103) (-0.05))
	TIMINGCHECK (SETUPHOLD (negedge D) (posedge CP) (0.055) (0.065))
	TIMINGCHECK (WIDTH (posedge CP) (0.619))
	TIMINGCHECK (WIDTH (negedge CP) (0.711))
	TIMINGCHECK (SETUPHOLD (posedge CN) (posedge CP) (0.091) (-0.039))
	TIMINGCHECK (SETUPHOLD (negedge CN) (posedge CP) (0.223) (-0.043))

Annotating to instance g1548 of module CKND1
	ABSOLUTE (IOPATH I ZN) = (0.212, 0.239)

Annotating to instance g1553 of module CKND1
	ABSOLUTE (IOPATH I ZN) = (0.252, 0.288)

Annotating to instance controller1_Y_ADDRESS_CON_DEC_reg[3] of module LHQD1
	ABSOLUTE (IOPATH D Q) = (0.309, 0.422)
	ABSOLUTE (IOPATH E Q) = (0.508, 0.41)
	TIMINGCHECK (WIDTH (posedge E) (0.312))
	TIMINGCHECK (SETUPHOLD (posedge D) (negedge E) (-0.094) (0.154))
	TIMINGCHECK (SETUPHOLD (negedge D) (negedge E) (0.199) (-0.105))

Annotating to instance controller1_Y_ADDRESS_CON_DEC_reg[1] of module LHQD1
	ABSOLUTE (IOPATH D Q) = (0.301, 0.419)
	ABSOLUTE (IOPATH E Q) = (0.501, 0.406)
	TIMINGCHECK (WIDTH (posedge E) (0.312))
	TIMINGCHECK (SETUPHOLD (posedge D) (negedge E) (-0.094) (0.154))
	TIMINGCHECK (SETUPHOLD (negedge D) (negedge E) (0.199) (-0.105))

Annotating to instance controller1_X_ADDRESS_CON_DEC_reg[1] of module LHQD1
	ABSOLUTE (IOPATH D Q) = (0.391, 0.485)
	ABSOLUTE (IOPATH E Q) = (0.591, 0.472)
	TIMINGCHECK (WIDTH (posedge E) (0.312))
	TIMINGCHECK (SETUPHOLD (posedge D) (negedge E) (-0.094) (0.154))
	TIMINGCHECK (SETUPHOLD (negedge D) (negedge E) (0.199) (-0.105))

Annotating to instance controller1_X_ADDRESS_CON_DEC_reg[2] of module LHQD1
	ABSOLUTE (IOPATH D Q) = (0.493, 0.552)
	ABSOLUTE (IOPATH E Q) = (0.693, 0.538)
	TIMINGCHECK (WIDTH (posedge E) (0.312))
	TIMINGCHECK (SETUPHOLD (posedge D) (negedge E) (-0.094) (0.154))
	TIMINGCHECK (SETUPHOLD (negedge D) (negedge E) (0.199) (-0.105))

Annotating to instance controller1_Y_ADDRESS_CON_DEC_reg[0] of module LHQD1
	ABSOLUTE (IOPATH D Q) = (0.333, 0.444)
	ABSOLUTE (IOPATH E Q) = (0.533, 0.43)
	TIMINGCHECK (WIDTH (posedge E) (0.312))
	TIMINGCHECK (SETUPHOLD (posedge D) (negedge E) (-0.094) (0.154))
	TIMINGCHECK (SETUPHOLD (negedge D) (negedge E) (0.199) (-0.105))

Annotating to instance controller1_Y_ADDRESS_CON_DEC_reg[2] of module LHQD1
	ABSOLUTE (IOPATH D Q) = (0.334, 0.444)
	ABSOLUTE (IOPATH E Q) = (0.534, 0.431)
	TIMINGCHECK (WIDTH (posedge E) (0.312))
	TIMINGCHECK (SETUPHOLD (posedge D) (negedge E) (-0.094) (0.154))
	TIMINGCHECK (SETUPHOLD (negedge D) (negedge E) (0.199) (-0.105))

Annotating to instance controller1_X_ADDRESS_CON_DEC_reg[0] of module LHQD1
	ABSOLUTE (IOPATH D Q) = (0.349, 0.455)
	ABSOLUTE (IOPATH E Q) = (0.549, 0.442)
	TIMINGCHECK (WIDTH (posedge E) (0.312))
	TIMINGCHECK (SETUPHOLD (posedge D) (negedge E) (-0.094) (0.154))
	TIMINGCHECK (SETUPHOLD (negedge D) (negedge E) (0.199) (-0.105))

Annotating to instance controller1_Y_ADDRESS_CON_DEC_reg[4] of module LHQD1
	ABSOLUTE (IOPATH D Q) = (0.443, 0.52)
	ABSOLUTE (IOPATH E Q) = (0.643, 0.506)
	TIMINGCHECK (WIDTH (posedge E) (0.312))
	TIMINGCHECK (SETUPHOLD (posedge D) (negedge E) (-0.094) (0.154))
	TIMINGCHECK (SETUPHOLD (negedge D) (negedge E) (0.199) (-0.105))

Annotating to instance controller1_nstate_reg[2] of module LHQD1
	ABSOLUTE (IOPATH D Q) = (0.228, 0.306)
	ABSOLUTE (IOPATH E Q) = (0.449, 0.363)
	TIMINGCHECK (WIDTH (posedge E) (0.441))
	TIMINGCHECK (SETUPHOLD (posedge D) (negedge E) (-0.151) (0.193))
	TIMINGCHECK (SETUPHOLD (negedge D) (negedge E) (0.118) (-0.025))

Annotating to instance controller1_P_ADDRESS_EN_reg of module LHD1
	ABSOLUTE (IOPATH D QN) = (0.461, 0.344)
	ABSOLUTE (IOPATH D Q) = (0.384, 0.416)
	ABSOLUTE (IOPATH E QN) = (0.532, 0.572)
	ABSOLUTE (IOPATH E Q) = (0.611, 0.486)
	TIMINGCHECK (WIDTH (posedge E) (0.444))
	TIMINGCHECK (SETUPHOLD (posedge D) (negedge E) (-0.136) (0.172))
	TIMINGCHECK (SETUPHOLD (negedge D) (negedge E) (0.133) (-0.023))

Annotating to instance g1560 of module INVD2
	ABSOLUTE (IOPATH I ZN) = (1.321, 0.899)

Annotating to instance controller1_EN_SA_reg of module LHQD1
	ABSOLUTE (IOPATH D Q) = (0.516, 0.498)
	ABSOLUTE (IOPATH E Q) = (0.743, 0.574)
	TIMINGCHECK (WIDTH (posedge E) (0.441))
	TIMINGCHECK (SETUPHOLD (posedge D) (negedge E) (-0.134) (0.167))
	TIMINGCHECK (SETUPHOLD (negedge D) (negedge E) (0.095) (-0.016))

Annotating to instance controller1_nstate_reg[0] of module LHQD1
	ABSOLUTE (IOPATH D Q) = (0.232, 0.301)
	ABSOLUTE (IOPATH E Q) = (0.454, 0.368)
	TIMINGCHECK (WIDTH (posedge E) (0.441))
	TIMINGCHECK (SETUPHOLD (posedge D) (negedge E) (-0.143) (0.179))
	TIMINGCHECK (SETUPHOLD (negedge D) (negedge E) (0.11) (-0.024))

Annotating to instance g1569__2250 of module AO21D4
	ABSOLUTE (IOPATH A1 Z) = (0.277, 0.303)
	ABSOLUTE (IOPATH A2 Z) = (0.253, 0.407)
	ABSOLUTE (IOPATH B Z) = (0.24, 0.363)
	ABSOLUTE (COND ((A1==0)&&(A2==0)) (IOPATH B Z)) = (0.24, 0.363)
	ABSOLUTE (COND ((A1==0)&&(A2==1)) (IOPATH B Z)) = (0.24, 0.363)
	ABSOLUTE (COND ((A1==1)&&(A2==0)) (IOPATH B Z)) = (0.24, 0.363)

Annotating to instance controller1_READ_reg of module LHQD1
	ABSOLUTE (IOPATH D Q) = (0.513, 0.498)
	ABSOLUTE (IOPATH E Q) = (0.74, 0.572)
	TIMINGCHECK (WIDTH (posedge E) (0.441))
	TIMINGCHECK (SETUPHOLD (posedge D) (negedge E) (-0.135) (0.169))
	TIMINGCHECK (SETUPHOLD (negedge D) (negedge E) (0.097) (-0.018))

Annotating to instance controller1_PRE_reg of module LHQD1
	ABSOLUTE (IOPATH D Q) = (0.516, 0.5)
	ABSOLUTE (IOPATH E Q) = (0.743, 0.574)
	TIMINGCHECK (WIDTH (posedge E) (0.441))
	TIMINGCHECK (SETUPHOLD (posedge D) (negedge E) (-0.135) (0.169))
	TIMINGCHECK (SETUPHOLD (negedge D) (negedge E) (0.097) (-0.018))

Annotating to instance controller1_N_ADDRESS_EN_reg of module LHQD2
	ABSOLUTE (IOPATH D Q) = (1.282, 0.991)
	ABSOLUTE (IOPATH E Q) = (1.511, 1.065)
	TIMINGCHECK (WIDTH (posedge E) (0.447))
	TIMINGCHECK (SETUPHOLD (posedge D) (negedge E) (-0.106) (0.142))
	TIMINGCHECK (SETUPHOLD (negedge D) (negedge E) (0.15) (-0.042))

Annotating to instance controller1_DVLP_reg of module LHQD2
	ABSOLUTE (IOPATH D Q) = (0.255, 0.339)
	ABSOLUTE (IOPATH E Q) = (0.476, 0.4)
	TIMINGCHECK (WIDTH (posedge E) (0.447))
	TIMINGCHECK (SETUPHOLD (posedge D) (negedge E) (-0.113) (0.148))
	TIMINGCHECK (SETUPHOLD (negedge D) (negedge E) (0.169) (-0.053))

Annotating to instance g1570__6083 of module OR2D1
	ABSOLUTE (IOPATH A1 Z) = (0.206, 0.306)
	ABSOLUTE (IOPATH A2 Z) = (0.227, 0.353)

Annotating to instance g1567__2703 of module NR3D0
	ABSOLUTE (IOPATH A1 ZN) = (0.257, 0.132)
	ABSOLUTE (IOPATH A2 ZN) = (0.35, 0.198)
	ABSOLUTE (IOPATH A3 ZN) = (0.327, 0.185)

Annotating to instance g1571__5795 of module INR2D4
	ABSOLUTE (IOPATH A1 ZN) = (0.26, 0.234)
	ABSOLUTE (IOPATH B1 ZN) = (0.179, 0.067)

Annotating to instance g1572__7344 of module CKND2D2
	ABSOLUTE (IOPATH A1 ZN) = (0.219, 0.23)
	ABSOLUTE (IOPATH A2 ZN) = (0.255, 0.261)

Annotating to instance g1574__1840 of module AOI21D1
	ABSOLUTE (IOPATH A1 ZN) = (0.24, 0.128)
	ABSOLUTE (IOPATH A2 ZN) = (0.32, 0.128)
	ABSOLUTE (IOPATH B ZN) = (0.314, 0.141)
	ABSOLUTE (COND ((A1==0)&&(A2==0)) (IOPATH B ZN)) = (0.314, 0.141)
	ABSOLUTE (COND ((A1==0)&&(A2==1)) (IOPATH B ZN)) = (0.314, 0.141)
	ABSOLUTE (COND ((A1==1)&&(A2==0)) (IOPATH B ZN)) = (0.314, 0.141)

Annotating to instance g1573__5019 of module AOI21D1
	ABSOLUTE (IOPATH A1 ZN) = (0.213, 0.117)
	ABSOLUTE (IOPATH A2 ZN) = (0.309, 0.103)
	ABSOLUTE (IOPATH B ZN) = (0.295, 0.121)
	ABSOLUTE (COND ((A1==0)&&(A2==0)) (IOPATH B ZN)) = (0.295, 0.121)
	ABSOLUTE (COND ((A1==0)&&(A2==1)) (IOPATH B ZN)) = (0.295, 0.121)
	ABSOLUTE (COND ((A1==1)&&(A2==0)) (IOPATH B ZN)) = (0.295, 0.121)

Annotating to instance g1576__1857 of module NR2D2
	ABSOLUTE (IOPATH A1 ZN) = (0.257, 0.105)
	ABSOLUTE (IOPATH A2 ZN) = (0.265, 0.102)

Annotating to instance g1577__9906 of module AN2D4
	ABSOLUTE (IOPATH A1 Z) = (0.209, 0.159)
	ABSOLUTE (IOPATH A2 Z) = (0.175, 0.172)

Annotating to instance controller1_state_reg[1] of module DFKCNQD1
	ABSOLUTE (IOPATH CP Q) = (0.612, 0.62)
	TIMINGCHECK (SETUPHOLD (posedge D) (posedge CP) (0.114) (-0.022))
	TIMINGCHECK (SETUPHOLD (negedge D) (posedge CP) (0.176) (0))
	TIMINGCHECK (WIDTH (posedge CP) (0.619))
	TIMINGCHECK (WIDTH (negedge CP) (0.711))
	TIMINGCHECK (SETUPHOLD (posedge CN) (posedge CP) (0.091) (-0.039))
	TIMINGCHECK (SETUPHOLD (negedge CN) (posedge CP) (0.223) (-0.043))

Annotating to instance g1580__8780 of module IND2D1
	ABSOLUTE (IOPATH A1 ZN) = (0.211, 0.233)
	ABSOLUTE (IOPATH B1 ZN) = (0.203, 0.132)

Annotating to instance g1581__4296 of module INR2D2
	ABSOLUTE (IOPATH A1 ZN) = (0.33, 0.235)
	ABSOLUTE (IOPATH B1 ZN) = (0.27, 0.1)

Annotating to instance g1582__3772 of module IND2D4
	ABSOLUTE (IOPATH A1 ZN) = (0.185, 0.259)
	ABSOLUTE (IOPATH B1 ZN) = (0.149, 0.077)

Annotating to instance g1584 of module INVD1
	ABSOLUTE (IOPATH I ZN) = (0.3, 0.157)

Annotating to instance g1583 of module INVD2
	ABSOLUTE (IOPATH I ZN) = (1.502, 1.015)

Annotating to instance g2 of module IND2D2
	ABSOLUTE (IOPATH A1 ZN) = (1.463, 1.35)
	ABSOLUTE (IOPATH B1 ZN) = (1.433, 1.205)
ABSOLUTE PORT: TB_TOP_32_32_4.TOP.CONTROLLER.controller1_DVLP_reg.D = (0)
ABSOLUTE PORT: TB_TOP_32_32_4.TOP.CONTROLLER.controller1_DVLP_reg.E = (0)
ABSOLUTE PORT: TB_TOP_32_32_4.TOP.CONTROLLER.FE_OFC0_DVLP.I = (0)
ABSOLUTE PORT: TB_TOP_32_32_4.TOP.CONTROLLER.CTS_ccl_a_buf_00024.I = (0)
ABSOLUTE PORT: TB_TOP_32_32_4.TOP.CONTROLLER.g1582__3772.A1 = (0)
ABSOLUTE PORT: TB_TOP_32_32_4.TOP.CONTROLLER.g1582__3772.B1 = (0)
ABSOLUTE PORT: TB_TOP_32_32_4.TOP.CONTROLLER.g1570__6083.A2 = (0)
ABSOLUTE PORT: TB_TOP_32_32_4.TOP.CONTROLLER.g1570__6083.A1 = (0)
ABSOLUTE PORT: TB_TOP_32_32_4.TOP.CONTROLLER.CTS_ccl_a_buf_00021.I = (0)
ABSOLUTE PORT: TB_TOP_32_32_4.TOP.CONTROLLER.g1581__4296.B1 = (0)
ABSOLUTE PORT: TB_TOP_32_32_4.TOP.CONTROLLER.g1581__4296.A1 = (0)
ABSOLUTE PORT: TB_TOP_32_32_4.TOP.CONTROLLER.g1572__7344.A2 = (0)
ABSOLUTE PORT: TB_TOP_32_32_4.TOP.CONTROLLER.g1572__7344.A1 = (0)
ABSOLUTE PORT: TB_TOP_32_32_4.TOP.CONTROLLER.g1571__5795.A1 = (0)
ABSOLUTE PORT: TB_TOP_32_32_4.TOP.CONTROLLER.g1571__5795.B1 = (0)
ABSOLUTE PORT: TB_TOP_32_32_4.TOP.CONTROLLER.CTS_ccl_a_buf_00018.I = (0)
ABSOLUTE PORT: TB_TOP_32_32_4.TOP.CONTROLLER.g1576__1857.A2 = (0)
ABSOLUTE PORT: TB_TOP_32_32_4.TOP.CONTROLLER.g1576__1857.A1 = (0)
ABSOLUTE PORT: TB_TOP_32_32_4.TOP.CONTROLLER.CTS_ccl_a_buf_00015.I = (0)
ABSOLUTE PORT: TB_TOP_32_32_4.TOP.CONTROLLER.g1573__5019.B = (0)
ABSOLUTE PORT: TB_TOP_32_32_4.TOP.CONTROLLER.g1573__5019.A2 = (0)
ABSOLUTE PORT: TB_TOP_32_32_4.TOP.CONTROLLER.g1573__5019.A1 = (0)
ABSOLUTE PORT: TB_TOP_32_32_4.TOP.CONTROLLER.g1574__1840.A2 = (0)
ABSOLUTE PORT: TB_TOP_32_32_4.TOP.CONTROLLER.g1574__1840.A1 = (0)
ABSOLUTE PORT: TB_TOP_32_32_4.TOP.CONTROLLER.g1574__1840.B = (0)
ABSOLUTE PORT: TB_TOP_32_32_4.TOP.CONTROLLER.CTS_ccl_a_buf_00012.I = (0)
ABSOLUTE PORT: TB_TOP_32_32_4.TOP.CONTROLLER.g1577__9906.A2 = (0)
ABSOLUTE PORT: TB_TOP_32_32_4.TOP.CONTROLLER.g1577__9906.A1 = (0)
ABSOLUTE PORT: TB_TOP_32_32_4.TOP.CONTROLLER.CTS_cse_buf_00001.I = (0)
ABSOLUTE PORT: TB_TOP_32_32_4.TOP.CONTROLLER.g1575.I = (0)
ABSOLUTE PORT: TB_TOP_32_32_4.TOP.CONTROLLER.CTS_ccl_a_buf_00006.I = (0)
ABSOLUTE PORT: TB_TOP_32_32_4.TOP.CONTROLLER.g1567__2703.A3 = (0)
ABSOLUTE PORT: TB_TOP_32_32_4.TOP.CONTROLLER.g1567__2703.A2 = (0)
ABSOLUTE PORT: TB_TOP_32_32_4.TOP.CONTROLLER.g1567__2703.A1 = (0)
ABSOLUTE PORT: TB_TOP_32_32_4.TOP.CONTROLLER.CTS_cse_buf_00002.I = (0)
ABSOLUTE PORT: TB_TOP_32_32_4.TOP.CONTROLLER.g1578.I = (0)
ABSOLUTE PORT: TB_TOP_32_32_4.TOP.CONTROLLER.g1569__2250.A2 = (0)
ABSOLUTE PORT: TB_TOP_32_32_4.TOP.CONTROLLER.g1569__2250.A1 = (0)
ABSOLUTE PORT: TB_TOP_32_32_4.TOP.CONTROLLER.g1569__2250.B = (0)
ABSOLUTE PORT: TB_TOP_32_32_4.TOP.CONTROLLER.CTS_cse_buf_00003.I = (0)
ABSOLUTE PORT: TB_TOP_32_32_4.TOP.CONTROLLER.controller1_N_ADDRESS_EN_reg.D = (0)
ABSOLUTE PORT: TB_TOP_32_32_4.TOP.CONTROLLER.controller1_N_ADDRESS_EN_reg.E = (0)
ABSOLUTE PORT: TB_TOP_32_32_4.TOP.CONTROLLER.controller1_READ_reg.D = (0)
ABSOLUTE PORT: TB_TOP_32_32_4.TOP.CONTROLLER.controller1_READ_reg.E = (0)
ABSOLUTE PORT: TB_TOP_32_32_4.TOP.CONTROLLER.controller1_PRE_reg.D = (0)
ABSOLUTE PORT: TB_TOP_32_32_4.TOP.CONTROLLER.controller1_PRE_reg.E = (0)
ABSOLUTE PORT: TB_TOP_32_32_4.TOP.CONTROLLER.g1580__8780.B1 = (0)
ABSOLUTE PORT: TB_TOP_32_32_4.TOP.CONTROLLER.g1580__8780.A1 = (0)
ABSOLUTE PORT: TB_TOP_32_32_4.TOP.CONTROLLER.\controller1_state_reg[2] .CP = (0)
ABSOLUTE PORT: TB_TOP_32_32_4.TOP.CONTROLLER.\controller1_state_reg[2] .D = (0)
ABSOLUTE PORT: TB_TOP_32_32_4.TOP.CONTROLLER.\controller1_state_reg[2] .CN = (0)
ABSOLUTE PORT: TB_TOP_32_32_4.TOP.CONTROLLER.\controller1_state_reg[1] .CP = (0)
ABSOLUTE PORT: TB_TOP_32_32_4.TOP.CONTROLLER.\controller1_state_reg[1] .D = (0.01)
ABSOLUTE PORT: TB_TOP_32_32_4.TOP.CONTROLLER.\controller1_state_reg[1] .CN = (0)
ABSOLUTE PORT: TB_TOP_32_32_4.TOP.CONTROLLER.\controller1_state_reg[0] .CP = (0)
ABSOLUTE PORT: TB_TOP_32_32_4.TOP.CONTROLLER.\controller1_state_reg[0] .D = (0)
ABSOLUTE PORT: TB_TOP_32_32_4.TOP.CONTROLLER.\controller1_state_reg[0] .CN = (0)
ABSOLUTE PORT: TB_TOP_32_32_4.TOP.CONTROLLER.g1584.I = (0)
ABSOLUTE PORT: TB_TOP_32_32_4.TOP.CONTROLLER.\controller1_X_ADDRESS_CON_DEC_reg[2] .D = (0)
ABSOLUTE PORT: TB_TOP_32_32_4.TOP.CONTROLLER.\controller1_X_ADDRESS_CON_DEC_reg[2] .E = (0)
ABSOLUTE PORT: TB_TOP_32_32_4.TOP.CONTROLLER.\controller1_X_ADDRESS_CON_DEC_reg[1] .D = (0)
ABSOLUTE PORT: TB_TOP_32_32_4.TOP.CONTROLLER.\controller1_X_ADDRESS_CON_DEC_reg[1] .E = (0)
ABSOLUTE PORT: TB_TOP_32_32_4.TOP.CONTROLLER.\controller1_X_ADDRESS_CON_DEC_reg[0] .D = (0)
ABSOLUTE PORT: TB_TOP_32_32_4.TOP.CONTROLLER.\controller1_X_ADDRESS_CON_DEC_reg[0] .E = (0)
ABSOLUTE PORT: TB_TOP_32_32_4.TOP.CONTROLLER.\controller1_Y_ADDRESS_CON_DEC_reg[4] .D = (0)
ABSOLUTE PORT: TB_TOP_32_32_4.TOP.CONTROLLER.\controller1_Y_ADDRESS_CON_DEC_reg[4] .E = (0)
ABSOLUTE PORT: TB_TOP_32_32_4.TOP.CONTROLLER.\controller1_Y_ADDRESS_CON_DEC_reg[3] .D = (0)
ABSOLUTE PORT: TB_TOP_32_32_4.TOP.CONTROLLER.\controller1_Y_ADDRESS_CON_DEC_reg[3] .E = (0)
ABSOLUTE PORT: TB_TOP_32_32_4.TOP.CONTROLLER.\controller1_Y_ADDRESS_CON_DEC_reg[2] .D = (0)
ABSOLUTE PORT: TB_TOP_32_32_4.TOP.CONTROLLER.\controller1_Y_ADDRESS_CON_DEC_reg[2] .E = (0)
ABSOLUTE PORT: TB_TOP_32_32_4.TOP.CONTROLLER.\controller1_Y_ADDRESS_CON_DEC_reg[1] .D = (0)
ABSOLUTE PORT: TB_TOP_32_32_4.TOP.CONTROLLER.\controller1_Y_ADDRESS_CON_DEC_reg[1] .E = (0)
ABSOLUTE PORT: TB_TOP_32_32_4.TOP.CONTROLLER.\controller1_Y_ADDRESS_CON_DEC_reg[0] .D = (0)
ABSOLUTE PORT: TB_TOP_32_32_4.TOP.CONTROLLER.\controller1_Y_ADDRESS_CON_DEC_reg[0] .E = (0)
ABSOLUTE PORT: TB_TOP_32_32_4.TOP.CONTROLLER.g1513__5795.A2 = (0)
ABSOLUTE PORT: TB_TOP_32_32_4.TOP.CONTROLLER.g1513__5795.A1 = (0)
ABSOLUTE PORT: TB_TOP_32_32_4.TOP.CONTROLLER.g1508.I = (0.01)
ABSOLUTE PORT: TB_TOP_32_32_4.TOP.CONTROLLER.P_EN[7] = (0)
ABSOLUTE PORT: TB_TOP_32_32_4.TOP.CONTROLLER.g1465.I = (0.01)
ABSOLUTE PORT: TB_TOP_32_32_4.TOP.CONTROLLER.P_EN[6] = (0)
ABSOLUTE PORT: TB_TOP_32_32_4.TOP.CONTROLLER.g1517__1840.A2 = (0)
ABSOLUTE PORT: TB_TOP_32_32_4.TOP.CONTROLLER.g1517__1840.A1 = (0)
ABSOLUTE PORT: TB_TOP_32_32_4.TOP.CONTROLLER.g1510.I = (0.01)
ABSOLUTE PORT: TB_TOP_32_32_4.TOP.CONTROLLER.P_EN[5] = (0)
ABSOLUTE PORT: TB_TOP_32_32_4.TOP.CONTROLLER.g1466.I = (0.01)
ABSOLUTE PORT: TB_TOP_32_32_4.TOP.CONTROLLER.P_EN[4] = (0)
ABSOLUTE PORT: TB_TOP_32_32_4.TOP.CONTROLLER.g1512__3772.A2 = (0)
ABSOLUTE PORT: TB_TOP_32_32_4.TOP.CONTROLLER.g1512__3772.A1 = (0)
ABSOLUTE PORT: TB_TOP_32_32_4.TOP.CONTROLLER.g1507.I = (0)
ABSOLUTE PORT: TB_TOP_32_32_4.TOP.CONTROLLER.P_EN[3] = (0)
ABSOLUTE PORT: TB_TOP_32_32_4.TOP.CONTROLLER.g1462.I = (0.01)
ABSOLUTE PORT: TB_TOP_32_32_4.TOP.CONTROLLER.P_EN[2] = (0)
ABSOLUTE PORT: TB_TOP_32_32_4.TOP.CONTROLLER.g1520.I = (0.01)
ABSOLUTE PORT: TB_TOP_32_32_4.TOP.CONTROLLER.P_EN[1] = (0)
ABSOLUTE PORT: TB_TOP_32_32_4.TOP.CONTROLLER.g1463.I = (0)
ABSOLUTE PORT: TB_TOP_32_32_4.TOP.CONTROLLER.P_EN[0] = (0)
ABSOLUTE PORT: TB_TOP_32_32_4.TOP.CONTROLLER.g1583.I = (0.02)
ABSOLUTE PORT: TB_TOP_32_32_4.TOP.CONTROLLER.P_NOT_EN[8] = (0)
ABSOLUTE PORT: TB_TOP_32_32_4.TOP.CONTROLLER.P_NOT_EN[7] = (0)
ABSOLUTE PORT: TB_TOP_32_32_4.TOP.CONTROLLER.g1478__5703.A2 = (0)
ABSOLUTE PORT: TB_TOP_32_32_4.TOP.CONTROLLER.g1478__5703.A1 = (0)
ABSOLUTE PORT: TB_TOP_32_32_4.TOP.CONTROLLER.P_NOT_EN[6] = (0)
ABSOLUTE PORT: TB_TOP_32_32_4.TOP.CONTROLLER.P_NOT_EN[5] = (0)
ABSOLUTE PORT: TB_TOP_32_32_4.TOP.CONTROLLER.g1479__9682.A2 = (0)
ABSOLUTE PORT: TB_TOP_32_32_4.TOP.CONTROLLER.g1479__9682.A1 = (0)
ABSOLUTE PORT: TB_TOP_32_32_4.TOP.CONTROLLER.P_NOT_EN[4] = (0)
ABSOLUTE PORT: TB_TOP_32_32_4.TOP.CONTROLLER.P_NOT_EN[3] = (0)
ABSOLUTE PORT: TB_TOP_32_32_4.TOP.CONTROLLER.g1475__1309.A2 = (0)
ABSOLUTE PORT: TB_TOP_32_32_4.TOP.CONTROLLER.g1475__1309.A1 = (0)
ABSOLUTE PORT: TB_TOP_32_32_4.TOP.CONTROLLER.P_NOT_EN[2] = (0)
ABSOLUTE PORT: TB_TOP_32_32_4.TOP.CONTROLLER.g1526__4547.A1 = (0)
ABSOLUTE PORT: TB_TOP_32_32_4.TOP.CONTROLLER.g1526__4547.A2 = (0)
ABSOLUTE PORT: TB_TOP_32_32_4.TOP.CONTROLLER.P_NOT_EN[1] = (0)
ABSOLUTE PORT: TB_TOP_32_32_4.TOP.CONTROLLER.g1476__6877.A2 = (0)
ABSOLUTE PORT: TB_TOP_32_32_4.TOP.CONTROLLER.g1476__6877.A1 = (0)
ABSOLUTE PORT: TB_TOP_32_32_4.TOP.CONTROLLER.P_NOT_EN[0] = (0)
ABSOLUTE PORT: TB_TOP_32_32_4.TOP.CONTROLLER.g1500__5953.A2 = (0)
ABSOLUTE PORT: TB_TOP_32_32_4.TOP.CONTROLLER.g1500__5953.A1 = (0)
ABSOLUTE PORT: TB_TOP_32_32_4.TOP.CONTROLLER.g1485.I = (0.01)
ABSOLUTE PORT: TB_TOP_32_32_4.TOP.CONTROLLER.N_EN[7] = (0)
ABSOLUTE PORT: TB_TOP_32_32_4.TOP.CONTROLLER.g1504__2900.A2 = (0)
ABSOLUTE PORT: TB_TOP_32_32_4.TOP.CONTROLLER.g1504__2900.A1 = (0)
ABSOLUTE PORT: TB_TOP_32_32_4.TOP.CONTROLLER.g1489.I = (0.01)
ABSOLUTE PORT: TB_TOP_32_32_4.TOP.CONTROLLER.N_EN[6] = (0)
ABSOLUTE PORT: TB_TOP_32_32_4.TOP.CONTROLLER.g1502__6083.A2 = (0)
ABSOLUTE PORT: TB_TOP_32_32_4.TOP.CONTROLLER.g1502__6083.A1 = (0)
ABSOLUTE PORT: TB_TOP_32_32_4.TOP.CONTROLLER.g1487.I = (0)
ABSOLUTE PORT: TB_TOP_32_32_4.TOP.CONTROLLER.N_EN[5] = (0)
ABSOLUTE PORT: TB_TOP_32_32_4.TOP.CONTROLLER.g1467.I = (0.01)
ABSOLUTE PORT: TB_TOP_32_32_4.TOP.CONTROLLER.N_EN[4] = (0)
ABSOLUTE PORT: TB_TOP_32_32_4.TOP.CONTROLLER.g1488.I = (0.01)
ABSOLUTE PORT: TB_TOP_32_32_4.TOP.CONTROLLER.N_EN[3] = (0)
ABSOLUTE PORT: TB_TOP_32_32_4.TOP.CONTROLLER.g1484.I = (0.01)
ABSOLUTE PORT: TB_TOP_32_32_4.TOP.CONTROLLER.N_EN[2] = (0)
ABSOLUTE PORT: TB_TOP_32_32_4.TOP.CONTROLLER.g1477__2391.A2 = (0)
ABSOLUTE PORT: TB_TOP_32_32_4.TOP.CONTROLLER.g1477__2391.A1 = (0)
ABSOLUTE PORT: TB_TOP_32_32_4.TOP.CONTROLLER.g1464.I = (0)
ABSOLUTE PORT: TB_TOP_32_32_4.TOP.CONTROLLER.N_EN[1] = (0)
ABSOLUTE PORT: TB_TOP_32_32_4.TOP.CONTROLLER.g1501__5795.A1 = (0)
ABSOLUTE PORT: TB_TOP_32_32_4.TOP.CONTROLLER.g1501__5795.A2 = (0)
ABSOLUTE PORT: TB_TOP_32_32_4.TOP.CONTROLLER.g1486.I = (0.02)
ABSOLUTE PORT: TB_TOP_32_32_4.TOP.CONTROLLER.N_EN[0] = (0)
ABSOLUTE PORT: TB_TOP_32_32_4.TOP.CONTROLLER.N_NOT_EN[7] = (0)
ABSOLUTE PORT: TB_TOP_32_32_4.TOP.CONTROLLER.N_NOT_EN[6] = (0)
ABSOLUTE PORT: TB_TOP_32_32_4.TOP.CONTROLLER.N_NOT_EN[5] = (0)
ABSOLUTE PORT: TB_TOP_32_32_4.TOP.CONTROLLER.g1480__1474.A1 = (0)
ABSOLUTE PORT: TB_TOP_32_32_4.TOP.CONTROLLER.g1480__1474.A2 = (0)
ABSOLUTE PORT: TB_TOP_32_32_4.TOP.CONTROLLER.N_NOT_EN[4] = (0)
ABSOLUTE PORT: TB_TOP_32_32_4.TOP.CONTROLLER.g2.A1 = (0)
ABSOLUTE PORT: TB_TOP_32_32_4.TOP.CONTROLLER.g2.B1 = (0)
ABSOLUTE PORT: TB_TOP_32_32_4.TOP.CONTROLLER.N_NOT_EN[3] = (0)
ABSOLUTE PORT: TB_TOP_32_32_4.TOP.CONTROLLER.g1499__7114.A2 = (0)
ABSOLUTE PORT: TB_TOP_32_32_4.TOP.CONTROLLER.g1499__7114.A1 = (0)
ABSOLUTE PORT: TB_TOP_32_32_4.TOP.CONTROLLER.N_NOT_EN[2] = (0)
ABSOLUTE PORT: TB_TOP_32_32_4.TOP.CONTROLLER.N_NOT_EN[1] = (0)
ABSOLUTE PORT: TB_TOP_32_32_4.TOP.CONTROLLER.N_NOT_EN[0] = (0)
ABSOLUTE PORT: TB_TOP_32_32_4.TOP.CONTROLLER.g1471__9906.A2 = (0)
ABSOLUTE PORT: TB_TOP_32_32_4.TOP.CONTROLLER.g1471__9906.A1 = (0)
ABSOLUTE PORT: TB_TOP_32_32_4.TOP.CONTROLLER.SEL[31] = (0)
ABSOLUTE PORT: TB_TOP_32_32_4.TOP.CONTROLLER.g1496__7344.A2 = (0)
ABSOLUTE PORT: TB_TOP_32_32_4.TOP.CONTROLLER.g1496__7344.A1 = (0)
ABSOLUTE PORT: TB_TOP_32_32_4.TOP.CONTROLLER.SEL[30] = (0)
ABSOLUTE PORT: TB_TOP_32_32_4.TOP.CONTROLLER.g1468__4296.A2 = (0)
ABSOLUTE PORT: TB_TOP_32_32_4.TOP.CONTROLLER.g1468__4296.A1 = (0)
ABSOLUTE PORT: TB_TOP_32_32_4.TOP.CONTROLLER.SEL[29] = (0)
ABSOLUTE PORT: TB_TOP_32_32_4.TOP.CONTROLLER.g1473__8780.A2 = (0)
ABSOLUTE PORT: TB_TOP_32_32_4.TOP.CONTROLLER.g1473__8780.A1 = (0)
ABSOLUTE PORT: TB_TOP_32_32_4.TOP.CONTROLLER.SEL[28] = (0)
ABSOLUTE PORT: TB_TOP_32_32_4.TOP.CONTROLLER.g1495__1857.A2 = (0)
ABSOLUTE PORT: TB_TOP_32_32_4.TOP.CONTROLLER.g1495__1857.A1 = (0)
ABSOLUTE PORT: TB_TOP_32_32_4.TOP.CONTROLLER.SEL[27] = (0)
ABSOLUTE PORT: TB_TOP_32_32_4.TOP.CONTROLLER.g1490__1786.A2 = (0)
ABSOLUTE PORT: TB_TOP_32_32_4.TOP.CONTROLLER.g1490__1786.A1 = (0)
ABSOLUTE PORT: TB_TOP_32_32_4.TOP.CONTROLLER.SEL[26] = (0)
ABSOLUTE PORT: TB_TOP_32_32_4.TOP.CONTROLLER.g1492__5019.A2 = (0)
ABSOLUTE PORT: TB_TOP_32_32_4.TOP.CONTROLLER.g1492__5019.A1 = (0)
ABSOLUTE PORT: TB_TOP_32_32_4.TOP.CONTROLLER.SEL[25] = (0)
ABSOLUTE PORT: TB_TOP_32_32_4.TOP.CONTROLLER.g1498__1840.A2 = (0)
ABSOLUTE PORT: TB_TOP_32_32_4.TOP.CONTROLLER.g1498__1840.A1 = (0)
ABSOLUTE PORT: TB_TOP_32_32_4.TOP.CONTROLLER.SEL[24] = (0)
ABSOLUTE PORT: TB_TOP_32_32_4.TOP.CONTROLLER.g1491__2683.A1 = (0)
ABSOLUTE PORT: TB_TOP_32_32_4.TOP.CONTROLLER.g1491__2683.A2 = (0)
ABSOLUTE PORT: TB_TOP_32_32_4.TOP.CONTROLLER.SEL[23] = (0)
ABSOLUTE PORT: TB_TOP_32_32_4.TOP.CONTROLLER.g1493__2391.A1 = (0)
ABSOLUTE PORT: TB_TOP_32_32_4.TOP.CONTROLLER.g1493__2391.A2 = (0)
ABSOLUTE PORT: TB_TOP_32_32_4.TOP.CONTROLLER.SEL[22] = (0)
ABSOLUTE PORT: TB_TOP_32_32_4.TOP.CONTROLLER.g1494__1309.A1 = (0)
ABSOLUTE PORT: TB_TOP_32_32_4.TOP.CONTROLLER.g1494__1309.A2 = (0)
ABSOLUTE PORT: TB_TOP_32_32_4.TOP.CONTROLLER.SEL[21] = (0)
ABSOLUTE PORT: TB_TOP_32_32_4.TOP.CONTROLLER.g1474__6877.A1 = (0)
ABSOLUTE PORT: TB_TOP_32_32_4.TOP.CONTROLLER.g1474__6877.A2 = (0)
ABSOLUTE PORT: TB_TOP_32_32_4.TOP.CONTROLLER.SEL[20] = (0)
ABSOLUTE PORT: TB_TOP_32_32_4.TOP.CONTROLLER.g1469__2900.A1 = (0)
ABSOLUTE PORT: TB_TOP_32_32_4.TOP.CONTROLLER.g1469__2900.A2 = (0)
ABSOLUTE PORT: TB_TOP_32_32_4.TOP.CONTROLLER.SEL[19] = (0)
ABSOLUTE PORT: TB_TOP_32_32_4.TOP.CONTROLLER.g1497__8757.A2 = (0)
ABSOLUTE PORT: TB_TOP_32_32_4.TOP.CONTROLLER.g1497__8757.A1 = (0)
ABSOLUTE PORT: TB_TOP_32_32_4.TOP.CONTROLLER.SEL[18] = (0)
ABSOLUTE PORT: TB_TOP_32_32_4.TOP.CONTROLLER.g1470__7675.A1 = (0)
ABSOLUTE PORT: TB_TOP_32_32_4.TOP.CONTROLLER.g1470__7675.A2 = (0)
ABSOLUTE PORT: TB_TOP_32_32_4.TOP.CONTROLLER.SEL[17] = (0)
ABSOLUTE PORT: TB_TOP_32_32_4.TOP.CONTROLLER.g1472__7118.A2 = (0)
ABSOLUTE PORT: TB_TOP_32_32_4.TOP.CONTROLLER.g1472__7118.A1 = (0)
ABSOLUTE PORT: TB_TOP_32_32_4.TOP.CONTROLLER.SEL[16] = (0)
ABSOLUTE PORT: TB_TOP_32_32_4.TOP.CONTROLLER.g1450__3772.A1 = (0)
ABSOLUTE PORT: TB_TOP_32_32_4.TOP.CONTROLLER.g1450__3772.A2 = (0)
ABSOLUTE PORT: TB_TOP_32_32_4.TOP.CONTROLLER.SEL[15] = (0)
ABSOLUTE PORT: TB_TOP_32_32_4.TOP.CONTROLLER.g1447__1474.A1 = (0)
ABSOLUTE PORT: TB_TOP_32_32_4.TOP.CONTROLLER.g1447__1474.A2 = (0)
ABSOLUTE PORT: TB_TOP_32_32_4.TOP.CONTROLLER.SEL[14] = (0)
ABSOLUTE PORT: TB_TOP_32_32_4.TOP.CONTROLLER.g1448__4547.A2 = (0)
ABSOLUTE PORT: TB_TOP_32_32_4.TOP.CONTROLLER.g1448__4547.A1 = (0)
ABSOLUTE PORT: TB_TOP_32_32_4.TOP.CONTROLLER.SEL[13] = (0)
ABSOLUTE PORT: TB_TOP_32_32_4.TOP.CONTROLLER.g1449__9682.A2 = (0)
ABSOLUTE PORT: TB_TOP_32_32_4.TOP.CONTROLLER.g1449__9682.A1 = (0)
ABSOLUTE PORT: TB_TOP_32_32_4.TOP.CONTROLLER.SEL[12] = (0)
ABSOLUTE PORT: TB_TOP_32_32_4.TOP.CONTROLLER.g1446__2683.A1 = (0)
ABSOLUTE PORT: TB_TOP_32_32_4.TOP.CONTROLLER.g1446__2683.A2 = (0)
ABSOLUTE PORT: TB_TOP_32_32_4.TOP.CONTROLLER.SEL[11] = (0)
ABSOLUTE PORT: TB_TOP_32_32_4.TOP.CONTROLLER.g1459__8780.A1 = (0)
ABSOLUTE PORT: TB_TOP_32_32_4.TOP.CONTROLLER.g1459__8780.A2 = (0)
ABSOLUTE PORT: TB_TOP_32_32_4.TOP.CONTROLLER.SEL[10] = (0)
ABSOLUTE PORT: TB_TOP_32_32_4.TOP.CONTROLLER.g1451__5703.A1 = (0)
ABSOLUTE PORT: TB_TOP_32_32_4.TOP.CONTROLLER.g1451__5703.A2 = (0)
ABSOLUTE PORT: TB_TOP_32_32_4.TOP.CONTROLLER.SEL[9] = (0)
ABSOLUTE PORT: TB_TOP_32_32_4.TOP.CONTROLLER.g1460__7675.A1 = (0)
ABSOLUTE PORT: TB_TOP_32_32_4.TOP.CONTROLLER.g1460__7675.A2 = (0)
ABSOLUTE PORT: TB_TOP_32_32_4.TOP.CONTROLLER.SEL[8] = (0)
ABSOLUTE PORT: TB_TOP_32_32_4.TOP.CONTROLLER.g1452__7118.A2 = (0)
ABSOLUTE PORT: TB_TOP_32_32_4.TOP.CONTROLLER.g1452__7118.A1 = (0)
ABSOLUTE PORT: TB_TOP_32_32_4.TOP.CONTROLLER.SEL[7] = (0)
ABSOLUTE PORT: TB_TOP_32_32_4.TOP.CONTROLLER.g1453__4296.A2 = (0)
ABSOLUTE PORT: TB_TOP_32_32_4.TOP.CONTROLLER.g1453__4296.A1 = (0)
ABSOLUTE PORT: TB_TOP_32_32_4.TOP.CONTROLLER.SEL[6] = (0)
ABSOLUTE PORT: TB_TOP_32_32_4.TOP.CONTROLLER.g1458__8757.A2 = (0)
ABSOLUTE PORT: TB_TOP_32_32_4.TOP.CONTROLLER.g1458__8757.A1 = (0)
ABSOLUTE PORT: TB_TOP_32_32_4.TOP.CONTROLLER.SEL[5] = (0)
ABSOLUTE PORT: TB_TOP_32_32_4.TOP.CONTROLLER.g1455__1786.A2 = (0)
ABSOLUTE PORT: TB_TOP_32_32_4.TOP.CONTROLLER.g1455__1786.A1 = (0)
ABSOLUTE PORT: TB_TOP_32_32_4.TOP.CONTROLLER.SEL[4] = (0)
ABSOLUTE PORT: TB_TOP_32_32_4.TOP.CONTROLLER.g1456__5953.A1 = (0)
ABSOLUTE PORT: TB_TOP_32_32_4.TOP.CONTROLLER.g1456__5953.A2 = (0)
ABSOLUTE PORT: TB_TOP_32_32_4.TOP.CONTROLLER.SEL[3] = (0)
ABSOLUTE PORT: TB_TOP_32_32_4.TOP.CONTROLLER.g1461__2250.A2 = (0)
ABSOLUTE PORT: TB_TOP_32_32_4.TOP.CONTROLLER.g1461__2250.A1 = (0)
ABSOLUTE PORT: TB_TOP_32_32_4.TOP.CONTROLLER.SEL[2] = (0)
ABSOLUTE PORT: TB_TOP_32_32_4.TOP.CONTROLLER.g1457__7114.A1 = (0)
ABSOLUTE PORT: TB_TOP_32_32_4.TOP.CONTROLLER.g1457__7114.A2 = (0)
ABSOLUTE PORT: TB_TOP_32_32_4.TOP.CONTROLLER.SEL[1] = (0)
ABSOLUTE PORT: TB_TOP_32_32_4.TOP.CONTROLLER.g1454__5266.A2 = (0)
ABSOLUTE PORT: TB_TOP_32_32_4.TOP.CONTROLLER.g1454__5266.A1 = (0)
ABSOLUTE PORT: TB_TOP_32_32_4.TOP.CONTROLLER.SEL[0] = (0)
ABSOLUTE PORT: TB_TOP_32_32_4.TOP.CONTROLLER.READ = (0)
ABSOLUTE PORT: TB_TOP_32_32_4.TOP.CONTROLLER.g1525__5266.A2 = (0.01)
ABSOLUTE PORT: TB_TOP_32_32_4.TOP.CONTROLLER.g1525__5266.A1 = (0)
ABSOLUTE PORT: TB_TOP_32_32_4.TOP.CONTROLLER.g1560.I = (0.01, 0.02)
ABSOLUTE PORT: TB_TOP_32_32_4.TOP.CONTROLLER.WRITE = (0)
ABSOLUTE PORT: TB_TOP_32_32_4.TOP.CONTROLLER.WRITE_2 = (0)
ABSOLUTE PORT: TB_TOP_32_32_4.TOP.CONTROLLER.g1516__4547.A2 = (0)
ABSOLUTE PORT: TB_TOP_32_32_4.TOP.CONTROLLER.g1516__4547.A1 = (0)
ABSOLUTE PORT: TB_TOP_32_32_4.TOP.CONTROLLER.g1543__7118.A2 = (0)
ABSOLUTE PORT: TB_TOP_32_32_4.TOP.CONTROLLER.g1543__7118.A1 = (0)
ABSOLUTE PORT: TB_TOP_32_32_4.TOP.CONTROLLER.NOT_WRITE = (0)
ABSOLUTE PORT: TB_TOP_32_32_4.TOP.CONTROLLER.NOT_WRITE_2 = (0)
ABSOLUTE PORT: TB_TOP_32_32_4.TOP.CONTROLLER.P_EN[8] = (0)
ABSOLUTE PORT: TB_TOP_32_32_4.TOP.CONTROLLER.DVLP = (0)
ABSOLUTE PORT: TB_TOP_32_32_4.TOP.CONTROLLER.PRE = (0)
ABSOLUTE PORT: TB_TOP_32_32_4.TOP.CONTROLLER.controller1_EN_SA_reg.D = (0)
ABSOLUTE PORT: TB_TOP_32_32_4.TOP.CONTROLLER.controller1_EN_SA_reg.E = (0)
ABSOLUTE PORT: TB_TOP_32_32_4.TOP.CONTROLLER.EN_SA = (0)
ABSOLUTE PORT: TB_TOP_32_32_4.TOP.CONTROLLER.g1544__5953.A1 = (0)
ABSOLUTE PORT: TB_TOP_32_32_4.TOP.CONTROLLER.g1544__5953.A2 = (0)
ABSOLUTE PORT: TB_TOP_32_32_4.TOP.CONTROLLER.g1553.I = (0)
ABSOLUTE PORT: TB_TOP_32_32_4.TOP.CONTROLLER.g1511__8780.A2 = (0)
ABSOLUTE PORT: TB_TOP_32_32_4.TOP.CONTROLLER.g1511__8780.A1 = (0)
ABSOLUTE PORT: TB_TOP_32_32_4.TOP.CONTROLLER.g1536__8757.A2 = (0)
ABSOLUTE PORT: TB_TOP_32_32_4.TOP.CONTROLLER.g1536__8757.A1 = (0)
ABSOLUTE PORT: TB_TOP_32_32_4.TOP.CONTROLLER.g1548.I = (0)
ABSOLUTE PORT: TB_TOP_32_32_4.TOP.CONTROLLER.g1514__7344.A2 = (0)
ABSOLUTE PORT: TB_TOP_32_32_4.TOP.CONTROLLER.g1514__7344.A1 = (0)
ABSOLUTE PORT: TB_TOP_32_32_4.TOP.CONTROLLER.g1515__9906.A2 = (0)
ABSOLUTE PORT: TB_TOP_32_32_4.TOP.CONTROLLER.g1515__9906.A1 = (0)
ABSOLUTE PORT: TB_TOP_32_32_4.TOP.CONTROLLER.g1537__2391.A2 = (0)
ABSOLUTE PORT: TB_TOP_32_32_4.TOP.CONTROLLER.g1537__2391.A1 = (0)
ABSOLUTE PORT: TB_TOP_32_32_4.TOP.CONTROLLER.g1482__2250.A2 = (0)
ABSOLUTE PORT: TB_TOP_32_32_4.TOP.CONTROLLER.g1482__2250.A1 = (0)
ABSOLUTE PORT: TB_TOP_32_32_4.TOP.CONTROLLER.g1505__6083.B1 = (0)
ABSOLUTE PORT: TB_TOP_32_32_4.TOP.CONTROLLER.g1505__6083.A1 = (0)
ABSOLUTE PORT: TB_TOP_32_32_4.TOP.CONTROLLER.g1483__2703.A2 = (0)
ABSOLUTE PORT: TB_TOP_32_32_4.TOP.CONTROLLER.g1483__2703.A1 = (0)
ABSOLUTE PORT: TB_TOP_32_32_4.TOP.CONTROLLER.g1481__5019.A2 = (0)
ABSOLUTE PORT: TB_TOP_32_32_4.TOP.CONTROLLER.g1481__5019.A1 = (0)
ABSOLUTE PORT: TB_TOP_32_32_4.TOP.CONTROLLER.g1530__4296.A2 = (0)
ABSOLUTE PORT: TB_TOP_32_32_4.TOP.CONTROLLER.g1530__4296.A1 = (0)
ABSOLUTE PORT: TB_TOP_32_32_4.TOP.CONTROLLER.g1529__3772.A2 = (0)
ABSOLUTE PORT: TB_TOP_32_32_4.TOP.CONTROLLER.g1529__3772.A1 = (0)
ABSOLUTE PORT: TB_TOP_32_32_4.TOP.CONTROLLER.g1528__1474.A2 = (0)
ABSOLUTE PORT: TB_TOP_32_32_4.TOP.CONTROLLER.g1528__1474.A1 = (0)
ABSOLUTE PORT: TB_TOP_32_32_4.TOP.CONTROLLER.g1518__9682.A2 = (0)
ABSOLUTE PORT: TB_TOP_32_32_4.TOP.CONTROLLER.g1518__9682.A1 = (0)
ABSOLUTE PORT: TB_TOP_32_32_4.TOP.CONTROLLER.g1539__1786.A2 = (0)
ABSOLUTE PORT: TB_TOP_32_32_4.TOP.CONTROLLER.g1539__1786.A1 = (0)
ABSOLUTE PORT: TB_TOP_32_32_4.TOP.CONTROLLER.g1546__5703.B1 = (0)
ABSOLUTE PORT: TB_TOP_32_32_4.TOP.CONTROLLER.g1546__5703.A1 = (0)
ABSOLUTE PORT: TB_TOP_32_32_4.TOP.CONTROLLER.g1540__7114.A1 = (0)
ABSOLUTE PORT: TB_TOP_32_32_4.TOP.CONTROLLER.g1540__7114.A2 = (0)
ABSOLUTE PORT: TB_TOP_32_32_4.TOP.CONTROLLER.g1547__5266.A1 = (0)
ABSOLUTE PORT: TB_TOP_32_32_4.TOP.CONTROLLER.g1547__5266.B1 = (0)
ABSOLUTE PORT: TB_TOP_32_32_4.TOP.CONTROLLER.g1532__2683.A1 = (0)
ABSOLUTE PORT: TB_TOP_32_32_4.TOP.CONTROLLER.g1532__2683.B2 = (0)
ABSOLUTE PORT: TB_TOP_32_32_4.TOP.CONTROLLER.g1532__2683.B1 = (0)
ABSOLUTE PORT: TB_TOP_32_32_4.TOP.CONTROLLER.g1531__1309.A2 = (0)
ABSOLUTE PORT: TB_TOP_32_32_4.TOP.CONTROLLER.g1531__1309.A1 = (0)
ABSOLUTE PORT: TB_TOP_32_32_4.TOP.CONTROLLER.g1531__1309.A3 = (0)
ABSOLUTE PORT: TB_TOP_32_32_4.TOP.CONTROLLER.g1533__6877.B2 = (0)
ABSOLUTE PORT: TB_TOP_32_32_4.TOP.CONTROLLER.g1533__6877.A1 = (0)
ABSOLUTE PORT: TB_TOP_32_32_4.TOP.CONTROLLER.g1533__6877.B1 = (0)
ABSOLUTE PORT: TB_TOP_32_32_4.TOP.CONTROLLER.g1534__7675.A1 = (0)
ABSOLUTE PORT: TB_TOP_32_32_4.TOP.CONTROLLER.g1534__7675.A2 = (0)
ABSOLUTE PORT: TB_TOP_32_32_4.TOP.CONTROLLER.g1534__7675.A3 = (0)
ABSOLUTE PORT: TB_TOP_32_32_4.TOP.CONTROLLER.\controller1_nstate_reg[2] .D = (0)
ABSOLUTE PORT: TB_TOP_32_32_4.TOP.CONTROLLER.\controller1_nstate_reg[2] .E = (0)
ABSOLUTE PORT: TB_TOP_32_32_4.TOP.CONTROLLER.\controller1_nstate_reg[0] .D = (0)
ABSOLUTE PORT: TB_TOP_32_32_4.TOP.CONTROLLER.\controller1_nstate_reg[0] .E = (0)
ABSOLUTE PORT: TB_TOP_32_32_4.TOP.CONTROLLER.controller1_P_ADDRESS_EN_reg.D = (0)
ABSOLUTE PORT: TB_TOP_32_32_4.TOP.CONTROLLER.controller1_P_ADDRESS_EN_reg.E = (0)
ABSOLUTE PORT: TB_TOP_32_32_4.TOP.CONTROLLER.g1541.I = (0)
ABSOLUTE PORT: TB_TOP_32_32_4.TOP.CONTROLLER.g1545__2900.A2 = (0)
ABSOLUTE PORT: TB_TOP_32_32_4.TOP.CONTROLLER.g1545__2900.A1 = (0)
ABSOLUTE PORT: TB_TOP_32_32_4.TOP.CONTROLLER.g1535.I = (0)
ABSOLUTE PORT: TB_TOP_32_32_4.TOP.CONTROLLER.g1522.I = (0)
ABSOLUTE PORT: TB_TOP_32_32_4.TOP.CONTROLLER.g1523.I = (0)
ABSOLUTE PORT: TB_TOP_32_32_4.TOP.CONTROLLER.g1524.I = (0)
ABSOLUTE PORT: TB_TOP_32_32_4.TOP.CONTROLLER.g1542.I = (0)
ABSOLUTE PORT: TB_TOP_32_32_4.TOP.CONTROLLER.g1527__1857.A1 = (0)
ABSOLUTE PORT: TB_TOP_32_32_4.TOP.CONTROLLER.g1527__1857.A2 = (0)
ABSOLUTE PORT: TB_TOP_32_32_4.TOP.CONTROLLER.g1521.I = (0)
ABSOLUTE PORT: TB_TOP_32_32_4.TOP.CONTROLLER.g1506.I = (0)
