======================================================================

Annotating SDF timing data:
  Compiled SDF file:     /ibe/users/da220/Cadence/WORK_TSMC180FORTE/THESIS/TB_TOP_64_64_4/.CHARACTERIZATION/CONTROLLER_5V_64_64_4_final.sdf.X
  Log file:              /ibe/users/da220/Cadence/WORK_TSMC180FORTE/THESIS/TB_TOP_64_64_4/.CHARACTERIZATION/CONTROLLER_5V_64_64_4_final.sdf.X_sdf_annotation.log
  Backannotation scope:  TB_TOP_64_64_4.TOP.CONTROLLER
  Configuration file:    
  MTM control:           MAXIMUM
  Scale factors:         
  Scale type:            

Time units: 1ns


Annotating to instance CTS_ccl_a_buf_00030 of module CKBD0
	ABSOLUTE (IOPATH I Z) = (0.359, 0.342)

Annotating to instance CTS_ccl_a_buf_00024 of module CKBD0
	ABSOLUTE (IOPATH I Z) = (0.343, 0.32)

Annotating to instance CTS_ccl_a_buf_00018 of module CKBD0
	ABSOLUTE (IOPATH I Z) = (0.353, 0.342)

Annotating to instance CTS_ccl_a_buf_00015 of module CKBD0
	ABSOLUTE (IOPATH I Z) = (0.38, 0.373)

Annotating to instance CTS_ccl_a_buf_00009 of module CKBD0
	ABSOLUTE (IOPATH I Z) = (0.394, 0.387)

Annotating to instance CTS_ccl_a_buf_00006 of module CKBD1
	ABSOLUTE (IOPATH I Z) = (0.268, 0.27)

Annotating to instance g2349 of module CKND2
	ABSOLUTE (IOPATH I ZN) = (0.153, 0.182)

Annotating to instance g2352 of module CKND0
	ABSOLUTE (IOPATH I ZN) = (0.268, 0.296)

Annotating to instance CTS_cse_buf_00003 of module BUFFD4
	ABSOLUTE (IOPATH I Z) = (0.148, 0.154)

Annotating to instance CTS_cse_buf_00002 of module BUFFD2
	ABSOLUTE (IOPATH I Z) = (0.186, 0.254)

Annotating to instance CTS_cse_buf_00001 of module BUFFD1
	ABSOLUTE (IOPATH I Z) = (0.246, 0.301)

Annotating to instance g2124 of module INVD4
	ABSOLUTE (IOPATH I ZN) = (1.659, 1.064)

Annotating to instance g2148 of module INVD4
	ABSOLUTE (IOPATH I ZN) = (1.493, 1.064)

Annotating to instance g2176 of module INVD4
	ABSOLUTE (IOPATH I ZN) = (1.475, 1.056)

Annotating to instance g2181 of module INVD4
	ABSOLUTE (IOPATH I ZN) = (1.482, 1.058)

Annotating to instance g2182 of module INVD4
	ABSOLUTE (IOPATH I ZN) = (1.477, 1.06)

Annotating to instance g2163__8780 of module AN2D4
	ABSOLUTE (IOPATH A1 Z) = (1.377, 0.924)
	ABSOLUTE (IOPATH A2 Z) = (1.262, 0.955)

Annotating to instance g2123 of module INVD4
	ABSOLUTE (IOPATH I ZN) = (1.479, 1.059)

Annotating to instance g2217 of module INVD4
	ABSOLUTE (IOPATH I ZN) = (1.481, 1.059)

Annotating to instance g2136__4296 of module AN2D4
	ABSOLUTE (IOPATH A1 Z) = (1.375, 0.919)
	ABSOLUTE (IOPATH A2 Z) = (1.262, 0.952)

Annotating to instance g2149 of module INVD4
	ABSOLUTE (IOPATH I ZN) = (1.487, 1.069)

Annotating to instance g2157__3772 of module AN2D4
	ABSOLUTE (IOPATH A1 Z) = (1.375, 0.918)
	ABSOLUTE (IOPATH A2 Z) = (1.285, 0.946)

Annotating to instance g2164__1474 of module AN2D4
	ABSOLUTE (IOPATH A1 Z) = (1.375, 0.919)
	ABSOLUTE (IOPATH A2 Z) = (1.262, 0.953)

Annotating to instance g2158__4547 of module AN2D4
	ABSOLUTE (IOPATH A1 Z) = (1.376, 0.924)
	ABSOLUTE (IOPATH A2 Z) = (1.285, 0.947)

Annotating to instance g2128__9682 of module AN2D4
	ABSOLUTE (IOPATH A1 Z) = (1.372, 0.906)
	ABSOLUTE (IOPATH A2 Z) = (1.286, 0.946)

Annotating to instance g2161__2683 of module AN2D4
	ABSOLUTE (IOPATH A1 Z) = (1.376, 0.922)
	ABSOLUTE (IOPATH A2 Z) = (1.262, 0.952)

Annotating to instance g2134__1309 of module AN2D4
	ABSOLUTE (IOPATH A1 Z) = (1.371, 0.906)
	ABSOLUTE (IOPATH A2 Z) = (1.262, 0.952)

Annotating to instance g2162__6877 of module AN2D4
	ABSOLUTE (IOPATH A1 Z) = (1.375, 0.919)
	ABSOLUTE (IOPATH A2 Z) = (1.261, 0.955)

Annotating to instance g2204__2391 of module AN2D4
	ABSOLUTE (IOPATH A1 Z) = (1.4, 0.912)
	ABSOLUTE (IOPATH A2 Z) = (1.381, 0.906)

Annotating to instance g2174 of module INVD4
	ABSOLUTE (IOPATH I ZN) = (1.474, 1.047)

Annotating to instance g2126__7675 of module AN2D4
	ABSOLUTE (IOPATH A1 Z) = (1.371, 0.906)
	ABSOLUTE (IOPATH A2 Z) = (1.262, 0.954)

Annotating to instance g2138__7118 of module AN2D4
	ABSOLUTE (IOPATH A1 Z) = (1.376, 0.924)
	ABSOLUTE (IOPATH A2 Z) = (1.261, 0.952)

Annotating to instance g2127__8757 of module AN2D4
	ABSOLUTE (IOPATH A1 Z) = (1.364, 0.897)
	ABSOLUTE (IOPATH A2 Z) = (1.255, 0.941)

Annotating to instance g2150 of module INVD4
	ABSOLUTE (IOPATH I ZN) = (1.485, 1.053)

Annotating to instance g2173 of module INVD4
	ABSOLUTE (IOPATH I ZN) = (1.483, 1.059)

Annotating to instance g2227 of module INVD4
	ABSOLUTE (IOPATH I ZN) = (1.479, 1.059)

Annotating to instance g2146 of module INVD4
	ABSOLUTE (IOPATH I ZN) = (1.481, 1.05)

Annotating to instance g2145 of module INVD4
	ABSOLUTE (IOPATH I ZN) = (1.48, 1.048)

Annotating to instance g2147 of module INVD4
	ABSOLUTE (IOPATH I ZN) = (1.485, 1.059)

Annotating to instance g2172 of module INVD4
	ABSOLUTE (IOPATH I ZN) = (1.47, 1.05)

Annotating to instance g2168__1786 of module OR3D4
	ABSOLUTE (IOPATH A1 Z) = (1.442, 1.085)
	ABSOLUTE (IOPATH A2 Z) = (1.469, 1.108)
	ABSOLUTE (IOPATH A3 Z) = (1.385, 1.05)

Annotating to instance g2209__5953 of module AN2D4
	ABSOLUTE (IOPATH A1 Z) = (1.389, 0.898)
	ABSOLUTE (IOPATH A2 Z) = (1.368, 0.923)

Annotating to instance g2210__5703 of module AN2D4
	ABSOLUTE (IOPATH A1 Z) = (1.4, 0.91)
	ABSOLUTE (IOPATH A2 Z) = (1.382, 1.02)

Annotating to instance g2216 of module INVD4
	ABSOLUTE (IOPATH I ZN) = (1.48, 1.062)

Annotating to instance g2142__7114 of module AN2D4
	ABSOLUTE (IOPATH A1 Z) = (1.349, 0.854)
	ABSOLUTE (IOPATH A2 Z) = (1.261, 0.955)

Annotating to instance g2159__5266 of module AN2D4
	ABSOLUTE (IOPATH A1 Z) = (1.32, 0.845)
	ABSOLUTE (IOPATH A2 Z) = (1.262, 0.954)

Annotating to instance g2220 of module INVD4
	ABSOLUTE (IOPATH I ZN) = (1.479, 1.062)

Annotating to instance g2133__2250 of module AN2D4
	ABSOLUTE (IOPATH A1 Z) = (1.319, 0.844)
	ABSOLUTE (IOPATH A2 Z) = (1.285, 0.945)

Annotating to instance g2151__6083 of module AN2D4
	ABSOLUTE (IOPATH A1 Z) = (1.348, 0.851)
	ABSOLUTE (IOPATH A2 Z) = (1.285, 0.943)

Annotating to instance g2129__2703 of module AN2D4
	ABSOLUTE (IOPATH A1 Z) = (1.351, 0.855)
	ABSOLUTE (IOPATH A2 Z) = (1.286, 0.945)

Annotating to instance g2160__5795 of module AN2D4
	ABSOLUTE (IOPATH A1 Z) = (1.319, 0.845)
	ABSOLUTE (IOPATH A2 Z) = (1.262, 0.952)

Annotating to instance g2152__7344 of module AN2D4
	ABSOLUTE (IOPATH A1 Z) = (1.348, 0.853)
	ABSOLUTE (IOPATH A2 Z) = (1.262, 0.952)

Annotating to instance g2141__1840 of module AN2D4
	ABSOLUTE (IOPATH A1 Z) = (1.35, 0.855)
	ABSOLUTE (IOPATH A2 Z) = (1.262, 0.951)

Annotating to instance g2155__5019 of module AN2D4
	ABSOLUTE (IOPATH A1 Z) = (1.348, 0.852)
	ABSOLUTE (IOPATH A2 Z) = (1.285, 0.946)

Annotating to instance g2130__1857 of module AN2D4
	ABSOLUTE (IOPATH A1 Z) = (1.346, 0.849)
	ABSOLUTE (IOPATH A2 Z) = (1.285, 0.946)

Annotating to instance g2125__9906 of module AN2D4
	ABSOLUTE (IOPATH A1 Z) = (1.346, 0.85)
	ABSOLUTE (IOPATH A2 Z) = (1.262, 0.953)

Annotating to instance g2153__8780 of module AN2D4
	ABSOLUTE (IOPATH A1 Z) = (1.349, 0.852)
	ABSOLUTE (IOPATH A2 Z) = (1.263, 0.953)

Annotating to instance g2165__4296 of module OR3D4
	ABSOLUTE (IOPATH A1 Z) = (1.522, 1.135)
	ABSOLUTE (IOPATH A2 Z) = (1.512, 1.176)
	ABSOLUTE (IOPATH A3 Z) = (1.41, 1.082)

Annotating to instance g2169__3772 of module OR3D4
	ABSOLUTE (IOPATH A1 Z) = (1.5, 1.119)
	ABSOLUTE (IOPATH A2 Z) = (1.505, 1.169)
	ABSOLUTE (IOPATH A3 Z) = (1.405, 1.101)

Annotating to instance g2246__1474 of module OR2D4
	ABSOLUTE (IOPATH A1 Z) = (1.392, 0.962)
	ABSOLUTE (IOPATH A2 Z) = (1.473, 0.971)

Annotating to instance g2226 of module INVD4
	ABSOLUTE (IOPATH I ZN) = (1.474, 1.051)

Annotating to instance g2135__4547 of module AN2D4
	ABSOLUTE (IOPATH A1 Z) = (1.35, 0.858)
	ABSOLUTE (IOPATH A2 Z) = (1.261, 0.955)

Annotating to instance g2131__9682 of module AN2D4
	ABSOLUTE (IOPATH A1 Z) = (1.349, 0.854)
	ABSOLUTE (IOPATH A2 Z) = (1.261, 0.952)

Annotating to instance g2137__2683 of module AN2D4
	ABSOLUTE (IOPATH A1 Z) = (1.351, 0.858)
	ABSOLUTE (IOPATH A2 Z) = (1.262, 0.952)

Annotating to instance g2154__1309 of module AN2D4
	ABSOLUTE (IOPATH A1 Z) = (1.348, 0.853)
	ABSOLUTE (IOPATH A2 Z) = (1.261, 0.955)

Annotating to instance g2140__6877 of module AN2D4
	ABSOLUTE (IOPATH A1 Z) = (1.346, 0.85)
	ABSOLUTE (IOPATH A2 Z) = (1.261, 0.955)

Annotating to instance g2132__2900 of module AN2D4
	ABSOLUTE (IOPATH A1 Z) = (1.348, 0.853)
	ABSOLUTE (IOPATH A2 Z) = (1.261, 0.952)

Annotating to instance g2139__2391 of module AN2D4
	ABSOLUTE (IOPATH A1 Z) = (1.346, 0.849)
	ABSOLUTE (IOPATH A2 Z) = (1.261, 0.951)

Annotating to instance g2156__7675 of module AN2D4
	ABSOLUTE (IOPATH A1 Z) = (1.32, 0.846)
	ABSOLUTE (IOPATH A2 Z) = (1.262, 0.951)

Annotating to instance g2143__7118 of module AN2D4
	ABSOLUTE (IOPATH A1 Z) = (1.409, 0.883)
	ABSOLUTE (IOPATH A2 Z) = (1.366, 0.94)

Annotating to instance g2167__8757 of module OR3D4
	ABSOLUTE (IOPATH A1 Z) = (1.509, 1.126)
	ABSOLUTE (IOPATH A2 Z) = (1.513, 1.176)
	ABSOLUTE (IOPATH A3 Z) = (1.411, 1.082)

Annotating to instance g2170__1786 of module OR3D4
	ABSOLUTE (IOPATH A1 Z) = (1.451, 1.096)
	ABSOLUTE (IOPATH A2 Z) = (1.478, 1.12)
	ABSOLUTE (IOPATH A3 Z) = (1.398, 1.086)

Annotating to instance g2256__5953 of module OR2D4
	ABSOLUTE (IOPATH A1 Z) = (1.385, 0.936)
	ABSOLUTE (IOPATH A2 Z) = (1.523, 1.01)

Annotating to instance g2200__5703 of module AN2D4
	ABSOLUTE (IOPATH A1 Z) = (1.401, 0.915)
	ABSOLUTE (IOPATH A2 Z) = (1.38, 0.905)

Annotating to instance g2201__7114 of module AN2D4
	ABSOLUTE (IOPATH A1 Z) = (1.385, 0.896)
	ABSOLUTE (IOPATH A2 Z) = (1.366, 1.003)

Annotating to instance g2202__5266 of module AN2D4
	ABSOLUTE (IOPATH A1 Z) = (1.391, 0.902)
	ABSOLUTE (IOPATH A2 Z) = (1.368, 0.922)

Annotating to instance g2166__2250 of module OR3D4
	ABSOLUTE (IOPATH A1 Z) = (1.516, 1.128)
	ABSOLUTE (IOPATH A2 Z) = (1.505, 1.169)
	ABSOLUTE (IOPATH A3 Z) = (1.405, 1.101)

Annotating to instance g2244__6083 of module AN2D4
	ABSOLUTE (IOPATH A1 Z) = (1.368, 0.9)
	ABSOLUTE (IOPATH A2 Z) = (1.288, 0.962)

Annotating to instance g2218 of module INVD4
	ABSOLUTE (IOPATH I ZN) = (1.489, 1.062)

Annotating to instance g2223 of module INVD4
	ABSOLUTE (IOPATH I ZN) = (1.481, 1.061)

Annotating to instance g2177 of module INVD4
	ABSOLUTE (IOPATH I ZN) = (1.475, 1.055)

Annotating to instance g2232__2703 of module AN2D4
	ABSOLUTE (IOPATH A1 Z) = (1.364, 0.899)
	ABSOLUTE (IOPATH A2 Z) = (1.281, 0.953)

Annotating to instance g2221 of module INVD4
	ABSOLUTE (IOPATH I ZN) = (1.485, 1.06)

Annotating to instance g2175 of module INVD4
	ABSOLUTE (IOPATH I ZN) = (1.471, 1.048)

Annotating to instance g2222 of module INVD4
	ABSOLUTE (IOPATH I ZN) = (1.485, 1.062)

Annotating to instance g2229__5795 of module AN2D4
	ABSOLUTE (IOPATH A1 Z) = (1.368, 0.9)
	ABSOLUTE (IOPATH A2 Z) = (1.288, 0.962)

Annotating to instance g2179 of module INVD4
	ABSOLUTE (IOPATH I ZN) = (1.476, 1.056)

Annotating to instance g2230__7344 of module AN2D4
	ABSOLUTE (IOPATH A1 Z) = (1.36, 0.891)
	ABSOLUTE (IOPATH A2 Z) = (1.281, 0.954)

Annotating to instance g2249__1840 of module AN2D4
	ABSOLUTE (IOPATH A1 Z) = (1.382, 0.855)
	ABSOLUTE (IOPATH A2 Z) = (1.37, 0.915)

Annotating to instance g2183 of module INVD4
	ABSOLUTE (IOPATH I ZN) = (1.478, 1.061)

Annotating to instance g2224 of module INVD4
	ABSOLUTE (IOPATH I ZN) = (1.481, 1.059)

Annotating to instance g2225 of module INVD4
	ABSOLUTE (IOPATH I ZN) = (1.476, 1.049)

Annotating to instance g2171 of module INVD4
	ABSOLUTE (IOPATH I ZN) = (1.481, 1.061)

Annotating to instance g2180 of module INVD4
	ABSOLUTE (IOPATH I ZN) = (1.477, 1.057)

Annotating to instance g2245__5019 of module AN2D4
	ABSOLUTE (IOPATH A1 Z) = (1.375, 0.846)
	ABSOLUTE (IOPATH A2 Z) = (1.365, 0.882)

Annotating to instance g2255__1857 of module OR2D4
	ABSOLUTE (IOPATH A1 Z) = (1.395, 0.946)
	ABSOLUTE (IOPATH A2 Z) = (1.533, 1.019)

Annotating to instance g2262 of module CKND1
	ABSOLUTE (IOPATH I ZN) = (0.277, 0.285)

Annotating to instance g2197__3772 of module AN2D4
	ABSOLUTE (IOPATH A1 Z) = (1.368, 0.9)
	ABSOLUTE (IOPATH A2 Z) = (1.283, 0.895)

Annotating to instance g2187__1474 of module AN2D4
	ABSOLUTE (IOPATH A1 Z) = (1.371, 0.906)
	ABSOLUTE (IOPATH A2 Z) = (1.281, 0.894)

Annotating to instance g2240__4547 of module AN2D4
	ABSOLUTE (IOPATH A1 Z) = (1.356, 0.869)
	ABSOLUTE (IOPATH A2 Z) = (1.268, 0.939)

Annotating to instance g2196__9682 of module AN2D4
	ABSOLUTE (IOPATH A1 Z) = (1.372, 0.906)
	ABSOLUTE (IOPATH A2 Z) = (1.283, 0.893)

Annotating to instance g2198__2683 of module AN2D4
	ABSOLUTE (IOPATH A1 Z) = (1.355, 0.866)
	ABSOLUTE (IOPATH A2 Z) = (1.269, 0.938)

Annotating to instance g2185__1309 of module AN2D4
	ABSOLUTE (IOPATH A1 Z) = (1.368, 0.899)
	ABSOLUTE (IOPATH A2 Z) = (1.282, 0.895)

Annotating to instance g2241__6877 of module AN2D4
	ABSOLUTE (IOPATH A1 Z) = (1.368, 0.9)
	ABSOLUTE (IOPATH A2 Z) = (1.282, 0.896)

Annotating to instance g2188__2900 of module AN2D4
	ABSOLUTE (IOPATH A1 Z) = (1.368, 0.899)
	ABSOLUTE (IOPATH A2 Z) = (1.282, 0.896)

Annotating to instance g2283__2391 of module ND2D1
	ABSOLUTE (IOPATH A1 ZN) = (0.164, 0.116)
	ABSOLUTE (IOPATH A2 ZN) = (0.167, 0.094)

Annotating to instance g2219 of module INVD4
	ABSOLUTE (IOPATH I ZN) = (1.484, 1.053)

Annotating to instance g2231__7675 of module AN2D4
	ABSOLUTE (IOPATH A1 Z) = (1.368, 0.899)
	ABSOLUTE (IOPATH A2 Z) = (1.28, 0.903)

Annotating to instance g2242__7118 of module AN2D4
	ABSOLUTE (IOPATH A1 Z) = (1.358, 0.875)
	ABSOLUTE (IOPATH A2 Z) = (1.267, 0.939)

Annotating to instance g2235__8757 of module AN2D4
	ABSOLUTE (IOPATH A1 Z) = (1.368, 0.899)
	ABSOLUTE (IOPATH A2 Z) = (1.28, 0.901)

Annotating to instance g2195__1786 of module AN2D4
	ABSOLUTE (IOPATH A1 Z) = (1.352, 0.863)
	ABSOLUTE (IOPATH A2 Z) = (1.268, 0.939)

Annotating to instance g2243__5953 of module AN2D4
	ABSOLUTE (IOPATH A1 Z) = (1.372, 0.908)
	ABSOLUTE (IOPATH A2 Z) = (1.288, 0.888)

Annotating to instance g2194__5703 of module AN2D4
	ABSOLUTE (IOPATH A1 Z) = (1.368, 0.899)
	ABSOLUTE (IOPATH A2 Z) = (1.284, 0.889)

Annotating to instance g2186__7114 of module AN2D4
	ABSOLUTE (IOPATH A1 Z) = (1.368, 0.9)
	ABSOLUTE (IOPATH A2 Z) = (1.284, 0.889)

Annotating to instance g2236__5266 of module AN2D4
	ABSOLUTE (IOPATH A1 Z) = (1.368, 0.9)
	ABSOLUTE (IOPATH A2 Z) = (1.288, 0.889)

Annotating to instance g2239__2250 of module AN2D4
	ABSOLUTE (IOPATH A1 Z) = (1.368, 0.9)
	ABSOLUTE (IOPATH A2 Z) = (1.288, 0.888)

Annotating to instance g2247__6083 of module OR3D4
	ABSOLUTE (IOPATH A1 Z) = (1.538, 1.139)
	ABSOLUTE (IOPATH A2 Z) = (1.457, 1.162)
	ABSOLUTE (IOPATH A3 Z) = (1.397, 1.074)

Annotating to instance g2206__2703 of module NR2D1
	ABSOLUTE (IOPATH A1 ZN) = (0.548, 0.191)
	ABSOLUTE (IOPATH A2 ZN) = (0.511, 0.224)

Annotating to instance g2205__5795 of module AN2D4
	ABSOLUTE (IOPATH A1 Z) = (1.424, 0.9)
	ABSOLUTE (IOPATH A2 Z) = (1.38, 0.906)

Annotating to instance g2250__7344 of module OR3D4
	ABSOLUTE (IOPATH A1 Z) = (1.521, 1.129)
	ABSOLUTE (IOPATH A2 Z) = (1.437, 1.12)
	ABSOLUTE (IOPATH A3 Z) = (1.416, 1.089)

Annotating to instance g2207__1840 of module AN2D4
	ABSOLUTE (IOPATH A1 Z) = (1.447, 0.913)
	ABSOLUTE (IOPATH A2 Z) = (1.38, 0.906)

Annotating to instance g2277 of module CKND1
	ABSOLUTE (IOPATH I ZN) = (0.308, 0.3)

Annotating to instance g2193__5019 of module AN2D4
	ABSOLUTE (IOPATH A1 Z) = (1.367, 0.899)
	ABSOLUTE (IOPATH A2 Z) = (1.283, 0.895)

Annotating to instance g2234__1857 of module AN2D4
	ABSOLUTE (IOPATH A1 Z) = (1.368, 0.899)
	ABSOLUTE (IOPATH A2 Z) = (1.282, 0.896)

Annotating to instance g2233__9906 of module AN2D4
	ABSOLUTE (IOPATH A1 Z) = (1.368, 0.899)
	ABSOLUTE (IOPATH A2 Z) = (1.282, 0.896)

Annotating to instance g2192__8780 of module AN2D4
	ABSOLUTE (IOPATH A1 Z) = (1.367, 0.899)
	ABSOLUTE (IOPATH A2 Z) = (1.282, 0.895)

Annotating to instance g2184__4296 of module AN2D4
	ABSOLUTE (IOPATH A1 Z) = (1.368, 0.9)
	ABSOLUTE (IOPATH A2 Z) = (1.282, 0.895)

Annotating to instance g2238__3772 of module AN2D4
	ABSOLUTE (IOPATH A1 Z) = (1.368, 0.9)
	ABSOLUTE (IOPATH A2 Z) = (1.28, 0.902)

Annotating to instance g2191__1474 of module AN2D4
	ABSOLUTE (IOPATH A1 Z) = (1.368, 0.9)
	ABSOLUTE (IOPATH A2 Z) = (1.283, 0.894)

Annotating to instance g2189__4547 of module AN2D4
	ABSOLUTE (IOPATH A1 Z) = (1.367, 0.898)
	ABSOLUTE (IOPATH A2 Z) = (1.284, 0.889)

Annotating to instance g2228__9682 of module AN2D4
	ABSOLUTE (IOPATH A1 Z) = (1.367, 0.899)
	ABSOLUTE (IOPATH A2 Z) = (1.288, 0.888)

Annotating to instance g2190__2683 of module AN2D4
	ABSOLUTE (IOPATH A1 Z) = (1.368, 0.9)
	ABSOLUTE (IOPATH A2 Z) = (1.283, 0.895)

Annotating to instance g2237__1309 of module AN2D4
	ABSOLUTE (IOPATH A1 Z) = (1.367, 0.9)
	ABSOLUTE (IOPATH A2 Z) = (1.281, 0.896)

Annotating to instance g2264__6877 of module ND2D1
	ABSOLUTE (IOPATH A1 ZN) = (0.239, 0.13)
	ABSOLUTE (IOPATH A2 ZN) = (0.219, 0.092)

Annotating to instance g2253__2900 of module AN3D4
	ABSOLUTE (IOPATH A1 Z) = (1.51, 0.931)
	ABSOLUTE (IOPATH A2 Z) = (1.458, 0.904)
	ABSOLUTE (IOPATH A3 Z) = (1.441, 0.949)

Annotating to instance g2251__2391 of module OR2D4
	ABSOLUTE (IOPATH A1 Z) = (1.383, 0.947)
	ABSOLUTE (IOPATH A2 Z) = (1.461, 0.957)

Annotating to instance g2203__7675 of module AN2D4
	ABSOLUTE (IOPATH A1 Z) = (1.437, 0.904)
	ABSOLUTE (IOPATH A2 Z) = (1.37, 0.951)

Annotating to instance g2199__7118 of module OR2D4
	ABSOLUTE (IOPATH A1 Z) = (1.39, 0.962)
	ABSOLUTE (IOPATH A2 Z) = (1.463, 0.962)

Annotating to instance g2211__8757 of module OR2D4
	ABSOLUTE (IOPATH A1 Z) = (1.398, 0.97)
	ABSOLUTE (IOPATH A2 Z) = (1.487, 0.983)

Annotating to instance g2268__1786 of module ND2D1
	ABSOLUTE (IOPATH A1 ZN) = (0.235, 0.166)
	ABSOLUTE (IOPATH A2 ZN) = (0.237, 0.131)

Annotating to instance g2252__5953 of module AN3D4
	ABSOLUTE (IOPATH A1 Z) = (1.457, 0.901)
	ABSOLUTE (IOPATH A2 Z) = (1.483, 0.96)
	ABSOLUTE (IOPATH A3 Z) = (1.44, 0.949)

Annotating to instance g2254__5703 of module OR2D4
	ABSOLUTE (IOPATH A1 Z) = (1.386, 0.939)
	ABSOLUTE (IOPATH A2 Z) = (1.492, 0.982)

Annotating to instance g2208__7114 of module AN2D4
	ABSOLUTE (IOPATH A1 Z) = (1.425, 0.902)
	ABSOLUTE (IOPATH A2 Z) = (1.381, 0.961)

Annotating to instance g2259__5266 of module AN2D1
	ABSOLUTE (IOPATH A1 Z) = (0.585, 0.423)
	ABSOLUTE (IOPATH A2 Z) = (0.499, 0.398)

Annotating to instance g2213__2250 of module NR2D1
	ABSOLUTE (IOPATH A1 ZN) = (0.701, 0.252)
	ABSOLUTE (IOPATH A2 ZN) = (0.694, 0.26)

Annotating to instance g2214__6083 of module NR2D1
	ABSOLUTE (IOPATH A1 ZN) = (0.668, 0.242)
	ABSOLUTE (IOPATH A2 ZN) = (0.66, 0.246)

Annotating to instance g2212__2703 of module NR2D1
	ABSOLUTE (IOPATH A1 ZN) = (0.73, 0.261)
	ABSOLUTE (IOPATH A2 ZN) = (0.722, 0.267)

Annotating to instance g2257__5795 of module NR2D1
	ABSOLUTE (IOPATH A1 ZN) = (0.682, 0.239)
	ABSOLUTE (IOPATH A2 ZN) = (0.687, 0.244)

Annotating to instance g2282__7344 of module ND2D1
	ABSOLUTE (IOPATH A1 ZN) = (0.146, 0.122)
	ABSOLUTE (IOPATH A2 ZN) = (0.162, 0.094)

Annotating to instance g2248__1840 of module OR3D4
	ABSOLUTE (IOPATH A1 Z) = (1.545, 1.146)
	ABSOLUTE (IOPATH A2 Z) = (1.465, 1.168)
	ABSOLUTE (IOPATH A3 Z) = (1.405, 1.075)

Annotating to instance g2278 of module INVD1
	ABSOLUTE (IOPATH I ZN) = (0.214, 0.115)

Annotating to instance g2276 of module INVD1
	ABSOLUTE (IOPATH I ZN) = (0.236, 0.103)

Annotating to instance g2261 of module INVD1
	ABSOLUTE (IOPATH I ZN) = (0.284, 0.14)

Annotating to instance g2289__5019 of module ND2D1
	ABSOLUTE (IOPATH A1 ZN) = (0.175, 0.158)
	ABSOLUTE (IOPATH A2 ZN) = (0.296, 0.106)

Annotating to instance g2263 of module CKND1
	ABSOLUTE (IOPATH I ZN) = (0.433, 0.459)

Annotating to instance g2284__1857 of module IND2D1
	ABSOLUTE (IOPATH A1 ZN) = (0.234, 0.277)
	ABSOLUTE (IOPATH B1 ZN) = (0.155, 0.132)

Annotating to instance g2290__9906 of module NR2D1
	ABSOLUTE (IOPATH A1 ZN) = (0.584, 0.197)
	ABSOLUTE (IOPATH A2 ZN) = (0.492, 0.216)

Annotating to instance g2291__8780 of module ND2D1
	ABSOLUTE (IOPATH A1 ZN) = (0.211, 0.213)
	ABSOLUTE (IOPATH A2 ZN) = (0.239, 0.169)

Annotating to instance g2288__4296 of module NR2D1
	ABSOLUTE (IOPATH A1 ZN) = (0.744, 0.265)
	ABSOLUTE (IOPATH A2 ZN) = (0.753, 0.292)

Annotating to instance g2285__3772 of module NR2D1
	ABSOLUTE (IOPATH A1 ZN) = (0.823, 0.28)
	ABSOLUTE (IOPATH A2 ZN) = (0.832, 0.307)

Annotating to instance g2293__1474 of module NR2D1
	ABSOLUTE (IOPATH A1 ZN) = (0.847, 0.289)
	ABSOLUTE (IOPATH A2 ZN) = (0.854, 0.31)

Annotating to instance g2292__4547 of module NR2D1
	ABSOLUTE (IOPATH A1 ZN) = (0.862, 0.301)
	ABSOLUTE (IOPATH A2 ZN) = (0.868, 0.322)

Annotating to instance g2274__9682 of module INR2D1
	ABSOLUTE (IOPATH A1 ZN) = (1.092, 0.63)
	ABSOLUTE (IOPATH B1 ZN) = (1.095, 0.385)

Annotating to instance g2275__2683 of module INR2D1
	ABSOLUTE (IOPATH A1 ZN) = (1.086, 0.625)
	ABSOLUTE (IOPATH B1 ZN) = (1.088, 0.383)

Annotating to instance g2273__1309 of module INR2D1
	ABSOLUTE (IOPATH A1 ZN) = (1.098, 0.63)
	ABSOLUTE (IOPATH B1 ZN) = (1.099, 0.387)

Annotating to instance g2265__6877 of module ND2D1
	ABSOLUTE (IOPATH A1 ZN) = (0.146, 0.122)
	ABSOLUTE (IOPATH A2 ZN) = (0.28, 0.066)

Annotating to instance g2270__2900 of module ND2D1
	ABSOLUTE (IOPATH A1 ZN) = (0.157, 0.158)
	ABSOLUTE (IOPATH A2 ZN) = (0.201, 0.131)

Annotating to instance g2267__2391 of module ND2D1
	ABSOLUTE (IOPATH A1 ZN) = (0.223, 0.167)
	ABSOLUTE (IOPATH A2 ZN) = (0.389, 0.041)

Annotating to instance g2266__7675 of module IND2D1
	ABSOLUTE (IOPATH A1 ZN) = (0.286, 0.323)
	ABSOLUTE (IOPATH B1 ZN) = (0.264, 0.213)

Annotating to instance g2287__7118 of module INR2D0
	ABSOLUTE (IOPATH A1 ZN) = (0.799, 0.455)
	ABSOLUTE (IOPATH B1 ZN) = (0.763, 0.277)

Annotating to instance g2307 of module CKND1
	ABSOLUTE (IOPATH I ZN) = (0.262, 0.258)

Annotating to instance g2308 of module CKND1
	ABSOLUTE (IOPATH I ZN) = (0.355, 0.342)

Annotating to instance g2269__8757 of module NR2D1
	ABSOLUTE (IOPATH A1 ZN) = (0.792, 0.282)
	ABSOLUTE (IOPATH A2 ZN) = (0.799, 0.306)

Annotating to instance g2286__1786 of module AN2D1
	ABSOLUTE (IOPATH A1 Z) = (0.589, 0.41)
	ABSOLUTE (IOPATH A2 Z) = (0.565, 0.45)

Annotating to instance g2272__5953 of module NR2D1
	ABSOLUTE (IOPATH A1 ZN) = (0.811, 0.288)
	ABSOLUTE (IOPATH A2 ZN) = (0.815, 0.306)

Annotating to instance g2294__5703 of module INR2D1
	ABSOLUTE (IOPATH A1 ZN) = (1.225, 0.647)
	ABSOLUTE (IOPATH B1 ZN) = (1.173, 0.41)

Annotating to instance g2296 of module INVD1
	ABSOLUTE (IOPATH I ZN) = (0.168, 0.112)

Annotating to instance g2295 of module INVD1
	ABSOLUTE (IOPATH I ZN) = (0.317, 0.189)

Annotating to instance g2309 of module CKND1
	ABSOLUTE (IOPATH I ZN) = (0.348, 0.31)

Annotating to instance g2315__7114 of module ND2D1
	ABSOLUTE (IOPATH A1 ZN) = (0.234, 0.184)
	ABSOLUTE (IOPATH A2 ZN) = (0.237, 0.131)

Annotating to instance g2316__5266 of module ND2D1
	ABSOLUTE (IOPATH A1 ZN) = (0.277, 0.204)
	ABSOLUTE (IOPATH A2 ZN) = (0.261, 0.136)

Annotating to instance g2298__2250 of module ND2D1
	ABSOLUTE (IOPATH A1 ZN) = (0.211, 0.184)
	ABSOLUTE (IOPATH A2 ZN) = (0.225, 0.162)

Annotating to instance g2297__6083 of module IND2D1
	ABSOLUTE (IOPATH A1 ZN) = (0.285, 0.302)
	ABSOLUTE (IOPATH B1 ZN) = (0.2, 0.175)

Annotating to instance g2310__2703 of module NR2D1
	ABSOLUTE (IOPATH A1 ZN) = (0.273, 0.109)
	ABSOLUTE (IOPATH A2 ZN) = (0.279, 0.122)

Annotating to instance g2299__5795 of module IND2D1
	ABSOLUTE (IOPATH A1 ZN) = (0.291, 0.309)
	ABSOLUTE (IOPATH B1 ZN) = (0.201, 0.174)

Annotating to instance g2314__7344 of module AN2D1
	ABSOLUTE (IOPATH A1 Z) = (0.502, 0.402)
	ABSOLUTE (IOPATH A2 Z) = (0.445, 0.401)

Annotating to instance g2313__1840 of module AN2D1
	ABSOLUTE (IOPATH A1 Z) = (0.519, 0.438)
	ABSOLUTE (IOPATH A2 Z) = (0.442, 0.408)

Annotating to instance g2302__5019 of module ND2D1
	ABSOLUTE (IOPATH A1 ZN) = (0.277, 0.234)
	ABSOLUTE (IOPATH A2 ZN) = (0.336, 0.239)

Annotating to instance g2300__1857 of module NR2D1
	ABSOLUTE (IOPATH A1 ZN) = (0.55, 0.211)
	ABSOLUTE (IOPATH A2 ZN) = (0.567, 0.228)

Annotating to instance g2318__9906 of module INR2D1
	ABSOLUTE (IOPATH A1 ZN) = (1.363, 0.585)
	ABSOLUTE (IOPATH B1 ZN) = (1.268, 0.428)

Annotating to instance g2303__8780 of module ND2D1
	ABSOLUTE (IOPATH A1 ZN) = (0.221, 0.183)
	ABSOLUTE (IOPATH A2 ZN) = (0.239, 0.136)

Annotating to instance g2304__4296 of module NR2D1
	ABSOLUTE (IOPATH A1 ZN) = (0.354, 0.131)
	ABSOLUTE (IOPATH A2 ZN) = (0.374, 0.152)

Annotating to instance g2312__3772 of module NR2D1
	ABSOLUTE (IOPATH A1 ZN) = (0.695, 0.279)
	ABSOLUTE (IOPATH A2 ZN) = (0.847, 0.29)

Annotating to instance g2317__1474 of module ND2D1
	ABSOLUTE (IOPATH A1 ZN) = (0.354, 0.326)
	ABSOLUTE (IOPATH A2 ZN) = (0.542, 0.235)

Annotating to instance g2311__4547 of module IND2D1
	ABSOLUTE (IOPATH A1 ZN) = (0.318, 0.364)
	ABSOLUTE (IOPATH B1 ZN) = (0.251, 0.221)

Annotating to instance controller1_state_reg[2] of module DFKCNQD1
	ABSOLUTE (IOPATH CP Q) = (0.635, 0.633)
	TIMINGCHECK (SETUPHOLD (posedge D) (posedge CP) (0.103) (-0.05))
	TIMINGCHECK (SETUPHOLD (negedge D) (posedge CP) (0.056) (0.064))
	TIMINGCHECK (WIDTH (posedge CP) (0.619))
	TIMINGCHECK (WIDTH (negedge CP) (0.711))
	TIMINGCHECK (SETUPHOLD (posedge CN) (posedge CP) (0.091) (-0.039))
	TIMINGCHECK (SETUPHOLD (negedge CN) (posedge CP) (0.223) (-0.043))

Annotating to instance g2306__9682 of module INR2D1
	ABSOLUTE (IOPATH A1 ZN) = (1.372, 0.586)
	ABSOLUTE (IOPATH B1 ZN) = (1.277, 0.429)

Annotating to instance g2319__2683 of module NR2D1
	ABSOLUTE (IOPATH A1 ZN) = (1.276, 0.431)
	ABSOLUTE (IOPATH A2 ZN) = (1.283, 0.44)

Annotating to instance g2305__1309 of module AN2D1
	ABSOLUTE (IOPATH A1 Z) = (0.837, 0.571)
	ABSOLUTE (IOPATH A2 Z) = (0.822, 0.594)

Annotating to instance g2326 of module INVD1
	ABSOLUTE (IOPATH I ZN) = (0.535, 0.355)

Annotating to instance controller1_state_reg[0] of module DFKCNQD1
	ABSOLUTE (IOPATH CP Q) = (0.586, 0.603)
	TIMINGCHECK (SETUPHOLD (posedge D) (posedge CP) (0.104) (-0.05))
	TIMINGCHECK (SETUPHOLD (negedge D) (posedge CP) (0.057) (0.064))
	TIMINGCHECK (WIDTH (posedge CP) (0.619))
	TIMINGCHECK (WIDTH (negedge CP) (0.711))
	TIMINGCHECK (SETUPHOLD (posedge CN) (posedge CP) (0.091) (-0.039))
	TIMINGCHECK (SETUPHOLD (negedge CN) (posedge CP) (0.223) (-0.043))

Annotating to instance g2325 of module INVD1
	ABSOLUTE (IOPATH I ZN) = (0.278, 0.182)

Annotating to instance controller1_Y_ADDRESS_CON_DEC_reg[0] of module LHQD1
	ABSOLUTE (IOPATH D Q) = (0.277, 0.399)
	ABSOLUTE (IOPATH E Q) = (0.481, 0.391)
	TIMINGCHECK (WIDTH (posedge E) (0.339))
	TIMINGCHECK (SETUPHOLD (posedge D) (negedge E) (-0.1) (0.159))
	TIMINGCHECK (SETUPHOLD (negedge D) (negedge E) (0.196) (-0.102))

Annotating to instance controller1_Y_ADDRESS_CON_DEC_reg[5] of module LHQD1
	ABSOLUTE (IOPATH D Q) = (0.329, 0.438)
	ABSOLUTE (IOPATH E Q) = (0.534, 0.43)
	TIMINGCHECK (WIDTH (posedge E) (0.339))
	TIMINGCHECK (SETUPHOLD (posedge D) (negedge E) (-0.1) (0.159))
	TIMINGCHECK (SETUPHOLD (negedge D) (negedge E) (0.196) (-0.102))

Annotating to instance controller1_Y_ADDRESS_CON_DEC_reg[3] of module LHQD1
	ABSOLUTE (IOPATH D Q) = (0.327, 0.439)
	ABSOLUTE (IOPATH E Q) = (0.531, 0.43)
	TIMINGCHECK (WIDTH (posedge E) (0.339))
	TIMINGCHECK (SETUPHOLD (posedge D) (negedge E) (-0.1) (0.159))
	TIMINGCHECK (SETUPHOLD (negedge D) (negedge E) (0.196) (-0.102))

Annotating to instance controller1_X_ADDRESS_CON_DEC_reg[0] of module LHD1
	ABSOLUTE (IOPATH D QN) = (0.926, 0.617)
	ABSOLUTE (IOPATH D Q) = (0.187, 0.315)
	ABSOLUTE (IOPATH E QN) = (0.919, 0.823)
	ABSOLUTE (IOPATH E Q) = (0.392, 0.311)
	TIMINGCHECK (WIDTH (posedge E) (0.352))
	TIMINGCHECK (SETUPHOLD (posedge D) (negedge E) (-0.105) (0.159))
	TIMINGCHECK (SETUPHOLD (negedge D) (negedge E) (0.228) (-0.102))

Annotating to instance controller1_X_ADDRESS_CON_DEC_reg[3] of module LHD1
	ABSOLUTE (IOPATH D QN) = (1.121, 0.73)
	ABSOLUTE (IOPATH D Q) = (0.187, 0.315)
	ABSOLUTE (IOPATH E QN) = (1.114, 0.937)
	ABSOLUTE (IOPATH E Q) = (0.392, 0.311)
	TIMINGCHECK (WIDTH (posedge E) (0.352))
	TIMINGCHECK (SETUPHOLD (posedge D) (negedge E) (-0.105) (0.159))
	TIMINGCHECK (SETUPHOLD (negedge D) (negedge E) (0.228) (-0.102))

Annotating to instance g2334 of module INVD1
	ABSOLUTE (IOPATH I ZN) = (0.276, 0.174)

Annotating to instance controller1_Y_ADDRESS_CON_DEC_reg[1] of module LHQD1
	ABSOLUTE (IOPATH D Q) = (0.333, 0.443)
	ABSOLUTE (IOPATH E Q) = (0.537, 0.434)
	TIMINGCHECK (WIDTH (posedge E) (0.339))
	TIMINGCHECK (SETUPHOLD (posedge D) (negedge E) (-0.1) (0.159))
	TIMINGCHECK (SETUPHOLD (negedge D) (negedge E) (0.196) (-0.102))

Annotating to instance controller1_Y_ADDRESS_CON_DEC_reg[4] of module LHQD1
	ABSOLUTE (IOPATH D Q) = (0.317, 0.43)
	ABSOLUTE (IOPATH E Q) = (0.522, 0.421)
	TIMINGCHECK (WIDTH (posedge E) (0.339))
	TIMINGCHECK (SETUPHOLD (posedge D) (negedge E) (-0.1) (0.159))
	TIMINGCHECK (SETUPHOLD (negedge D) (negedge E) (0.196) (-0.102))

Annotating to instance controller1_Y_ADDRESS_CON_DEC_reg[2] of module LHQD1
	ABSOLUTE (IOPATH D Q) = (0.391, 0.485)
	ABSOLUTE (IOPATH E Q) = (0.595, 0.476)
	TIMINGCHECK (WIDTH (posedge E) (0.339))
	TIMINGCHECK (SETUPHOLD (posedge D) (negedge E) (-0.1) (0.159))
	TIMINGCHECK (SETUPHOLD (negedge D) (negedge E) (0.196) (-0.102))

Annotating to instance controller1_X_ADDRESS_CON_DEC_reg[2] of module LHQD1
	ABSOLUTE (IOPATH D Q) = (0.523, 0.571)
	ABSOLUTE (IOPATH E Q) = (0.728, 0.561)
	TIMINGCHECK (WIDTH (posedge E) (0.339))
	TIMINGCHECK (SETUPHOLD (posedge D) (negedge E) (-0.1) (0.159))
	TIMINGCHECK (SETUPHOLD (negedge D) (negedge E) (0.196) (-0.102))

Annotating to instance controller1_X_ADDRESS_CON_DEC_reg[1] of module LHQD1
	ABSOLUTE (IOPATH D Q) = (0.532, 0.576)
	ABSOLUTE (IOPATH E Q) = (0.738, 0.567)
	TIMINGCHECK (WIDTH (posedge E) (0.339))
	TIMINGCHECK (SETUPHOLD (posedge D) (negedge E) (-0.1) (0.159))
	TIMINGCHECK (SETUPHOLD (negedge D) (negedge E) (0.196) (-0.102))

Annotating to instance controller1_nstate_reg[2] of module LHQD1
	ABSOLUTE (IOPATH D Q) = (0.255, 0.328)
	ABSOLUTE (IOPATH E Q) = (0.476, 0.385)
	TIMINGCHECK (WIDTH (posedge E) (0.436))
	TIMINGCHECK (SETUPHOLD (posedge D) (negedge E) (-0.144) (0.184))
	TIMINGCHECK (SETUPHOLD (negedge D) (negedge E) (0.118) (-0.024))

Annotating to instance g2333 of module INVD2
	ABSOLUTE (IOPATH I ZN) = (1.317, 0.893)

Annotating to instance controller1_P_ADDRESS_EN_reg of module LHQD1
	ABSOLUTE (IOPATH D Q) = (0.48, 0.482)
	ABSOLUTE (IOPATH E Q) = (0.706, 0.551)
	TIMINGCHECK (WIDTH (posedge E) (0.436))
	TIMINGCHECK (SETUPHOLD (posedge D) (negedge E) (-0.134) (0.169))
	TIMINGCHECK (SETUPHOLD (negedge D) (negedge E) (0.106) (-0.025))

Annotating to instance controller1_nstate_reg[0] of module LHQD1
	ABSOLUTE (IOPATH D Q) = (0.255, 0.325)
	ABSOLUTE (IOPATH E Q) = (0.476, 0.387)
	TIMINGCHECK (WIDTH (posedge E) (0.436))
	TIMINGCHECK (SETUPHOLD (posedge D) (negedge E) (-0.147) (0.18))
	TIMINGCHECK (SETUPHOLD (negedge D) (negedge E) (0.115) (-0.028))

Annotating to instance controller1_DVLP_reg of module LHQD4
	ABSOLUTE (IOPATH D Q) = (1.562, 1.236)
	ABSOLUTE (IOPATH E Q) = (1.787, 1.297)
	TIMINGCHECK (WIDTH (posedge E) (0.457))
	TIMINGCHECK (SETUPHOLD (posedge D) (negedge E) (-0.034) (0.09))
	TIMINGCHECK (SETUPHOLD (negedge D) (negedge E) (0.283) (-0.112))

Annotating to instance controller1_N_ADDRESS_EN_reg of module LHQD2
	ABSOLUTE (IOPATH D Q) = (1.315, 1.008)
	ABSOLUTE (IOPATH E Q) = (1.543, 1.082)
	TIMINGCHECK (WIDTH (posedge E) (0.443))
	TIMINGCHECK (SETUPHOLD (posedge D) (negedge E) (-0.104) (0.14))
	TIMINGCHECK (SETUPHOLD (negedge D) (negedge E) (0.151) (-0.043))

Annotating to instance controller1_EN_SA_reg of module LHQD1
	ABSOLUTE (IOPATH D Q) = (0.529, 0.51)
	ABSOLUTE (IOPATH E Q) = (0.754, 0.581)
	TIMINGCHECK (WIDTH (posedge E) (0.436))
	TIMINGCHECK (SETUPHOLD (posedge D) (negedge E) (-0.134) (0.171))
	TIMINGCHECK (SETUPHOLD (negedge D) (negedge E) (0.103) (-0.022))

Annotating to instance controller1_READ_reg of module LHQD1
	ABSOLUTE (IOPATH D Q) = (0.537, 0.513)
	ABSOLUTE (IOPATH E Q) = (0.763, 0.586)
	TIMINGCHECK (WIDTH (posedge E) (0.436))
	TIMINGCHECK (SETUPHOLD (posedge D) (negedge E) (-0.133) (0.168))
	TIMINGCHECK (SETUPHOLD (negedge D) (negedge E) (0.1) (-0.02))

Annotating to instance controller1_PRE_reg of module LHQD1
	ABSOLUTE (IOPATH D Q) = (0.533, 0.514)
	ABSOLUTE (IOPATH E Q) = (0.758, 0.583)
	TIMINGCHECK (WIDTH (posedge E) (0.436))
	TIMINGCHECK (SETUPHOLD (posedge D) (negedge E) (-0.136) (0.173))
	TIMINGCHECK (SETUPHOLD (negedge D) (negedge E) (0.105) (-0.025))

Annotating to instance g2343__6877 of module AO21D4
	ABSOLUTE (IOPATH A1 Z) = (0.306, 0.331)
	ABSOLUTE (IOPATH A2 Z) = (0.275, 0.421)
	ABSOLUTE (IOPATH B Z) = (0.275, 0.385)
	ABSOLUTE (COND ((A1==0)&&(A2==0)) (IOPATH B Z)) = (0.275, 0.385)
	ABSOLUTE (COND ((A1==0)&&(A2==1)) (IOPATH B Z)) = (0.275, 0.385)
	ABSOLUTE (COND ((A1==1)&&(A2==0)) (IOPATH B Z)) = (0.275, 0.385)

Annotating to instance g2340__2900 of module NR3D0
	ABSOLUTE (IOPATH A1 ZN) = (0.23, 0.122)
	ABSOLUTE (IOPATH A2 ZN) = (0.321, 0.182)
	ABSOLUTE (IOPATH A3 ZN) = (0.306, 0.188)

Annotating to instance g2345__2391 of module OR2D1
	ABSOLUTE (IOPATH A1 Z) = (0.21, 0.307)
	ABSOLUTE (IOPATH A2 Z) = (0.227, 0.342)

Annotating to instance g2346__7675 of module INR2D2
	ABSOLUTE (IOPATH A1 ZN) = (0.345, 0.26)
	ABSOLUTE (IOPATH B1 ZN) = (0.258, 0.097)

Annotating to instance g2344__7118 of module CKND2D2
	ABSOLUTE (IOPATH A1 ZN) = (0.227, 0.236)
	ABSOLUTE (IOPATH A2 ZN) = (0.26, 0.26)

Annotating to instance g2348__8757 of module AOI21D1
	ABSOLUTE (IOPATH A1 ZN) = (0.283, 0.138)
	ABSOLUTE (IOPATH A2 ZN) = (0.303, 0.113)
	ABSOLUTE (IOPATH B ZN) = (0.285, 0.123)
	ABSOLUTE (COND ((A1==0)&&(A2==0)) (IOPATH B ZN)) = (0.285, 0.123)
	ABSOLUTE (COND ((A1==0)&&(A2==1)) (IOPATH B ZN)) = (0.285, 0.123)
	ABSOLUTE (COND ((A1==1)&&(A2==0)) (IOPATH B ZN)) = (0.285, 0.123)

Annotating to instance g2347__1786 of module AOI21D1
	ABSOLUTE (IOPATH A1 ZN) = (0.257, 0.138)
	ABSOLUTE (IOPATH A2 ZN) = (0.345, 0.129)
	ABSOLUTE (IOPATH B ZN) = (0.345, 0.141)
	ABSOLUTE (COND ((A1==0)&&(A2==0)) (IOPATH B ZN)) = (0.345, 0.141)
	ABSOLUTE (COND ((A1==0)&&(A2==1)) (IOPATH B ZN)) = (0.345, 0.141)
	ABSOLUTE (COND ((A1==1)&&(A2==0)) (IOPATH B ZN)) = (0.345, 0.141)

Annotating to instance g2350__5953 of module NR2D2
	ABSOLUTE (IOPATH A1 ZN) = (0.195, 0.08)
	ABSOLUTE (IOPATH A2 ZN) = (0.217, 0.097)

Annotating to instance g2351__5703 of module AN2D1
	ABSOLUTE (IOPATH A1 Z) = (0.294, 0.225)
	ABSOLUTE (IOPATH A2 Z) = (0.264, 0.303)

Annotating to instance controller1_state_reg[1] of module DFKCNQD1
	ABSOLUTE (IOPATH CP Q) = (0.57, 0.594)
	TIMINGCHECK (SETUPHOLD (posedge D) (posedge CP) (0.117) (-0.009))
	TIMINGCHECK (SETUPHOLD (negedge D) (posedge CP) (0.236) (-0.032))
	TIMINGCHECK (WIDTH (posedge CP) (0.619))
	TIMINGCHECK (WIDTH (negedge CP) (0.711))
	TIMINGCHECK (SETUPHOLD (posedge CN) (posedge CP) (0.091) (-0.039))
	TIMINGCHECK (SETUPHOLD (negedge CN) (posedge CP) (0.223) (-0.043))

Annotating to instance g2354__7114 of module IND2D1
	ABSOLUTE (IOPATH A1 ZN) = (0.209, 0.233)
	ABSOLUTE (IOPATH B1 ZN) = (0.197, 0.126)

Annotating to instance g2355__5266 of module IND2D2
	ABSOLUTE (IOPATH A1 ZN) = (0.204, 0.261)
	ABSOLUTE (IOPATH B1 ZN) = (0.166, 0.094)

Annotating to instance g2356__2250 of module INR2D1
	ABSOLUTE (IOPATH A1 ZN) = (0.395, 0.265)
	ABSOLUTE (IOPATH B1 ZN) = (0.306, 0.125)

Annotating to instance g2357 of module INVD1
	ABSOLUTE (IOPATH I ZN) = (0.306, 0.16)

Annotating to instance g2358 of module INVD4
	ABSOLUTE (IOPATH I ZN) = (1.518, 1.074)

Annotating to instance g2 of module IND2D4
	ABSOLUTE (IOPATH A1 ZN) = (1.359, 1.291)
	ABSOLUTE (IOPATH B1 ZN) = (1.306, 1.174)

Annotating to instance g2383 of module INR2D0
	ABSOLUTE (IOPATH A1 ZN) = (1.202, 0.505)
	ABSOLUTE (IOPATH B1 ZN) = (1.144, 0.396)

Annotating to instance g2384 of module INR2D0
	ABSOLUTE (IOPATH A1 ZN) = (1.261, 0.597)
	ABSOLUTE (IOPATH B1 ZN) = (1.234, 0.414)

Annotating to instance g2385 of module INR2D0
	ABSOLUTE (IOPATH A1 ZN) = (1.299, 0.618)
	ABSOLUTE (IOPATH B1 ZN) = (1.279, 0.428)
ABSOLUTE PORT: TB_TOP_64_64_4.TOP.CONTROLLER.CTS_ccl_a_buf_00030.I = (0)
ABSOLUTE PORT: TB_TOP_64_64_4.TOP.CONTROLLER.g2355__5266.A1 = (0)
ABSOLUTE PORT: TB_TOP_64_64_4.TOP.CONTROLLER.g2355__5266.B1 = (0)
ABSOLUTE PORT: TB_TOP_64_64_4.TOP.CONTROLLER.g2345__2391.A2 = (0)
ABSOLUTE PORT: TB_TOP_64_64_4.TOP.CONTROLLER.g2345__2391.A1 = (0)
ABSOLUTE PORT: TB_TOP_64_64_4.TOP.CONTROLLER.CTS_ccl_a_buf_00024.I = (0)
ABSOLUTE PORT: TB_TOP_64_64_4.TOP.CONTROLLER.g2344__7118.A2 = (0)
ABSOLUTE PORT: TB_TOP_64_64_4.TOP.CONTROLLER.g2344__7118.A1 = (0)
ABSOLUTE PORT: TB_TOP_64_64_4.TOP.CONTROLLER.CTS_ccl_a_buf_00018.I = (0)
ABSOLUTE PORT: TB_TOP_64_64_4.TOP.CONTROLLER.g2347__1786.B = (0)
ABSOLUTE PORT: TB_TOP_64_64_4.TOP.CONTROLLER.g2347__1786.A2 = (0)
ABSOLUTE PORT: TB_TOP_64_64_4.TOP.CONTROLLER.g2347__1786.A1 = (0)
ABSOLUTE PORT: TB_TOP_64_64_4.TOP.CONTROLLER.g2348__8757.A2 = (0)
ABSOLUTE PORT: TB_TOP_64_64_4.TOP.CONTROLLER.g2348__8757.A1 = (0)
ABSOLUTE PORT: TB_TOP_64_64_4.TOP.CONTROLLER.g2348__8757.B = (0)
ABSOLUTE PORT: TB_TOP_64_64_4.TOP.CONTROLLER.CTS_ccl_a_buf_00015.I = (0)
ABSOLUTE PORT: TB_TOP_64_64_4.TOP.CONTROLLER.g2351__5703.A2 = (0)
ABSOLUTE PORT: TB_TOP_64_64_4.TOP.CONTROLLER.g2351__5703.A1 = (0)
ABSOLUTE PORT: TB_TOP_64_64_4.TOP.CONTROLLER.CTS_cse_buf_00001.I = (0)
ABSOLUTE PORT: TB_TOP_64_64_4.TOP.CONTROLLER.g2349.I = (0)
ABSOLUTE PORT: TB_TOP_64_64_4.TOP.CONTROLLER.g2346__7675.B1 = (0)
ABSOLUTE PORT: TB_TOP_64_64_4.TOP.CONTROLLER.g2346__7675.A1 = (0)
ABSOLUTE PORT: TB_TOP_64_64_4.TOP.CONTROLLER.CTS_ccl_a_buf_00006.I = (0)
ABSOLUTE PORT: TB_TOP_64_64_4.TOP.CONTROLLER.CTS_ccl_a_buf_00009.I = (0)
ABSOLUTE PORT: TB_TOP_64_64_4.TOP.CONTROLLER.g2340__2900.A3 = (0)
ABSOLUTE PORT: TB_TOP_64_64_4.TOP.CONTROLLER.g2340__2900.A2 = (0)
ABSOLUTE PORT: TB_TOP_64_64_4.TOP.CONTROLLER.g2340__2900.A1 = (0)
ABSOLUTE PORT: TB_TOP_64_64_4.TOP.CONTROLLER.CTS_cse_buf_00002.I = (0)
ABSOLUTE PORT: TB_TOP_64_64_4.TOP.CONTROLLER.g2352.I = (0)
ABSOLUTE PORT: TB_TOP_64_64_4.TOP.CONTROLLER.g2343__6877.A2 = (0)
ABSOLUTE PORT: TB_TOP_64_64_4.TOP.CONTROLLER.g2343__6877.A1 = (0)
ABSOLUTE PORT: TB_TOP_64_64_4.TOP.CONTROLLER.g2343__6877.B = (0)
ABSOLUTE PORT: TB_TOP_64_64_4.TOP.CONTROLLER.CTS_cse_buf_00003.I = (0)
ABSOLUTE PORT: TB_TOP_64_64_4.TOP.CONTROLLER.controller1_N_ADDRESS_EN_reg.D = (0)
ABSOLUTE PORT: TB_TOP_64_64_4.TOP.CONTROLLER.controller1_N_ADDRESS_EN_reg.E = (0)
ABSOLUTE PORT: TB_TOP_64_64_4.TOP.CONTROLLER.controller1_READ_reg.D = (0)
ABSOLUTE PORT: TB_TOP_64_64_4.TOP.CONTROLLER.controller1_READ_reg.E = (0)
ABSOLUTE PORT: TB_TOP_64_64_4.TOP.CONTROLLER.controller1_PRE_reg.D = (0)
ABSOLUTE PORT: TB_TOP_64_64_4.TOP.CONTROLLER.controller1_PRE_reg.E = (0)
ABSOLUTE PORT: TB_TOP_64_64_4.TOP.CONTROLLER.g2354__7114.B1 = (0)
ABSOLUTE PORT: TB_TOP_64_64_4.TOP.CONTROLLER.g2354__7114.A1 = (0)
ABSOLUTE PORT: TB_TOP_64_64_4.TOP.CONTROLLER.\controller1_state_reg[2] .CP = (0)
ABSOLUTE PORT: TB_TOP_64_64_4.TOP.CONTROLLER.\controller1_state_reg[2] .D = (0)
ABSOLUTE PORT: TB_TOP_64_64_4.TOP.CONTROLLER.\controller1_state_reg[2] .CN = (0)
ABSOLUTE PORT: TB_TOP_64_64_4.TOP.CONTROLLER.\controller1_state_reg[1] .CP = (0)
ABSOLUTE PORT: TB_TOP_64_64_4.TOP.CONTROLLER.\controller1_state_reg[1] .D = (0.01)
ABSOLUTE PORT: TB_TOP_64_64_4.TOP.CONTROLLER.\controller1_state_reg[1] .CN = (0)
ABSOLUTE PORT: TB_TOP_64_64_4.TOP.CONTROLLER.\controller1_state_reg[0] .CP = (0)
ABSOLUTE PORT: TB_TOP_64_64_4.TOP.CONTROLLER.\controller1_state_reg[0] .D = (0)
ABSOLUTE PORT: TB_TOP_64_64_4.TOP.CONTROLLER.\controller1_state_reg[0] .CN = (0)
ABSOLUTE PORT: TB_TOP_64_64_4.TOP.CONTROLLER.g2357.I = (0)
ABSOLUTE PORT: TB_TOP_64_64_4.TOP.CONTROLLER.\controller1_X_ADDRESS_CON_DEC_reg[3] .D = (0)
ABSOLUTE PORT: TB_TOP_64_64_4.TOP.CONTROLLER.\controller1_X_ADDRESS_CON_DEC_reg[3] .E = (0)
ABSOLUTE PORT: TB_TOP_64_64_4.TOP.CONTROLLER.\controller1_X_ADDRESS_CON_DEC_reg[2] .D = (0)
ABSOLUTE PORT: TB_TOP_64_64_4.TOP.CONTROLLER.\controller1_X_ADDRESS_CON_DEC_reg[2] .E = (0)
ABSOLUTE PORT: TB_TOP_64_64_4.TOP.CONTROLLER.\controller1_X_ADDRESS_CON_DEC_reg[1] .D = (0)
ABSOLUTE PORT: TB_TOP_64_64_4.TOP.CONTROLLER.\controller1_X_ADDRESS_CON_DEC_reg[1] .E = (0)
ABSOLUTE PORT: TB_TOP_64_64_4.TOP.CONTROLLER.\controller1_X_ADDRESS_CON_DEC_reg[0] .D = (0)
ABSOLUTE PORT: TB_TOP_64_64_4.TOP.CONTROLLER.\controller1_X_ADDRESS_CON_DEC_reg[0] .E = (0)
ABSOLUTE PORT: TB_TOP_64_64_4.TOP.CONTROLLER.\controller1_Y_ADDRESS_CON_DEC_reg[5] .D = (0)
ABSOLUTE PORT: TB_TOP_64_64_4.TOP.CONTROLLER.\controller1_Y_ADDRESS_CON_DEC_reg[5] .E = (0)
ABSOLUTE PORT: TB_TOP_64_64_4.TOP.CONTROLLER.\controller1_Y_ADDRESS_CON_DEC_reg[4] .D = (0)
ABSOLUTE PORT: TB_TOP_64_64_4.TOP.CONTROLLER.\controller1_Y_ADDRESS_CON_DEC_reg[4] .E = (0)
ABSOLUTE PORT: TB_TOP_64_64_4.TOP.CONTROLLER.\controller1_Y_ADDRESS_CON_DEC_reg[3] .D = (0)
ABSOLUTE PORT: TB_TOP_64_64_4.TOP.CONTROLLER.\controller1_Y_ADDRESS_CON_DEC_reg[3] .E = (0)
ABSOLUTE PORT: TB_TOP_64_64_4.TOP.CONTROLLER.\controller1_Y_ADDRESS_CON_DEC_reg[2] .D = (0)
ABSOLUTE PORT: TB_TOP_64_64_4.TOP.CONTROLLER.\controller1_Y_ADDRESS_CON_DEC_reg[2] .E = (0)
ABSOLUTE PORT: TB_TOP_64_64_4.TOP.CONTROLLER.\controller1_Y_ADDRESS_CON_DEC_reg[1] .D = (0)
ABSOLUTE PORT: TB_TOP_64_64_4.TOP.CONTROLLER.\controller1_Y_ADDRESS_CON_DEC_reg[1] .E = (0)
ABSOLUTE PORT: TB_TOP_64_64_4.TOP.CONTROLLER.\controller1_Y_ADDRESS_CON_DEC_reg[0] .D = (0)
ABSOLUTE PORT: TB_TOP_64_64_4.TOP.CONTROLLER.\controller1_Y_ADDRESS_CON_DEC_reg[0] .E = (0)
ABSOLUTE PORT: TB_TOP_64_64_4.TOP.CONTROLLER.g2253__2900.A3 = (0)
ABSOLUTE PORT: TB_TOP_64_64_4.TOP.CONTROLLER.g2253__2900.A1 = (0)
ABSOLUTE PORT: TB_TOP_64_64_4.TOP.CONTROLLER.g2253__2900.A2 = (0)
ABSOLUTE PORT: TB_TOP_64_64_4.TOP.CONTROLLER.g2224.I = (0.01)
ABSOLUTE PORT: TB_TOP_64_64_4.TOP.CONTROLLER.P_EN[15] = (0)
ABSOLUTE PORT: TB_TOP_64_64_4.TOP.CONTROLLER.g2226.I = (0.02)
ABSOLUTE PORT: TB_TOP_64_64_4.TOP.CONTROLLER.P_EN[14] = (0)
ABSOLUTE PORT: TB_TOP_64_64_4.TOP.CONTROLLER.g2183.I = (0.02)
ABSOLUTE PORT: TB_TOP_64_64_4.TOP.CONTROLLER.P_EN[13] = (0)
ABSOLUTE PORT: TB_TOP_64_64_4.TOP.CONTROLLER.g2146.I = (0.02)
ABSOLUTE PORT: TB_TOP_64_64_4.TOP.CONTROLLER.P_EN[12] = (0)
ABSOLUTE PORT: TB_TOP_64_64_4.TOP.CONTROLLER.g2252__5953.A3 = (0)
ABSOLUTE PORT: TB_TOP_64_64_4.TOP.CONTROLLER.g2252__5953.A2 = (0)
ABSOLUTE PORT: TB_TOP_64_64_4.TOP.CONTROLLER.g2252__5953.A1 = (0)
ABSOLUTE PORT: TB_TOP_64_64_4.TOP.CONTROLLER.g2223.I = (0.02)
ABSOLUTE PORT: TB_TOP_64_64_4.TOP.CONTROLLER.P_EN[11] = (0)
ABSOLUTE PORT: TB_TOP_64_64_4.TOP.CONTROLLER.g2227.I = (0.01)
ABSOLUTE PORT: TB_TOP_64_64_4.TOP.CONTROLLER.P_EN[10] = (0)
ABSOLUTE PORT: TB_TOP_64_64_4.TOP.CONTROLLER.g2171.I = (0.02)
ABSOLUTE PORT: TB_TOP_64_64_4.TOP.CONTROLLER.P_EN[9] = (0)
ABSOLUTE PORT: TB_TOP_64_64_4.TOP.CONTROLLER.g2149.I = (0.02)
ABSOLUTE PORT: TB_TOP_64_64_4.TOP.CONTROLLER.P_EN[8] = (0)
ABSOLUTE PORT: TB_TOP_64_64_4.TOP.CONTROLLER.g2150.I = (0.03)
ABSOLUTE PORT: TB_TOP_64_64_4.TOP.CONTROLLER.P_EN[7] = (0)
ABSOLUTE PORT: TB_TOP_64_64_4.TOP.CONTROLLER.g2200__5703.A1 = (0)
ABSOLUTE PORT: TB_TOP_64_64_4.TOP.CONTROLLER.g2200__5703.A2 = (0)
ABSOLUTE PORT: TB_TOP_64_64_4.TOP.CONTROLLER.g2172.I = (0.02)
ABSOLUTE PORT: TB_TOP_64_64_4.TOP.CONTROLLER.P_EN[6] = (0)
ABSOLUTE PORT: TB_TOP_64_64_4.TOP.CONTROLLER.g2225.I = (0.01)
ABSOLUTE PORT: TB_TOP_64_64_4.TOP.CONTROLLER.P_EN[5] = (0)
ABSOLUTE PORT: TB_TOP_64_64_4.TOP.CONTROLLER.g2207__1840.A1 = (0)
ABSOLUTE PORT: TB_TOP_64_64_4.TOP.CONTROLLER.g2207__1840.A2 = (0)
ABSOLUTE PORT: TB_TOP_64_64_4.TOP.CONTROLLER.g2179.I = (0.02)
ABSOLUTE PORT: TB_TOP_64_64_4.TOP.CONTROLLER.P_EN[4] = (0)
ABSOLUTE PORT: TB_TOP_64_64_4.TOP.CONTROLLER.g2148.I = (0.04)
ABSOLUTE PORT: TB_TOP_64_64_4.TOP.CONTROLLER.P_EN[3] = (0)
ABSOLUTE PORT: TB_TOP_64_64_4.TOP.CONTROLLER.g2204__2391.A2 = (0)
ABSOLUTE PORT: TB_TOP_64_64_4.TOP.CONTROLLER.g2204__2391.A1 = (0)
ABSOLUTE PORT: TB_TOP_64_64_4.TOP.CONTROLLER.g2176.I = (0.01)
ABSOLUTE PORT: TB_TOP_64_64_4.TOP.CONTROLLER.P_EN[2] = (0)
ABSOLUTE PORT: TB_TOP_64_64_4.TOP.CONTROLLER.g2221.I = (0.02)
ABSOLUTE PORT: TB_TOP_64_64_4.TOP.CONTROLLER.P_EN[1] = (0)
ABSOLUTE PORT: TB_TOP_64_64_4.TOP.CONTROLLER.g2203__7675.A2 = (0)
ABSOLUTE PORT: TB_TOP_64_64_4.TOP.CONTROLLER.g2203__7675.A1 = (0)
ABSOLUTE PORT: TB_TOP_64_64_4.TOP.CONTROLLER.g2175.I = (0.01)
ABSOLUTE PORT: TB_TOP_64_64_4.TOP.CONTROLLER.P_EN[0] = (0)
ABSOLUTE PORT: TB_TOP_64_64_4.TOP.CONTROLLER.g2358.I = (0.05)
ABSOLUTE PORT: TB_TOP_64_64_4.TOP.CONTROLLER.P_NOT_EN[16] = (0)
ABSOLUTE PORT: TB_TOP_64_64_4.TOP.CONTROLLER.P_NOT_EN[15] = (0)
ABSOLUTE PORT: TB_TOP_64_64_4.TOP.CONTROLLER.g2255__1857.A2 = (0.01)
ABSOLUTE PORT: TB_TOP_64_64_4.TOP.CONTROLLER.g2255__1857.A1 = (0)
ABSOLUTE PORT: TB_TOP_64_64_4.TOP.CONTROLLER.P_NOT_EN[14] = (0)
ABSOLUTE PORT: TB_TOP_64_64_4.TOP.CONTROLLER.g2211__8757.A1 = (0)
ABSOLUTE PORT: TB_TOP_64_64_4.TOP.CONTROLLER.g2211__8757.A2 = (0)
ABSOLUTE PORT: TB_TOP_64_64_4.TOP.CONTROLLER.P_NOT_EN[13] = (0)
ABSOLUTE PORT: TB_TOP_64_64_4.TOP.CONTROLLER.g2166__2250.A2 = (0)
ABSOLUTE PORT: TB_TOP_64_64_4.TOP.CONTROLLER.g2166__2250.A3 = (0)
ABSOLUTE PORT: TB_TOP_64_64_4.TOP.CONTROLLER.g2166__2250.A1 = (0)
ABSOLUTE PORT: TB_TOP_64_64_4.TOP.CONTROLLER.P_NOT_EN[12] = (0)
ABSOLUTE PORT: TB_TOP_64_64_4.TOP.CONTROLLER.P_NOT_EN[11] = (0)
ABSOLUTE PORT: TB_TOP_64_64_4.TOP.CONTROLLER.g2256__5953.A2 = (0.01)
ABSOLUTE PORT: TB_TOP_64_64_4.TOP.CONTROLLER.g2256__5953.A1 = (0)
ABSOLUTE PORT: TB_TOP_64_64_4.TOP.CONTROLLER.P_NOT_EN[10] = (0)
ABSOLUTE PORT: TB_TOP_64_64_4.TOP.CONTROLLER.g2199__7118.A2 = (0)
ABSOLUTE PORT: TB_TOP_64_64_4.TOP.CONTROLLER.g2199__7118.A1 = (0)
ABSOLUTE PORT: TB_TOP_64_64_4.TOP.CONTROLLER.P_NOT_EN[9] = (0)
ABSOLUTE PORT: TB_TOP_64_64_4.TOP.CONTROLLER.g2169__3772.A2 = (0)
ABSOLUTE PORT: TB_TOP_64_64_4.TOP.CONTROLLER.g2169__3772.A1 = (0)
ABSOLUTE PORT: TB_TOP_64_64_4.TOP.CONTROLLER.g2169__3772.A3 = (0)
ABSOLUTE PORT: TB_TOP_64_64_4.TOP.CONTROLLER.P_NOT_EN[8] = (0)
ABSOLUTE PORT: TB_TOP_64_64_4.TOP.CONTROLLER.g2170__1786.A2 = (0)
ABSOLUTE PORT: TB_TOP_64_64_4.TOP.CONTROLLER.g2170__1786.A3 = (0)
ABSOLUTE PORT: TB_TOP_64_64_4.TOP.CONTROLLER.g2170__1786.A1 = (0)
ABSOLUTE PORT: TB_TOP_64_64_4.TOP.CONTROLLER.P_NOT_EN[7] = (0)
ABSOLUTE PORT: TB_TOP_64_64_4.TOP.CONTROLLER.P_NOT_EN[6] = (0)
ABSOLUTE PORT: TB_TOP_64_64_4.TOP.CONTROLLER.g2254__5703.A2 = (0)
ABSOLUTE PORT: TB_TOP_64_64_4.TOP.CONTROLLER.g2254__5703.A1 = (0)
ABSOLUTE PORT: TB_TOP_64_64_4.TOP.CONTROLLER.P_NOT_EN[5] = (0)
ABSOLUTE PORT: TB_TOP_64_64_4.TOP.CONTROLLER.P_NOT_EN[4] = (0)
ABSOLUTE PORT: TB_TOP_64_64_4.TOP.CONTROLLER.g2168__1786.A2 = (0)
ABSOLUTE PORT: TB_TOP_64_64_4.TOP.CONTROLLER.g2168__1786.A3 = (0)
ABSOLUTE PORT: TB_TOP_64_64_4.TOP.CONTROLLER.g2168__1786.A1 = (0)
ABSOLUTE PORT: TB_TOP_64_64_4.TOP.CONTROLLER.P_NOT_EN[3] = (0)
ABSOLUTE PORT: TB_TOP_64_64_4.TOP.CONTROLLER.P_NOT_EN[2] = (0)
ABSOLUTE PORT: TB_TOP_64_64_4.TOP.CONTROLLER.g2250__7344.A1 = (0)
ABSOLUTE PORT: TB_TOP_64_64_4.TOP.CONTROLLER.g2250__7344.A2 = (0)
ABSOLUTE PORT: TB_TOP_64_64_4.TOP.CONTROLLER.g2250__7344.A3 = (0)
ABSOLUTE PORT: TB_TOP_64_64_4.TOP.CONTROLLER.P_NOT_EN[1] = (0)
ABSOLUTE PORT: TB_TOP_64_64_4.TOP.CONTROLLER.P_NOT_EN[0] = (0)
ABSOLUTE PORT: TB_TOP_64_64_4.TOP.CONTROLLER.g2245__5019.A2 = (0)
ABSOLUTE PORT: TB_TOP_64_64_4.TOP.CONTROLLER.g2245__5019.A1 = (0)
ABSOLUTE PORT: TB_TOP_64_64_4.TOP.CONTROLLER.g2216.I = (0.03)
ABSOLUTE PORT: TB_TOP_64_64_4.TOP.CONTROLLER.N_EN[15] = (0)
ABSOLUTE PORT: TB_TOP_64_64_4.TOP.CONTROLLER.g2219.I = (0.04, 0.03)
ABSOLUTE PORT: TB_TOP_64_64_4.TOP.CONTROLLER.N_EN[14] = (0)
ABSOLUTE PORT: TB_TOP_64_64_4.TOP.CONTROLLER.g2124.I = (0.01)
ABSOLUTE PORT: TB_TOP_64_64_4.TOP.CONTROLLER.N_EN[13] = (0)
ABSOLUTE PORT: TB_TOP_64_64_4.TOP.CONTROLLER.g2145.I = (0.01)
ABSOLUTE PORT: TB_TOP_64_64_4.TOP.CONTROLLER.N_EN[12] = (0)
ABSOLUTE PORT: TB_TOP_64_64_4.TOP.CONTROLLER.g2249__1840.A2 = (0)
ABSOLUTE PORT: TB_TOP_64_64_4.TOP.CONTROLLER.g2249__1840.A1 = (0)
ABSOLUTE PORT: TB_TOP_64_64_4.TOP.CONTROLLER.g2220.I = (0.03)
ABSOLUTE PORT: TB_TOP_64_64_4.TOP.CONTROLLER.N_EN[11] = (0)
ABSOLUTE PORT: TB_TOP_64_64_4.TOP.CONTROLLER.g2218.I = (0.03)
ABSOLUTE PORT: TB_TOP_64_64_4.TOP.CONTROLLER.N_EN[10] = (0)
ABSOLUTE PORT: TB_TOP_64_64_4.TOP.CONTROLLER.g2143__7118.A1 = (0)
ABSOLUTE PORT: TB_TOP_64_64_4.TOP.CONTROLLER.g2143__7118.A2 = (0)
ABSOLUTE PORT: TB_TOP_64_64_4.TOP.CONTROLLER.g2123.I = (0.02)
ABSOLUTE PORT: TB_TOP_64_64_4.TOP.CONTROLLER.N_EN[9] = (0)
ABSOLUTE PORT: TB_TOP_64_64_4.TOP.CONTROLLER.g2147.I = (0.02)
ABSOLUTE PORT: TB_TOP_64_64_4.TOP.CONTROLLER.N_EN[8] = (0)
ABSOLUTE PORT: TB_TOP_64_64_4.TOP.CONTROLLER.g2201__7114.A2 = (0)
ABSOLUTE PORT: TB_TOP_64_64_4.TOP.CONTROLLER.g2201__7114.A1 = (0)
ABSOLUTE PORT: TB_TOP_64_64_4.TOP.CONTROLLER.g2173.I = (0.02)
ABSOLUTE PORT: TB_TOP_64_64_4.TOP.CONTROLLER.N_EN[7] = (0)
ABSOLUTE PORT: TB_TOP_64_64_4.TOP.CONTROLLER.g2202__5266.A2 = (0)
ABSOLUTE PORT: TB_TOP_64_64_4.TOP.CONTROLLER.g2202__5266.A1 = (0)
ABSOLUTE PORT: TB_TOP_64_64_4.TOP.CONTROLLER.g2174.I = (0.01)
ABSOLUTE PORT: TB_TOP_64_64_4.TOP.CONTROLLER.N_EN[6] = (0)
ABSOLUTE PORT: TB_TOP_64_64_4.TOP.CONTROLLER.g2222.I = (0.03)
ABSOLUTE PORT: TB_TOP_64_64_4.TOP.CONTROLLER.N_EN[5] = (0)
ABSOLUTE PORT: TB_TOP_64_64_4.TOP.CONTROLLER.g2205__5795.A1 = (0)
ABSOLUTE PORT: TB_TOP_64_64_4.TOP.CONTROLLER.g2205__5795.A2 = (0)
ABSOLUTE PORT: TB_TOP_64_64_4.TOP.CONTROLLER.g2177.I = (0.02)
ABSOLUTE PORT: TB_TOP_64_64_4.TOP.CONTROLLER.N_EN[4] = (0)
ABSOLUTE PORT: TB_TOP_64_64_4.TOP.CONTROLLER.g2210__5703.A2 = (0)
ABSOLUTE PORT: TB_TOP_64_64_4.TOP.CONTROLLER.g2210__5703.A1 = (0)
ABSOLUTE PORT: TB_TOP_64_64_4.TOP.CONTROLLER.g2182.I = (0.02)
ABSOLUTE PORT: TB_TOP_64_64_4.TOP.CONTROLLER.N_EN[3] = (0)
ABSOLUTE PORT: TB_TOP_64_64_4.TOP.CONTROLLER.g2209__5953.A2 = (0)
ABSOLUTE PORT: TB_TOP_64_64_4.TOP.CONTROLLER.g2209__5953.A1 = (0)
ABSOLUTE PORT: TB_TOP_64_64_4.TOP.CONTROLLER.g2181.I = (0.01)
ABSOLUTE PORT: TB_TOP_64_64_4.TOP.CONTROLLER.N_EN[2] = (0)
ABSOLUTE PORT: TB_TOP_64_64_4.TOP.CONTROLLER.g2217.I = (0.01)
ABSOLUTE PORT: TB_TOP_64_64_4.TOP.CONTROLLER.N_EN[1] = (0)
ABSOLUTE PORT: TB_TOP_64_64_4.TOP.CONTROLLER.g2208__7114.A1 = (0)
ABSOLUTE PORT: TB_TOP_64_64_4.TOP.CONTROLLER.g2208__7114.A2 = (0)
ABSOLUTE PORT: TB_TOP_64_64_4.TOP.CONTROLLER.g2180.I = (0.01)
ABSOLUTE PORT: TB_TOP_64_64_4.TOP.CONTROLLER.N_EN[0] = (0)
ABSOLUTE PORT: TB_TOP_64_64_4.TOP.CONTROLLER.N_NOT_EN[15] = (0)
ABSOLUTE PORT: TB_TOP_64_64_4.TOP.CONTROLLER.g2248__1840.A1 = (0.01)
ABSOLUTE PORT: TB_TOP_64_64_4.TOP.CONTROLLER.g2248__1840.A3 = (0)
ABSOLUTE PORT: TB_TOP_64_64_4.TOP.CONTROLLER.g2248__1840.A2 = (0)
ABSOLUTE PORT: TB_TOP_64_64_4.TOP.CONTROLLER.N_NOT_EN[14] = (0)
ABSOLUTE PORT: TB_TOP_64_64_4.TOP.CONTROLLER.g2.B1 = (0)
ABSOLUTE PORT: TB_TOP_64_64_4.TOP.CONTROLLER.g2.A1 = (0)
ABSOLUTE PORT: TB_TOP_64_64_4.TOP.CONTROLLER.N_NOT_EN[13] = (0)
ABSOLUTE PORT: TB_TOP_64_64_4.TOP.CONTROLLER.g2165__4296.A2 = (0)
ABSOLUTE PORT: TB_TOP_64_64_4.TOP.CONTROLLER.g2165__4296.A3 = (0)
ABSOLUTE PORT: TB_TOP_64_64_4.TOP.CONTROLLER.g2165__4296.A1 = (0)
ABSOLUTE PORT: TB_TOP_64_64_4.TOP.CONTROLLER.N_NOT_EN[12] = (0)
ABSOLUTE PORT: TB_TOP_64_64_4.TOP.CONTROLLER.N_NOT_EN[11] = (0)
ABSOLUTE PORT: TB_TOP_64_64_4.TOP.CONTROLLER.g2247__6083.A1 = (0.01)
ABSOLUTE PORT: TB_TOP_64_64_4.TOP.CONTROLLER.g2247__6083.A3 = (0)
ABSOLUTE PORT: TB_TOP_64_64_4.TOP.CONTROLLER.g2247__6083.A2 = (0)
ABSOLUTE PORT: TB_TOP_64_64_4.TOP.CONTROLLER.N_NOT_EN[10] = (0)
ABSOLUTE PORT: TB_TOP_64_64_4.TOP.CONTROLLER.N_NOT_EN[9] = (0)
ABSOLUTE PORT: TB_TOP_64_64_4.TOP.CONTROLLER.g2167__8757.A2 = (0)
ABSOLUTE PORT: TB_TOP_64_64_4.TOP.CONTROLLER.g2167__8757.A1 = (0)
ABSOLUTE PORT: TB_TOP_64_64_4.TOP.CONTROLLER.g2167__8757.A3 = (0)
ABSOLUTE PORT: TB_TOP_64_64_4.TOP.CONTROLLER.N_NOT_EN[8] = (0)
ABSOLUTE PORT: TB_TOP_64_64_4.TOP.CONTROLLER.N_NOT_EN[7] = (0)
ABSOLUTE PORT: TB_TOP_64_64_4.TOP.CONTROLLER.N_NOT_EN[6] = (0)
ABSOLUTE PORT: TB_TOP_64_64_4.TOP.CONTROLLER.g2251__2391.A2 = (0)
ABSOLUTE PORT: TB_TOP_64_64_4.TOP.CONTROLLER.g2251__2391.A1 = (0)
ABSOLUTE PORT: TB_TOP_64_64_4.TOP.CONTROLLER.N_NOT_EN[5] = (0)
ABSOLUTE PORT: TB_TOP_64_64_4.TOP.CONTROLLER.N_NOT_EN[4] = (0)
ABSOLUTE PORT: TB_TOP_64_64_4.TOP.CONTROLLER.N_NOT_EN[3] = (0)
ABSOLUTE PORT: TB_TOP_64_64_4.TOP.CONTROLLER.N_NOT_EN[2] = (0)
ABSOLUTE PORT: TB_TOP_64_64_4.TOP.CONTROLLER.g2246__1474.A2 = (0)
ABSOLUTE PORT: TB_TOP_64_64_4.TOP.CONTROLLER.g2246__1474.A1 = (0)
ABSOLUTE PORT: TB_TOP_64_64_4.TOP.CONTROLLER.N_NOT_EN[1] = (0)
ABSOLUTE PORT: TB_TOP_64_64_4.TOP.CONTROLLER.N_NOT_EN[0] = (0)
ABSOLUTE PORT: TB_TOP_64_64_4.TOP.CONTROLLER.g2187__1474.A2 = (0)
ABSOLUTE PORT: TB_TOP_64_64_4.TOP.CONTROLLER.g2187__1474.A1 = (0)
ABSOLUTE PORT: TB_TOP_64_64_4.TOP.CONTROLLER.SEL[63] = (0)
ABSOLUTE PORT: TB_TOP_64_64_4.TOP.CONTROLLER.g2133__2250.A1 = (0)
ABSOLUTE PORT: TB_TOP_64_64_4.TOP.CONTROLLER.g2133__2250.A2 = (0.01)
ABSOLUTE PORT: TB_TOP_64_64_4.TOP.CONTROLLER.SEL[62] = (0)
ABSOLUTE PORT: TB_TOP_64_64_4.TOP.CONTROLLER.g2240__4547.A1 = (0)
ABSOLUTE PORT: TB_TOP_64_64_4.TOP.CONTROLLER.g2240__4547.A2 = (0)
ABSOLUTE PORT: TB_TOP_64_64_4.TOP.CONTROLLER.SEL[61] = (0)
ABSOLUTE PORT: TB_TOP_64_64_4.TOP.CONTROLLER.g2157__3772.A2 = (0)
ABSOLUTE PORT: TB_TOP_64_64_4.TOP.CONTROLLER.g2157__3772.A1 = (0)
ABSOLUTE PORT: TB_TOP_64_64_4.TOP.CONTROLLER.SEL[60] = (0)
ABSOLUTE PORT: TB_TOP_64_64_4.TOP.CONTROLLER.g2196__9682.A2 = (0)
ABSOLUTE PORT: TB_TOP_64_64_4.TOP.CONTROLLER.g2196__9682.A1 = (0)
ABSOLUTE PORT: TB_TOP_64_64_4.TOP.CONTROLLER.SEL[59] = (0)
ABSOLUTE PORT: TB_TOP_64_64_4.TOP.CONTROLLER.g2151__6083.A1 = (0)
ABSOLUTE PORT: TB_TOP_64_64_4.TOP.CONTROLLER.g2151__6083.A2 = (0.01)
ABSOLUTE PORT: TB_TOP_64_64_4.TOP.CONTROLLER.SEL[58] = (0)
ABSOLUTE PORT: TB_TOP_64_64_4.TOP.CONTROLLER.g2198__2683.A1 = (0)
ABSOLUTE PORT: TB_TOP_64_64_4.TOP.CONTROLLER.g2198__2683.A2 = (0)
ABSOLUTE PORT: TB_TOP_64_64_4.TOP.CONTROLLER.SEL[57] = (0)
ABSOLUTE PORT: TB_TOP_64_64_4.TOP.CONTROLLER.g2129__2703.A1 = (0)
ABSOLUTE PORT: TB_TOP_64_64_4.TOP.CONTROLLER.g2129__2703.A2 = (0)
ABSOLUTE PORT: TB_TOP_64_64_4.TOP.CONTROLLER.SEL[56] = (0)
ABSOLUTE PORT: TB_TOP_64_64_4.TOP.CONTROLLER.g2185__1309.A2 = (0)
ABSOLUTE PORT: TB_TOP_64_64_4.TOP.CONTROLLER.g2185__1309.A1 = (0)
ABSOLUTE PORT: TB_TOP_64_64_4.TOP.CONTROLLER.SEL[55] = (0)
ABSOLUTE PORT: TB_TOP_64_64_4.TOP.CONTROLLER.g2160__5795.A1 = (0)
ABSOLUTE PORT: TB_TOP_64_64_4.TOP.CONTROLLER.g2160__5795.A2 = (0)
ABSOLUTE PORT: TB_TOP_64_64_4.TOP.CONTROLLER.SEL[54] = (0)
ABSOLUTE PORT: TB_TOP_64_64_4.TOP.CONTROLLER.g2241__6877.A2 = (0)
ABSOLUTE PORT: TB_TOP_64_64_4.TOP.CONTROLLER.g2241__6877.A1 = (0)
ABSOLUTE PORT: TB_TOP_64_64_4.TOP.CONTROLLER.SEL[53] = (0)
ABSOLUTE PORT: TB_TOP_64_64_4.TOP.CONTROLLER.g2164__1474.A2 = (0)
ABSOLUTE PORT: TB_TOP_64_64_4.TOP.CONTROLLER.g2164__1474.A1 = (0)
ABSOLUTE PORT: TB_TOP_64_64_4.TOP.CONTROLLER.SEL[52] = (0)
ABSOLUTE PORT: TB_TOP_64_64_4.TOP.CONTROLLER.g2184__4296.A2 = (0)
ABSOLUTE PORT: TB_TOP_64_64_4.TOP.CONTROLLER.g2184__4296.A1 = (0)
ABSOLUTE PORT: TB_TOP_64_64_4.TOP.CONTROLLER.SEL[51] = (0)
ABSOLUTE PORT: TB_TOP_64_64_4.TOP.CONTROLLER.g2152__7344.A1 = (0)
ABSOLUTE PORT: TB_TOP_64_64_4.TOP.CONTROLLER.g2152__7344.A2 = (0)
ABSOLUTE PORT: TB_TOP_64_64_4.TOP.CONTROLLER.SEL[50] = (0)
ABSOLUTE PORT: TB_TOP_64_64_4.TOP.CONTROLLER.g2197__3772.A2 = (0)
ABSOLUTE PORT: TB_TOP_64_64_4.TOP.CONTROLLER.g2197__3772.A1 = (0)
ABSOLUTE PORT: TB_TOP_64_64_4.TOP.CONTROLLER.SEL[49] = (0)
ABSOLUTE PORT: TB_TOP_64_64_4.TOP.CONTROLLER.g2141__1840.A1 = (0)
ABSOLUTE PORT: TB_TOP_64_64_4.TOP.CONTROLLER.g2141__1840.A2 = (0)
ABSOLUTE PORT: TB_TOP_64_64_4.TOP.CONTROLLER.SEL[48] = (0)
ABSOLUTE PORT: TB_TOP_64_64_4.TOP.CONTROLLER.g2242__7118.A1 = (0)
ABSOLUTE PORT: TB_TOP_64_64_4.TOP.CONTROLLER.g2242__7118.A2 = (0)
ABSOLUTE PORT: TB_TOP_64_64_4.TOP.CONTROLLER.SEL[47] = (0)
ABSOLUTE PORT: TB_TOP_64_64_4.TOP.CONTROLLER.g2158__4547.A2 = (0)
ABSOLUTE PORT: TB_TOP_64_64_4.TOP.CONTROLLER.g2158__4547.A1 = (0)
ABSOLUTE PORT: TB_TOP_64_64_4.TOP.CONTROLLER.SEL[46] = (0)
ABSOLUTE PORT: TB_TOP_64_64_4.TOP.CONTROLLER.g2232__2703.A1 = (0)
ABSOLUTE PORT: TB_TOP_64_64_4.TOP.CONTROLLER.g2232__2703.A2 = (0)
ABSOLUTE PORT: TB_TOP_64_64_4.TOP.CONTROLLER.SEL[45] = (0)
ABSOLUTE PORT: TB_TOP_64_64_4.TOP.CONTROLLER.g2155__5019.A1 = (0)
ABSOLUTE PORT: TB_TOP_64_64_4.TOP.CONTROLLER.g2155__5019.A2 = (0)
ABSOLUTE PORT: TB_TOP_64_64_4.TOP.CONTROLLER.SEL[44] = (0)
ABSOLUTE PORT: TB_TOP_64_64_4.TOP.CONTROLLER.g2195__1786.A1 = (0)
ABSOLUTE PORT: TB_TOP_64_64_4.TOP.CONTROLLER.g2195__1786.A2 = (0)
ABSOLUTE PORT: TB_TOP_64_64_4.TOP.CONTROLLER.SEL[43] = (0)
ABSOLUTE PORT: TB_TOP_64_64_4.TOP.CONTROLLER.g2130__1857.A1 = (0)
ABSOLUTE PORT: TB_TOP_64_64_4.TOP.CONTROLLER.g2130__1857.A2 = (0)
ABSOLUTE PORT: TB_TOP_64_64_4.TOP.CONTROLLER.SEL[42] = (0)
ABSOLUTE PORT: TB_TOP_64_64_4.TOP.CONTROLLER.g2243__5953.A2 = (0)
ABSOLUTE PORT: TB_TOP_64_64_4.TOP.CONTROLLER.g2243__5953.A1 = (0)
ABSOLUTE PORT: TB_TOP_64_64_4.TOP.CONTROLLER.SEL[41] = (0)
ABSOLUTE PORT: TB_TOP_64_64_4.TOP.CONTROLLER.g2128__9682.A2 = (0)
ABSOLUTE PORT: TB_TOP_64_64_4.TOP.CONTROLLER.g2128__9682.A1 = (0)
ABSOLUTE PORT: TB_TOP_64_64_4.TOP.CONTROLLER.SEL[40] = (0)
ABSOLUTE PORT: TB_TOP_64_64_4.TOP.CONTROLLER.g2235__8757.A2 = (0)
ABSOLUTE PORT: TB_TOP_64_64_4.TOP.CONTROLLER.g2235__8757.A1 = (0)
ABSOLUTE PORT: TB_TOP_64_64_4.TOP.CONTROLLER.SEL[39] = (0)
ABSOLUTE PORT: TB_TOP_64_64_4.TOP.CONTROLLER.g2161__2683.A2 = (0)
ABSOLUTE PORT: TB_TOP_64_64_4.TOP.CONTROLLER.g2161__2683.A1 = (0)
ABSOLUTE PORT: TB_TOP_64_64_4.TOP.CONTROLLER.SEL[38] = (0)
ABSOLUTE PORT: TB_TOP_64_64_4.TOP.CONTROLLER.g2244__6083.A1 = (0)
ABSOLUTE PORT: TB_TOP_64_64_4.TOP.CONTROLLER.g2244__6083.A2 = (0)
ABSOLUTE PORT: TB_TOP_64_64_4.TOP.CONTROLLER.SEL[37] = (0)
ABSOLUTE PORT: TB_TOP_64_64_4.TOP.CONTROLLER.g2153__8780.A1 = (0)
ABSOLUTE PORT: TB_TOP_64_64_4.TOP.CONTROLLER.g2153__8780.A2 = (0)
ABSOLUTE PORT: TB_TOP_64_64_4.TOP.CONTROLLER.SEL[36] = (0)
ABSOLUTE PORT: TB_TOP_64_64_4.TOP.CONTROLLER.g2186__7114.A2 = (0)
ABSOLUTE PORT: TB_TOP_64_64_4.TOP.CONTROLLER.g2186__7114.A1 = (0)
ABSOLUTE PORT: TB_TOP_64_64_4.TOP.CONTROLLER.SEL[35] = (0)
ABSOLUTE PORT: TB_TOP_64_64_4.TOP.CONTROLLER.g2125__9906.A1 = (0)
ABSOLUTE PORT: TB_TOP_64_64_4.TOP.CONTROLLER.g2125__9906.A2 = (0)
ABSOLUTE PORT: TB_TOP_64_64_4.TOP.CONTROLLER.SEL[34] = (0)
ABSOLUTE PORT: TB_TOP_64_64_4.TOP.CONTROLLER.g2236__5266.A2 = (0)
ABSOLUTE PORT: TB_TOP_64_64_4.TOP.CONTROLLER.g2236__5266.A1 = (0)
ABSOLUTE PORT: TB_TOP_64_64_4.TOP.CONTROLLER.SEL[33] = (0)
ABSOLUTE PORT: TB_TOP_64_64_4.TOP.CONTROLLER.g2134__1309.A2 = (0)
ABSOLUTE PORT: TB_TOP_64_64_4.TOP.CONTROLLER.g2134__1309.A1 = (0)
ABSOLUTE PORT: TB_TOP_64_64_4.TOP.CONTROLLER.SEL[32] = (0)
ABSOLUTE PORT: TB_TOP_64_64_4.TOP.CONTROLLER.g2188__2900.A1 = (0)
ABSOLUTE PORT: TB_TOP_64_64_4.TOP.CONTROLLER.g2188__2900.A2 = (0)
ABSOLUTE PORT: TB_TOP_64_64_4.TOP.CONTROLLER.SEL[31] = (0)
ABSOLUTE PORT: TB_TOP_64_64_4.TOP.CONTROLLER.g2159__5266.A1 = (0)
ABSOLUTE PORT: TB_TOP_64_64_4.TOP.CONTROLLER.g2159__5266.A2 = (0)
ABSOLUTE PORT: TB_TOP_64_64_4.TOP.CONTROLLER.SEL[30] = (0)
ABSOLUTE PORT: TB_TOP_64_64_4.TOP.CONTROLLER.g2237__1309.A1 = (0)
ABSOLUTE PORT: TB_TOP_64_64_4.TOP.CONTROLLER.g2237__1309.A2 = (0)
ABSOLUTE PORT: TB_TOP_64_64_4.TOP.CONTROLLER.SEL[29] = (0)
ABSOLUTE PORT: TB_TOP_64_64_4.TOP.CONTROLLER.g2162__6877.A2 = (0)
ABSOLUTE PORT: TB_TOP_64_64_4.TOP.CONTROLLER.g2162__6877.A1 = (0)
ABSOLUTE PORT: TB_TOP_64_64_4.TOP.CONTROLLER.SEL[28] = (0)
ABSOLUTE PORT: TB_TOP_64_64_4.TOP.CONTROLLER.g2190__2683.A2 = (0)
ABSOLUTE PORT: TB_TOP_64_64_4.TOP.CONTROLLER.g2190__2683.A1 = (0)
ABSOLUTE PORT: TB_TOP_64_64_4.TOP.CONTROLLER.SEL[27] = (0)
ABSOLUTE PORT: TB_TOP_64_64_4.TOP.CONTROLLER.g2142__7114.A1 = (0)
ABSOLUTE PORT: TB_TOP_64_64_4.TOP.CONTROLLER.g2142__7114.A2 = (0)
ABSOLUTE PORT: TB_TOP_64_64_4.TOP.CONTROLLER.SEL[26] = (0)
ABSOLUTE PORT: TB_TOP_64_64_4.TOP.CONTROLLER.g2191__1474.A1 = (0)
ABSOLUTE PORT: TB_TOP_64_64_4.TOP.CONTROLLER.g2191__1474.A2 = (0)
ABSOLUTE PORT: TB_TOP_64_64_4.TOP.CONTROLLER.SEL[25] = (0)
ABSOLUTE PORT: TB_TOP_64_64_4.TOP.CONTROLLER.g2135__4547.A1 = (0)
ABSOLUTE PORT: TB_TOP_64_64_4.TOP.CONTROLLER.g2135__4547.A2 = (0.01)
ABSOLUTE PORT: TB_TOP_64_64_4.TOP.CONTROLLER.SEL[24] = (0)
ABSOLUTE PORT: TB_TOP_64_64_4.TOP.CONTROLLER.g2234__1857.A1 = (0)
ABSOLUTE PORT: TB_TOP_64_64_4.TOP.CONTROLLER.g2234__1857.A2 = (0)
ABSOLUTE PORT: TB_TOP_64_64_4.TOP.CONTROLLER.SEL[23] = (0)
ABSOLUTE PORT: TB_TOP_64_64_4.TOP.CONTROLLER.g2156__7675.A1 = (0)
ABSOLUTE PORT: TB_TOP_64_64_4.TOP.CONTROLLER.g2156__7675.A2 = (0)
ABSOLUTE PORT: TB_TOP_64_64_4.TOP.CONTROLLER.SEL[22] = (0)
ABSOLUTE PORT: TB_TOP_64_64_4.TOP.CONTROLLER.g2233__9906.A1 = (0)
ABSOLUTE PORT: TB_TOP_64_64_4.TOP.CONTROLLER.g2233__9906.A2 = (0)
ABSOLUTE PORT: TB_TOP_64_64_4.TOP.CONTROLLER.SEL[21] = (0)
ABSOLUTE PORT: TB_TOP_64_64_4.TOP.CONTROLLER.g2136__4296.A2 = (0)
ABSOLUTE PORT: TB_TOP_64_64_4.TOP.CONTROLLER.g2136__4296.A1 = (0)
ABSOLUTE PORT: TB_TOP_64_64_4.TOP.CONTROLLER.SEL[20] = (0)
ABSOLUTE PORT: TB_TOP_64_64_4.TOP.CONTROLLER.g2192__8780.A2 = (0)
ABSOLUTE PORT: TB_TOP_64_64_4.TOP.CONTROLLER.g2192__8780.A1 = (0)
ABSOLUTE PORT: TB_TOP_64_64_4.TOP.CONTROLLER.SEL[19] = (0)
ABSOLUTE PORT: TB_TOP_64_64_4.TOP.CONTROLLER.g2131__9682.A1 = (0)
ABSOLUTE PORT: TB_TOP_64_64_4.TOP.CONTROLLER.g2131__9682.A2 = (0)
ABSOLUTE PORT: TB_TOP_64_64_4.TOP.CONTROLLER.SEL[18] = (0)
ABSOLUTE PORT: TB_TOP_64_64_4.TOP.CONTROLLER.g2193__5019.A1 = (0)
ABSOLUTE PORT: TB_TOP_64_64_4.TOP.CONTROLLER.g2193__5019.A2 = (0)
ABSOLUTE PORT: TB_TOP_64_64_4.TOP.CONTROLLER.SEL[17] = (0)
ABSOLUTE PORT: TB_TOP_64_64_4.TOP.CONTROLLER.g2137__2683.A1 = (0)
ABSOLUTE PORT: TB_TOP_64_64_4.TOP.CONTROLLER.g2137__2683.A2 = (0)
ABSOLUTE PORT: TB_TOP_64_64_4.TOP.CONTROLLER.SEL[16] = (0)
ABSOLUTE PORT: TB_TOP_64_64_4.TOP.CONTROLLER.g2238__3772.A2 = (0)
ABSOLUTE PORT: TB_TOP_64_64_4.TOP.CONTROLLER.g2238__3772.A1 = (0)
ABSOLUTE PORT: TB_TOP_64_64_4.TOP.CONTROLLER.SEL[15] = (0)
ABSOLUTE PORT: TB_TOP_64_64_4.TOP.CONTROLLER.g2163__8780.A2 = (0.01)
ABSOLUTE PORT: TB_TOP_64_64_4.TOP.CONTROLLER.g2163__8780.A1 = (0)
ABSOLUTE PORT: TB_TOP_64_64_4.TOP.CONTROLLER.SEL[14] = (0)
ABSOLUTE PORT: TB_TOP_64_64_4.TOP.CONTROLLER.g2229__5795.A1 = (0)
ABSOLUTE PORT: TB_TOP_64_64_4.TOP.CONTROLLER.g2229__5795.A2 = (0)
ABSOLUTE PORT: TB_TOP_64_64_4.TOP.CONTROLLER.SEL[13] = (0)
ABSOLUTE PORT: TB_TOP_64_64_4.TOP.CONTROLLER.g2154__1309.A1 = (0)
ABSOLUTE PORT: TB_TOP_64_64_4.TOP.CONTROLLER.g2154__1309.A2 = (0.01)
ABSOLUTE PORT: TB_TOP_64_64_4.TOP.CONTROLLER.SEL[12] = (0)
ABSOLUTE PORT: TB_TOP_64_64_4.TOP.CONTROLLER.g2194__5703.A2 = (0)
ABSOLUTE PORT: TB_TOP_64_64_4.TOP.CONTROLLER.g2194__5703.A1 = (0)
ABSOLUTE PORT: TB_TOP_64_64_4.TOP.CONTROLLER.SEL[11] = (0)
ABSOLUTE PORT: TB_TOP_64_64_4.TOP.CONTROLLER.g2140__6877.A1 = (0)
ABSOLUTE PORT: TB_TOP_64_64_4.TOP.CONTROLLER.g2140__6877.A2 = (0.01)
ABSOLUTE PORT: TB_TOP_64_64_4.TOP.CONTROLLER.SEL[10] = (0)
ABSOLUTE PORT: TB_TOP_64_64_4.TOP.CONTROLLER.g2239__2250.A2 = (0)
ABSOLUTE PORT: TB_TOP_64_64_4.TOP.CONTROLLER.g2239__2250.A1 = (0)
ABSOLUTE PORT: TB_TOP_64_64_4.TOP.CONTROLLER.SEL[9] = (0)
ABSOLUTE PORT: TB_TOP_64_64_4.TOP.CONTROLLER.g2126__7675.A2 = (0.01)
ABSOLUTE PORT: TB_TOP_64_64_4.TOP.CONTROLLER.g2126__7675.A1 = (0)
ABSOLUTE PORT: TB_TOP_64_64_4.TOP.CONTROLLER.SEL[8] = (0)
ABSOLUTE PORT: TB_TOP_64_64_4.TOP.CONTROLLER.g2231__7675.A2 = (0)
ABSOLUTE PORT: TB_TOP_64_64_4.TOP.CONTROLLER.g2231__7675.A1 = (0)
ABSOLUTE PORT: TB_TOP_64_64_4.TOP.CONTROLLER.SEL[7] = (0)
ABSOLUTE PORT: TB_TOP_64_64_4.TOP.CONTROLLER.g2138__7118.A2 = (0)
ABSOLUTE PORT: TB_TOP_64_64_4.TOP.CONTROLLER.g2138__7118.A1 = (0)
ABSOLUTE PORT: TB_TOP_64_64_4.TOP.CONTROLLER.SEL[6] = (0)
ABSOLUTE PORT: TB_TOP_64_64_4.TOP.CONTROLLER.g2230__7344.A1 = (0)
ABSOLUTE PORT: TB_TOP_64_64_4.TOP.CONTROLLER.g2230__7344.A2 = (0)
ABSOLUTE PORT: TB_TOP_64_64_4.TOP.CONTROLLER.SEL[5] = (0)
ABSOLUTE PORT: TB_TOP_64_64_4.TOP.CONTROLLER.g2132__2900.A1 = (0)
ABSOLUTE PORT: TB_TOP_64_64_4.TOP.CONTROLLER.g2132__2900.A2 = (0)
ABSOLUTE PORT: TB_TOP_64_64_4.TOP.CONTROLLER.SEL[4] = (0)
ABSOLUTE PORT: TB_TOP_64_64_4.TOP.CONTROLLER.g2189__4547.A2 = (0)
ABSOLUTE PORT: TB_TOP_64_64_4.TOP.CONTROLLER.g2189__4547.A1 = (0)
ABSOLUTE PORT: TB_TOP_64_64_4.TOP.CONTROLLER.SEL[3] = (0)
ABSOLUTE PORT: TB_TOP_64_64_4.TOP.CONTROLLER.g2139__2391.A1 = (0)
ABSOLUTE PORT: TB_TOP_64_64_4.TOP.CONTROLLER.g2139__2391.A2 = (0.01)
ABSOLUTE PORT: TB_TOP_64_64_4.TOP.CONTROLLER.SEL[2] = (0)
ABSOLUTE PORT: TB_TOP_64_64_4.TOP.CONTROLLER.g2228__9682.A2 = (0)
ABSOLUTE PORT: TB_TOP_64_64_4.TOP.CONTROLLER.g2228__9682.A1 = (0)
ABSOLUTE PORT: TB_TOP_64_64_4.TOP.CONTROLLER.SEL[1] = (0)
ABSOLUTE PORT: TB_TOP_64_64_4.TOP.CONTROLLER.g2127__8757.A2 = (0.01)
ABSOLUTE PORT: TB_TOP_64_64_4.TOP.CONTROLLER.g2127__8757.A1 = (0)
ABSOLUTE PORT: TB_TOP_64_64_4.TOP.CONTROLLER.SEL[0] = (0)
ABSOLUTE PORT: TB_TOP_64_64_4.TOP.CONTROLLER.READ = (0)
ABSOLUTE PORT: TB_TOP_64_64_4.TOP.CONTROLLER.g2267__2391.A2 = (0.01)
ABSOLUTE PORT: TB_TOP_64_64_4.TOP.CONTROLLER.g2267__2391.A1 = (0)
ABSOLUTE PORT: TB_TOP_64_64_4.TOP.CONTROLLER.g2317__1474.A2 = (0)
ABSOLUTE PORT: TB_TOP_64_64_4.TOP.CONTROLLER.g2317__1474.A1 = (0)
ABSOLUTE PORT: TB_TOP_64_64_4.TOP.CONTROLLER.g2333.I = (0.01)
ABSOLUTE PORT: TB_TOP_64_64_4.TOP.CONTROLLER.WRITE = (0)
ABSOLUTE PORT: TB_TOP_64_64_4.TOP.CONTROLLER.WRITE_2 = (0)
ABSOLUTE PORT: TB_TOP_64_64_4.TOP.CONTROLLER.g2312__3772.A2 = (0)
ABSOLUTE PORT: TB_TOP_64_64_4.TOP.CONTROLLER.g2312__3772.A1 = (0)
ABSOLUTE PORT: TB_TOP_64_64_4.TOP.CONTROLLER.NOT_WRITE = (0)
ABSOLUTE PORT: TB_TOP_64_64_4.TOP.CONTROLLER.NOT_WRITE_2 = (0)
ABSOLUTE PORT: TB_TOP_64_64_4.TOP.CONTROLLER.controller1_DVLP_reg.D = (0)
ABSOLUTE PORT: TB_TOP_64_64_4.TOP.CONTROLLER.controller1_DVLP_reg.E = (0)
ABSOLUTE PORT: TB_TOP_64_64_4.TOP.CONTROLLER.P_EN[16] = (0)
ABSOLUTE PORT: TB_TOP_64_64_4.TOP.CONTROLLER.DVLP = (0)
ABSOLUTE PORT: TB_TOP_64_64_4.TOP.CONTROLLER.PRE = (0)
ABSOLUTE PORT: TB_TOP_64_64_4.TOP.CONTROLLER.controller1_EN_SA_reg.D = (0)
ABSOLUTE PORT: TB_TOP_64_64_4.TOP.CONTROLLER.controller1_EN_SA_reg.E = (0)
ABSOLUTE PORT: TB_TOP_64_64_4.TOP.CONTROLLER.EN_SA = (0)
ABSOLUTE PORT: TB_TOP_64_64_4.TOP.CONTROLLER.g2289__5019.A2 = (0.01)
ABSOLUTE PORT: TB_TOP_64_64_4.TOP.CONTROLLER.g2289__5019.A1 = (0)
ABSOLUTE PORT: TB_TOP_64_64_4.TOP.CONTROLLER.g2316__5266.A1 = (0)
ABSOLUTE PORT: TB_TOP_64_64_4.TOP.CONTROLLER.g2316__5266.A2 = (0)
ABSOLUTE PORT: TB_TOP_64_64_4.TOP.CONTROLLER.g2313__1840.A1 = (0)
ABSOLUTE PORT: TB_TOP_64_64_4.TOP.CONTROLLER.g2313__1840.A2 = (0)
ABSOLUTE PORT: TB_TOP_64_64_4.TOP.CONTROLLER.g2300__1857.A2 = (0.01)
ABSOLUTE PORT: TB_TOP_64_64_4.TOP.CONTROLLER.g2300__1857.A1 = (0)
ABSOLUTE PORT: TB_TOP_64_64_4.TOP.CONTROLLER.g2303__8780.A2 = (0)
ABSOLUTE PORT: TB_TOP_64_64_4.TOP.CONTROLLER.g2303__8780.A1 = (0)
ABSOLUTE PORT: TB_TOP_64_64_4.TOP.CONTROLLER.g2326.I = (0)
ABSOLUTE PORT: TB_TOP_64_64_4.TOP.CONTROLLER.g2206__2703.A2 = (0)
ABSOLUTE PORT: TB_TOP_64_64_4.TOP.CONTROLLER.g2206__2703.A1 = (0)
ABSOLUTE PORT: TB_TOP_64_64_4.TOP.CONTROLLER.g2268__1786.A2 = (0)
ABSOLUTE PORT: TB_TOP_64_64_4.TOP.CONTROLLER.g2268__1786.A1 = (0)
ABSOLUTE PORT: TB_TOP_64_64_4.TOP.CONTROLLER.g2290__9906.A2 = (0)
ABSOLUTE PORT: TB_TOP_64_64_4.TOP.CONTROLLER.g2290__9906.A1 = (0)
ABSOLUTE PORT: TB_TOP_64_64_4.TOP.CONTROLLER.g2315__7114.A2 = (0)
ABSOLUTE PORT: TB_TOP_64_64_4.TOP.CONTROLLER.g2315__7114.A1 = (0)
ABSOLUTE PORT: TB_TOP_64_64_4.TOP.CONTROLLER.g2311__4547.A1 = (0)
ABSOLUTE PORT: TB_TOP_64_64_4.TOP.CONTROLLER.g2311__4547.B1 = (0)
ABSOLUTE PORT: TB_TOP_64_64_4.TOP.CONTROLLER.g2287__7118.A1 = (0)
ABSOLUTE PORT: TB_TOP_64_64_4.TOP.CONTROLLER.g2287__7118.B1 = (0)
ABSOLUTE PORT: TB_TOP_64_64_4.TOP.CONTROLLER.g2314__7344.A1 = (0)
ABSOLUTE PORT: TB_TOP_64_64_4.TOP.CONTROLLER.g2314__7344.A2 = (0)
ABSOLUTE PORT: TB_TOP_64_64_4.TOP.CONTROLLER.g2318__9906.A1 = (0)
ABSOLUTE PORT: TB_TOP_64_64_4.TOP.CONTROLLER.g2318__9906.B1 = (0)
ABSOLUTE PORT: TB_TOP_64_64_4.TOP.CONTROLLER.g2306__9682.B1 = (0)
ABSOLUTE PORT: TB_TOP_64_64_4.TOP.CONTROLLER.g2306__9682.A1 = (0)
ABSOLUTE PORT: TB_TOP_64_64_4.TOP.CONTROLLER.g2319__2683.A1 = (0)
ABSOLUTE PORT: TB_TOP_64_64_4.TOP.CONTROLLER.g2319__2683.A2 = (0)
ABSOLUTE PORT: TB_TOP_64_64_4.TOP.CONTROLLER.g2305__1309.A2 = (0)
ABSOLUTE PORT: TB_TOP_64_64_4.TOP.CONTROLLER.g2305__1309.A1 = (0)
ABSOLUTE PORT: TB_TOP_64_64_4.TOP.CONTROLLER.g2298__2250.A2 = (0)
ABSOLUTE PORT: TB_TOP_64_64_4.TOP.CONTROLLER.g2298__2250.A1 = (0)
ABSOLUTE PORT: TB_TOP_64_64_4.TOP.CONTROLLER.g2297__6083.A1 = (0)
ABSOLUTE PORT: TB_TOP_64_64_4.TOP.CONTROLLER.g2297__6083.B1 = (0)
ABSOLUTE PORT: TB_TOP_64_64_4.TOP.CONTROLLER.g2310__2703.A1 = (0)
ABSOLUTE PORT: TB_TOP_64_64_4.TOP.CONTROLLER.g2310__2703.A2 = (0)
ABSOLUTE PORT: TB_TOP_64_64_4.TOP.CONTROLLER.g2299__5795.B1 = (0)
ABSOLUTE PORT: TB_TOP_64_64_4.TOP.CONTROLLER.g2299__5795.A1 = (0)
ABSOLUTE PORT: TB_TOP_64_64_4.TOP.CONTROLLER.g2288__4296.A2 = (0)
ABSOLUTE PORT: TB_TOP_64_64_4.TOP.CONTROLLER.g2288__4296.A1 = (0)
ABSOLUTE PORT: TB_TOP_64_64_4.TOP.CONTROLLER.g2285__3772.A2 = (0)
ABSOLUTE PORT: TB_TOP_64_64_4.TOP.CONTROLLER.g2285__3772.A1 = (0)
ABSOLUTE PORT: TB_TOP_64_64_4.TOP.CONTROLLER.g2270__2900.A2 = (0)
ABSOLUTE PORT: TB_TOP_64_64_4.TOP.CONTROLLER.g2270__2900.A1 = (0)
ABSOLUTE PORT: TB_TOP_64_64_4.TOP.CONTROLLER.g2269__8757.A2 = (0)
ABSOLUTE PORT: TB_TOP_64_64_4.TOP.CONTROLLER.g2269__8757.A1 = (0)
ABSOLUTE PORT: TB_TOP_64_64_4.TOP.CONTROLLER.g2325.I = (0)
ABSOLUTE PORT: TB_TOP_64_64_4.TOP.CONTROLLER.g2302__5019.A1 = (0)
ABSOLUTE PORT: TB_TOP_64_64_4.TOP.CONTROLLER.g2302__5019.A2 = (0)
ABSOLUTE PORT: TB_TOP_64_64_4.TOP.CONTROLLER.g2304__4296.A1 = (0)
ABSOLUTE PORT: TB_TOP_64_64_4.TOP.CONTROLLER.g2304__4296.A2 = (0)
ABSOLUTE PORT: TB_TOP_64_64_4.TOP.CONTROLLER.\controller1_nstate_reg[2] .D = (0)
ABSOLUTE PORT: TB_TOP_64_64_4.TOP.CONTROLLER.\controller1_nstate_reg[2] .E = (0)
ABSOLUTE PORT: TB_TOP_64_64_4.TOP.CONTROLLER.\controller1_nstate_reg[0] .D = (0)
ABSOLUTE PORT: TB_TOP_64_64_4.TOP.CONTROLLER.\controller1_nstate_reg[0] .E = (0)
ABSOLUTE PORT: TB_TOP_64_64_4.TOP.CONTROLLER.g2356__2250.B1 = (0)
ABSOLUTE PORT: TB_TOP_64_64_4.TOP.CONTROLLER.g2356__2250.A1 = (0)
ABSOLUTE PORT: TB_TOP_64_64_4.TOP.CONTROLLER.g2350__5953.A1 = (0)
ABSOLUTE PORT: TB_TOP_64_64_4.TOP.CONTROLLER.g2350__5953.A2 = (0)
ABSOLUTE PORT: TB_TOP_64_64_4.TOP.CONTROLLER.controller1_P_ADDRESS_EN_reg.D = (0)
ABSOLUTE PORT: TB_TOP_64_64_4.TOP.CONTROLLER.controller1_P_ADDRESS_EN_reg.E = (0)
ABSOLUTE PORT: TB_TOP_64_64_4.TOP.CONTROLLER.g2334.I = (0)
ABSOLUTE PORT: TB_TOP_64_64_4.TOP.CONTROLLER.g2295.I = (0)
ABSOLUTE PORT: TB_TOP_64_64_4.TOP.CONTROLLER.g2213__2250.A2 = (0)
ABSOLUTE PORT: TB_TOP_64_64_4.TOP.CONTROLLER.g2213__2250.A1 = (0)
ABSOLUTE PORT: TB_TOP_64_64_4.TOP.CONTROLLER.g2272__5953.A1 = (0)
ABSOLUTE PORT: TB_TOP_64_64_4.TOP.CONTROLLER.g2272__5953.A2 = (0)
ABSOLUTE PORT: TB_TOP_64_64_4.TOP.CONTROLLER.g2308.I = (0)
ABSOLUTE PORT: TB_TOP_64_64_4.TOP.CONTROLLER.g2307.I = (0)
ABSOLUTE PORT: TB_TOP_64_64_4.TOP.CONTROLLER.g2286__1786.A1 = (0)
ABSOLUTE PORT: TB_TOP_64_64_4.TOP.CONTROLLER.g2286__1786.A2 = (0)
ABSOLUTE PORT: TB_TOP_64_64_4.TOP.CONTROLLER.g2383.A1 = (0)
ABSOLUTE PORT: TB_TOP_64_64_4.TOP.CONTROLLER.g2383.B1 = (0)
ABSOLUTE PORT: TB_TOP_64_64_4.TOP.CONTROLLER.g2265__6877.A1 = (0)
ABSOLUTE PORT: TB_TOP_64_64_4.TOP.CONTROLLER.g2265__6877.A2 = (0)
ABSOLUTE PORT: TB_TOP_64_64_4.TOP.CONTROLLER.g2274__9682.B1 = (0)
ABSOLUTE PORT: TB_TOP_64_64_4.TOP.CONTROLLER.g2274__9682.A1 = (0.01)
ABSOLUTE PORT: TB_TOP_64_64_4.TOP.CONTROLLER.g2275__2683.B1 = (0)
ABSOLUTE PORT: TB_TOP_64_64_4.TOP.CONTROLLER.g2275__2683.A1 = (0)
ABSOLUTE PORT: TB_TOP_64_64_4.TOP.CONTROLLER.g2273__1309.B1 = (0)
ABSOLUTE PORT: TB_TOP_64_64_4.TOP.CONTROLLER.g2273__1309.A1 = (0)
ABSOLUTE PORT: TB_TOP_64_64_4.TOP.CONTROLLER.g2294__5703.B1 = (0)
ABSOLUTE PORT: TB_TOP_64_64_4.TOP.CONTROLLER.g2294__5703.A1 = (0)
ABSOLUTE PORT: TB_TOP_64_64_4.TOP.CONTROLLER.g2291__8780.A2 = (0)
ABSOLUTE PORT: TB_TOP_64_64_4.TOP.CONTROLLER.g2291__8780.A1 = (0)
ABSOLUTE PORT: TB_TOP_64_64_4.TOP.CONTROLLER.g2293__1474.A2 = (0)
ABSOLUTE PORT: TB_TOP_64_64_4.TOP.CONTROLLER.g2293__1474.A1 = (0)
ABSOLUTE PORT: TB_TOP_64_64_4.TOP.CONTROLLER.g2292__4547.A2 = (0)
ABSOLUTE PORT: TB_TOP_64_64_4.TOP.CONTROLLER.g2292__4547.A1 = (0)
ABSOLUTE PORT: TB_TOP_64_64_4.TOP.CONTROLLER.g2212__2703.A2 = (0)
ABSOLUTE PORT: TB_TOP_64_64_4.TOP.CONTROLLER.g2212__2703.A1 = (0)
ABSOLUTE PORT: TB_TOP_64_64_4.TOP.CONTROLLER.g2214__6083.A2 = (0)
ABSOLUTE PORT: TB_TOP_64_64_4.TOP.CONTROLLER.g2214__6083.A1 = (0)
ABSOLUTE PORT: TB_TOP_64_64_4.TOP.CONTROLLER.g2259__5266.A2 = (0)
ABSOLUTE PORT: TB_TOP_64_64_4.TOP.CONTROLLER.g2259__5266.A1 = (0)
ABSOLUTE PORT: TB_TOP_64_64_4.TOP.CONTROLLER.g2296.I = (0)
ABSOLUTE PORT: TB_TOP_64_64_4.TOP.CONTROLLER.g2284__1857.A1 = (0)
ABSOLUTE PORT: TB_TOP_64_64_4.TOP.CONTROLLER.g2284__1857.B1 = (0)
ABSOLUTE PORT: TB_TOP_64_64_4.TOP.CONTROLLER.g2266__7675.A1 = (0)
ABSOLUTE PORT: TB_TOP_64_64_4.TOP.CONTROLLER.g2266__7675.B1 = (0)
ABSOLUTE PORT: TB_TOP_64_64_4.TOP.CONTROLLER.g2257__5795.A1 = (0)
ABSOLUTE PORT: TB_TOP_64_64_4.TOP.CONTROLLER.g2257__5795.A2 = (0)
ABSOLUTE PORT: TB_TOP_64_64_4.TOP.CONTROLLER.g2263.I = (0)
ABSOLUTE PORT: TB_TOP_64_64_4.TOP.CONTROLLER.g2261.I = (0)
ABSOLUTE PORT: TB_TOP_64_64_4.TOP.CONTROLLER.g2309.I = (0)
ABSOLUTE PORT: TB_TOP_64_64_4.TOP.CONTROLLER.g2282__7344.A2 = (0)
ABSOLUTE PORT: TB_TOP_64_64_4.TOP.CONTROLLER.g2282__7344.A1 = (0)
ABSOLUTE PORT: TB_TOP_64_64_4.TOP.CONTROLLER.g2278.I = (0)
ABSOLUTE PORT: TB_TOP_64_64_4.TOP.CONTROLLER.g2264__6877.A2 = (0)
ABSOLUTE PORT: TB_TOP_64_64_4.TOP.CONTROLLER.g2264__6877.A1 = (0)
ABSOLUTE PORT: TB_TOP_64_64_4.TOP.CONTROLLER.g2276.I = (0)
ABSOLUTE PORT: TB_TOP_64_64_4.TOP.CONTROLLER.g2277.I = (0)
ABSOLUTE PORT: TB_TOP_64_64_4.TOP.CONTROLLER.g2385.A1 = (0)
ABSOLUTE PORT: TB_TOP_64_64_4.TOP.CONTROLLER.g2385.B1 = (0)
ABSOLUTE PORT: TB_TOP_64_64_4.TOP.CONTROLLER.g2283__2391.A1 = (0)
ABSOLUTE PORT: TB_TOP_64_64_4.TOP.CONTROLLER.g2283__2391.A2 = (0)
ABSOLUTE PORT: TB_TOP_64_64_4.TOP.CONTROLLER.g2384.A1 = (0)
ABSOLUTE PORT: TB_TOP_64_64_4.TOP.CONTROLLER.g2384.B1 = (0)
ABSOLUTE PORT: TB_TOP_64_64_4.TOP.CONTROLLER.g2262.I = (0)
