======================================================================

Annotating SDF timing data:
  Compiled SDF file:     /ibe/users/da220/Cadence/WORK_TSMC180FORTE/THESIS/TB_TOP_64_64_4/.CHARACTERIZATION/SIGNALS_VDDL_64_64_4_final.sdf.X
  Log file:              /ibe/users/da220/Cadence/WORK_TSMC180FORTE/THESIS/TB_TOP_64_64_4/.CHARACTERIZATION/SIGNALS_VDDL_64_64_4_final.sdf.X_sdf_annotation.log
  Backannotation scope:  TB_TOP_64_64_4.TOP.SIGNALS_VDDL
  Configuration file:    
  MTM control:           MAXIMUM
  Scale factors:         
  Scale type:            

Time units: 1ns


Annotating to instance FE_PDC1_READ_VDDL_1 of module BUFFD2BWP7T
	ABSOLUTE (IOPATH I Z) = (0.504, 0.385)

Annotating to instance FE_PDC0_NOT_READ_VDDL_1 of module BUFFD2BWP7T
	ABSOLUTE (IOPATH I Z) = (0.504, 0.388)

Annotating to instance U7_g5__8780 of module BUFTD8BWP7T
	ABSOLUTE (IOPATH I Z) = (1.772, 1.176)
	ABSOLUTE (IOPATH OE Z) = ((), (), 0.248, 1.798, 0.223, 1.139)

Annotating to instance U7_g6__4296 of module BUFTD8BWP7T
	ABSOLUTE (IOPATH I Z) = (1.77, 1.177)
	ABSOLUTE (IOPATH OE Z) = ((), (), 0.248, 1.797, 0.223, 1.14)

Annotating to instance U7_g1__3772 of module BUFTD8BWP7T
	ABSOLUTE (IOPATH I Z) = (1.772, 1.176)
	ABSOLUTE (IOPATH OE Z) = ((), (), 0.248, 1.798, 0.223, 1.139)

Annotating to instance U7_g4__1474 of module BUFTD8BWP7T
	ABSOLUTE (IOPATH I Z) = (1.772, 1.176)
	ABSOLUTE (IOPATH OE Z) = ((), (), 0.248, 1.798, 0.223, 1.139)

Annotating to instance U1_out_reg of module LHQD2BWP7T
	ABSOLUTE (IOPATH D Q) = (0.558, 0.507)
	ABSOLUTE (IOPATH E Q) = (0.633, 0.493)
	TIMINGCHECK (WIDTH (posedge E) (0.166))
	TIMINGCHECK (SETUPHOLD (posedge D) (negedge E) (0.018) (-0.001))
	TIMINGCHECK (SETUPHOLD (negedge D) (negedge E) (0.181) (-0.123))

Annotating to instance U3_out_reg of module LHQD2BWP7T
	ABSOLUTE (IOPATH D Q) = (0.569, 0.512)
	ABSOLUTE (IOPATH E Q) = (0.644, 0.497)
	TIMINGCHECK (WIDTH (posedge E) (0.166))
	TIMINGCHECK (SETUPHOLD (posedge D) (negedge E) (0.018) (-0.001))
	TIMINGCHECK (SETUPHOLD (negedge D) (negedge E) (0.181) (-0.124))

Annotating to instance U6_out_reg of module LHQD2BWP7T
	ABSOLUTE (IOPATH D Q) = (0.615, 0.523)
	ABSOLUTE (IOPATH E Q) = (0.694, 0.524)
	TIMINGCHECK (WIDTH (posedge E) (0.166))
	TIMINGCHECK (SETUPHOLD (posedge D) (negedge E) (0.013) (0.003))
	TIMINGCHECK (SETUPHOLD (negedge D) (negedge E) (0.167) (-0.109))

Annotating to instance U4_out_reg of module LHQD2BWP7T
	ABSOLUTE (IOPATH D Q) = (0.553, 0.492)
	ABSOLUTE (IOPATH E Q) = (0.631, 0.491)
	TIMINGCHECK (WIDTH (posedge E) (0.166))
	TIMINGCHECK (SETUPHOLD (posedge D) (negedge E) (0.014) (0.002))
	TIMINGCHECK (SETUPHOLD (negedge D) (negedge E) (0.168) (-0.11))

Annotating to instance U5_out_reg of module LHQD2BWP7T
	ABSOLUTE (IOPATH D Q) = (0.554, 0.492)
	ABSOLUTE (IOPATH E Q) = (0.631, 0.491)
	TIMINGCHECK (WIDTH (posedge E) (0.166))
	TIMINGCHECK (SETUPHOLD (posedge D) (negedge E) (0.014) (0.002))
	TIMINGCHECK (SETUPHOLD (negedge D) (negedge E) (0.168) (-0.11))

Annotating to instance g11 of module INVD1BWP7T
	ABSOLUTE (IOPATH I ZN) = (0.112, 0.018)

Annotating to instance g14 of module INVD1BWP7T
	ABSOLUTE (IOPATH I ZN) = (0.109, 0.02)

Annotating to instance U6_mid_reg of module LHD1BWP7T
	ABSOLUTE (IOPATH D QN) = (0.266, 0.178)
	ABSOLUTE (IOPATH D Q) = (0.12, 0.189)
	ABSOLUTE (IOPATH E QN) = (0.247, 0.247)
	ABSOLUTE (IOPATH E Q) = (0.188, 0.17)
	TIMINGCHECK (WIDTH (posedge E) (0.135))
	TIMINGCHECK (SETUPHOLD (posedge D) (negedge E) (0.01) (0.008))
	TIMINGCHECK (SETUPHOLD (negedge D) (negedge E) (0.157) (-0.105))

Annotating to instance U4_mid_reg of module LHD1BWP7T
	ABSOLUTE (IOPATH D QN) = (0.27, 0.182)
	ABSOLUTE (IOPATH D Q) = (0.119, 0.188)
	ABSOLUTE (IOPATH E QN) = (0.252, 0.252)
	ABSOLUTE (IOPATH E Q) = (0.188, 0.17)
	TIMINGCHECK (WIDTH (posedge E) (0.135))
	TIMINGCHECK (SETUPHOLD (posedge D) (negedge E) (0.009) (0.009))
	TIMINGCHECK (SETUPHOLD (negedge D) (negedge E) (0.156) (-0.103))

Annotating to instance U5_mid_reg of module LHD1BWP7T
	ABSOLUTE (IOPATH D QN) = (0.272, 0.183)
	ABSOLUTE (IOPATH D Q) = (0.119, 0.189)
	ABSOLUTE (IOPATH E QN) = (0.253, 0.252)
	ABSOLUTE (IOPATH E Q) = (0.188, 0.17)
	TIMINGCHECK (WIDTH (posedge E) (0.135))
	TIMINGCHECK (SETUPHOLD (posedge D) (negedge E) (0.009) (0.008))
	TIMINGCHECK (SETUPHOLD (negedge D) (negedge E) (0.157) (-0.104))

Annotating to instance U1_mid_reg of module LHQD2BWP7T
	ABSOLUTE (IOPATH D Q) = (0.568, 0.512)
	ABSOLUTE (IOPATH E Q) = (0.638, 0.495)
	TIMINGCHECK (WIDTH (posedge E) (0.166))
	TIMINGCHECK (SETUPHOLD (posedge D) (negedge E) (0.023) (-0.007))
	TIMINGCHECK (SETUPHOLD (negedge D) (negedge E) (0.184) (-0.126))

Annotating to instance U3_mid_reg of module LHQD2BWP7T
	ABSOLUTE (IOPATH D Q) = (0.576, 0.508)
	ABSOLUTE (IOPATH E Q) = (0.644, 0.49)
	TIMINGCHECK (WIDTH (posedge E) (0.166))
	TIMINGCHECK (SETUPHOLD (posedge D) (negedge E) (0.025) (-0.008))
	TIMINGCHECK (SETUPHOLD (negedge D) (negedge E) (0.186) (-0.128))

Annotating to instance g19 of module CKND1BWP7T
	ABSOLUTE (IOPATH I ZN) = (0.147, 0.112)

Annotating to instance g23 of module CKND1BWP7T
	ABSOLUTE (IOPATH I ZN) = (0.154, 0.118)

Annotating to instance g20 of module CKND1BWP7T
	ABSOLUTE (IOPATH I ZN) = (0.156, 0.12)

Annotating to instance g21 of module CKND1BWP7T
	ABSOLUTE (IOPATH I ZN) = (0.152, 0.116)

Annotating to instance g22 of module CKND1BWP7T
	ABSOLUTE (IOPATH I ZN) = (0.14, 0.104)
   assign WRITE_2 = WRITE ;
        |
ncelab: *W,SDFNCAP (/ibe/users/da220/Cadence/WORK_TSMC180FORTE/DIGITAL_THESIS_5V/CONTROLLER_5V_64_64_4/functional/verilog.v,147|8): The interconnect source TB_TOP_64_64_4.TOP.CONTROLLER.controller1_N_ADDRESS_EN_reg.Q is separated by a unidirectional continuous assign from the destination TB_TOP_64_64_4.TOP.CONTROLLER.WRITE_2.  The port annotation will still occur.
   assign NOT_WRITE_2 = NOT_WRITE ;
        |
ncelab: *W,SDFNCAP (/ibe/users/da220/Cadence/WORK_TSMC180FORTE/DIGITAL_THESIS_5V/CONTROLLER_5V_64_64_4/functional/verilog.v,146|8): The interconnect source TB_TOP_64_64_4.TOP.CONTROLLER.g2333.ZN is separated by a unidirectional continuous assign from the destination TB_TOP_64_64_4.TOP.CONTROLLER.NOT_WRITE_2.  The port annotation will still occur.
   assign DVLP = P_EN[16] ;
        |
ncelab: *W,SDFNCAP (/ibe/users/da220/Cadence/WORK_TSMC180FORTE/DIGITAL_THESIS_5V/CONTROLLER_5V_64_64_4/functional/verilog.v,145|8): The interconnect source TB_TOP_64_64_4.TOP.CONTROLLER.controller1_DVLP_reg.Q is separated by a unidirectional continuous assign from the destination TB_TOP_64_64_4.TOP.CONTROLLER.DVLP.  The port annotation will still occur.
ABSOLUTE PORT: TB_TOP_64_64_4.TOP.SIGNALS_VDDL.g22.I = (0.001)
ABSOLUTE PORT: TB_TOP_64_64_4.TOP.SIGNALS_VDDL.g21.I = (0)
ABSOLUTE PORT: TB_TOP_64_64_4.TOP.SIGNALS_VDDL.g19.I = (0.001)
ABSOLUTE PORT: TB_TOP_64_64_4.TOP.SIGNALS_VDDL.g23.I = (0)
ABSOLUTE PORT: TB_TOP_64_64_4.TOP.SIGNALS_VDDL.g20.I = (0.001)
ABSOLUTE PORT: TB_TOP_64_64_4.TOP.SIGNALS_VDDL.U1_out_reg.E = (0.001)
ABSOLUTE PORT: TB_TOP_64_64_4.TOP.SIGNALS_VDDL.U1_out_reg.D = (0)
ABSOLUTE PORT: TB_TOP_64_64_4.TOP.SIGNALS_VDDL.U3_out_reg.E = (0.001)
ABSOLUTE PORT: TB_TOP_64_64_4.TOP.SIGNALS_VDDL.U3_out_reg.D = (0)
ABSOLUTE PORT: TB_TOP_64_64_4.TOP.SIGNALS_VDDL.U6_out_reg.E = (0.001)
ABSOLUTE PORT: TB_TOP_64_64_4.TOP.SIGNALS_VDDL.U6_out_reg.D = (0)
ABSOLUTE PORT: TB_TOP_64_64_4.TOP.SIGNALS_VDDL.U4_out_reg.E = (0.001)
ABSOLUTE PORT: TB_TOP_64_64_4.TOP.SIGNALS_VDDL.U4_out_reg.D = (0)
ABSOLUTE PORT: TB_TOP_64_64_4.TOP.SIGNALS_VDDL.U5_out_reg.E = (0.001)
ABSOLUTE PORT: TB_TOP_64_64_4.TOP.SIGNALS_VDDL.U5_out_reg.D = (0)
ABSOLUTE PORT: TB_TOP_64_64_4.TOP.SIGNALS_VDDL.U6_mid_reg.E = (0.001)
ABSOLUTE PORT: TB_TOP_64_64_4.TOP.SIGNALS_VDDL.U6_mid_reg.D = (0.001)
ABSOLUTE PORT: TB_TOP_64_64_4.TOP.SIGNALS_VDDL.U4_mid_reg.E = (0.001)
ABSOLUTE PORT: TB_TOP_64_64_4.TOP.SIGNALS_VDDL.U4_mid_reg.D = (0.001)
ABSOLUTE PORT: TB_TOP_64_64_4.TOP.SIGNALS_VDDL.U5_mid_reg.E = (0.001)
ABSOLUTE PORT: TB_TOP_64_64_4.TOP.SIGNALS_VDDL.U5_mid_reg.D = (0.001)
ABSOLUTE PORT: TB_TOP_64_64_4.TOP.SIGNALS_VDDL.U1_mid_reg.E = (0.001)
ABSOLUTE PORT: TB_TOP_64_64_4.TOP.SIGNALS_VDDL.U1_mid_reg.D = (0)
ABSOLUTE PORT: TB_TOP_64_64_4.TOP.SIGNALS_VDDL.U3_mid_reg.E = (0.001)
ABSOLUTE PORT: TB_TOP_64_64_4.TOP.SIGNALS_VDDL.U3_mid_reg.D = (0.001)
ABSOLUTE PORT: TB_TOP_64_64_4.TOP.SIGNALS_VDDL.WRITE_VDDL = (0)
ABSOLUTE PORT: TB_TOP_64_64_4.TOP.SIGNALS_VDDL.g14.I = (0.006)
ABSOLUTE PORT: TB_TOP_64_64_4.TOP.SIGNALS_VDDL.NOT_WRITE_VDDL = (0)
ABSOLUTE PORT: TB_TOP_64_64_4.TOP.SIGNALS_VDDL.READ_VDDL_1 = (0)
ABSOLUTE PORT: TB_TOP_64_64_4.TOP.SIGNALS_VDDL.FE_PDC1_READ_VDDL_1.I = (0.004)
ABSOLUTE PORT: TB_TOP_64_64_4.TOP.SIGNALS_VDDL.g11.I = (0.009)
ABSOLUTE PORT: TB_TOP_64_64_4.TOP.SIGNALS_VDDL.NOT_READ_VDDL_1 = (0)
ABSOLUTE PORT: TB_TOP_64_64_4.TOP.SIGNALS_VDDL.FE_PDC0_NOT_READ_VDDL_1.I = (0.016)
ABSOLUTE PORT: TB_TOP_64_64_4.TOP.SIGNALS_VDDL.READ_VDDL_2 = (0)
ABSOLUTE PORT: TB_TOP_64_64_4.TOP.SIGNALS_VDDL.NOT_READ_VDDL_2 = (0)
ABSOLUTE PORT: TB_TOP_64_64_4.TOP.SIGNALS_VDDL.DVLP_L = (0)
ABSOLUTE PORT: TB_TOP_64_64_4.TOP.SIGNALS_VDDL.PRE_L = (0)
ABSOLUTE PORT: TB_TOP_64_64_4.TOP.SIGNALS_VDDL.U7_g5__8780.OE = (0.008)
ABSOLUTE PORT: TB_TOP_64_64_4.TOP.SIGNALS_VDDL.U7_g5__8780.I = (0)
ABSOLUTE PORT: TB_TOP_64_64_4.TOP.SIGNALS_VDDL.U7_g6__4296.OE = (0.007)
ABSOLUTE PORT: TB_TOP_64_64_4.TOP.SIGNALS_VDDL.U7_g6__4296.I = (0.001)
ABSOLUTE PORT: TB_TOP_64_64_4.TOP.SIGNALS_VDDL.U7_g1__3772.OE = (0.008)
ABSOLUTE PORT: TB_TOP_64_64_4.TOP.SIGNALS_VDDL.U7_g1__3772.I = (0)
ABSOLUTE PORT: TB_TOP_64_64_4.TOP.SIGNALS_VDDL.U7_g4__1474.OE = (0.008)
ABSOLUTE PORT: TB_TOP_64_64_4.TOP.SIGNALS_VDDL.U7_g4__1474.I = (0)
ABSOLUTE PORT: TB_TOP_64_64_4.TOP.SIGNALS_VDDL.SA_EN_L = (0)
ABSOLUTE PORT: TB_TOP_64_64_4.TOP.SIGNALS_VDDL.Z_BUS[3] = (0)
ABSOLUTE PORT: TB_TOP_64_64_4.TOP.SIGNALS_VDDL.Z_BUS[2] = (0)
ABSOLUTE PORT: TB_TOP_64_64_4.TOP.SIGNALS_VDDL.Z_BUS[1] = (0)
ABSOLUTE PORT: TB_TOP_64_64_4.TOP.SIGNALS_VDDL.Z_BUS[0] = (0)
