======================================================================

Annotating SDF timing data:
  Compiled SDF file:     /ibe/users/da220/Cadence/WORK_TSMC180FORTE/THESIS/TB_TOP_128_32_4/.CHARACTERIZATION/SIGNALS_VDDL_128_32_4_final.sdf.X
  Log file:              /ibe/users/da220/Cadence/WORK_TSMC180FORTE/THESIS/TB_TOP_128_32_4/.CHARACTERIZATION/SIGNALS_VDDL_128_32_4_final.sdf.X_sdf_annotation.log
  Backannotation scope:  TB_TOP_128_32_4.TOP.SIGNALS_VDDL
  Configuration file:    
  MTM control:           MAXIMUM
  Scale factors:         
  Scale type:            

Time units: 1ns


Annotating to instance FE_PDC1_READ_VDDL_1 of module BUFFD2BWP7T
	ABSOLUTE (IOPATH I Z) = (0.505, 0.387)

Annotating to instance FE_PDC0_NOT_READ_VDDL_1 of module BUFFD2BWP7T
	ABSOLUTE (IOPATH I Z) = (0.505, 0.388)

Annotating to instance U7_g5__8780 of module BUFTD8BWP7T
	ABSOLUTE (IOPATH I Z) = (1.77, 1.176)
	ABSOLUTE (IOPATH OE Z) = ((), (), 0.25, 1.797, 0.226, 1.139)

Annotating to instance U7_g6__4296 of module BUFTD8BWP7T
	ABSOLUTE (IOPATH I Z) = (1.772, 1.176)
	ABSOLUTE (IOPATH OE Z) = ((), (), 0.25, 1.799, 0.226, 1.139)

Annotating to instance U7_g1__3772 of module BUFTD8BWP7T
	ABSOLUTE (IOPATH I Z) = (1.772, 1.176)
	ABSOLUTE (IOPATH OE Z) = ((), (), 0.25, 1.799, 0.226, 1.139)

Annotating to instance U7_g4__1474 of module BUFTD8BWP7T
	ABSOLUTE (IOPATH I Z) = (1.77, 1.176)
	ABSOLUTE (IOPATH OE Z) = ((), (), 0.25, 1.797, 0.226, 1.139)

Annotating to instance U1_out_reg of module LHQD2BWP7T
	ABSOLUTE (IOPATH D Q) = (0.555, 0.505)
	ABSOLUTE (IOPATH E Q) = (0.63, 0.491)
	TIMINGCHECK (WIDTH (posedge E) (0.166))
	TIMINGCHECK (SETUPHOLD (posedge D) (negedge E) (0.018) (-0.002))
	TIMINGCHECK (SETUPHOLD (negedge D) (negedge E) (0.181) (-0.124))

Annotating to instance U3_out_reg of module LHQD2BWP7T
	ABSOLUTE (IOPATH D Q) = (0.568, 0.508)
	ABSOLUTE (IOPATH E Q) = (0.643, 0.493)
	TIMINGCHECK (WIDTH (posedge E) (0.166))
	TIMINGCHECK (SETUPHOLD (posedge D) (negedge E) (0.018) (-0.001))
	TIMINGCHECK (SETUPHOLD (negedge D) (negedge E) (0.182) (-0.124))

Annotating to instance U6_out_reg of module LHQD2BWP7T
	ABSOLUTE (IOPATH D Q) = (0.618, 0.521)
	ABSOLUTE (IOPATH E Q) = (0.697, 0.521)
	TIMINGCHECK (WIDTH (posedge E) (0.166))
	TIMINGCHECK (SETUPHOLD (posedge D) (negedge E) (0.013) (0.003))
	TIMINGCHECK (SETUPHOLD (negedge D) (negedge E) (0.167) (-0.109))

Annotating to instance U4_out_reg of module LHQD2BWP7T
	ABSOLUTE (IOPATH D Q) = (0.559, 0.493)
	ABSOLUTE (IOPATH E Q) = (0.637, 0.492)
	TIMINGCHECK (WIDTH (posedge E) (0.166))
	TIMINGCHECK (SETUPHOLD (posedge D) (negedge E) (0.014) (0.002))
	TIMINGCHECK (SETUPHOLD (negedge D) (negedge E) (0.168) (-0.11))

Annotating to instance U5_out_reg of module LHQD2BWP7T
	ABSOLUTE (IOPATH D Q) = (0.559, 0.492)
	ABSOLUTE (IOPATH E Q) = (0.636, 0.492)
	TIMINGCHECK (WIDTH (posedge E) (0.166))
	TIMINGCHECK (SETUPHOLD (posedge D) (negedge E) (0.014) (0.002))
	TIMINGCHECK (SETUPHOLD (negedge D) (negedge E) (0.168) (-0.11))

Annotating to instance g11 of module INVD1BWP7T
	ABSOLUTE (IOPATH I ZN) = (0.112, 0.018)

Annotating to instance g14 of module INVD1BWP7T
	ABSOLUTE (IOPATH I ZN) = (0.112, 0.022)

Annotating to instance U6_mid_reg of module LHD1BWP7T
	ABSOLUTE (IOPATH D QN) = (0.267, 0.179)
	ABSOLUTE (IOPATH D Q) = (0.12, 0.189)
	ABSOLUTE (IOPATH E QN) = (0.248, 0.248)
	ABSOLUTE (IOPATH E Q) = (0.188, 0.17)
	TIMINGCHECK (WIDTH (posedge E) (0.135))
	TIMINGCHECK (SETUPHOLD (posedge D) (negedge E) (0.01) (0.008))
	TIMINGCHECK (SETUPHOLD (negedge D) (negedge E) (0.157) (-0.105))

Annotating to instance U4_mid_reg of module LHD1BWP7T
	ABSOLUTE (IOPATH D QN) = (0.272, 0.183)
	ABSOLUTE (IOPATH D Q) = (0.12, 0.189)
	ABSOLUTE (IOPATH E QN) = (0.252, 0.252)
	ABSOLUTE (IOPATH E Q) = (0.188, 0.17)
	TIMINGCHECK (WIDTH (posedge E) (0.135))
	TIMINGCHECK (SETUPHOLD (posedge D) (negedge E) (0.01) (0.008))
	TIMINGCHECK (SETUPHOLD (negedge D) (negedge E) (0.157) (-0.105))

Annotating to instance U5_mid_reg of module LHD1BWP7T
	ABSOLUTE (IOPATH D QN) = (0.273, 0.184)
	ABSOLUTE (IOPATH D Q) = (0.12, 0.19)
	ABSOLUTE (IOPATH E QN) = (0.253, 0.252)
	ABSOLUTE (IOPATH E Q) = (0.188, 0.17)
	TIMINGCHECK (WIDTH (posedge E) (0.135))
	TIMINGCHECK (SETUPHOLD (posedge D) (negedge E) (0.01) (0.008))
	TIMINGCHECK (SETUPHOLD (negedge D) (negedge E) (0.158) (-0.105))

Annotating to instance U1_mid_reg of module LHQD2BWP7T
	ABSOLUTE (IOPATH D Q) = (0.572, 0.514)
	ABSOLUTE (IOPATH E Q) = (0.64, 0.496)
	TIMINGCHECK (WIDTH (posedge E) (0.166))
	TIMINGCHECK (SETUPHOLD (posedge D) (negedge E) (0.025) (-0.008))
	TIMINGCHECK (SETUPHOLD (negedge D) (negedge E) (0.186) (-0.128))

Annotating to instance U3_mid_reg of module LHQD2BWP7T
	ABSOLUTE (IOPATH D Q) = (0.586, 0.519)
	ABSOLUTE (IOPATH E Q) = (0.654, 0.499)
	TIMINGCHECK (WIDTH (posedge E) (0.166))
	TIMINGCHECK (SETUPHOLD (posedge D) (negedge E) (0.026) (-0.009))
	TIMINGCHECK (SETUPHOLD (negedge D) (negedge E) (0.187) (-0.129))

Annotating to instance g19 of module CKND1BWP7T
	ABSOLUTE (IOPATH I ZN) = (0.157, 0.121)

Annotating to instance g23 of module CKND1BWP7T
	ABSOLUTE (IOPATH I ZN) = (0.16, 0.124)

Annotating to instance g20 of module CKND1BWP7T
	ABSOLUTE (IOPATH I ZN) = (0.158, 0.122)

Annotating to instance g21 of module CKND1BWP7T
	ABSOLUTE (IOPATH I ZN) = (0.16, 0.124)

Annotating to instance g22 of module CKND1BWP7T
	ABSOLUTE (IOPATH I ZN) = (0.153, 0.117)
   assign WRITE_2 = WRITE ;
        |
ncelab: *W,SDFNCAP (/ibe/users/da220/Cadence/WORK_TSMC180FORTE/DIGITAL_THESIS_5V/CONTROLLER_5V_128_32_4/functional/verilog.v,222|8): The interconnect source TB_TOP_128_32_4.TOP.CONTROLLER.controller1_N_ADDRESS_EN_reg.Q is separated by a unidirectional continuous assign from the destination TB_TOP_128_32_4.TOP.CONTROLLER.WRITE_2.  The port annotation will still occur.
   assign NOT_WRITE_2 = NOT_WRITE ;
        |
ncelab: *W,SDFNCAP (/ibe/users/da220/Cadence/WORK_TSMC180FORTE/DIGITAL_THESIS_5V/CONTROLLER_5V_128_32_4/functional/verilog.v,221|8): The interconnect source TB_TOP_128_32_4.TOP.CONTROLLER.g2622.ZN is separated by a unidirectional continuous assign from the destination TB_TOP_128_32_4.TOP.CONTROLLER.NOT_WRITE_2.  The port annotation will still occur.
ABSOLUTE PORT: TB_TOP_128_32_4.TOP.SIGNALS_VDDL.g22.I = (0)
ABSOLUTE PORT: TB_TOP_128_32_4.TOP.SIGNALS_VDDL.g21.I = (0)
ABSOLUTE PORT: TB_TOP_128_32_4.TOP.SIGNALS_VDDL.g19.I = (0)
ABSOLUTE PORT: TB_TOP_128_32_4.TOP.SIGNALS_VDDL.g23.I = (0)
ABSOLUTE PORT: TB_TOP_128_32_4.TOP.SIGNALS_VDDL.g20.I = (0)
ABSOLUTE PORT: TB_TOP_128_32_4.TOP.SIGNALS_VDDL.U1_out_reg.E = (0.002)
ABSOLUTE PORT: TB_TOP_128_32_4.TOP.SIGNALS_VDDL.U1_out_reg.D = (0)
ABSOLUTE PORT: TB_TOP_128_32_4.TOP.SIGNALS_VDDL.U3_out_reg.E = (0.002)
ABSOLUTE PORT: TB_TOP_128_32_4.TOP.SIGNALS_VDDL.U3_out_reg.D = (0)
ABSOLUTE PORT: TB_TOP_128_32_4.TOP.SIGNALS_VDDL.U6_out_reg.E = (0.002)
ABSOLUTE PORT: TB_TOP_128_32_4.TOP.SIGNALS_VDDL.U6_out_reg.D = (0)
ABSOLUTE PORT: TB_TOP_128_32_4.TOP.SIGNALS_VDDL.U4_out_reg.E = (0.002)
ABSOLUTE PORT: TB_TOP_128_32_4.TOP.SIGNALS_VDDL.U4_out_reg.D = (0)
ABSOLUTE PORT: TB_TOP_128_32_4.TOP.SIGNALS_VDDL.U5_out_reg.E = (0.002)
ABSOLUTE PORT: TB_TOP_128_32_4.TOP.SIGNALS_VDDL.U5_out_reg.D = (0)
ABSOLUTE PORT: TB_TOP_128_32_4.TOP.SIGNALS_VDDL.U6_mid_reg.E = (0.001)
ABSOLUTE PORT: TB_TOP_128_32_4.TOP.SIGNALS_VDDL.U6_mid_reg.D = (0.001)
ABSOLUTE PORT: TB_TOP_128_32_4.TOP.SIGNALS_VDDL.U4_mid_reg.E = (0.001)
ABSOLUTE PORT: TB_TOP_128_32_4.TOP.SIGNALS_VDDL.U4_mid_reg.D = (0.001)
ABSOLUTE PORT: TB_TOP_128_32_4.TOP.SIGNALS_VDDL.U5_mid_reg.E = (0.001)
ABSOLUTE PORT: TB_TOP_128_32_4.TOP.SIGNALS_VDDL.U5_mid_reg.D = (0.001)
ABSOLUTE PORT: TB_TOP_128_32_4.TOP.SIGNALS_VDDL.U1_mid_reg.E = (0.001)
ABSOLUTE PORT: TB_TOP_128_32_4.TOP.SIGNALS_VDDL.U1_mid_reg.D = (0.001)
ABSOLUTE PORT: TB_TOP_128_32_4.TOP.SIGNALS_VDDL.U3_mid_reg.E = (0.002)
ABSOLUTE PORT: TB_TOP_128_32_4.TOP.SIGNALS_VDDL.U3_mid_reg.D = (0.001)
ABSOLUTE PORT: TB_TOP_128_32_4.TOP.SIGNALS_VDDL.WRITE_VDDL = (0)
ABSOLUTE PORT: TB_TOP_128_32_4.TOP.SIGNALS_VDDL.g14.I = (0.002)
ABSOLUTE PORT: TB_TOP_128_32_4.TOP.SIGNALS_VDDL.NOT_WRITE_VDDL = (0)
ABSOLUTE PORT: TB_TOP_128_32_4.TOP.SIGNALS_VDDL.READ_VDDL_1 = (0)
ABSOLUTE PORT: TB_TOP_128_32_4.TOP.SIGNALS_VDDL.FE_PDC1_READ_VDDL_1.I = (0.012)
ABSOLUTE PORT: TB_TOP_128_32_4.TOP.SIGNALS_VDDL.g11.I = (0.002)
ABSOLUTE PORT: TB_TOP_128_32_4.TOP.SIGNALS_VDDL.NOT_READ_VDDL_1 = (0)
ABSOLUTE PORT: TB_TOP_128_32_4.TOP.SIGNALS_VDDL.FE_PDC0_NOT_READ_VDDL_1.I = (0.013)
ABSOLUTE PORT: TB_TOP_128_32_4.TOP.SIGNALS_VDDL.READ_VDDL_2 = (0)
ABSOLUTE PORT: TB_TOP_128_32_4.TOP.SIGNALS_VDDL.NOT_READ_VDDL_2 = (0)
ABSOLUTE PORT: TB_TOP_128_32_4.TOP.SIGNALS_VDDL.DVLP_L = (0)
ABSOLUTE PORT: TB_TOP_128_32_4.TOP.SIGNALS_VDDL.PRE_L = (0)
ABSOLUTE PORT: TB_TOP_128_32_4.TOP.SIGNALS_VDDL.U7_g5__8780.OE = (0.015)
ABSOLUTE PORT: TB_TOP_128_32_4.TOP.SIGNALS_VDDL.U7_g5__8780.I = (0)
ABSOLUTE PORT: TB_TOP_128_32_4.TOP.SIGNALS_VDDL.U7_g6__4296.OE = (0.015)
ABSOLUTE PORT: TB_TOP_128_32_4.TOP.SIGNALS_VDDL.U7_g6__4296.I = (0)
ABSOLUTE PORT: TB_TOP_128_32_4.TOP.SIGNALS_VDDL.U7_g1__3772.OE = (0.015)
ABSOLUTE PORT: TB_TOP_128_32_4.TOP.SIGNALS_VDDL.U7_g1__3772.I = (0)
ABSOLUTE PORT: TB_TOP_128_32_4.TOP.SIGNALS_VDDL.U7_g4__1474.OE = (0.014)
ABSOLUTE PORT: TB_TOP_128_32_4.TOP.SIGNALS_VDDL.U7_g4__1474.I = (0)
ABSOLUTE PORT: TB_TOP_128_32_4.TOP.SIGNALS_VDDL.SA_EN_L = (0)
ABSOLUTE PORT: TB_TOP_128_32_4.TOP.SIGNALS_VDDL.Z_BUS[3] = (0)
ABSOLUTE PORT: TB_TOP_128_32_4.TOP.SIGNALS_VDDL.Z_BUS[2] = (0)
ABSOLUTE PORT: TB_TOP_128_32_4.TOP.SIGNALS_VDDL.Z_BUS[1] = (0)
ABSOLUTE PORT: TB_TOP_128_32_4.TOP.SIGNALS_VDDL.Z_BUS[0] = (0)
