======================================================================

Annotating SDF timing data:
  Compiled SDF file:     /ibe/users/da220/Cadence/WORK_TSMC180FORTE/THESIS/TB_TOP_128_16_16/.CHARACTERIZATION/CONTROLLER_5V_128_16_16_final.sdf.X
  Log file:              /ibe/users/da220/Cadence/WORK_TSMC180FORTE/THESIS/TB_TOP_128_16_16/.CHARACTERIZATION/CONTROLLER_5V_128_16_16_final.sdf.X_sdf_annotation.log
  Backannotation scope:  TB_TOP_128_16_16.TOP.CONTROLLER
  Configuration file:    
  MTM control:           MAXIMUM
  Scale factors:         
  Scale type:            

Time units: 1ns


Annotating to instance CTS_cdb_buf_00095 of module CKBD0
	ABSOLUTE (IOPATH I Z) = (0.371, 0.37)

Annotating to instance CTS_ccl_a_buf_00024 of module CKBD0
	ABSOLUTE (IOPATH I Z) = (0.347, 0.327)

Annotating to instance CTS_ccl_a_buf_00015 of module CKBD0
	ABSOLUTE (IOPATH I Z) = (0.34, 0.33)

Annotating to instance CTS_ccl_a_buf_00012 of module CKBD0
	ABSOLUTE (IOPATH I Z) = (0.404, 0.4)

Annotating to instance CTS_ccl_a_buf_00006 of module CKBD0
	ABSOLUTE (IOPATH I Z) = (0.359, 0.366)

Annotating to instance g1200 of module CKND2
	ABSOLUTE (IOPATH I ZN) = (0.176, 0.231)

Annotating to instance g1203 of module CKND0
	ABSOLUTE (IOPATH I ZN) = (0.23, 0.258)

Annotating to instance CTS_cse_buf_00003 of module BUFFD4
	ABSOLUTE (IOPATH I Z) = (0.142, 0.147)

Annotating to instance CTS_cse_buf_00002 of module CKBD1
	ABSOLUTE (IOPATH I Z) = (0.252, 0.25)

Annotating to instance CTS_cse_buf_00001 of module BUFFD1
	ABSOLUTE (IOPATH I Z) = (0.232, 0.301)

Annotating to instance FE_OFC31_SEL_0 of module BUFFD8
	ABSOLUTE (IOPATH I Z) = (1.252, 0.839)

Annotating to instance FE_OFC30_SEL_1 of module BUFFD8
	ABSOLUTE (IOPATH I Z) = (1.249, 0.837)

Annotating to instance FE_OFC29_SEL_2 of module BUFFD8
	ABSOLUTE (IOPATH I Z) = (1.25, 0.838)

Annotating to instance FE_OFC28_SEL_3 of module BUFFD8
	ABSOLUTE (IOPATH I Z) = (1.241, 0.829)

Annotating to instance FE_OFC27_SEL_4 of module BUFFD8
	ABSOLUTE (IOPATH I Z) = (1.242, 0.831)

Annotating to instance FE_OFC26_SEL_5 of module BUFFD8
	ABSOLUTE (IOPATH I Z) = (1.253, 0.843)

Annotating to instance FE_OFC25_SEL_6 of module BUFFD8
	ABSOLUTE (IOPATH I Z) = (1.249, 0.841)

Annotating to instance FE_OFC24_SEL_7 of module BUFFD8
	ABSOLUTE (IOPATH I Z) = (1.247, 0.836)

Annotating to instance FE_OFC23_SEL_8 of module BUFFD8
	ABSOLUTE (IOPATH I Z) = (1.24, 0.828)

Annotating to instance FE_OFC22_SEL_9 of module BUFFD8
	ABSOLUTE (IOPATH I Z) = (1.233, 0.821)

Annotating to instance FE_OFC21_SEL_10 of module BUFFD8
	ABSOLUTE (IOPATH I Z) = (1.242, 0.831)

Annotating to instance FE_OFC20_SEL_11 of module BUFFD8
	ABSOLUTE (IOPATH I Z) = (1.242, 0.837)

Annotating to instance FE_OFC19_SEL_12 of module BUFFD8
	ABSOLUTE (IOPATH I Z) = (1.252, 0.847)

Annotating to instance FE_OFC18_SEL_13 of module BUFFD8
	ABSOLUTE (IOPATH I Z) = (1.239, 0.826)

Annotating to instance FE_OFC17_SEL_14 of module BUFFD8
	ABSOLUTE (IOPATH I Z) = (1.208, 0.794)

Annotating to instance FE_OFC16_SEL_15 of module BUFFD8
	ABSOLUTE (IOPATH I Z) = (1.232, 0.821)

Annotating to instance FE_OFC15_N_NOT_EN_0 of module BUFFD8
	ABSOLUTE (IOPATH I Z) = (1.364, 0.903)

Annotating to instance FE_OFC14_N_NOT_EN_1 of module BUFFD8
	ABSOLUTE (IOPATH I Z) = (1.342, 0.878)

Annotating to instance FE_OFC13_N_EN_2 of module BUFFD8
	ABSOLUTE (IOPATH I Z) = (1.394, 0.906)

Annotating to instance FE_OFC12_N_EN_3 of module BUFFD8
	ABSOLUTE (IOPATH I Z) = (1.372, 0.884)

Annotating to instance FE_OFC11_N_EN_4 of module BUFFD8
	ABSOLUTE (IOPATH I Z) = (1.349, 0.858)

Annotating to instance FE_OFC10_N_EN_5 of module BUFFD8
	ABSOLUTE (IOPATH I Z) = (1.349, 0.858)

Annotating to instance FE_OFC9_N_EN_6 of module BUFFD8
	ABSOLUTE (IOPATH I Z) = (1.388, 0.894)

Annotating to instance FE_OFC8_N_EN_7 of module BUFFD8
	ABSOLUTE (IOPATH I Z) = (1.37, 0.881)

Annotating to instance FE_OFC7_P_NOT_EN_0 of module BUFFD8
	ABSOLUTE (IOPATH I Z) = (1.349, 0.885)

Annotating to instance FE_OFC6_P_NOT_EN_1 of module BUFFD8
	ABSOLUTE (IOPATH I Z) = (1.337, 0.873)

Annotating to instance FE_OFC5_P_EN_2 of module BUFFD8
	ABSOLUTE (IOPATH I Z) = (1.368, 0.867)

Annotating to instance FE_OFC4_P_EN_3 of module BUFFD8
	ABSOLUTE (IOPATH I Z) = (1.336, 0.836)

Annotating to instance FE_OFC3_P_EN_4 of module BUFFD8
	ABSOLUTE (IOPATH I Z) = (1.34, 0.836)

Annotating to instance FE_OFC2_P_EN_5 of module BUFFD8
	ABSOLUTE (IOPATH I Z) = (1.342, 0.842)

Annotating to instance FE_OFC1_P_EN_6 of module BUFFD8
	ABSOLUTE (IOPATH I Z) = (1.372, 0.878)

Annotating to instance FE_OFC0_P_EN_7 of module BUFFD8
	ABSOLUTE (IOPATH I Z) = (1.347, 0.846)

Annotating to instance g1125 of module INVD8
	ABSOLUTE (IOPATH I ZN) = (1.547, 1.091)

Annotating to instance g1143 of module INVD8
	ABSOLUTE (IOPATH I ZN) = (1.546, 1.087)

Annotating to instance g1137 of module INVD8
	ABSOLUTE (IOPATH I ZN) = (1.545, 1.079)

Annotating to instance g1096__8780 of module AN2D0
	ABSOLUTE (IOPATH A1 Z) = (0.399, 0.296)
	ABSOLUTE (IOPATH A2 Z) = (0.387, 0.319)

Annotating to instance g1106__4296 of module AN2D0
	ABSOLUTE (IOPATH A1 Z) = (0.435, 0.333)
	ABSOLUTE (IOPATH A2 Z) = (0.393, 0.345)

Annotating to instance g1141 of module INVD8
	ABSOLUTE (IOPATH I ZN) = (1.55, 1.097)

Annotating to instance g1099__3772 of module AN2D0
	ABSOLUTE (IOPATH A1 Z) = (0.444, 0.336)
	ABSOLUTE (IOPATH A2 Z) = (0.398, 0.325)

Annotating to instance g1092__1474 of module AN2D0
	ABSOLUTE (IOPATH A1 Z) = (0.396, 0.294)
	ABSOLUTE (IOPATH A2 Z) = (0.39, 0.319)

Annotating to instance g1111 of module INVD8
	ABSOLUTE (IOPATH I ZN) = (1.536, 1.069)

Annotating to instance g1121 of module INVD8
	ABSOLUTE (IOPATH I ZN) = (1.536, 1.069)

Annotating to instance g1115 of module INVD8
	ABSOLUTE (IOPATH I ZN) = (1.543, 1.077)

Annotating to instance g1145 of module INVD8
	ABSOLUTE (IOPATH I ZN) = (1.552, 1.092)

Annotating to instance g1102__4547 of module AN2D0
	ABSOLUTE (IOPATH A1 Z) = (0.419, 0.324)
	ABSOLUTE (IOPATH A2 Z) = (0.377, 0.312)

Annotating to instance g1093__9682 of module AN2D0
	ABSOLUTE (IOPATH A1 Z) = (0.431, 0.33)
	ABSOLUTE (IOPATH A2 Z) = (0.384, 0.317)

Annotating to instance g1094__2683 of module AN2D0
	ABSOLUTE (IOPATH A1 Z) = (0.388, 0.29)
	ABSOLUTE (IOPATH A2 Z) = (0.384, 0.34)

Annotating to instance g1100__1309 of module AN2D0
	ABSOLUTE (IOPATH A1 Z) = (0.459, 0.347)
	ABSOLUTE (IOPATH A2 Z) = (0.419, 0.36)

Annotating to instance g1095__6877 of module AN2D0
	ABSOLUTE (IOPATH A1 Z) = (0.43, 0.314)
	ABSOLUTE (IOPATH A2 Z) = (0.425, 0.363)

Annotating to instance g1105__2900 of module AN2D0
	ABSOLUTE (IOPATH A1 Z) = (0.434, 0.332)
	ABSOLUTE (IOPATH A2 Z) = (0.394, 0.345)

Annotating to instance g1123 of module INVD8
	ABSOLUTE (IOPATH I ZN) = (1.557, 1.102)

Annotating to instance g1097__2391 of module AN2D0
	ABSOLUTE (IOPATH A1 Z) = (0.426, 0.327)
	ABSOLUTE (IOPATH A2 Z) = (0.384, 0.316)

Annotating to instance g1098__7675 of module AN2D0
	ABSOLUTE (IOPATH A1 Z) = (0.432, 0.331)
	ABSOLUTE (IOPATH A2 Z) = (0.384, 0.317)

Annotating to instance g1153__7118 of module NR2D1
	ABSOLUTE (IOPATH A1 ZN) = (0.327, 0.126)
	ABSOLUTE (IOPATH A2 ZN) = (0.309, 0.131)

Annotating to instance g1107__8757 of module AN2D0
	ABSOLUTE (IOPATH A1 Z) = (0.428, 0.329)
	ABSOLUTE (IOPATH A2 Z) = (0.387, 0.342)

Annotating to instance g1101__1786 of module AN2D0
	ABSOLUTE (IOPATH A1 Z) = (0.424, 0.324)
	ABSOLUTE (IOPATH A2 Z) = (0.385, 0.34)

Annotating to instance g1103__5953 of module AN2D0
	ABSOLUTE (IOPATH A1 Z) = (0.417, 0.32)
	ABSOLUTE (IOPATH A2 Z) = (0.377, 0.312)

Annotating to instance g1109 of module INVD8
	ABSOLUTE (IOPATH I ZN) = (1.537, 1.076)

Annotating to instance g1147 of module INVD8
	ABSOLUTE (IOPATH I ZN) = (1.544, 1.08)

Annotating to instance g1104__5703 of module AN2D0
	ABSOLUTE (IOPATH A1 Z) = (0.429, 0.327)
	ABSOLUTE (IOPATH A2 Z) = (0.389, 0.343)

Annotating to instance g1149 of module INVD8
	ABSOLUTE (IOPATH I ZN) = (1.546, 1.094)

Annotating to instance g1113 of module INVD8
	ABSOLUTE (IOPATH I ZN) = (1.552, 1.095)

Annotating to instance g1117 of module INVD8
	ABSOLUTE (IOPATH I ZN) = (1.553, 1.101)

Annotating to instance g1139 of module INVD8
	ABSOLUTE (IOPATH I ZN) = (1.554, 1.098)

Annotating to instance g1119 of module INVD8
	ABSOLUTE (IOPATH I ZN) = (1.543, 1.086)

Annotating to instance g1150__7114 of module NR2D1
	ABSOLUTE (IOPATH A1 ZN) = (0.332, 0.128)
	ABSOLUTE (IOPATH A2 ZN) = (0.314, 0.133)

Annotating to instance g1134__5266 of module NR2D1
	ABSOLUTE (IOPATH A1 ZN) = (0.318, 0.126)
	ABSOLUTE (IOPATH A2 ZN) = (0.343, 0.147)

Annotating to instance g1129__2250 of module NR2D1
	ABSOLUTE (IOPATH A1 ZN) = (0.343, 0.133)
	ABSOLUTE (IOPATH A2 ZN) = (0.339, 0.145)

Annotating to instance g1154__6083 of module NR2D1
	ABSOLUTE (IOPATH A1 ZN) = (0.382, 0.146)
	ABSOLUTE (IOPATH A2 ZN) = (0.45, 0.164)

Annotating to instance g1133__2703 of module NR2D1
	ABSOLUTE (IOPATH A1 ZN) = (0.324, 0.125)
	ABSOLUTE (IOPATH A2 ZN) = (0.391, 0.142)

Annotating to instance g1126__5795 of module NR2D1
	ABSOLUTE (IOPATH A1 ZN) = (0.329, 0.127)
	ABSOLUTE (IOPATH A2 ZN) = (0.395, 0.144)

Annotating to instance g1156__7344 of module NR2D1
	ABSOLUTE (IOPATH A1 ZN) = (0.356, 0.139)
	ABSOLUTE (IOPATH A2 ZN) = (0.425, 0.156)

Annotating to instance g1130__1840 of module NR2D1
	ABSOLUTE (IOPATH A1 ZN) = (0.323, 0.123)
	ABSOLUTE (IOPATH A2 ZN) = (0.385, 0.139)

Annotating to instance g1152__5019 of module IND2D1
	ABSOLUTE (IOPATH A1 ZN) = (0.295, 0.41)
	ABSOLUTE (IOPATH B1 ZN) = (0.201, 0.209)

Annotating to instance g1155__1857 of module NR2D1
	ABSOLUTE (IOPATH A1 ZN) = (0.342, 0.133)
	ABSOLUTE (IOPATH A2 ZN) = (0.338, 0.145)

Annotating to instance g1131__9906 of module NR2D1
	ABSOLUTE (IOPATH A1 ZN) = (0.443, 0.133)
	ABSOLUTE (IOPATH A2 ZN) = (0.34, 0.146)

Annotating to instance g1151__8780 of module IND2D1
	ABSOLUTE (IOPATH A1 ZN) = (0.289, 0.4)
	ABSOLUTE (IOPATH B1 ZN) = (0.194, 0.201)

Annotating to instance g1127__4296 of module IND2D1
	ABSOLUTE (IOPATH A1 ZN) = (0.285, 0.319)
	ABSOLUTE (IOPATH B1 ZN) = (0.195, 0.203)

Annotating to instance g1132__3772 of module NR2D1
	ABSOLUTE (IOPATH A1 ZN) = (0.323, 0.123)
	ABSOLUTE (IOPATH A2 ZN) = (0.314, 0.135)

Annotating to instance g1128__1474 of module ND2D1
	ABSOLUTE (IOPATH A1 ZN) = (0.196, 0.203)
	ABSOLUTE (IOPATH A2 ZN) = (0.199, 0.154)

Annotating to instance g1167 of module INVD1
	ABSOLUTE (IOPATH I ZN) = (0.188, 0.134)

Annotating to instance g1157__4547 of module INR3D0
	ABSOLUTE (IOPATH A1 ZN) = (0.568, 0.383)
	ABSOLUTE (IOPATH B1 ZN) = (0.473, 0.247)
	ABSOLUTE (IOPATH B2 ZN) = (0.438, 0.23)

Annotating to instance g1158__9682 of module INR3D0
	ABSOLUTE (IOPATH A1 ZN) = (0.599, 0.391)
	ABSOLUTE (IOPATH B1 ZN) = (0.503, 0.254)
	ABSOLUTE (IOPATH B2 ZN) = (0.47, 0.236)

Annotating to instance g1159__2683 of module AN3D1
	ABSOLUTE (IOPATH A1 Z) = (0.417, 0.291)
	ABSOLUTE (IOPATH A2 Z) = (0.416, 0.311)
	ABSOLUTE (IOPATH A3 Z) = (0.412, 0.329)

Annotating to instance g1160__1309 of module NR3D0
	ABSOLUTE (IOPATH A1 ZN) = (0.436, 0.213)
	ABSOLUTE (IOPATH A2 ZN) = (0.475, 0.236)
	ABSOLUTE (IOPATH A3 ZN) = (0.492, 0.256)

Annotating to instance g1162__6877 of module AN2D1
	ABSOLUTE (IOPATH A1 Z) = (0.347, 0.282)
	ABSOLUTE (IOPATH A2 Z) = (0.333, 0.303)

Annotating to instance g1163__2900 of module NR2D1
	ABSOLUTE (IOPATH A1 ZN) = (0.399, 0.16)
	ABSOLUTE (IOPATH A2 ZN) = (0.399, 0.169)

Annotating to instance g1168__2391 of module IND2D1
	ABSOLUTE (IOPATH A1 ZN) = (0.335, 0.349)
	ABSOLUTE (IOPATH B1 ZN) = (0.249, 0.217)

Annotating to instance g1164__7675 of module ND2D1
	ABSOLUTE (IOPATH A1 ZN) = (0.238, 0.212)
	ABSOLUTE (IOPATH A2 ZN) = (0.513, 0.143)

Annotating to instance g1165__7118 of module INR2D0
	ABSOLUTE (IOPATH A1 ZN) = (0.614, 0.328)
	ABSOLUTE (IOPATH B1 ZN) = (0.545, 0.207)

Annotating to instance g1166__8757 of module ND2D1
	ABSOLUTE (IOPATH A1 ZN) = (0.243, 0.217)
	ABSOLUTE (IOPATH A2 ZN) = (0.247, 0.186)

Annotating to instance g1169__1786 of module NR2D1
	ABSOLUTE (IOPATH A1 ZN) = (0.282, 0.108)
	ABSOLUTE (IOPATH A2 ZN) = (0.27, 0.12)

Annotating to instance g1171__5953 of module IND2D1
	ABSOLUTE (IOPATH A1 ZN) = (0.309, 0.331)
	ABSOLUTE (IOPATH B1 ZN) = (0.453, 0.281)

Annotating to instance g1172__5703 of module NR2D1
	ABSOLUTE (IOPATH A1 ZN) = (0.327, 0.13)
	ABSOLUTE (IOPATH A2 ZN) = (0.333, 0.141)

Annotating to instance g1173__7114 of module IND2D1
	ABSOLUTE (IOPATH A1 ZN) = (0.332, 0.345)
	ABSOLUTE (IOPATH B1 ZN) = (0.249, 0.218)

Annotating to instance g1174__5266 of module INR2D0
	ABSOLUTE (IOPATH A1 ZN) = (0.611, 0.328)
	ABSOLUTE (IOPATH B1 ZN) = (0.541, 0.205)

Annotating to instance g1170__2250 of module ND2D1
	ABSOLUTE (IOPATH A1 ZN) = (0.26, 0.231)
	ABSOLUTE (IOPATH A2 ZN) = (0.28, 0.208)

Annotating to instance controller1_state_reg[2] of module DFKCNQD1
	ABSOLUTE (IOPATH CP Q) = (0.648, 0.641)
	TIMINGCHECK (SETUPHOLD (posedge D) (posedge CP) (0.104) (-0.05))
	TIMINGCHECK (SETUPHOLD (negedge D) (posedge CP) (0.057) (0.064))
	TIMINGCHECK (WIDTH (posedge CP) (0.619))
	TIMINGCHECK (WIDTH (negedge CP) (0.711))
	TIMINGCHECK (SETUPHOLD (posedge CN) (posedge CP) (0.092) (-0.04))
	TIMINGCHECK (SETUPHOLD (negedge CN) (posedge CP) (0.222) (-0.042))

Annotating to instance controller1_state_reg[0] of module DFKCNQD1
	ABSOLUTE (IOPATH CP Q) = (0.561, 0.588)
	TIMINGCHECK (SETUPHOLD (posedge D) (posedge CP) (0.104) (-0.05))
	TIMINGCHECK (SETUPHOLD (negedge D) (posedge CP) (0.056) (0.064))
	TIMINGCHECK (WIDTH (posedge CP) (0.619))
	TIMINGCHECK (WIDTH (negedge CP) (0.711))
	TIMINGCHECK (SETUPHOLD (posedge CN) (posedge CP) (0.092) (-0.04))
	TIMINGCHECK (SETUPHOLD (negedge CN) (posedge CP) (0.222) (-0.042))

Annotating to instance controller1_Y_ADDRESS_CON_DEC_reg[0] of module LHQD1
	ABSOLUTE (IOPATH D Q) = (0.303, 0.419)
	ABSOLUTE (IOPATH E Q) = (0.515, 0.417)
	TIMINGCHECK (WIDTH (posedge E) (0.381))
	TIMINGCHECK (SETUPHOLD (posedge D) (negedge E) (-0.108) (0.166))
	TIMINGCHECK (SETUPHOLD (negedge D) (negedge E) (0.19) (-0.097))

Annotating to instance controller1_Y_ADDRESS_CON_DEC_reg[3] of module LHQD1
	ABSOLUTE (IOPATH D Q) = (0.303, 0.418)
	ABSOLUTE (IOPATH E Q) = (0.515, 0.416)
	TIMINGCHECK (WIDTH (posedge E) (0.381))
	TIMINGCHECK (SETUPHOLD (posedge D) (negedge E) (-0.108) (0.166))
	TIMINGCHECK (SETUPHOLD (negedge D) (negedge E) (0.19) (-0.097))

Annotating to instance controller1_X_ADDRESS_CON_DEC_reg[2] of module LHQD1
	ABSOLUTE (IOPATH D Q) = (0.363, 0.465)
	ABSOLUTE (IOPATH E Q) = (0.575, 0.462)
	TIMINGCHECK (WIDTH (posedge E) (0.381))
	TIMINGCHECK (SETUPHOLD (posedge D) (negedge E) (-0.108) (0.166))
	TIMINGCHECK (SETUPHOLD (negedge D) (negedge E) (0.19) (-0.097))

Annotating to instance controller1_X_ADDRESS_CON_DEC_reg[0] of module LHQD1
	ABSOLUTE (IOPATH D Q) = (0.363, 0.465)
	ABSOLUTE (IOPATH E Q) = (0.575, 0.463)
	TIMINGCHECK (WIDTH (posedge E) (0.381))
	TIMINGCHECK (SETUPHOLD (posedge D) (negedge E) (-0.108) (0.166))
	TIMINGCHECK (SETUPHOLD (negedge D) (negedge E) (0.19) (-0.097))

Annotating to instance g1184 of module INVD6
	ABSOLUTE (IOPATH I ZN) = (1.468, 1.028)

Annotating to instance controller1_Y_ADDRESS_CON_DEC_reg[2] of module LHQD1
	ABSOLUTE (IOPATH D Q) = (0.313, 0.428)
	ABSOLUTE (IOPATH E Q) = (0.525, 0.426)
	TIMINGCHECK (WIDTH (posedge E) (0.381))
	TIMINGCHECK (SETUPHOLD (posedge D) (negedge E) (-0.108) (0.166))
	TIMINGCHECK (SETUPHOLD (negedge D) (negedge E) (0.19) (-0.097))

Annotating to instance controller1_Y_ADDRESS_CON_DEC_reg[1] of module LHQD1
	ABSOLUTE (IOPATH D Q) = (0.318, 0.432)
	ABSOLUTE (IOPATH E Q) = (0.53, 0.43)
	TIMINGCHECK (WIDTH (posedge E) (0.381))
	TIMINGCHECK (SETUPHOLD (posedge D) (negedge E) (-0.108) (0.166))
	TIMINGCHECK (SETUPHOLD (negedge D) (negedge E) (0.19) (-0.097))

Annotating to instance controller1_X_ADDRESS_CON_DEC_reg[1] of module LHQD1
	ABSOLUTE (IOPATH D Q) = (0.353, 0.458)
	ABSOLUTE (IOPATH E Q) = (0.565, 0.455)
	TIMINGCHECK (WIDTH (posedge E) (0.381))
	TIMINGCHECK (SETUPHOLD (posedge D) (negedge E) (-0.108) (0.166))
	TIMINGCHECK (SETUPHOLD (negedge D) (negedge E) (0.19) (-0.097))

Annotating to instance g1183 of module INVD1
	ABSOLUTE (IOPATH I ZN) = (0.226, 0.144)

Annotating to instance controller1_nstate_reg[2] of module LHQD1
	ABSOLUTE (IOPATH D Q) = (0.257, 0.333)
	ABSOLUTE (IOPATH E Q) = (0.48, 0.391)
	TIMINGCHECK (WIDTH (posedge E) (0.458))
	TIMINGCHECK (SETUPHOLD (posedge D) (negedge E) (-0.159) (0.202))
	TIMINGCHECK (SETUPHOLD (negedge D) (negedge E) (0.115) (-0.022))

Annotating to instance controller1_P_ADDRESS_EN_reg of module LHQD1
	ABSOLUTE (IOPATH D Q) = (0.296, 0.355)
	ABSOLUTE (IOPATH E Q) = (0.525, 0.427)
	TIMINGCHECK (WIDTH (posedge E) (0.458))
	TIMINGCHECK (SETUPHOLD (posedge D) (negedge E) (-0.141) (0.176))
	TIMINGCHECK (SETUPHOLD (negedge D) (negedge E) (0.1) (-0.019))

Annotating to instance g1189 of module INVD6
	ABSOLUTE (IOPATH I ZN) = (1.237, 0.766)

Annotating to instance controller1_nstate_reg[0] of module LHQD1
	ABSOLUTE (IOPATH D Q) = (0.251, 0.321)
	ABSOLUTE (IOPATH E Q) = (0.474, 0.386)
	TIMINGCHECK (WIDTH (posedge E) (0.458))
	TIMINGCHECK (SETUPHOLD (posedge D) (negedge E) (-0.157) (0.189))
	TIMINGCHECK (SETUPHOLD (negedge D) (negedge E) (0.109) (-0.024))

Annotating to instance controller1_PRE_reg of module LHQD1
	ABSOLUTE (IOPATH D Q) = (0.515, 0.502)
	ABSOLUTE (IOPATH E Q) = (0.744, 0.575)
	TIMINGCHECK (WIDTH (posedge E) (0.458))
	TIMINGCHECK (SETUPHOLD (posedge D) (negedge E) (-0.142) (0.179))
	TIMINGCHECK (SETUPHOLD (negedge D) (negedge E) (0.098) (-0.018))

Annotating to instance controller1_DVLP_reg of module LHQD1
	ABSOLUTE (IOPATH D Q) = (0.833, 0.703)
	ABSOLUTE (IOPATH E Q) = (1.058, 0.76)
	TIMINGCHECK (WIDTH (posedge E) (0.458))
	TIMINGCHECK (SETUPHOLD (posedge D) (negedge E) (-0.154) (0.187))
	TIMINGCHECK (SETUPHOLD (negedge D) (negedge E) (0.113) (-0.025))

Annotating to instance controller1_EN_SA_reg of module LHQD1
	ABSOLUTE (IOPATH D Q) = (0.503, 0.494)
	ABSOLUTE (IOPATH E Q) = (0.732, 0.567)
	TIMINGCHECK (WIDTH (posedge E) (0.458))
	TIMINGCHECK (SETUPHOLD (posedge D) (negedge E) (-0.142) (0.178))
	TIMINGCHECK (SETUPHOLD (negedge D) (negedge E) (0.098) (-0.016))

Annotating to instance controller1_READ_reg of module LHQD4
	ABSOLUTE (IOPATH D Q) = (0.377, 0.495)
	ABSOLUTE (IOPATH E Q) = (0.611, 0.56)
	TIMINGCHECK (WIDTH (posedge E) (0.466))
	TIMINGCHECK (SETUPHOLD (posedge D) (negedge E) (-0.046) (0.097))
	TIMINGCHECK (SETUPHOLD (negedge D) (negedge E) (0.274) (-0.108))

Annotating to instance controller1_N_ADDRESS_EN_reg of module LHD1
	ABSOLUTE (IOPATH D QN) = (0.605, 0.459)
	ABSOLUTE (IOPATH D Q) = (0.179, 0.244)
	ABSOLUTE (IOPATH E QN) = (0.684, 0.69)
	ABSOLUTE (IOPATH E Q) = (0.41, 0.327)
	TIMINGCHECK (WIDTH (posedge E) (0.459))
	TIMINGCHECK (SETUPHOLD (posedge D) (negedge E) (-0.139) (0.174))
	TIMINGCHECK (SETUPHOLD (negedge D) (negedge E) (0.12) (-0.012))

Annotating to instance g1194__6083 of module AO21D2
	ABSOLUTE (IOPATH A1 Z) = (0.328, 0.348)
	ABSOLUTE (IOPATH A2 Z) = (0.307, 0.426)
	ABSOLUTE (IOPATH B Z) = (0.292, 0.408)
	ABSOLUTE (COND ((A1==0)&&(A2==0)) (IOPATH B Z)) = (0.292, 0.408)
	ABSOLUTE (COND ((A1==0)&&(A2==1)) (IOPATH B Z)) = (0.292, 0.408)
	ABSOLUTE (COND ((A1==1)&&(A2==0)) (IOPATH B Z)) = (0.292, 0.408)

Annotating to instance g1196__2703 of module OR2D1
	ABSOLUTE (IOPATH A1 Z) = (0.207, 0.315)
	ABSOLUTE (IOPATH A2 Z) = (0.221, 0.333)

Annotating to instance g1191__5795 of module NR3D0
	ABSOLUTE (IOPATH A1 ZN) = (0.27, 0.139)
	ABSOLUTE (IOPATH A2 ZN) = (0.36, 0.203)
	ABSOLUTE (IOPATH A3 ZN) = (0.342, 0.201)

Annotating to instance g1195__7344 of module INR2D4
	ABSOLUTE (IOPATH A1 ZN) = (0.251, 0.22)
	ABSOLUTE (IOPATH B1 ZN) = (0.194, 0.062)

Annotating to instance g1197__1840 of module CKND2D2
	ABSOLUTE (IOPATH A1 ZN) = (0.253, 0.255)
	ABSOLUTE (IOPATH A2 ZN) = (0.286, 0.283)

Annotating to instance g1199__5019 of module AOI21D1
	ABSOLUTE (IOPATH A1 ZN) = (0.319, 0.155)
	ABSOLUTE (IOPATH A2 ZN) = (0.323, 0.127)
	ABSOLUTE (IOPATH B ZN) = (0.313, 0.143)
	ABSOLUTE (COND ((A1==0)&&(A2==0)) (IOPATH B ZN)) = (0.313, 0.143)
	ABSOLUTE (COND ((A1==0)&&(A2==1)) (IOPATH B ZN)) = (0.313, 0.143)
	ABSOLUTE (COND ((A1==1)&&(A2==0)) (IOPATH B ZN)) = (0.313, 0.143)

Annotating to instance g1198__1857 of module AOI21D1
	ABSOLUTE (IOPATH A1 ZN) = (0.281, 0.143)
	ABSOLUTE (IOPATH A2 ZN) = (0.353, 0.136)
	ABSOLUTE (IOPATH B ZN) = (0.369, 0.144)
	ABSOLUTE (COND ((A1==0)&&(A2==0)) (IOPATH B ZN)) = (0.369, 0.144)
	ABSOLUTE (COND ((A1==0)&&(A2==1)) (IOPATH B ZN)) = (0.369, 0.144)
	ABSOLUTE (COND ((A1==1)&&(A2==0)) (IOPATH B ZN)) = (0.369, 0.144)

Annotating to instance g1201__9906 of module NR2D1
	ABSOLUTE (IOPATH A1 ZN) = (0.3, 0.124)
	ABSOLUTE (IOPATH A2 ZN) = (0.31, 0.132)

Annotating to instance g1202__8780 of module AN2D1
	ABSOLUTE (IOPATH A1 Z) = (0.274, 0.216)
	ABSOLUTE (IOPATH A2 Z) = (0.261, 0.311)

Annotating to instance controller1_state_reg[1] of module DFKCNQD1
	ABSOLUTE (IOPATH CP Q) = (0.57, 0.594)
	TIMINGCHECK (SETUPHOLD (posedge D) (posedge CP) (0.112) (-0.034))
	TIMINGCHECK (SETUPHOLD (negedge D) (posedge CP) (0.123) (0.028))
	TIMINGCHECK (WIDTH (posedge CP) (0.619))
	TIMINGCHECK (WIDTH (negedge CP) (0.711))
	TIMINGCHECK (SETUPHOLD (posedge CN) (posedge CP) (0.092) (-0.04))
	TIMINGCHECK (SETUPHOLD (negedge CN) (posedge CP) (0.222) (-0.042))

Annotating to instance g1205__4296 of module IND2D1
	ABSOLUTE (IOPATH A1 ZN) = (0.207, 0.231)
	ABSOLUTE (IOPATH B1 ZN) = (0.194, 0.123)

Annotating to instance g1212 of module INVD8
	ABSOLUTE (IOPATH I ZN) = (1.571, 1.101)

Annotating to instance g1206__3772 of module INR2D1
	ABSOLUTE (IOPATH A1 ZN) = (0.323, 0.234)
	ABSOLUTE (IOPATH B1 ZN) = (0.243, 0.091)

Annotating to instance g1207__1474 of module IND2D2
	ABSOLUTE (IOPATH A1 ZN) = (0.202, 0.254)
	ABSOLUTE (IOPATH B1 ZN) = (0.166, 0.094)

Annotating to instance g1214 of module INVD8
	ABSOLUTE (IOPATH I ZN) = (1.392, 0.914)

Annotating to instance g1208 of module INVD1
	ABSOLUTE (IOPATH I ZN) = (0.287, 0.146)
ABSOLUTE PORT: TB_TOP_128_16_16.TOP.CONTROLLER.CTS_cdb_buf_00095.I = (0)
ABSOLUTE PORT: TB_TOP_128_16_16.TOP.CONTROLLER.g1197__1840.A2 = (0)
ABSOLUTE PORT: TB_TOP_128_16_16.TOP.CONTROLLER.g1197__1840.A1 = (0)
ABSOLUTE PORT: TB_TOP_128_16_16.TOP.CONTROLLER.CTS_ccl_a_buf_00024.I = (0)
ABSOLUTE PORT: TB_TOP_128_16_16.TOP.CONTROLLER.g1207__1474.A1 = (0)
ABSOLUTE PORT: TB_TOP_128_16_16.TOP.CONTROLLER.g1207__1474.B1 = (0)
ABSOLUTE PORT: TB_TOP_128_16_16.TOP.CONTROLLER.g1196__2703.A2 = (0)
ABSOLUTE PORT: TB_TOP_128_16_16.TOP.CONTROLLER.g1196__2703.A1 = (0)
ABSOLUTE PORT: TB_TOP_128_16_16.TOP.CONTROLLER.CTS_ccl_a_buf_00015.I = (0)
ABSOLUTE PORT: TB_TOP_128_16_16.TOP.CONTROLLER.g1198__1857.B = (0)
ABSOLUTE PORT: TB_TOP_128_16_16.TOP.CONTROLLER.g1198__1857.A2 = (0)
ABSOLUTE PORT: TB_TOP_128_16_16.TOP.CONTROLLER.g1198__1857.A1 = (0)
ABSOLUTE PORT: TB_TOP_128_16_16.TOP.CONTROLLER.g1199__5019.A2 = (0)
ABSOLUTE PORT: TB_TOP_128_16_16.TOP.CONTROLLER.g1199__5019.A1 = (0)
ABSOLUTE PORT: TB_TOP_128_16_16.TOP.CONTROLLER.g1199__5019.B = (0)
ABSOLUTE PORT: TB_TOP_128_16_16.TOP.CONTROLLER.CTS_ccl_a_buf_00012.I = (0)
ABSOLUTE PORT: TB_TOP_128_16_16.TOP.CONTROLLER.g1202__8780.A2 = (0)
ABSOLUTE PORT: TB_TOP_128_16_16.TOP.CONTROLLER.g1202__8780.A1 = (0)
ABSOLUTE PORT: TB_TOP_128_16_16.TOP.CONTROLLER.CTS_cse_buf_00001.I = (0)
ABSOLUTE PORT: TB_TOP_128_16_16.TOP.CONTROLLER.g1200.I = (0)
ABSOLUTE PORT: TB_TOP_128_16_16.TOP.CONTROLLER.g1195__7344.B1 = (0)
ABSOLUTE PORT: TB_TOP_128_16_16.TOP.CONTROLLER.g1195__7344.A1 = (0)
ABSOLUTE PORT: TB_TOP_128_16_16.TOP.CONTROLLER.CTS_ccl_a_buf_00006.I = (0)
ABSOLUTE PORT: TB_TOP_128_16_16.TOP.CONTROLLER.g1191__5795.A3 = (0)
ABSOLUTE PORT: TB_TOP_128_16_16.TOP.CONTROLLER.g1191__5795.A2 = (0)
ABSOLUTE PORT: TB_TOP_128_16_16.TOP.CONTROLLER.g1191__5795.A1 = (0)
ABSOLUTE PORT: TB_TOP_128_16_16.TOP.CONTROLLER.CTS_cse_buf_00002.I = (0)
ABSOLUTE PORT: TB_TOP_128_16_16.TOP.CONTROLLER.g1203.I = (0)
ABSOLUTE PORT: TB_TOP_128_16_16.TOP.CONTROLLER.g1194__6083.A2 = (0)
ABSOLUTE PORT: TB_TOP_128_16_16.TOP.CONTROLLER.g1194__6083.A1 = (0)
ABSOLUTE PORT: TB_TOP_128_16_16.TOP.CONTROLLER.g1194__6083.B = (0)
ABSOLUTE PORT: TB_TOP_128_16_16.TOP.CONTROLLER.CTS_cse_buf_00003.I = (0)
ABSOLUTE PORT: TB_TOP_128_16_16.TOP.CONTROLLER.controller1_N_ADDRESS_EN_reg.D = (0)
ABSOLUTE PORT: TB_TOP_128_16_16.TOP.CONTROLLER.controller1_N_ADDRESS_EN_reg.E = (0)
ABSOLUTE PORT: TB_TOP_128_16_16.TOP.CONTROLLER.controller1_READ_reg.D = (0)
ABSOLUTE PORT: TB_TOP_128_16_16.TOP.CONTROLLER.controller1_READ_reg.E = (0)
ABSOLUTE PORT: TB_TOP_128_16_16.TOP.CONTROLLER.controller1_PRE_reg.D = (0)
ABSOLUTE PORT: TB_TOP_128_16_16.TOP.CONTROLLER.controller1_PRE_reg.E = (0)
ABSOLUTE PORT: TB_TOP_128_16_16.TOP.CONTROLLER.g1103__5953.A1 = (0)
ABSOLUTE PORT: TB_TOP_128_16_16.TOP.CONTROLLER.g1103__5953.A2 = (0)
ABSOLUTE PORT: TB_TOP_128_16_16.TOP.CONTROLLER.FE_OFC31_SEL_0.I = (0)
ABSOLUTE PORT: TB_TOP_128_16_16.TOP.CONTROLLER.g1102__4547.A2 = (0)
ABSOLUTE PORT: TB_TOP_128_16_16.TOP.CONTROLLER.g1102__4547.A1 = (0)
ABSOLUTE PORT: TB_TOP_128_16_16.TOP.CONTROLLER.FE_OFC30_SEL_1.I = (0)
ABSOLUTE PORT: TB_TOP_128_16_16.TOP.CONTROLLER.g1101__1786.A1 = (0)
ABSOLUTE PORT: TB_TOP_128_16_16.TOP.CONTROLLER.g1101__1786.A2 = (0)
ABSOLUTE PORT: TB_TOP_128_16_16.TOP.CONTROLLER.FE_OFC29_SEL_2.I = (0)
ABSOLUTE PORT: TB_TOP_128_16_16.TOP.CONTROLLER.g1107__8757.A2 = (0)
ABSOLUTE PORT: TB_TOP_128_16_16.TOP.CONTROLLER.g1107__8757.A1 = (0)
ABSOLUTE PORT: TB_TOP_128_16_16.TOP.CONTROLLER.FE_OFC28_SEL_3.I = (0)
ABSOLUTE PORT: TB_TOP_128_16_16.TOP.CONTROLLER.g1104__5703.A1 = (0)
ABSOLUTE PORT: TB_TOP_128_16_16.TOP.CONTROLLER.g1104__5703.A2 = (0)
ABSOLUTE PORT: TB_TOP_128_16_16.TOP.CONTROLLER.FE_OFC27_SEL_4.I = (0)
ABSOLUTE PORT: TB_TOP_128_16_16.TOP.CONTROLLER.g1106__4296.A2 = (0)
ABSOLUTE PORT: TB_TOP_128_16_16.TOP.CONTROLLER.g1106__4296.A1 = (0)
ABSOLUTE PORT: TB_TOP_128_16_16.TOP.CONTROLLER.FE_OFC26_SEL_5.I = (0)
ABSOLUTE PORT: TB_TOP_128_16_16.TOP.CONTROLLER.g1099__3772.A1 = (0)
ABSOLUTE PORT: TB_TOP_128_16_16.TOP.CONTROLLER.g1099__3772.A2 = (0)
ABSOLUTE PORT: TB_TOP_128_16_16.TOP.CONTROLLER.FE_OFC25_SEL_6.I = (0)
ABSOLUTE PORT: TB_TOP_128_16_16.TOP.CONTROLLER.g1098__7675.A1 = (0)
ABSOLUTE PORT: TB_TOP_128_16_16.TOP.CONTROLLER.g1098__7675.A2 = (0)
ABSOLUTE PORT: TB_TOP_128_16_16.TOP.CONTROLLER.FE_OFC24_SEL_7.I = (0)
ABSOLUTE PORT: TB_TOP_128_16_16.TOP.CONTROLLER.g1097__2391.A1 = (0)
ABSOLUTE PORT: TB_TOP_128_16_16.TOP.CONTROLLER.g1097__2391.A2 = (0)
ABSOLUTE PORT: TB_TOP_128_16_16.TOP.CONTROLLER.FE_OFC23_SEL_8.I = (0)
ABSOLUTE PORT: TB_TOP_128_16_16.TOP.CONTROLLER.g1092__1474.A2 = (0)
ABSOLUTE PORT: TB_TOP_128_16_16.TOP.CONTROLLER.g1092__1474.A1 = (0)
ABSOLUTE PORT: TB_TOP_128_16_16.TOP.CONTROLLER.FE_OFC22_SEL_9.I = (0)
ABSOLUTE PORT: TB_TOP_128_16_16.TOP.CONTROLLER.g1105__2900.A2 = (0)
ABSOLUTE PORT: TB_TOP_128_16_16.TOP.CONTROLLER.g1105__2900.A1 = (0)
ABSOLUTE PORT: TB_TOP_128_16_16.TOP.CONTROLLER.FE_OFC21_SEL_10.I = (0)
ABSOLUTE PORT: TB_TOP_128_16_16.TOP.CONTROLLER.g1095__6877.A2 = (0)
ABSOLUTE PORT: TB_TOP_128_16_16.TOP.CONTROLLER.g1095__6877.A1 = (0)
ABSOLUTE PORT: TB_TOP_128_16_16.TOP.CONTROLLER.FE_OFC20_SEL_11.I = (0)
ABSOLUTE PORT: TB_TOP_128_16_16.TOP.CONTROLLER.g1100__1309.A1 = (0)
ABSOLUTE PORT: TB_TOP_128_16_16.TOP.CONTROLLER.g1100__1309.A2 = (0)
ABSOLUTE PORT: TB_TOP_128_16_16.TOP.CONTROLLER.FE_OFC19_SEL_12.I = (0)
ABSOLUTE PORT: TB_TOP_128_16_16.TOP.CONTROLLER.g1094__2683.A2 = (0)
ABSOLUTE PORT: TB_TOP_128_16_16.TOP.CONTROLLER.g1094__2683.A1 = (0)
ABSOLUTE PORT: TB_TOP_128_16_16.TOP.CONTROLLER.FE_OFC18_SEL_13.I = (0)
ABSOLUTE PORT: TB_TOP_128_16_16.TOP.CONTROLLER.g1093__9682.A1 = (0)
ABSOLUTE PORT: TB_TOP_128_16_16.TOP.CONTROLLER.g1093__9682.A2 = (0)
ABSOLUTE PORT: TB_TOP_128_16_16.TOP.CONTROLLER.FE_OFC17_SEL_14.I = (0)
ABSOLUTE PORT: TB_TOP_128_16_16.TOP.CONTROLLER.g1096__8780.A1 = (0)
ABSOLUTE PORT: TB_TOP_128_16_16.TOP.CONTROLLER.g1096__8780.A2 = (0)
ABSOLUTE PORT: TB_TOP_128_16_16.TOP.CONTROLLER.FE_OFC16_SEL_15.I = (0)
ABSOLUTE PORT: TB_TOP_128_16_16.TOP.CONTROLLER.g1152__5019.B1 = (0)
ABSOLUTE PORT: TB_TOP_128_16_16.TOP.CONTROLLER.g1152__5019.A1 = (0)
ABSOLUTE PORT: TB_TOP_128_16_16.TOP.CONTROLLER.FE_OFC15_N_NOT_EN_0.I = (0)
ABSOLUTE PORT: TB_TOP_128_16_16.TOP.CONTROLLER.g1151__8780.B1 = (0)
ABSOLUTE PORT: TB_TOP_128_16_16.TOP.CONTROLLER.g1151__8780.A1 = (0)
ABSOLUTE PORT: TB_TOP_128_16_16.TOP.CONTROLLER.FE_OFC14_N_NOT_EN_1.I = (0)
ABSOLUTE PORT: TB_TOP_128_16_16.TOP.CONTROLLER.g1156__7344.A2 = (0)
ABSOLUTE PORT: TB_TOP_128_16_16.TOP.CONTROLLER.g1156__7344.A1 = (0)
ABSOLUTE PORT: TB_TOP_128_16_16.TOP.CONTROLLER.FE_OFC13_N_EN_2.I = (0)
ABSOLUTE PORT: TB_TOP_128_16_16.TOP.CONTROLLER.g1126__5795.A2 = (0)
ABSOLUTE PORT: TB_TOP_128_16_16.TOP.CONTROLLER.g1126__5795.A1 = (0)
ABSOLUTE PORT: TB_TOP_128_16_16.TOP.CONTROLLER.FE_OFC12_N_EN_3.I = (0)
ABSOLUTE PORT: TB_TOP_128_16_16.TOP.CONTROLLER.g1154__6083.A2 = (0)
ABSOLUTE PORT: TB_TOP_128_16_16.TOP.CONTROLLER.g1154__6083.A1 = (0)
ABSOLUTE PORT: TB_TOP_128_16_16.TOP.CONTROLLER.FE_OFC11_N_EN_4.I = (0)
ABSOLUTE PORT: TB_TOP_128_16_16.TOP.CONTROLLER.g1133__2703.A2 = (0)
ABSOLUTE PORT: TB_TOP_128_16_16.TOP.CONTROLLER.g1133__2703.A1 = (0)
ABSOLUTE PORT: TB_TOP_128_16_16.TOP.CONTROLLER.FE_OFC10_N_EN_5.I = (0)
ABSOLUTE PORT: TB_TOP_128_16_16.TOP.CONTROLLER.g1131__9906.A2 = (0)
ABSOLUTE PORT: TB_TOP_128_16_16.TOP.CONTROLLER.g1131__9906.A1 = (0)
ABSOLUTE PORT: TB_TOP_128_16_16.TOP.CONTROLLER.FE_OFC9_N_EN_6.I = (0)
ABSOLUTE PORT: TB_TOP_128_16_16.TOP.CONTROLLER.g1130__1840.A1 = (0)
ABSOLUTE PORT: TB_TOP_128_16_16.TOP.CONTROLLER.g1130__1840.A2 = (0)
ABSOLUTE PORT: TB_TOP_128_16_16.TOP.CONTROLLER.FE_OFC8_N_EN_7.I = (0)
ABSOLUTE PORT: TB_TOP_128_16_16.TOP.CONTROLLER.g1128__1474.A2 = (0)
ABSOLUTE PORT: TB_TOP_128_16_16.TOP.CONTROLLER.g1128__1474.A1 = (0)
ABSOLUTE PORT: TB_TOP_128_16_16.TOP.CONTROLLER.FE_OFC7_P_NOT_EN_0.I = (0)
ABSOLUTE PORT: TB_TOP_128_16_16.TOP.CONTROLLER.g1127__4296.B1 = (0)
ABSOLUTE PORT: TB_TOP_128_16_16.TOP.CONTROLLER.g1127__4296.A1 = (0)
ABSOLUTE PORT: TB_TOP_128_16_16.TOP.CONTROLLER.FE_OFC6_P_NOT_EN_1.I = (0)
ABSOLUTE PORT: TB_TOP_128_16_16.TOP.CONTROLLER.g1153__7118.A1 = (0)
ABSOLUTE PORT: TB_TOP_128_16_16.TOP.CONTROLLER.g1153__7118.A2 = (0)
ABSOLUTE PORT: TB_TOP_128_16_16.TOP.CONTROLLER.FE_OFC5_P_EN_2.I = (0)
ABSOLUTE PORT: TB_TOP_128_16_16.TOP.CONTROLLER.g1155__1857.A2 = (0)
ABSOLUTE PORT: TB_TOP_128_16_16.TOP.CONTROLLER.g1155__1857.A1 = (0)
ABSOLUTE PORT: TB_TOP_128_16_16.TOP.CONTROLLER.FE_OFC4_P_EN_3.I = (0)
ABSOLUTE PORT: TB_TOP_128_16_16.TOP.CONTROLLER.g1150__7114.A1 = (0)
ABSOLUTE PORT: TB_TOP_128_16_16.TOP.CONTROLLER.g1150__7114.A2 = (0)
ABSOLUTE PORT: TB_TOP_128_16_16.TOP.CONTROLLER.FE_OFC3_P_EN_4.I = (0)
ABSOLUTE PORT: TB_TOP_128_16_16.TOP.CONTROLLER.g1129__2250.A2 = (0)
ABSOLUTE PORT: TB_TOP_128_16_16.TOP.CONTROLLER.g1129__2250.A1 = (0)
ABSOLUTE PORT: TB_TOP_128_16_16.TOP.CONTROLLER.FE_OFC2_P_EN_5.I = (0)
ABSOLUTE PORT: TB_TOP_128_16_16.TOP.CONTROLLER.g1134__5266.A2 = (0)
ABSOLUTE PORT: TB_TOP_128_16_16.TOP.CONTROLLER.g1134__5266.A1 = (0)
ABSOLUTE PORT: TB_TOP_128_16_16.TOP.CONTROLLER.FE_OFC1_P_EN_6.I = (0)
ABSOLUTE PORT: TB_TOP_128_16_16.TOP.CONTROLLER.g1132__3772.A2 = (0)
ABSOLUTE PORT: TB_TOP_128_16_16.TOP.CONTROLLER.g1132__3772.A1 = (0)
ABSOLUTE PORT: TB_TOP_128_16_16.TOP.CONTROLLER.FE_OFC0_P_EN_7.I = (0)
ABSOLUTE PORT: TB_TOP_128_16_16.TOP.CONTROLLER.g1205__4296.B1 = (0)
ABSOLUTE PORT: TB_TOP_128_16_16.TOP.CONTROLLER.g1205__4296.A1 = (0)
ABSOLUTE PORT: TB_TOP_128_16_16.TOP.CONTROLLER.\controller1_state_reg[2] .CP = (0)
ABSOLUTE PORT: TB_TOP_128_16_16.TOP.CONTROLLER.\controller1_state_reg[2] .D = (0)
ABSOLUTE PORT: TB_TOP_128_16_16.TOP.CONTROLLER.\controller1_state_reg[2] .CN = (0)
ABSOLUTE PORT: TB_TOP_128_16_16.TOP.CONTROLLER.\controller1_state_reg[1] .CP = (0)
ABSOLUTE PORT: TB_TOP_128_16_16.TOP.CONTROLLER.\controller1_state_reg[1] .D = (0.01)
ABSOLUTE PORT: TB_TOP_128_16_16.TOP.CONTROLLER.\controller1_state_reg[1] .CN = (0)
ABSOLUTE PORT: TB_TOP_128_16_16.TOP.CONTROLLER.\controller1_state_reg[0] .CP = (0)
ABSOLUTE PORT: TB_TOP_128_16_16.TOP.CONTROLLER.\controller1_state_reg[0] .D = (0)
ABSOLUTE PORT: TB_TOP_128_16_16.TOP.CONTROLLER.\controller1_state_reg[0] .CN = (0)
ABSOLUTE PORT: TB_TOP_128_16_16.TOP.CONTROLLER.g1208.I = (0)
ABSOLUTE PORT: TB_TOP_128_16_16.TOP.CONTROLLER.\controller1_X_ADDRESS_CON_DEC_reg[2] .D = (0)
ABSOLUTE PORT: TB_TOP_128_16_16.TOP.CONTROLLER.\controller1_X_ADDRESS_CON_DEC_reg[2] .E = (0)
ABSOLUTE PORT: TB_TOP_128_16_16.TOP.CONTROLLER.\controller1_X_ADDRESS_CON_DEC_reg[1] .D = (0)
ABSOLUTE PORT: TB_TOP_128_16_16.TOP.CONTROLLER.\controller1_X_ADDRESS_CON_DEC_reg[1] .E = (0)
ABSOLUTE PORT: TB_TOP_128_16_16.TOP.CONTROLLER.\controller1_X_ADDRESS_CON_DEC_reg[0] .D = (0)
ABSOLUTE PORT: TB_TOP_128_16_16.TOP.CONTROLLER.\controller1_X_ADDRESS_CON_DEC_reg[0] .E = (0)
ABSOLUTE PORT: TB_TOP_128_16_16.TOP.CONTROLLER.\controller1_Y_ADDRESS_CON_DEC_reg[3] .D = (0)
ABSOLUTE PORT: TB_TOP_128_16_16.TOP.CONTROLLER.\controller1_Y_ADDRESS_CON_DEC_reg[3] .E = (0)
ABSOLUTE PORT: TB_TOP_128_16_16.TOP.CONTROLLER.\controller1_Y_ADDRESS_CON_DEC_reg[2] .D = (0)
ABSOLUTE PORT: TB_TOP_128_16_16.TOP.CONTROLLER.\controller1_Y_ADDRESS_CON_DEC_reg[2] .E = (0)
ABSOLUTE PORT: TB_TOP_128_16_16.TOP.CONTROLLER.\controller1_Y_ADDRESS_CON_DEC_reg[1] .D = (0)
ABSOLUTE PORT: TB_TOP_128_16_16.TOP.CONTROLLER.\controller1_Y_ADDRESS_CON_DEC_reg[1] .E = (0)
ABSOLUTE PORT: TB_TOP_128_16_16.TOP.CONTROLLER.\controller1_Y_ADDRESS_CON_DEC_reg[0] .D = (0)
ABSOLUTE PORT: TB_TOP_128_16_16.TOP.CONTROLLER.\controller1_Y_ADDRESS_CON_DEC_reg[0] .E = (0)
ABSOLUTE PORT: TB_TOP_128_16_16.TOP.CONTROLLER.g1212.I = (0.05)
ABSOLUTE PORT: TB_TOP_128_16_16.TOP.CONTROLLER.P_EN[8] = (0)
ABSOLUTE PORT: TB_TOP_128_16_16.TOP.CONTROLLER.g1121.I = (0.03)
ABSOLUTE PORT: TB_TOP_128_16_16.TOP.CONTROLLER.P_EN[7] = (0)
ABSOLUTE PORT: TB_TOP_128_16_16.TOP.CONTROLLER.g1125.I = (0.05)
ABSOLUTE PORT: TB_TOP_128_16_16.TOP.CONTROLLER.P_EN[6] = (0)
ABSOLUTE PORT: TB_TOP_128_16_16.TOP.CONTROLLER.g1115.I = (0.07)
ABSOLUTE PORT: TB_TOP_128_16_16.TOP.CONTROLLER.P_EN[5] = (0)
ABSOLUTE PORT: TB_TOP_128_16_16.TOP.CONTROLLER.g1137.I = (0.08)
ABSOLUTE PORT: TB_TOP_128_16_16.TOP.CONTROLLER.P_EN[4] = (0)
ABSOLUTE PORT: TB_TOP_128_16_16.TOP.CONTROLLER.g1147.I = (0.06)
ABSOLUTE PORT: TB_TOP_128_16_16.TOP.CONTROLLER.P_EN[3] = (0)
ABSOLUTE PORT: TB_TOP_128_16_16.TOP.CONTROLLER.g1143.I = (0.04)
ABSOLUTE PORT: TB_TOP_128_16_16.TOP.CONTROLLER.P_EN[2] = (0)
ABSOLUTE PORT: TB_TOP_128_16_16.TOP.CONTROLLER.g1111.I = (0.03)
ABSOLUTE PORT: TB_TOP_128_16_16.TOP.CONTROLLER.P_EN[1] = (0)
ABSOLUTE PORT: TB_TOP_128_16_16.TOP.CONTROLLER.g1113.I = (0.04)
ABSOLUTE PORT: TB_TOP_128_16_16.TOP.CONTROLLER.P_EN[0] = (0)
ABSOLUTE PORT: TB_TOP_128_16_16.TOP.CONTROLLER.g1214.I = (0.01)
ABSOLUTE PORT: TB_TOP_128_16_16.TOP.CONTROLLER.P_NOT_EN[8] = (0)
ABSOLUTE PORT: TB_TOP_128_16_16.TOP.CONTROLLER.P_NOT_EN[7] = (0)
ABSOLUTE PORT: TB_TOP_128_16_16.TOP.CONTROLLER.P_NOT_EN[6] = (0)
ABSOLUTE PORT: TB_TOP_128_16_16.TOP.CONTROLLER.P_NOT_EN[5] = (0)
ABSOLUTE PORT: TB_TOP_128_16_16.TOP.CONTROLLER.P_NOT_EN[4] = (0)
ABSOLUTE PORT: TB_TOP_128_16_16.TOP.CONTROLLER.P_NOT_EN[3] = (0)
ABSOLUTE PORT: TB_TOP_128_16_16.TOP.CONTROLLER.P_NOT_EN[2] = (0)
ABSOLUTE PORT: TB_TOP_128_16_16.TOP.CONTROLLER.P_NOT_EN[1] = (0)
ABSOLUTE PORT: TB_TOP_128_16_16.TOP.CONTROLLER.P_NOT_EN[0] = (0)
ABSOLUTE PORT: TB_TOP_128_16_16.TOP.CONTROLLER.g1117.I = (0.06)
ABSOLUTE PORT: TB_TOP_128_16_16.TOP.CONTROLLER.N_EN[7] = (0)
ABSOLUTE PORT: TB_TOP_128_16_16.TOP.CONTROLLER.g1119.I = (0.03)
ABSOLUTE PORT: TB_TOP_128_16_16.TOP.CONTROLLER.N_EN[6] = (0)
ABSOLUTE PORT: TB_TOP_128_16_16.TOP.CONTROLLER.g1123.I = (0.07)
ABSOLUTE PORT: TB_TOP_128_16_16.TOP.CONTROLLER.N_EN[5] = (0)
ABSOLUTE PORT: TB_TOP_128_16_16.TOP.CONTROLLER.g1145.I = (0.06)
ABSOLUTE PORT: TB_TOP_128_16_16.TOP.CONTROLLER.N_EN[4] = (0)
ABSOLUTE PORT: TB_TOP_128_16_16.TOP.CONTROLLER.g1109.I = (0.05)
ABSOLUTE PORT: TB_TOP_128_16_16.TOP.CONTROLLER.N_EN[3] = (0)
ABSOLUTE PORT: TB_TOP_128_16_16.TOP.CONTROLLER.g1149.I = (0.04)
ABSOLUTE PORT: TB_TOP_128_16_16.TOP.CONTROLLER.N_EN[2] = (0)
ABSOLUTE PORT: TB_TOP_128_16_16.TOP.CONTROLLER.g1139.I = (0.05)
ABSOLUTE PORT: TB_TOP_128_16_16.TOP.CONTROLLER.N_EN[1] = (0)
ABSOLUTE PORT: TB_TOP_128_16_16.TOP.CONTROLLER.g1141.I = (0.04)
ABSOLUTE PORT: TB_TOP_128_16_16.TOP.CONTROLLER.N_EN[0] = (0)
ABSOLUTE PORT: TB_TOP_128_16_16.TOP.CONTROLLER.N_NOT_EN[7] = (0)
ABSOLUTE PORT: TB_TOP_128_16_16.TOP.CONTROLLER.N_NOT_EN[6] = (0)
ABSOLUTE PORT: TB_TOP_128_16_16.TOP.CONTROLLER.N_NOT_EN[5] = (0)
ABSOLUTE PORT: TB_TOP_128_16_16.TOP.CONTROLLER.N_NOT_EN[4] = (0)
ABSOLUTE PORT: TB_TOP_128_16_16.TOP.CONTROLLER.N_NOT_EN[3] = (0)
ABSOLUTE PORT: TB_TOP_128_16_16.TOP.CONTROLLER.N_NOT_EN[2] = (0)
ABSOLUTE PORT: TB_TOP_128_16_16.TOP.CONTROLLER.N_NOT_EN[1] = (0)
ABSOLUTE PORT: TB_TOP_128_16_16.TOP.CONTROLLER.N_NOT_EN[0] = (0)
ABSOLUTE PORT: TB_TOP_128_16_16.TOP.CONTROLLER.SEL[15] = (0)
ABSOLUTE PORT: TB_TOP_128_16_16.TOP.CONTROLLER.SEL[14] = (0)
ABSOLUTE PORT: TB_TOP_128_16_16.TOP.CONTROLLER.SEL[13] = (0)
ABSOLUTE PORT: TB_TOP_128_16_16.TOP.CONTROLLER.SEL[12] = (0)
ABSOLUTE PORT: TB_TOP_128_16_16.TOP.CONTROLLER.SEL[11] = (0)
ABSOLUTE PORT: TB_TOP_128_16_16.TOP.CONTROLLER.SEL[10] = (0)
ABSOLUTE PORT: TB_TOP_128_16_16.TOP.CONTROLLER.SEL[9] = (0)
ABSOLUTE PORT: TB_TOP_128_16_16.TOP.CONTROLLER.SEL[8] = (0)
ABSOLUTE PORT: TB_TOP_128_16_16.TOP.CONTROLLER.SEL[7] = (0)
ABSOLUTE PORT: TB_TOP_128_16_16.TOP.CONTROLLER.SEL[6] = (0)
ABSOLUTE PORT: TB_TOP_128_16_16.TOP.CONTROLLER.SEL[5] = (0)
ABSOLUTE PORT: TB_TOP_128_16_16.TOP.CONTROLLER.SEL[4] = (0)
ABSOLUTE PORT: TB_TOP_128_16_16.TOP.CONTROLLER.SEL[3] = (0)
ABSOLUTE PORT: TB_TOP_128_16_16.TOP.CONTROLLER.SEL[2] = (0)
ABSOLUTE PORT: TB_TOP_128_16_16.TOP.CONTROLLER.SEL[1] = (0)
ABSOLUTE PORT: TB_TOP_128_16_16.TOP.CONTROLLER.SEL[0] = (0)
ABSOLUTE PORT: TB_TOP_128_16_16.TOP.CONTROLLER.READ = (0)
ABSOLUTE PORT: TB_TOP_128_16_16.TOP.CONTROLLER.g1189.I = (0)
ABSOLUTE PORT: TB_TOP_128_16_16.TOP.CONTROLLER.g1164__7675.A2 = (0.03)
ABSOLUTE PORT: TB_TOP_128_16_16.TOP.CONTROLLER.g1164__7675.A1 = (0)
ABSOLUTE PORT: TB_TOP_128_16_16.TOP.CONTROLLER.g1171__5953.B1 = (0.02)
ABSOLUTE PORT: TB_TOP_128_16_16.TOP.CONTROLLER.g1171__5953.A1 = (0)
ABSOLUTE PORT: TB_TOP_128_16_16.TOP.CONTROLLER.g1184.I = (0.05)
ABSOLUTE PORT: TB_TOP_128_16_16.TOP.CONTROLLER.WRITE = (0)
ABSOLUTE PORT: TB_TOP_128_16_16.TOP.CONTROLLER.WRITE_2 = (0)
ABSOLUTE PORT: TB_TOP_128_16_16.TOP.CONTROLLER.NOT_WRITE = (0)
ABSOLUTE PORT: TB_TOP_128_16_16.TOP.CONTROLLER.NOT_WRITE_2 = (0)
ABSOLUTE PORT: TB_TOP_128_16_16.TOP.CONTROLLER.controller1_DVLP_reg.D = (0)
ABSOLUTE PORT: TB_TOP_128_16_16.TOP.CONTROLLER.controller1_DVLP_reg.E = (0)
ABSOLUTE PORT: TB_TOP_128_16_16.TOP.CONTROLLER.DVLP = (0)
ABSOLUTE PORT: TB_TOP_128_16_16.TOP.CONTROLLER.PRE = (0)
ABSOLUTE PORT: TB_TOP_128_16_16.TOP.CONTROLLER.controller1_EN_SA_reg.D = (0)
ABSOLUTE PORT: TB_TOP_128_16_16.TOP.CONTROLLER.controller1_EN_SA_reg.E = (0)
ABSOLUTE PORT: TB_TOP_128_16_16.TOP.CONTROLLER.EN_SA = (0)
ABSOLUTE PORT: TB_TOP_128_16_16.TOP.CONTROLLER.g1157__4547.B2 = (0)
ABSOLUTE PORT: TB_TOP_128_16_16.TOP.CONTROLLER.g1157__4547.A1 = (0)
ABSOLUTE PORT: TB_TOP_128_16_16.TOP.CONTROLLER.g1157__4547.B1 = (0)
ABSOLUTE PORT: TB_TOP_128_16_16.TOP.CONTROLLER.g1158__9682.A1 = (0)
ABSOLUTE PORT: TB_TOP_128_16_16.TOP.CONTROLLER.g1158__9682.B2 = (0)
ABSOLUTE PORT: TB_TOP_128_16_16.TOP.CONTROLLER.g1158__9682.B1 = (0)
ABSOLUTE PORT: TB_TOP_128_16_16.TOP.CONTROLLER.g1159__2683.A2 = (0)
ABSOLUTE PORT: TB_TOP_128_16_16.TOP.CONTROLLER.g1159__2683.A1 = (0)
ABSOLUTE PORT: TB_TOP_128_16_16.TOP.CONTROLLER.g1159__2683.A3 = (0)
ABSOLUTE PORT: TB_TOP_128_16_16.TOP.CONTROLLER.g1160__1309.A1 = (0)
ABSOLUTE PORT: TB_TOP_128_16_16.TOP.CONTROLLER.g1160__1309.A2 = (0)
ABSOLUTE PORT: TB_TOP_128_16_16.TOP.CONTROLLER.g1160__1309.A3 = (0)
ABSOLUTE PORT: TB_TOP_128_16_16.TOP.CONTROLLER.g1162__6877.A2 = (0)
ABSOLUTE PORT: TB_TOP_128_16_16.TOP.CONTROLLER.g1162__6877.A1 = (0)
ABSOLUTE PORT: TB_TOP_128_16_16.TOP.CONTROLLER.g1165__7118.A1 = (0)
ABSOLUTE PORT: TB_TOP_128_16_16.TOP.CONTROLLER.g1165__7118.B1 = (0)
ABSOLUTE PORT: TB_TOP_128_16_16.TOP.CONTROLLER.g1172__5703.A1 = (0)
ABSOLUTE PORT: TB_TOP_128_16_16.TOP.CONTROLLER.g1172__5703.A2 = (0)
ABSOLUTE PORT: TB_TOP_128_16_16.TOP.CONTROLLER.g1174__5266.B1 = (0)
ABSOLUTE PORT: TB_TOP_128_16_16.TOP.CONTROLLER.g1174__5266.A1 = (0)
ABSOLUTE PORT: TB_TOP_128_16_16.TOP.CONTROLLER.g1163__2900.A1 = (0)
ABSOLUTE PORT: TB_TOP_128_16_16.TOP.CONTROLLER.g1163__2900.A2 = (0)
ABSOLUTE PORT: TB_TOP_128_16_16.TOP.CONTROLLER.g1168__2391.A1 = (0)
ABSOLUTE PORT: TB_TOP_128_16_16.TOP.CONTROLLER.g1168__2391.B1 = (0)
ABSOLUTE PORT: TB_TOP_128_16_16.TOP.CONTROLLER.g1173__7114.B1 = (0)
ABSOLUTE PORT: TB_TOP_128_16_16.TOP.CONTROLLER.g1173__7114.A1 = (0)
ABSOLUTE PORT: TB_TOP_128_16_16.TOP.CONTROLLER.g1170__2250.A2 = (0)
ABSOLUTE PORT: TB_TOP_128_16_16.TOP.CONTROLLER.g1170__2250.A1 = (0)
ABSOLUTE PORT: TB_TOP_128_16_16.TOP.CONTROLLER.g1166__8757.A1 = (0)
ABSOLUTE PORT: TB_TOP_128_16_16.TOP.CONTROLLER.g1166__8757.A2 = (0)
ABSOLUTE PORT: TB_TOP_128_16_16.TOP.CONTROLLER.g1169__1786.A1 = (0)
ABSOLUTE PORT: TB_TOP_128_16_16.TOP.CONTROLLER.g1169__1786.A2 = (0)
ABSOLUTE PORT: TB_TOP_128_16_16.TOP.CONTROLLER.\controller1_nstate_reg[2] .D = (0)
ABSOLUTE PORT: TB_TOP_128_16_16.TOP.CONTROLLER.\controller1_nstate_reg[2] .E = (0)
ABSOLUTE PORT: TB_TOP_128_16_16.TOP.CONTROLLER.\controller1_nstate_reg[0] .D = (0)
ABSOLUTE PORT: TB_TOP_128_16_16.TOP.CONTROLLER.\controller1_nstate_reg[0] .E = (0)
ABSOLUTE PORT: TB_TOP_128_16_16.TOP.CONTROLLER.g1206__3772.B1 = (0)
ABSOLUTE PORT: TB_TOP_128_16_16.TOP.CONTROLLER.g1206__3772.A1 = (0)
ABSOLUTE PORT: TB_TOP_128_16_16.TOP.CONTROLLER.g1201__9906.A1 = (0)
ABSOLUTE PORT: TB_TOP_128_16_16.TOP.CONTROLLER.g1201__9906.A2 = (0)
ABSOLUTE PORT: TB_TOP_128_16_16.TOP.CONTROLLER.controller1_P_ADDRESS_EN_reg.D = (0)
ABSOLUTE PORT: TB_TOP_128_16_16.TOP.CONTROLLER.controller1_P_ADDRESS_EN_reg.E = (0)
ABSOLUTE PORT: TB_TOP_128_16_16.TOP.CONTROLLER.g1183.I = (0)
ABSOLUTE PORT: TB_TOP_128_16_16.TOP.CONTROLLER.g1167.I = (0)
