======================================================================

Annotating SDF timing data:
  Compiled SDF file:     /ibe/users/da220/Cadence/WORK_TSMC180FORTE/THESIS/TB_TOP_64_16_4/.CHARACTERIZATION/CONTROLLER_5V_64_16_4_final.sdf.X
  Log file:              /ibe/users/da220/Cadence/WORK_TSMC180FORTE/THESIS/TB_TOP_64_16_4/.CHARACTERIZATION/CONTROLLER_5V_64_16_4_final.sdf.X_sdf_annotation.log
  Backannotation scope:  TB_TOP_64_16_4.TOP.CONTROLLER
  Configuration file:    
  MTM control:           MAXIMUM
  Scale factors:         
  Scale type:            

Time units: 1ns


Annotating to instance FE_OFC4_P_NOT_EN_10 of module CKBD6
	ABSOLUTE (IOPATH I Z) = (1, 1.095)

Annotating to instance FE_OFC3_P_EN_10 of module CKBD4
	ABSOLUTE (IOPATH I Z) = (1.355, 1.436)

Annotating to instance FE_OFC2_P_NOT_EN_3 of module CKBD4
	ABSOLUTE (IOPATH I Z) = (1.349, 1.466)

Annotating to instance FE_OFC1_P_NOT_EN_5 of module CKBD4
	ABSOLUTE (IOPATH I Z) = (1.448, 1.574)

Annotating to instance FE_OFC0_P_NOT_EN_12 of module CKBD6
	ABSOLUTE (IOPATH I Z) = (1, 1.095)

Annotating to instance CTS_cdb_buf_00093 of module CKBD0
	ABSOLUTE (IOPATH I Z) = (0.307, 0.283)

Annotating to instance CTS_ccl_a_buf_00024 of module CKBD0
	ABSOLUTE (IOPATH I Z) = (0.389, 0.373)

Annotating to instance CTS_ccl_a_buf_00015 of module CKBD0
	ABSOLUTE (IOPATH I Z) = (0.336, 0.318)

Annotating to instance CTS_ccl_a_buf_00012 of module CKBD0
	ABSOLUTE (IOPATH I Z) = (0.37, 0.362)

Annotating to instance CTS_ccl_a_buf_00006 of module CKBD0
	ABSOLUTE (IOPATH I Z) = (0.332, 0.341)

Annotating to instance g1539 of module CKND2
	ABSOLUTE (IOPATH I ZN) = (0.19, 0.222)

Annotating to instance g1542 of module CKND0
	ABSOLUTE (IOPATH I ZN) = (0.291, 0.322)

Annotating to instance CTS_cse_buf_00003 of module BUFFD4
	ABSOLUTE (IOPATH I Z) = (0.14, 0.145)

Annotating to instance CTS_cse_buf_00002 of module CKBD1
	ABSOLUTE (IOPATH I Z) = (0.228, 0.224)

Annotating to instance CTS_cse_buf_00001 of module BUFFD1
	ABSOLUTE (IOPATH I Z) = (0.235, 0.289)

Annotating to instance g1406 of module INVD4
	ABSOLUTE (IOPATH I ZN) = (1.475, 1.046)

Annotating to instance g1441 of module INVD4
	ABSOLUTE (IOPATH I ZN) = (1.696, 1.064)

Annotating to instance g1448 of module INVD16
	ABSOLUTE (IOPATH I ZN) = (0.919, 0.317)

Annotating to instance g1449 of module INVD4
	ABSOLUTE (IOPATH I ZN) = (1.764, 1.063)

Annotating to instance g1412 of module INVD4
	ABSOLUTE (IOPATH I ZN) = (1.48, 1.052)

Annotating to instance g1405 of module INVD4
	ABSOLUTE (IOPATH I ZN) = (1.477, 1.052)

Annotating to instance g1402 of module INVD4
	ABSOLUTE (IOPATH I ZN) = (1.481, 1.06)

Annotating to instance g1409 of module INVD4
	ABSOLUTE (IOPATH I ZN) = (1.476, 1.059)

Annotating to instance g1457 of module INVD16
	ABSOLUTE (IOPATH I ZN) = (0.654, 0.324)

Annotating to instance g1442 of module INVD4
	ABSOLUTE (IOPATH I ZN) = (1.554, 0.955)

Annotating to instance g1410 of module INVD4
	ABSOLUTE (IOPATH I ZN) = (1.476, 1.06)

Annotating to instance g1443 of module INVD4
	ABSOLUTE (IOPATH I ZN) = (1.699, 1.068)

Annotating to instance g1444 of module INVD4
	ABSOLUTE (IOPATH I ZN) = (1.699, 1.064)

Annotating to instance g1411 of module INVD4
	ABSOLUTE (IOPATH I ZN) = (1.476, 1.059)

Annotating to instance g1445 of module INVD4
	ABSOLUTE (IOPATH I ZN) = (1.687, 1.065)

Annotating to instance g1446 of module CKND4
	ABSOLUTE (IOPATH I ZN) = (1.632, 1.672)

Annotating to instance g1403 of module INVD4
	ABSOLUTE (IOPATH I ZN) = (1.474, 1.056)

Annotating to instance g1447 of module CKND4
	ABSOLUTE (IOPATH I ZN) = (1.787, 1.67)

Annotating to instance g1472__8780 of module ND2D3
	ABSOLUTE (IOPATH A1 ZN) = (0.197, 0.04)
ncelab: *W,SDFNDP: Annotation resulted in a negative delay value or pulse limit to specify path or interconnect delay ((IOPATH A2 ZN)), setting to 0 </ibe/users/da220/Cadence/WORK_TSMC180FORTE/THESIS/TB_TOP_64_16_4/.CHARACTERIZATION/CONTROLLER_5V_64_16_4_final.sdf, line 722>.

Annotating to instance g1430__4296 of module AN2D4
	ABSOLUTE (IOPATH A1 Z) = (1.475, 0.983)
	ABSOLUTE (IOPATH A2 Z) = (1.382, 0.971)

Annotating to instance g1456 of module INVD4
	ABSOLUTE (IOPATH I ZN) = (1.485, 1.062)

Annotating to instance g1404 of module INVD4
	ABSOLUTE (IOPATH I ZN) = (1.474, 1.057)

Annotating to instance g1407 of module INVD4
	ABSOLUTE (IOPATH I ZN) = (1.476, 1.061)

Annotating to instance g1413 of module INVD4
	ABSOLUTE (IOPATH I ZN) = (1.48, 1.069)

Annotating to instance g1450 of module INVD4
	ABSOLUTE (IOPATH I ZN) = (1.479, 1.051)

Annotating to instance g1438 of module INVD4
	ABSOLUTE (IOPATH I ZN) = (1.684, 1.065)

Annotating to instance g1451 of module INVD4
	ABSOLUTE (IOPATH I ZN) = (1.47, 1.04)

Annotating to instance g1452 of module INVD4
	ABSOLUTE (IOPATH I ZN) = (1.477, 1.046)

Annotating to instance g1408 of module INVD4
	ABSOLUTE (IOPATH I ZN) = (1.475, 1.054)

Annotating to instance g1439 of module CKND3
	ABSOLUTE (IOPATH I ZN) = (0.286, 0.192)

Annotating to instance g1453 of module INVD4
	ABSOLUTE (IOPATH I ZN) = (1.485, 1.062)

Annotating to instance g1454 of module INVD4
	ABSOLUTE (IOPATH I ZN) = (1.476, 1.052)

Annotating to instance g1440 of module INVD4
	ABSOLUTE (IOPATH I ZN) = (1.678, 1.042)

Annotating to instance g1455 of module INVD4
	ABSOLUTE (IOPATH I ZN) = (1.479, 1.059)

Annotating to instance g1473__3772 of module ND2D3
	ABSOLUTE (IOPATH A1 ZN) = (0.199, 0.044)
ncelab: *W,SDFNDP: Annotation resulted in a negative delay value or pulse limit to specify path or interconnect delay ((IOPATH A2 ZN)), setting to 0 </ibe/users/da220/Cadence/WORK_TSMC180FORTE/THESIS/TB_TOP_64_16_4/.CHARACTERIZATION/CONTROLLER_5V_64_16_4_final.sdf, line 884>.

Annotating to instance g1465__1474 of module ND2D4
	ABSOLUTE (IOPATH A1 ZN) = (1.383, 1.432)
	ABSOLUTE (IOPATH A2 ZN) = (1.41, 1.194)

Annotating to instance g1437__4547 of module AN2D4
	ABSOLUTE (IOPATH A1 Z) = (1.447, 1)
	ABSOLUTE (IOPATH A2 Z) = (1.376, 0.964)

Annotating to instance g1434__9682 of module AN2D4
	ABSOLUTE (IOPATH A1 Z) = (1.404, 0.883)
	ABSOLUTE (IOPATH A2 Z) = (1.345, 1.008)

Annotating to instance g1426__2683 of module AN2D4
	ABSOLUTE (IOPATH A1 Z) = (1.397, 0.875)
	ABSOLUTE (IOPATH A2 Z) = (1.337, 0.997)

Annotating to instance g1467__1309 of module ND2D4
	ABSOLUTE (IOPATH A1 ZN) = (1.422, 1.31)
	ABSOLUTE (IOPATH A2 ZN) = (1.41, 1.192)

Annotating to instance g1428__6877 of module AN2D4
	ABSOLUTE (IOPATH A1 Z) = (1.416, 0.9)
	ABSOLUTE (IOPATH A2 Z) = (1.344, 1.033)

Annotating to instance g1468__2900 of module ND2D4
	ABSOLUTE (IOPATH A1 ZN) = (1.395, 1.45)
	ABSOLUTE (IOPATH A2 ZN) = (1.417, 1.2)

Annotating to instance g1435__2391 of module AN2D4
	ABSOLUTE (IOPATH A1 Z) = (1.404, 0.884)
	ABSOLUTE (IOPATH A2 Z) = (1.337, 1.022)

Annotating to instance g1469__7675 of module ND2D4
	ABSOLUTE (IOPATH A1 ZN) = (1.419, 1.287)
	ABSOLUTE (IOPATH A2 ZN) = (1.408, 1.192)

Annotating to instance g1427__7118 of module AN2D4
	ABSOLUTE (IOPATH A1 Z) = (1.451, 1.009)
	ABSOLUTE (IOPATH A2 Z) = (1.374, 0.965)

Annotating to instance g1470__8757 of module ND2D4
	ABSOLUTE (IOPATH A1 ZN) = (1.429, 1.298)
	ABSOLUTE (IOPATH A2 ZN) = (1.415, 1.2)

Annotating to instance g1436__1786 of module AN2D4
	ABSOLUTE (IOPATH A1 Z) = (1.386, 0.86)
	ABSOLUTE (IOPATH A2 Z) = (1.325, 0.986)

Annotating to instance g1431__5953 of module AN2D4
	ABSOLUTE (IOPATH A1 Z) = (1.407, 0.888)
	ABSOLUTE (IOPATH A2 Z) = (1.376, 0.965)

Annotating to instance g1471__5703 of module CKND2D4
	ABSOLUTE (IOPATH A1 ZN) = (1.412, 1.632)
	ABSOLUTE (IOPATH A2 ZN) = (1.404, 1.779)

Annotating to instance g1466__7114 of module ND2D3
	ABSOLUTE (IOPATH A1 ZN) = (0.2, 0.038)
ncelab: *W,SDFNDP: Annotation resulted in a negative delay value or pulse limit to specify path or interconnect delay ((IOPATH A2 ZN)), setting to 0 </ibe/users/da220/Cadence/WORK_TSMC180FORTE/THESIS/TB_TOP_64_16_4/.CHARACTERIZATION/CONTROLLER_5V_64_16_4_final.sdf, line 1049>.

Annotating to instance g1481__5266 of module OR2D4
	ABSOLUTE (IOPATH A1 Z) = (1.516, 1.043)
	ABSOLUTE (IOPATH A2 Z) = (1.529, 1.062)

Annotating to instance g1474__2250 of module OR2D4
	ABSOLUTE (IOPATH A1 Z) = (1.416, 0.961)
	ABSOLUTE (IOPATH A2 Z) = (1.426, 0.997)

Annotating to instance g1462__6083 of module ND2D4
	ABSOLUTE (IOPATH A1 ZN) = (1.42, 1.311)
	ABSOLUTE (IOPATH A2 ZN) = (1.4, 1.184)

Annotating to instance g1432__2703 of module AN2D4
	ABSOLUTE (IOPATH A1 Z) = (1.414, 0.895)
	ABSOLUTE (IOPATH A2 Z) = (1.384, 0.975)

Annotating to instance g1475__5795 of module OR2D4
	ABSOLUTE (IOPATH A1 Z) = (1.417, 0.981)
	ABSOLUTE (IOPATH A2 Z) = (1.43, 1.003)

Annotating to instance g1463__7344 of module ND2D3
	ABSOLUTE (IOPATH A1 ZN) = (0.212, 0.058)
ncelab: *W,SDFNDP: Annotation resulted in a negative delay value or pulse limit to specify path or interconnect delay ((IOPATH A2 ZN)), setting to 0 </ibe/users/da220/Cadence/WORK_TSMC180FORTE/THESIS/TB_TOP_64_16_4/.CHARACTERIZATION/CONTROLLER_5V_64_16_4_final.sdf, line 1115>.

Annotating to instance g1476__1840 of module OR2D4
	ABSOLUTE (IOPATH A1 Z) = (1.409, 0.953)
	ABSOLUTE (IOPATH A2 Z) = (1.416, 0.949)

Annotating to instance g1477__5019 of module OR2D4
	ABSOLUTE (IOPATH A1 Z) = (1.406, 0.966)
	ABSOLUTE (IOPATH A2 Z) = (1.416, 0.948)

Annotating to instance g1433__1857 of module AN2D4
	ABSOLUTE (IOPATH A1 Z) = (1.406, 0.885)
	ABSOLUTE (IOPATH A2 Z) = (1.344, 1.014)

Annotating to instance g1478__9906 of module OR2D4
	ABSOLUTE (IOPATH A1 Z) = (1.413, 0.977)
	ABSOLUTE (IOPATH A2 Z) = (1.425, 0.994)

Annotating to instance g1464__8780 of module ND2D4
	ABSOLUTE (IOPATH A1 ZN) = (1.436, 1.326)
	ABSOLUTE (IOPATH A2 ZN) = (1.412, 1.197)

Annotating to instance g1479__4296 of module OR2D4
	ABSOLUTE (IOPATH A1 Z) = (1.418, 0.965)
	ABSOLUTE (IOPATH A2 Z) = (1.429, 0.998)

Annotating to instance g1480__3772 of module OR2D4
	ABSOLUTE (IOPATH A1 Z) = (1.406, 0.95)
	ABSOLUTE (IOPATH A2 Z) = (1.415, 0.981)

Annotating to instance g1429__1474 of module AN2D4
	ABSOLUTE (IOPATH A1 Z) = (1.452, 0.96)
	ABSOLUTE (IOPATH A2 Z) = (1.357, 0.943)

Annotating to instance g1460__4547 of module AN2D4
	ABSOLUTE (IOPATH A1 Z) = (1.318, 0.845)
	ABSOLUTE (IOPATH A2 Z) = (1.265, 0.949)

Annotating to instance g1421__9682 of module AN2D4
	ABSOLUTE (IOPATH A1 Z) = (1.318, 0.844)
	ABSOLUTE (IOPATH A2 Z) = (1.286, 0.873)

Annotating to instance g1418__2683 of module AN2D4
	ABSOLUTE (IOPATH A1 Z) = (1.358, 0.908)
	ABSOLUTE (IOPATH A2 Z) = (1.265, 0.949)

Annotating to instance g1415__1309 of module AN2D4
	ABSOLUTE (IOPATH A1 Z) = (1.317, 0.844)
	ABSOLUTE (IOPATH A2 Z) = (1.287, 0.87)

Annotating to instance g1424__6877 of module AN2D4
	ABSOLUTE (IOPATH A1 Z) = (1.358, 0.908)
	ABSOLUTE (IOPATH A2 Z) = (1.286, 0.874)

Annotating to instance g1420__2900 of module AN2D4
	ABSOLUTE (IOPATH A1 Z) = (1.319, 0.847)
	ABSOLUTE (IOPATH A2 Z) = (1.265, 0.949)

Annotating to instance g1425__2391 of module AN2D4
	ABSOLUTE (IOPATH A1 Z) = (1.317, 0.843)
	ABSOLUTE (IOPATH A2 Z) = (1.286, 0.868)

Annotating to instance g1423__7118 of module AN2D4
	ABSOLUTE (IOPATH A1 Z) = (1.358, 0.909)
	ABSOLUTE (IOPATH A2 Z) = (1.265, 0.947)

Annotating to instance g1459__8757 of module AN2D4
	ABSOLUTE (IOPATH A1 Z) = (1.321, 0.853)
	ABSOLUTE (IOPATH A2 Z) = (1.264, 0.95)

Annotating to instance g1417__1786 of module AN2D4
	ABSOLUTE (IOPATH A1 Z) = (1.358, 0.906)
	ABSOLUTE (IOPATH A2 Z) = (1.287, 0.869)

Annotating to instance g1419__5953 of module AN2D4
	ABSOLUTE (IOPATH A1 Z) = (1.319, 0.848)
	ABSOLUTE (IOPATH A2 Z) = (1.265, 0.947)

Annotating to instance g1414__5703 of module AN2D4
	ABSOLUTE (IOPATH A1 Z) = (1.319, 0.848)
	ABSOLUTE (IOPATH A2 Z) = (1.286, 0.874)

Annotating to instance g1458__7114 of module AN2D4
	ABSOLUTE (IOPATH A1 Z) = (1.317, 0.845)
	ABSOLUTE (IOPATH A2 Z) = (1.265, 0.946)

Annotating to instance g1461__5266 of module AN2D4
	ABSOLUTE (IOPATH A1 Z) = (1.322, 0.853)
	ABSOLUTE (IOPATH A2 Z) = (1.265, 0.948)

Annotating to instance g1422__2250 of module AN2D4
	ABSOLUTE (IOPATH A1 Z) = (1.322, 0.852)
	ABSOLUTE (IOPATH A2 Z) = (1.286, 0.874)

Annotating to instance g1416__6083 of module AN2D4
	ABSOLUTE (IOPATH A1 Z) = (1.321, 0.849)
	ABSOLUTE (IOPATH A2 Z) = (1.287, 0.869)

Annotating to instance g1482__2703 of module AN2D1
	ABSOLUTE (IOPATH A1 Z) = (0.515, 0.366)
	ABSOLUTE (IOPATH A2 Z) = (0.507, 0.43)

Annotating to instance g1494__5795 of module NR2D1
	ABSOLUTE (IOPATH A1 ZN) = (0.867, 0.302)
	ABSOLUTE (IOPATH A2 ZN) = (1.064, 0.43)

Annotating to instance g1483__7344 of module AN2D1
	ABSOLUTE (IOPATH A1 Z) = (0.48, 0.345)
	ABSOLUTE (IOPATH A2 Z) = (0.466, 0.587)

Annotating to instance g1486__1840 of module NR2D1
	ABSOLUTE (IOPATH A1 ZN) = (0.969, 0.326)
	ABSOLUTE (IOPATH A2 ZN) = (1.164, 0.47)

Annotating to instance g1485__5019 of module IND2D1
	ABSOLUTE (IOPATH A1 ZN) = (0.369, 0.378)
	ABSOLUTE (IOPATH B1 ZN) = (0.309, 0.275)

Annotating to instance g1484__1857 of module OR2D1
	ABSOLUTE (IOPATH A1 Z) = (0.379, 0.445)
	ABSOLUTE (IOPATH A2 Z) = (0.367, 0.684)

Annotating to instance g1490__9906 of module INR2D0
	ABSOLUTE (IOPATH A1 ZN) = (1.505, 0.637)
	ABSOLUTE (IOPATH B1 ZN) = (1.428, 0.477)

Annotating to instance g1505 of module INVD1
	ABSOLUTE (IOPATH I ZN) = (0.346, 0.042)

Annotating to instance g1491__8780 of module INR3D0
	ABSOLUTE (IOPATH A1 ZN) = (0.953, 0.571)
	ABSOLUTE (IOPATH B1 ZN) = (0.859, 0.398)
	ABSOLUTE (IOPATH B2 ZN) = (0.821, 0.393)

Annotating to instance g1488__4296 of module AN3D1
	ABSOLUTE (IOPATH A1 Z) = (0.584, 0.389)
	ABSOLUTE (IOPATH A2 Z) = (0.605, 0.429)
	ABSOLUTE (IOPATH A3 Z) = (0.604, 0.473)

Annotating to instance g1492__3772 of module AN3D1
	ABSOLUTE (IOPATH A1 Z) = (0.586, 0.396)
	ABSOLUTE (IOPATH A2 Z) = (0.587, 0.42)
	ABSOLUTE (IOPATH A3 Z) = (0.583, 0.461)

Annotating to instance g1504 of module INVD1
	ABSOLUTE (IOPATH I ZN) = (0.293, 0.144)

Annotating to instance g1503 of module INVD1
	ABSOLUTE (IOPATH I ZN) = (0.34, 0.06)

Annotating to instance g1495 of module INVD1
	ABSOLUTE (IOPATH I ZN) = (0.333, 0.058)

Annotating to instance g1493__1474 of module AN3D1
	ABSOLUTE (IOPATH A1 Z) = (0.553, 0.369)
	ABSOLUTE (IOPATH A2 Z) = (0.577, 0.414)
	ABSOLUTE (IOPATH A3 Z) = (0.574, 0.455)

Annotating to instance g1496__4547 of module CKND2D1
	ABSOLUTE (IOPATH A1 ZN) = (0.157, 0.167)
	ABSOLUTE (IOPATH A2 ZN) = (0.17, 0.174)

Annotating to instance g1500__9682 of module NR2D1
	ABSOLUTE (IOPATH A1 ZN) = (0.649, 0.236)
	ABSOLUTE (IOPATH A2 ZN) = (0.655, 0.244)

Annotating to instance g1499__2683 of module INR2D0
	ABSOLUTE (IOPATH A1 ZN) = (1.259, 0.533)
	ABSOLUTE (IOPATH B1 ZN) = (1.187, 0.409)

Annotating to instance g1497__1309 of module INR2D0
	ABSOLUTE (IOPATH A1 ZN) = (1.28, 0.54)
	ABSOLUTE (IOPATH B1 ZN) = (1.207, 0.415)

Annotating to instance controller1_state_reg[2] of module DFKCNQD1
	ABSOLUTE (IOPATH CP Q) = (0.642, 0.637)
	TIMINGCHECK (SETUPHOLD (posedge D) (posedge CP) (0.103) (-0.05))
	TIMINGCHECK (SETUPHOLD (negedge D) (posedge CP) (0.056) (0.064))
	TIMINGCHECK (WIDTH (posedge CP) (0.619))
	TIMINGCHECK (WIDTH (negedge CP) (0.711))
	TIMINGCHECK (SETUPHOLD (posedge CN) (posedge CP) (0.093) (-0.042))
	TIMINGCHECK (SETUPHOLD (negedge CN) (posedge CP) (0.22) (-0.04))

Annotating to instance g1501__6877 of module INR2D1
	ABSOLUTE (IOPATH A1 ZN) = (1.483, 0.619)
	ABSOLUTE (IOPATH B1 ZN) = (1.386, 0.46)

Annotating to instance g1508__2900 of module NR2D1
	ABSOLUTE (IOPATH A1 ZN) = (0.224, 0.087)
	ABSOLUTE (IOPATH A2 ZN) = (0.226, 0.1)

Annotating to instance g1507__2391 of module IND2D1
	ABSOLUTE (IOPATH A1 ZN) = (0.252, 0.273)
	ABSOLUTE (IOPATH B1 ZN) = (0.164, 0.14)

Annotating to instance g1506__7675 of module IND2D1
	ABSOLUTE (IOPATH A1 ZN) = (0.242, 0.263)
	ABSOLUTE (IOPATH B1 ZN) = (0.154, 0.131)

Annotating to instance g1509__7118 of module AN2D1
	ABSOLUTE (IOPATH A1 Z) = (0.509, 0.381)
	ABSOLUTE (IOPATH A2 Z) = (0.496, 0.404)

Annotating to instance g1510__8757 of module INR2D1
	ABSOLUTE (IOPATH A1 ZN) = (1.512, 0.626)
	ABSOLUTE (IOPATH B1 ZN) = (1.415, 0.47)

Annotating to instance g1511__1786 of module AN2D1
	ABSOLUTE (IOPATH A1 Z) = (0.733, 0.51)
	ABSOLUTE (IOPATH A2 Z) = (0.719, 0.531)

Annotating to instance g1512__5953 of module NR2D1
	ABSOLUTE (IOPATH A1 ZN) = (1.508, 0.5)
	ABSOLUTE (IOPATH A2 ZN) = (1.517, 0.509)

Annotating to instance g1513 of module CKND1
	ABSOLUTE (IOPATH I ZN) = (0.088, 0.091)

Annotating to instance g1518 of module CKND1
	ABSOLUTE (IOPATH I ZN) = (0.09, 0.093)

Annotating to instance controller1_state_reg[0] of module DFKCNQD1
	ABSOLUTE (IOPATH CP Q) = (0.605, 0.615)
	TIMINGCHECK (SETUPHOLD (posedge D) (posedge CP) (0.103) (-0.05))
	TIMINGCHECK (SETUPHOLD (negedge D) (posedge CP) (0.056) (0.064))
	TIMINGCHECK (WIDTH (posedge CP) (0.619))
	TIMINGCHECK (WIDTH (negedge CP) (0.711))
	TIMINGCHECK (SETUPHOLD (posedge CN) (posedge CP) (0.093) (-0.042))
	TIMINGCHECK (SETUPHOLD (negedge CN) (posedge CP) (0.22) (-0.04))

Annotating to instance controller1_Y_ADDRESS_CON_DEC_reg[0] of module LHQD1
	ABSOLUTE (IOPATH D Q) = (0.313, 0.428)
	ABSOLUTE (IOPATH E Q) = (0.514, 0.416)
	TIMINGCHECK (WIDTH (posedge E) (0.316))
	TIMINGCHECK (SETUPHOLD (posedge D) (negedge E) (-0.095) (0.154))
	TIMINGCHECK (SETUPHOLD (negedge D) (negedge E) (0.199) (-0.105))

Annotating to instance controller1_X_ADDRESS_CON_DEC_reg[3] of module LHQD1
	ABSOLUTE (IOPATH D Q) = (0.318, 0.432)
	ABSOLUTE (IOPATH E Q) = (0.519, 0.42)
	TIMINGCHECK (WIDTH (posedge E) (0.316))
	TIMINGCHECK (SETUPHOLD (posedge D) (negedge E) (-0.095) (0.154))
	TIMINGCHECK (SETUPHOLD (negedge D) (negedge E) (0.199) (-0.105))

Annotating to instance controller1_X_ADDRESS_CON_DEC_reg[2] of module LHQD1
	ABSOLUTE (IOPATH D Q) = (0.31, 0.423)
	ABSOLUTE (IOPATH E Q) = (0.51, 0.41)
	TIMINGCHECK (WIDTH (posedge E) (0.316))
	TIMINGCHECK (SETUPHOLD (posedge D) (negedge E) (-0.095) (0.154))
	TIMINGCHECK (SETUPHOLD (negedge D) (negedge E) (0.199) (-0.105))

Annotating to instance controller1_X_ADDRESS_CON_DEC_reg[1] of module LHQD1
	ABSOLUTE (IOPATH D Q) = (0.313, 0.428)
	ABSOLUTE (IOPATH E Q) = (0.513, 0.415)
	TIMINGCHECK (WIDTH (posedge E) (0.316))
	TIMINGCHECK (SETUPHOLD (posedge D) (negedge E) (-0.095) (0.154))
	TIMINGCHECK (SETUPHOLD (negedge D) (negedge E) (0.199) (-0.105))

Annotating to instance controller1_Y_ADDRESS_CON_DEC_reg[3] of module LHQD1
	ABSOLUTE (IOPATH D Q) = (0.316, 0.43)
	ABSOLUTE (IOPATH E Q) = (0.516, 0.418)
	TIMINGCHECK (WIDTH (posedge E) (0.316))
	TIMINGCHECK (SETUPHOLD (posedge D) (negedge E) (-0.095) (0.154))
	TIMINGCHECK (SETUPHOLD (negedge D) (negedge E) (0.199) (-0.105))

Annotating to instance controller1_Y_ADDRESS_CON_DEC_reg[2] of module LHQD1
	ABSOLUTE (IOPATH D Q) = (0.325, 0.438)
	ABSOLUTE (IOPATH E Q) = (0.526, 0.425)
	TIMINGCHECK (WIDTH (posedge E) (0.316))
	TIMINGCHECK (SETUPHOLD (posedge D) (negedge E) (-0.095) (0.154))
	TIMINGCHECK (SETUPHOLD (negedge D) (negedge E) (0.199) (-0.105))

Annotating to instance controller1_X_ADDRESS_CON_DEC_reg[0] of module LHQD1
	ABSOLUTE (IOPATH D Q) = (0.315, 0.43)
	ABSOLUTE (IOPATH E Q) = (0.515, 0.417)
	TIMINGCHECK (WIDTH (posedge E) (0.316))
	TIMINGCHECK (SETUPHOLD (posedge D) (negedge E) (-0.095) (0.154))
	TIMINGCHECK (SETUPHOLD (negedge D) (negedge E) (0.199) (-0.105))

Annotating to instance controller1_Y_ADDRESS_CON_DEC_reg[1] of module LHQD1
	ABSOLUTE (IOPATH D Q) = (0.306, 0.423)
	ABSOLUTE (IOPATH E Q) = (0.506, 0.41)
	TIMINGCHECK (WIDTH (posedge E) (0.316))
	TIMINGCHECK (SETUPHOLD (posedge D) (negedge E) (-0.095) (0.154))
	TIMINGCHECK (SETUPHOLD (negedge D) (negedge E) (0.199) (-0.105))

Annotating to instance controller1_P_ADDRESS_EN_reg of module LHQD1
	ABSOLUTE (IOPATH D Q) = (0.434, 0.452)
	ABSOLUTE (IOPATH E Q) = (0.661, 0.522)
	TIMINGCHECK (WIDTH (posedge E) (0.448))
	TIMINGCHECK (SETUPHOLD (posedge D) (negedge E) (-0.139) (0.173))
	TIMINGCHECK (SETUPHOLD (negedge D) (negedge E) (0.101) (-0.021))

Annotating to instance controller1_nstate_reg[2] of module LHQD1
	ABSOLUTE (IOPATH D Q) = (0.248, 0.322)
	ABSOLUTE (IOPATH E Q) = (0.47, 0.382)
	TIMINGCHECK (WIDTH (posedge E) (0.448))
	TIMINGCHECK (SETUPHOLD (posedge D) (negedge E) (-0.149) (0.188))
	TIMINGCHECK (SETUPHOLD (negedge D) (negedge E) (0.114) (-0.021))

Annotating to instance g1524 of module INVD2
	ABSOLUTE (IOPATH I ZN) = (1.353, 0.921)

Annotating to instance controller1_nstate_reg[0] of module LHQD1
	ABSOLUTE (IOPATH D Q) = (0.245, 0.313)
	ABSOLUTE (IOPATH E Q) = (0.468, 0.38)
	TIMINGCHECK (WIDTH (posedge E) (0.448))
	TIMINGCHECK (SETUPHOLD (posedge D) (negedge E) (-0.147) (0.182))
	TIMINGCHECK (SETUPHOLD (negedge D) (negedge E) (0.108) (-0.022))

Annotating to instance controller1_READ_reg of module LHQD4
	ABSOLUTE (IOPATH D Q) = (0.376, 0.491)
	ABSOLUTE (IOPATH E Q) = (0.608, 0.557)
	TIMINGCHECK (WIDTH (posedge E) (0.462))
	TIMINGCHECK (SETUPHOLD (posedge D) (negedge E) (-0.045) (0.094))
	TIMINGCHECK (SETUPHOLD (negedge D) (negedge E) (0.272) (-0.107))

Annotating to instance g1533__5703 of module AO21D4
	ABSOLUTE (IOPATH A1 Z) = (0.282, 0.312)
	ABSOLUTE (IOPATH A2 Z) = (0.255, 0.415)
	ABSOLUTE (IOPATH B Z) = (0.242, 0.365)
	ABSOLUTE (COND ((A1==0)&&(A2==0)) (IOPATH B Z)) = (0.242, 0.365)
	ABSOLUTE (COND ((A1==0)&&(A2==1)) (IOPATH B Z)) = (0.242, 0.365)
	ABSOLUTE (COND ((A1==1)&&(A2==0)) (IOPATH B Z)) = (0.242, 0.365)

Annotating to instance controller1_PRE_reg of module LHQD1
	ABSOLUTE (IOPATH D Q) = (0.508, 0.498)
	ABSOLUTE (IOPATH E Q) = (0.735, 0.569)
	TIMINGCHECK (WIDTH (posedge E) (0.448))
	TIMINGCHECK (SETUPHOLD (posedge D) (negedge E) (-0.14) (0.176))
	TIMINGCHECK (SETUPHOLD (negedge D) (negedge E) (0.1) (-0.02))

Annotating to instance controller1_EN_SA_reg of module LHQD1
	ABSOLUTE (IOPATH D Q) = (0.502, 0.493)
	ABSOLUTE (IOPATH E Q) = (0.729, 0.566)
	TIMINGCHECK (WIDTH (posedge E) (0.448))
	TIMINGCHECK (SETUPHOLD (posedge D) (negedge E) (-0.14) (0.175))
	TIMINGCHECK (SETUPHOLD (negedge D) (negedge E) (0.099) (-0.018))

Annotating to instance controller1_N_ADDRESS_EN_reg of module LHQD2
	ABSOLUTE (IOPATH D Q) = (1.281, 0.992)
	ABSOLUTE (IOPATH E Q) = (1.51, 1.067)
	TIMINGCHECK (WIDTH (posedge E) (0.452))
	TIMINGCHECK (SETUPHOLD (posedge D) (negedge E) (-0.109) (0.144))
	TIMINGCHECK (SETUPHOLD (negedge D) (negedge E) (0.148) (-0.04))

Annotating to instance controller1_DVLP_reg of module LHQD4
	ABSOLUTE (IOPATH D Q) = (1.582, 1.259)
	ABSOLUTE (IOPATH E Q) = (1.807, 1.32)
	TIMINGCHECK (WIDTH (posedge E) (0.462))
	TIMINGCHECK (SETUPHOLD (posedge D) (negedge E) (-0.041) (0.094))
	TIMINGCHECK (SETUPHOLD (negedge D) (negedge E) (0.28) (-0.11))

Annotating to instance g1531__7114 of module NR3D0
	ABSOLUTE (IOPATH A1 ZN) = (0.222, 0.118)
	ABSOLUTE (IOPATH A2 ZN) = (0.315, 0.179)
	ABSOLUTE (IOPATH A3 ZN) = (0.293, 0.174)

Annotating to instance g1534__5266 of module OR2D1
	ABSOLUTE (IOPATH A1 Z) = (0.207, 0.305)
	ABSOLUTE (IOPATH A2 Z) = (0.228, 0.349)

Annotating to instance g1536__2250 of module CKND2D2
	ABSOLUTE (IOPATH A1 ZN) = (0.247, 0.254)
	ABSOLUTE (IOPATH A2 ZN) = (0.257, 0.266)

Annotating to instance g1535__6083 of module INR2D4
	ABSOLUTE (IOPATH A1 ZN) = (0.262, 0.223)
	ABSOLUTE (IOPATH B1 ZN) = (0.204, 0.067)

Annotating to instance g1537__2703 of module AOI21D1
	ABSOLUTE (IOPATH A1 ZN) = (0.207, 0.113)
	ABSOLUTE (IOPATH A2 ZN) = (0.317, 0.103)
	ABSOLUTE (IOPATH B ZN) = (0.296, 0.121)
	ABSOLUTE (COND ((A1==0)&&(A2==0)) (IOPATH B ZN)) = (0.296, 0.121)
	ABSOLUTE (COND ((A1==0)&&(A2==1)) (IOPATH B ZN)) = (0.296, 0.121)
	ABSOLUTE (COND ((A1==1)&&(A2==0)) (IOPATH B ZN)) = (0.296, 0.121)

Annotating to instance g1538__5795 of module AOI21D1
	ABSOLUTE (IOPATH A1 ZN) = (0.292, 0.147)
	ABSOLUTE (IOPATH A2 ZN) = (0.305, 0.122)
	ABSOLUTE (IOPATH B ZN) = (0.301, 0.131)
	ABSOLUTE (COND ((A1==0)&&(A2==0)) (IOPATH B ZN)) = (0.301, 0.131)
	ABSOLUTE (COND ((A1==0)&&(A2==1)) (IOPATH B ZN)) = (0.301, 0.131)
	ABSOLUTE (COND ((A1==1)&&(A2==0)) (IOPATH B ZN)) = (0.301, 0.131)

Annotating to instance g1541__7344 of module AN2D1
	ABSOLUTE (IOPATH A1 Z) = (0.282, 0.219)
	ABSOLUTE (IOPATH A2 Z) = (0.258, 0.294)

Annotating to instance g1540__1840 of module NR2D2
	ABSOLUTE (IOPATH A1 ZN) = (0.21, 0.086)
	ABSOLUTE (IOPATH A2 ZN) = (0.234, 0.104)

Annotating to instance controller1_state_reg[1] of module DFKCNQD1
	ABSOLUTE (IOPATH CP Q) = (0.577, 0.598)
	TIMINGCHECK (SETUPHOLD (posedge D) (posedge CP) (0.117) (-0.01))
	TIMINGCHECK (SETUPHOLD (negedge D) (posedge CP) (0.234) (-0.031))
	TIMINGCHECK (WIDTH (posedge CP) (0.619))
	TIMINGCHECK (WIDTH (negedge CP) (0.711))
	TIMINGCHECK (SETUPHOLD (posedge CN) (posedge CP) (0.093) (-0.042))
	TIMINGCHECK (SETUPHOLD (negedge CN) (posedge CP) (0.22) (-0.04))

Annotating to instance g1544__5019 of module IND2D2
	ABSOLUTE (IOPATH A1 ZN) = (0.183, 0.207)
	ABSOLUTE (IOPATH B1 ZN) = (0.162, 0.09)

Annotating to instance g1546__1857 of module IND2D4
	ABSOLUTE (IOPATH A1 ZN) = (0.188, 0.256)
	ABSOLUTE (IOPATH B1 ZN) = (0.156, 0.084)

Annotating to instance g1545__9906 of module INR2D1
	ABSOLUTE (IOPATH A1 ZN) = (0.364, 0.258)
	ABSOLUTE (IOPATH B1 ZN) = (0.277, 0.11)

Annotating to instance g1548 of module INVD4
	ABSOLUTE (IOPATH I ZN) = (1.511, 1.073)

Annotating to instance g1547 of module INVD1
	ABSOLUTE (IOPATH I ZN) = (0.267, 0.129)

Annotating to instance g2 of module INR2D0
	ABSOLUTE (IOPATH A1 ZN) = (1.466, 0.624)
	ABSOLUTE (IOPATH B1 ZN) = (1.39, 0.467)
ABSOLUTE PORT: TB_TOP_64_16_4.TOP.CONTROLLER.g1463__7344.A1 = (0)
ABSOLUTE PORT: TB_TOP_64_16_4.TOP.CONTROLLER.g1463__7344.A2 = (0)
ABSOLUTE PORT: TB_TOP_64_16_4.TOP.CONTROLLER.FE_OFC4_P_NOT_EN_10.I = (0)
ABSOLUTE PORT: TB_TOP_64_16_4.TOP.CONTROLLER.g1439.I = (0.02)
ABSOLUTE PORT: TB_TOP_64_16_4.TOP.CONTROLLER.FE_OFC3_P_EN_10.I = (0)
ABSOLUTE PORT: TB_TOP_64_16_4.TOP.CONTROLLER.g1473__3772.A2 = (0)
ABSOLUTE PORT: TB_TOP_64_16_4.TOP.CONTROLLER.g1473__3772.A1 = (0)
ABSOLUTE PORT: TB_TOP_64_16_4.TOP.CONTROLLER.FE_OFC2_P_NOT_EN_3.I = (0)
ABSOLUTE PORT: TB_TOP_64_16_4.TOP.CONTROLLER.g1472__8780.A2 = (0)
ABSOLUTE PORT: TB_TOP_64_16_4.TOP.CONTROLLER.g1472__8780.A1 = (0)
ABSOLUTE PORT: TB_TOP_64_16_4.TOP.CONTROLLER.FE_OFC1_P_NOT_EN_5.I = (0)
ABSOLUTE PORT: TB_TOP_64_16_4.TOP.CONTROLLER.g1466__7114.A1 = (0)
ABSOLUTE PORT: TB_TOP_64_16_4.TOP.CONTROLLER.g1466__7114.A2 = (0)
ABSOLUTE PORT: TB_TOP_64_16_4.TOP.CONTROLLER.FE_OFC0_P_NOT_EN_12.I = (0)
ABSOLUTE PORT: TB_TOP_64_16_4.TOP.CONTROLLER.CTS_cdb_buf_00093.I = (0)
ABSOLUTE PORT: TB_TOP_64_16_4.TOP.CONTROLLER.g1536__2250.A2 = (0)
ABSOLUTE PORT: TB_TOP_64_16_4.TOP.CONTROLLER.g1536__2250.A1 = (0)
ABSOLUTE PORT: TB_TOP_64_16_4.TOP.CONTROLLER.CTS_ccl_a_buf_00024.I = (0)
ABSOLUTE PORT: TB_TOP_64_16_4.TOP.CONTROLLER.g1546__1857.A1 = (0)
ABSOLUTE PORT: TB_TOP_64_16_4.TOP.CONTROLLER.g1546__1857.B1 = (0)
ABSOLUTE PORT: TB_TOP_64_16_4.TOP.CONTROLLER.g1534__5266.A2 = (0)
ABSOLUTE PORT: TB_TOP_64_16_4.TOP.CONTROLLER.g1534__5266.A1 = (0)
ABSOLUTE PORT: TB_TOP_64_16_4.TOP.CONTROLLER.CTS_ccl_a_buf_00015.I = (0)
ABSOLUTE PORT: TB_TOP_64_16_4.TOP.CONTROLLER.g1538__5795.A2 = (0)
ABSOLUTE PORT: TB_TOP_64_16_4.TOP.CONTROLLER.g1538__5795.A1 = (0)
ABSOLUTE PORT: TB_TOP_64_16_4.TOP.CONTROLLER.g1538__5795.B = (0)
ABSOLUTE PORT: TB_TOP_64_16_4.TOP.CONTROLLER.g1537__2703.B = (0)
ABSOLUTE PORT: TB_TOP_64_16_4.TOP.CONTROLLER.g1537__2703.A2 = (0)
ABSOLUTE PORT: TB_TOP_64_16_4.TOP.CONTROLLER.g1537__2703.A1 = (0)
ABSOLUTE PORT: TB_TOP_64_16_4.TOP.CONTROLLER.CTS_ccl_a_buf_00012.I = (0)
ABSOLUTE PORT: TB_TOP_64_16_4.TOP.CONTROLLER.g1541__7344.A2 = (0)
ABSOLUTE PORT: TB_TOP_64_16_4.TOP.CONTROLLER.g1541__7344.A1 = (0)
ABSOLUTE PORT: TB_TOP_64_16_4.TOP.CONTROLLER.CTS_cse_buf_00001.I = (0)
ABSOLUTE PORT: TB_TOP_64_16_4.TOP.CONTROLLER.g1539.I = (0)
ABSOLUTE PORT: TB_TOP_64_16_4.TOP.CONTROLLER.g1535__6083.B1 = (0)
ABSOLUTE PORT: TB_TOP_64_16_4.TOP.CONTROLLER.g1535__6083.A1 = (0)
ABSOLUTE PORT: TB_TOP_64_16_4.TOP.CONTROLLER.CTS_ccl_a_buf_00006.I = (0)
ABSOLUTE PORT: TB_TOP_64_16_4.TOP.CONTROLLER.g1531__7114.A3 = (0)
ABSOLUTE PORT: TB_TOP_64_16_4.TOP.CONTROLLER.g1531__7114.A2 = (0)
ABSOLUTE PORT: TB_TOP_64_16_4.TOP.CONTROLLER.g1531__7114.A1 = (0)
ABSOLUTE PORT: TB_TOP_64_16_4.TOP.CONTROLLER.CTS_cse_buf_00002.I = (0)
ABSOLUTE PORT: TB_TOP_64_16_4.TOP.CONTROLLER.g1542.I = (0)
ABSOLUTE PORT: TB_TOP_64_16_4.TOP.CONTROLLER.g1533__5703.A2 = (0)
ABSOLUTE PORT: TB_TOP_64_16_4.TOP.CONTROLLER.g1533__5703.A1 = (0)
ABSOLUTE PORT: TB_TOP_64_16_4.TOP.CONTROLLER.g1533__5703.B = (0)
ABSOLUTE PORT: TB_TOP_64_16_4.TOP.CONTROLLER.CTS_cse_buf_00003.I = (0)
ABSOLUTE PORT: TB_TOP_64_16_4.TOP.CONTROLLER.controller1_N_ADDRESS_EN_reg.D = (0)
ABSOLUTE PORT: TB_TOP_64_16_4.TOP.CONTROLLER.controller1_N_ADDRESS_EN_reg.E = (0)
ABSOLUTE PORT: TB_TOP_64_16_4.TOP.CONTROLLER.controller1_READ_reg.D = (0)
ABSOLUTE PORT: TB_TOP_64_16_4.TOP.CONTROLLER.controller1_READ_reg.E = (0)
ABSOLUTE PORT: TB_TOP_64_16_4.TOP.CONTROLLER.controller1_PRE_reg.D = (0)
ABSOLUTE PORT: TB_TOP_64_16_4.TOP.CONTROLLER.controller1_PRE_reg.E = (0)
ABSOLUTE PORT: TB_TOP_64_16_4.TOP.CONTROLLER.g1544__5019.B1 = (0)
ABSOLUTE PORT: TB_TOP_64_16_4.TOP.CONTROLLER.g1544__5019.A1 = (0)
ABSOLUTE PORT: TB_TOP_64_16_4.TOP.CONTROLLER.\controller1_state_reg[2] .CP = (0)
ABSOLUTE PORT: TB_TOP_64_16_4.TOP.CONTROLLER.\controller1_state_reg[2] .D = (0)
ABSOLUTE PORT: TB_TOP_64_16_4.TOP.CONTROLLER.\controller1_state_reg[2] .CN = (0)
ABSOLUTE PORT: TB_TOP_64_16_4.TOP.CONTROLLER.\controller1_state_reg[1] .CP = (0)
ABSOLUTE PORT: TB_TOP_64_16_4.TOP.CONTROLLER.\controller1_state_reg[1] .D = (0.03)
ABSOLUTE PORT: TB_TOP_64_16_4.TOP.CONTROLLER.\controller1_state_reg[1] .CN = (0)
ABSOLUTE PORT: TB_TOP_64_16_4.TOP.CONTROLLER.\controller1_state_reg[0] .CP = (0)
ABSOLUTE PORT: TB_TOP_64_16_4.TOP.CONTROLLER.\controller1_state_reg[0] .D = (0)
ABSOLUTE PORT: TB_TOP_64_16_4.TOP.CONTROLLER.\controller1_state_reg[0] .CN = (0)
ABSOLUTE PORT: TB_TOP_64_16_4.TOP.CONTROLLER.g1547.I = (0)
ABSOLUTE PORT: TB_TOP_64_16_4.TOP.CONTROLLER.\controller1_X_ADDRESS_CON_DEC_reg[3] .D = (0)
ABSOLUTE PORT: TB_TOP_64_16_4.TOP.CONTROLLER.\controller1_X_ADDRESS_CON_DEC_reg[3] .E = (0)
ABSOLUTE PORT: TB_TOP_64_16_4.TOP.CONTROLLER.\controller1_X_ADDRESS_CON_DEC_reg[2] .D = (0)
ABSOLUTE PORT: TB_TOP_64_16_4.TOP.CONTROLLER.\controller1_X_ADDRESS_CON_DEC_reg[2] .E = (0)
ABSOLUTE PORT: TB_TOP_64_16_4.TOP.CONTROLLER.\controller1_X_ADDRESS_CON_DEC_reg[1] .D = (0)
ABSOLUTE PORT: TB_TOP_64_16_4.TOP.CONTROLLER.\controller1_X_ADDRESS_CON_DEC_reg[1] .E = (0)
ABSOLUTE PORT: TB_TOP_64_16_4.TOP.CONTROLLER.\controller1_X_ADDRESS_CON_DEC_reg[0] .D = (0)
ABSOLUTE PORT: TB_TOP_64_16_4.TOP.CONTROLLER.\controller1_X_ADDRESS_CON_DEC_reg[0] .E = (0)
ABSOLUTE PORT: TB_TOP_64_16_4.TOP.CONTROLLER.\controller1_Y_ADDRESS_CON_DEC_reg[3] .D = (0)
ABSOLUTE PORT: TB_TOP_64_16_4.TOP.CONTROLLER.\controller1_Y_ADDRESS_CON_DEC_reg[3] .E = (0)
ABSOLUTE PORT: TB_TOP_64_16_4.TOP.CONTROLLER.\controller1_Y_ADDRESS_CON_DEC_reg[2] .D = (0)
ABSOLUTE PORT: TB_TOP_64_16_4.TOP.CONTROLLER.\controller1_Y_ADDRESS_CON_DEC_reg[2] .E = (0)
ABSOLUTE PORT: TB_TOP_64_16_4.TOP.CONTROLLER.\controller1_Y_ADDRESS_CON_DEC_reg[1] .D = (0)
ABSOLUTE PORT: TB_TOP_64_16_4.TOP.CONTROLLER.\controller1_Y_ADDRESS_CON_DEC_reg[1] .E = (0)
ABSOLUTE PORT: TB_TOP_64_16_4.TOP.CONTROLLER.\controller1_Y_ADDRESS_CON_DEC_reg[0] .D = (0)
ABSOLUTE PORT: TB_TOP_64_16_4.TOP.CONTROLLER.\controller1_Y_ADDRESS_CON_DEC_reg[0] .E = (0)
ABSOLUTE PORT: TB_TOP_64_16_4.TOP.CONTROLLER.g1453.I = (0.03)
ABSOLUTE PORT: TB_TOP_64_16_4.TOP.CONTROLLER.P_EN[15] = (0)
ABSOLUTE PORT: TB_TOP_64_16_4.TOP.CONTROLLER.g1429__1474.A1 = (0)
ABSOLUTE PORT: TB_TOP_64_16_4.TOP.CONTROLLER.g1429__1474.A2 = (0)
ABSOLUTE PORT: TB_TOP_64_16_4.TOP.CONTROLLER.g1405.I = (0.02)
ABSOLUTE PORT: TB_TOP_64_16_4.TOP.CONTROLLER.P_EN[14] = (0)
ABSOLUTE PORT: TB_TOP_64_16_4.TOP.CONTROLLER.g1457.I = (0.01)
ABSOLUTE PORT: TB_TOP_64_16_4.TOP.CONTROLLER.P_EN[13] = (0)
ABSOLUTE PORT: TB_TOP_64_16_4.TOP.CONTROLLER.g1442.I = (0.01)
ABSOLUTE PORT: TB_TOP_64_16_4.TOP.CONTROLLER.P_EN[12] = (0)
ABSOLUTE PORT: TB_TOP_64_16_4.TOP.CONTROLLER.g1454.I = (0.01)
ABSOLUTE PORT: TB_TOP_64_16_4.TOP.CONTROLLER.P_EN[11] = (0)
ABSOLUTE PORT: TB_TOP_64_16_4.TOP.CONTROLLER.P_EN[10] = (0)
ABSOLUTE PORT: TB_TOP_64_16_4.TOP.CONTROLLER.g1451.I = (0.02)
ABSOLUTE PORT: TB_TOP_64_16_4.TOP.CONTROLLER.P_EN[9] = (0)
ABSOLUTE PORT: TB_TOP_64_16_4.TOP.CONTROLLER.g1444.I = (0.02)
ABSOLUTE PORT: TB_TOP_64_16_4.TOP.CONTROLLER.P_EN[8] = (0)
ABSOLUTE PORT: TB_TOP_64_16_4.TOP.CONTROLLER.g1430__4296.A2 = (0)
ABSOLUTE PORT: TB_TOP_64_16_4.TOP.CONTROLLER.g1430__4296.A1 = (0)
ABSOLUTE PORT: TB_TOP_64_16_4.TOP.CONTROLLER.g1406.I = (0.01)
ABSOLUTE PORT: TB_TOP_64_16_4.TOP.CONTROLLER.P_EN[7] = (0)
ABSOLUTE PORT: TB_TOP_64_16_4.TOP.CONTROLLER.g1431__5953.A1 = (0)
ABSOLUTE PORT: TB_TOP_64_16_4.TOP.CONTROLLER.g1431__5953.A2 = (0)
ABSOLUTE PORT: TB_TOP_64_16_4.TOP.CONTROLLER.g1407.I = (0.03)
ABSOLUTE PORT: TB_TOP_64_16_4.TOP.CONTROLLER.P_EN[6] = (0)
ABSOLUTE PORT: TB_TOP_64_16_4.TOP.CONTROLLER.g1448.I = (0.02)
ABSOLUTE PORT: TB_TOP_64_16_4.TOP.CONTROLLER.P_EN[5] = (0)
ABSOLUTE PORT: TB_TOP_64_16_4.TOP.CONTROLLER.g1436__1786.A2 = (0)
ABSOLUTE PORT: TB_TOP_64_16_4.TOP.CONTROLLER.g1436__1786.A1 = (0)
ABSOLUTE PORT: TB_TOP_64_16_4.TOP.CONTROLLER.g1412.I = (0.03)
ABSOLUTE PORT: TB_TOP_64_16_4.TOP.CONTROLLER.P_EN[4] = (0)
ABSOLUTE PORT: TB_TOP_64_16_4.TOP.CONTROLLER.g1449.I = (0.03)
ABSOLUTE PORT: TB_TOP_64_16_4.TOP.CONTROLLER.P_EN[3] = (0)
ABSOLUTE PORT: TB_TOP_64_16_4.TOP.CONTROLLER.g1426__2683.A1 = (0)
ABSOLUTE PORT: TB_TOP_64_16_4.TOP.CONTROLLER.g1426__2683.A2 = (0)
ABSOLUTE PORT: TB_TOP_64_16_4.TOP.CONTROLLER.g1402.I = (0.02)
ABSOLUTE PORT: TB_TOP_64_16_4.TOP.CONTROLLER.P_EN[2] = (0)
ABSOLUTE PORT: TB_TOP_64_16_4.TOP.CONTROLLER.g1441.I = (0.03)
ABSOLUTE PORT: TB_TOP_64_16_4.TOP.CONTROLLER.P_EN[1] = (0)
ABSOLUTE PORT: TB_TOP_64_16_4.TOP.CONTROLLER.g1428__6877.A1 = (0)
ABSOLUTE PORT: TB_TOP_64_16_4.TOP.CONTROLLER.g1428__6877.A2 = (0)
ABSOLUTE PORT: TB_TOP_64_16_4.TOP.CONTROLLER.g1404.I = (0.02)
ABSOLUTE PORT: TB_TOP_64_16_4.TOP.CONTROLLER.P_EN[0] = (0)
ABSOLUTE PORT: TB_TOP_64_16_4.TOP.CONTROLLER.g1548.I = (0.04)
ABSOLUTE PORT: TB_TOP_64_16_4.TOP.CONTROLLER.P_NOT_EN[16] = (0)
ABSOLUTE PORT: TB_TOP_64_16_4.TOP.CONTROLLER.g1477__5019.A2 = (0)
ABSOLUTE PORT: TB_TOP_64_16_4.TOP.CONTROLLER.g1477__5019.A1 = (0)
ABSOLUTE PORT: TB_TOP_64_16_4.TOP.CONTROLLER.P_NOT_EN[15] = (0)
ABSOLUTE PORT: TB_TOP_64_16_4.TOP.CONTROLLER.P_NOT_EN[14] = (0)
ABSOLUTE PORT: TB_TOP_64_16_4.TOP.CONTROLLER.g1481__5266.A2 = (0)
ABSOLUTE PORT: TB_TOP_64_16_4.TOP.CONTROLLER.g1481__5266.A1 = (0)
ABSOLUTE PORT: TB_TOP_64_16_4.TOP.CONTROLLER.P_NOT_EN[13] = (0)
ABSOLUTE PORT: TB_TOP_64_16_4.TOP.CONTROLLER.P_NOT_EN[12] = (0)
ABSOLUTE PORT: TB_TOP_64_16_4.TOP.CONTROLLER.g1478__9906.A2 = (0)
ABSOLUTE PORT: TB_TOP_64_16_4.TOP.CONTROLLER.g1478__9906.A1 = (0)
ABSOLUTE PORT: TB_TOP_64_16_4.TOP.CONTROLLER.P_NOT_EN[11] = (0)
ABSOLUTE PORT: TB_TOP_64_16_4.TOP.CONTROLLER.P_NOT_EN[10] = (0)
ABSOLUTE PORT: TB_TOP_64_16_4.TOP.CONTROLLER.g1475__5795.A2 = (0)
ABSOLUTE PORT: TB_TOP_64_16_4.TOP.CONTROLLER.g1475__5795.A1 = (0)
ABSOLUTE PORT: TB_TOP_64_16_4.TOP.CONTROLLER.P_NOT_EN[9] = (0)
ABSOLUTE PORT: TB_TOP_64_16_4.TOP.CONTROLLER.g1468__2900.A1 = (0)
ABSOLUTE PORT: TB_TOP_64_16_4.TOP.CONTROLLER.g1468__2900.A2 = (0.01)
ABSOLUTE PORT: TB_TOP_64_16_4.TOP.CONTROLLER.P_NOT_EN[8] = (0)
ABSOLUTE PORT: TB_TOP_64_16_4.TOP.CONTROLLER.P_NOT_EN[7] = (0)
ABSOLUTE PORT: TB_TOP_64_16_4.TOP.CONTROLLER.P_NOT_EN[6] = (0)
ABSOLUTE PORT: TB_TOP_64_16_4.TOP.CONTROLLER.P_NOT_EN[5] = (0)
ABSOLUTE PORT: TB_TOP_64_16_4.TOP.CONTROLLER.P_NOT_EN[4] = (0)
ABSOLUTE PORT: TB_TOP_64_16_4.TOP.CONTROLLER.P_NOT_EN[3] = (0)
ABSOLUTE PORT: TB_TOP_64_16_4.TOP.CONTROLLER.P_NOT_EN[2] = (0)
ABSOLUTE PORT: TB_TOP_64_16_4.TOP.CONTROLLER.g1465__1474.A2 = (0)
ABSOLUTE PORT: TB_TOP_64_16_4.TOP.CONTROLLER.g1465__1474.A1 = (0)
ABSOLUTE PORT: TB_TOP_64_16_4.TOP.CONTROLLER.P_NOT_EN[1] = (0)
ABSOLUTE PORT: TB_TOP_64_16_4.TOP.CONTROLLER.P_NOT_EN[0] = (0)
ABSOLUTE PORT: TB_TOP_64_16_4.TOP.CONTROLLER.g1452.I = (0.01)
ABSOLUTE PORT: TB_TOP_64_16_4.TOP.CONTROLLER.N_EN[15] = (0)
ABSOLUTE PORT: TB_TOP_64_16_4.TOP.CONTROLLER.g1427__7118.A1 = (0)
ABSOLUTE PORT: TB_TOP_64_16_4.TOP.CONTROLLER.g1427__7118.A2 = (0)
ABSOLUTE PORT: TB_TOP_64_16_4.TOP.CONTROLLER.g1403.I = (0.02)
ABSOLUTE PORT: TB_TOP_64_16_4.TOP.CONTROLLER.N_EN[14] = (0)
ABSOLUTE PORT: TB_TOP_64_16_4.TOP.CONTROLLER.g1455.I = (0.02)
ABSOLUTE PORT: TB_TOP_64_16_4.TOP.CONTROLLER.N_EN[13] = (0)
ABSOLUTE PORT: TB_TOP_64_16_4.TOP.CONTROLLER.g1438.I = (0.03)
ABSOLUTE PORT: TB_TOP_64_16_4.TOP.CONTROLLER.N_EN[12] = (0)
ABSOLUTE PORT: TB_TOP_64_16_4.TOP.CONTROLLER.g1456.I = (0.04)
ABSOLUTE PORT: TB_TOP_64_16_4.TOP.CONTROLLER.N_EN[11] = (0)
ABSOLUTE PORT: TB_TOP_64_16_4.TOP.CONTROLLER.g1440.I = (0.01)
ABSOLUTE PORT: TB_TOP_64_16_4.TOP.CONTROLLER.N_EN[10] = (0)
ABSOLUTE PORT: TB_TOP_64_16_4.TOP.CONTROLLER.g1450.I = (0.03)
ABSOLUTE PORT: TB_TOP_64_16_4.TOP.CONTROLLER.N_EN[9] = (0)
ABSOLUTE PORT: TB_TOP_64_16_4.TOP.CONTROLLER.g1443.I = (0.03)
ABSOLUTE PORT: TB_TOP_64_16_4.TOP.CONTROLLER.N_EN[8] = (0)
ABSOLUTE PORT: TB_TOP_64_16_4.TOP.CONTROLLER.g1437__4547.A1 = (0)
ABSOLUTE PORT: TB_TOP_64_16_4.TOP.CONTROLLER.g1437__4547.A2 = (0)
ABSOLUTE PORT: TB_TOP_64_16_4.TOP.CONTROLLER.g1413.I = (0.03)
ABSOLUTE PORT: TB_TOP_64_16_4.TOP.CONTROLLER.N_EN[7] = (0)
ABSOLUTE PORT: TB_TOP_64_16_4.TOP.CONTROLLER.g1432__2703.A1 = (0)
ABSOLUTE PORT: TB_TOP_64_16_4.TOP.CONTROLLER.g1432__2703.A2 = (0)
ABSOLUTE PORT: TB_TOP_64_16_4.TOP.CONTROLLER.g1408.I = (0.01)
ABSOLUTE PORT: TB_TOP_64_16_4.TOP.CONTROLLER.N_EN[6] = (0)
ABSOLUTE PORT: TB_TOP_64_16_4.TOP.CONTROLLER.g1445.I = (0.03, 0.02)
ABSOLUTE PORT: TB_TOP_64_16_4.TOP.CONTROLLER.N_EN[5] = (0)
ABSOLUTE PORT: TB_TOP_64_16_4.TOP.CONTROLLER.g1433__1857.A2 = (0)
ABSOLUTE PORT: TB_TOP_64_16_4.TOP.CONTROLLER.g1433__1857.A1 = (0)
ABSOLUTE PORT: TB_TOP_64_16_4.TOP.CONTROLLER.g1409.I = (0.02)
ABSOLUTE PORT: TB_TOP_64_16_4.TOP.CONTROLLER.N_EN[4] = (0)
ABSOLUTE PORT: TB_TOP_64_16_4.TOP.CONTROLLER.g1446.I = (0.01)
ABSOLUTE PORT: TB_TOP_64_16_4.TOP.CONTROLLER.N_EN[3] = (0)
ABSOLUTE PORT: TB_TOP_64_16_4.TOP.CONTROLLER.g1434__9682.A1 = (0)
ABSOLUTE PORT: TB_TOP_64_16_4.TOP.CONTROLLER.g1434__9682.A2 = (0)
ABSOLUTE PORT: TB_TOP_64_16_4.TOP.CONTROLLER.g1410.I = (0.02)
ABSOLUTE PORT: TB_TOP_64_16_4.TOP.CONTROLLER.N_EN[2] = (0)
ABSOLUTE PORT: TB_TOP_64_16_4.TOP.CONTROLLER.g1447.I = (0.01)
ABSOLUTE PORT: TB_TOP_64_16_4.TOP.CONTROLLER.N_EN[1] = (0)
ABSOLUTE PORT: TB_TOP_64_16_4.TOP.CONTROLLER.g1435__2391.A1 = (0)
ABSOLUTE PORT: TB_TOP_64_16_4.TOP.CONTROLLER.g1435__2391.A2 = (0)
ABSOLUTE PORT: TB_TOP_64_16_4.TOP.CONTROLLER.g1411.I = (0.02)
ABSOLUTE PORT: TB_TOP_64_16_4.TOP.CONTROLLER.N_EN[0] = (0)
ABSOLUTE PORT: TB_TOP_64_16_4.TOP.CONTROLLER.g1476__1840.A2 = (0)
ABSOLUTE PORT: TB_TOP_64_16_4.TOP.CONTROLLER.g1476__1840.A1 = (0)
ABSOLUTE PORT: TB_TOP_64_16_4.TOP.CONTROLLER.N_NOT_EN[15] = (0)
ABSOLUTE PORT: TB_TOP_64_16_4.TOP.CONTROLLER.N_NOT_EN[14] = (0)
ABSOLUTE PORT: TB_TOP_64_16_4.TOP.CONTROLLER.g1479__4296.A2 = (0)
ABSOLUTE PORT: TB_TOP_64_16_4.TOP.CONTROLLER.g1479__4296.A1 = (0)
ABSOLUTE PORT: TB_TOP_64_16_4.TOP.CONTROLLER.N_NOT_EN[13] = (0)
ABSOLUTE PORT: TB_TOP_64_16_4.TOP.CONTROLLER.g1462__6083.A1 = (0)
ABSOLUTE PORT: TB_TOP_64_16_4.TOP.CONTROLLER.g1462__6083.A2 = (0)
ABSOLUTE PORT: TB_TOP_64_16_4.TOP.CONTROLLER.N_NOT_EN[12] = (0)
ABSOLUTE PORT: TB_TOP_64_16_4.TOP.CONTROLLER.g1480__3772.A2 = (0)
ABSOLUTE PORT: TB_TOP_64_16_4.TOP.CONTROLLER.g1480__3772.A1 = (0)
ABSOLUTE PORT: TB_TOP_64_16_4.TOP.CONTROLLER.N_NOT_EN[11] = (0)
ABSOLUTE PORT: TB_TOP_64_16_4.TOP.CONTROLLER.g1464__8780.A1 = (0)
ABSOLUTE PORT: TB_TOP_64_16_4.TOP.CONTROLLER.g1464__8780.A2 = (0)
ABSOLUTE PORT: TB_TOP_64_16_4.TOP.CONTROLLER.N_NOT_EN[10] = (0)
ABSOLUTE PORT: TB_TOP_64_16_4.TOP.CONTROLLER.g1474__2250.A1 = (0)
ABSOLUTE PORT: TB_TOP_64_16_4.TOP.CONTROLLER.g1474__2250.A2 = (0)
ABSOLUTE PORT: TB_TOP_64_16_4.TOP.CONTROLLER.N_NOT_EN[9] = (0)
ABSOLUTE PORT: TB_TOP_64_16_4.TOP.CONTROLLER.g1467__1309.A1 = (0)
ABSOLUTE PORT: TB_TOP_64_16_4.TOP.CONTROLLER.g1467__1309.A2 = (0)
ABSOLUTE PORT: TB_TOP_64_16_4.TOP.CONTROLLER.N_NOT_EN[8] = (0)
ABSOLUTE PORT: TB_TOP_64_16_4.TOP.CONTROLLER.N_NOT_EN[7] = (0)
ABSOLUTE PORT: TB_TOP_64_16_4.TOP.CONTROLLER.N_NOT_EN[6] = (0)
ABSOLUTE PORT: TB_TOP_64_16_4.TOP.CONTROLLER.g1469__7675.A2 = (0)
ABSOLUTE PORT: TB_TOP_64_16_4.TOP.CONTROLLER.g1469__7675.A1 = (0)
ABSOLUTE PORT: TB_TOP_64_16_4.TOP.CONTROLLER.N_NOT_EN[5] = (0)
ABSOLUTE PORT: TB_TOP_64_16_4.TOP.CONTROLLER.N_NOT_EN[4] = (0)
ABSOLUTE PORT: TB_TOP_64_16_4.TOP.CONTROLLER.g1470__8757.A1 = (0)
ABSOLUTE PORT: TB_TOP_64_16_4.TOP.CONTROLLER.g1470__8757.A2 = (0)
ABSOLUTE PORT: TB_TOP_64_16_4.TOP.CONTROLLER.N_NOT_EN[3] = (0)
ABSOLUTE PORT: TB_TOP_64_16_4.TOP.CONTROLLER.N_NOT_EN[2] = (0)
ABSOLUTE PORT: TB_TOP_64_16_4.TOP.CONTROLLER.g1471__5703.A1 = (0)
ABSOLUTE PORT: TB_TOP_64_16_4.TOP.CONTROLLER.g1471__5703.A2 = (0)
ABSOLUTE PORT: TB_TOP_64_16_4.TOP.CONTROLLER.N_NOT_EN[1] = (0)
ABSOLUTE PORT: TB_TOP_64_16_4.TOP.CONTROLLER.N_NOT_EN[0] = (0)
ABSOLUTE PORT: TB_TOP_64_16_4.TOP.CONTROLLER.g1425__2391.A2 = (0)
ABSOLUTE PORT: TB_TOP_64_16_4.TOP.CONTROLLER.g1425__2391.A1 = (0)
ABSOLUTE PORT: TB_TOP_64_16_4.TOP.CONTROLLER.SEL[15] = (0)
ABSOLUTE PORT: TB_TOP_64_16_4.TOP.CONTROLLER.g1420__2900.A1 = (0)
ABSOLUTE PORT: TB_TOP_64_16_4.TOP.CONTROLLER.g1420__2900.A2 = (0)
ABSOLUTE PORT: TB_TOP_64_16_4.TOP.CONTROLLER.SEL[14] = (0)
ABSOLUTE PORT: TB_TOP_64_16_4.TOP.CONTROLLER.g1415__1309.A2 = (0)
ABSOLUTE PORT: TB_TOP_64_16_4.TOP.CONTROLLER.g1415__1309.A1 = (0)
ABSOLUTE PORT: TB_TOP_64_16_4.TOP.CONTROLLER.SEL[13] = (0)
ABSOLUTE PORT: TB_TOP_64_16_4.TOP.CONTROLLER.g1460__4547.A2 = (0)
ABSOLUTE PORT: TB_TOP_64_16_4.TOP.CONTROLLER.g1460__4547.A1 = (0)
ABSOLUTE PORT: TB_TOP_64_16_4.TOP.CONTROLLER.SEL[12] = (0)
ABSOLUTE PORT: TB_TOP_64_16_4.TOP.CONTROLLER.g1416__6083.A1 = (0)
ABSOLUTE PORT: TB_TOP_64_16_4.TOP.CONTROLLER.g1416__6083.A2 = (0)
ABSOLUTE PORT: TB_TOP_64_16_4.TOP.CONTROLLER.SEL[11] = (0)
ABSOLUTE PORT: TB_TOP_64_16_4.TOP.CONTROLLER.g1459__8757.A1 = (0)
ABSOLUTE PORT: TB_TOP_64_16_4.TOP.CONTROLLER.g1459__8757.A2 = (0)
ABSOLUTE PORT: TB_TOP_64_16_4.TOP.CONTROLLER.SEL[10] = (0)
ABSOLUTE PORT: TB_TOP_64_16_4.TOP.CONTROLLER.g1417__1786.A2 = (0)
ABSOLUTE PORT: TB_TOP_64_16_4.TOP.CONTROLLER.g1417__1786.A1 = (0)
ABSOLUTE PORT: TB_TOP_64_16_4.TOP.CONTROLLER.SEL[9] = (0)
ABSOLUTE PORT: TB_TOP_64_16_4.TOP.CONTROLLER.g1418__2683.A1 = (0)
ABSOLUTE PORT: TB_TOP_64_16_4.TOP.CONTROLLER.g1418__2683.A2 = (0)
ABSOLUTE PORT: TB_TOP_64_16_4.TOP.CONTROLLER.SEL[8] = (0)
ABSOLUTE PORT: TB_TOP_64_16_4.TOP.CONTROLLER.g1419__5953.A2 = (0)
ABSOLUTE PORT: TB_TOP_64_16_4.TOP.CONTROLLER.g1419__5953.A1 = (0)
ABSOLUTE PORT: TB_TOP_64_16_4.TOP.CONTROLLER.SEL[7] = (0)
ABSOLUTE PORT: TB_TOP_64_16_4.TOP.CONTROLLER.g1414__5703.A1 = (0)
ABSOLUTE PORT: TB_TOP_64_16_4.TOP.CONTROLLER.g1414__5703.A2 = (0)
ABSOLUTE PORT: TB_TOP_64_16_4.TOP.CONTROLLER.SEL[6] = (0)
ABSOLUTE PORT: TB_TOP_64_16_4.TOP.CONTROLLER.g1458__7114.A2 = (0)
ABSOLUTE PORT: TB_TOP_64_16_4.TOP.CONTROLLER.g1458__7114.A1 = (0)
ABSOLUTE PORT: TB_TOP_64_16_4.TOP.CONTROLLER.SEL[5] = (0)
ABSOLUTE PORT: TB_TOP_64_16_4.TOP.CONTROLLER.g1421__9682.A2 = (0)
ABSOLUTE PORT: TB_TOP_64_16_4.TOP.CONTROLLER.g1421__9682.A1 = (0)
ABSOLUTE PORT: TB_TOP_64_16_4.TOP.CONTROLLER.SEL[4] = (0)
ABSOLUTE PORT: TB_TOP_64_16_4.TOP.CONTROLLER.g1461__5266.A1 = (0)
ABSOLUTE PORT: TB_TOP_64_16_4.TOP.CONTROLLER.g1461__5266.A2 = (0)
ABSOLUTE PORT: TB_TOP_64_16_4.TOP.CONTROLLER.SEL[3] = (0)
ABSOLUTE PORT: TB_TOP_64_16_4.TOP.CONTROLLER.g1422__2250.A1 = (0)
ABSOLUTE PORT: TB_TOP_64_16_4.TOP.CONTROLLER.g1422__2250.A2 = (0)
ABSOLUTE PORT: TB_TOP_64_16_4.TOP.CONTROLLER.SEL[2] = (0)
ABSOLUTE PORT: TB_TOP_64_16_4.TOP.CONTROLLER.g1423__7118.A2 = (0)
ABSOLUTE PORT: TB_TOP_64_16_4.TOP.CONTROLLER.g1423__7118.A1 = (0)
ABSOLUTE PORT: TB_TOP_64_16_4.TOP.CONTROLLER.SEL[1] = (0)
ABSOLUTE PORT: TB_TOP_64_16_4.TOP.CONTROLLER.g1424__6877.A2 = (0)
ABSOLUTE PORT: TB_TOP_64_16_4.TOP.CONTROLLER.g1424__6877.A1 = (0)
ABSOLUTE PORT: TB_TOP_64_16_4.TOP.CONTROLLER.SEL[0] = (0)
ABSOLUTE PORT: TB_TOP_64_16_4.TOP.CONTROLLER.READ = (0)
ABSOLUTE PORT: TB_TOP_64_16_4.TOP.CONTROLLER.g1483__7344.A2 = (0)
ABSOLUTE PORT: TB_TOP_64_16_4.TOP.CONTROLLER.g1483__7344.A1 = (0)
ABSOLUTE PORT: TB_TOP_64_16_4.TOP.CONTROLLER.g1524.I = (0)
ABSOLUTE PORT: TB_TOP_64_16_4.TOP.CONTROLLER.WRITE = (0)
ABSOLUTE PORT: TB_TOP_64_16_4.TOP.CONTROLLER.WRITE_2 = (0)
ABSOLUTE PORT: TB_TOP_64_16_4.TOP.CONTROLLER.g1494__5795.A2 = (0)
ABSOLUTE PORT: TB_TOP_64_16_4.TOP.CONTROLLER.g1494__5795.A1 = (0)
ABSOLUTE PORT: TB_TOP_64_16_4.TOP.CONTROLLER.g1486__1840.A2 = (0)
ABSOLUTE PORT: TB_TOP_64_16_4.TOP.CONTROLLER.g1486__1840.A1 = (0)
ABSOLUTE PORT: TB_TOP_64_16_4.TOP.CONTROLLER.g1484__1857.A2 = (0)
ABSOLUTE PORT: TB_TOP_64_16_4.TOP.CONTROLLER.g1484__1857.A1 = (0)
ABSOLUTE PORT: TB_TOP_64_16_4.TOP.CONTROLLER.NOT_WRITE = (0)
ABSOLUTE PORT: TB_TOP_64_16_4.TOP.CONTROLLER.NOT_WRITE_2 = (0)
ABSOLUTE PORT: TB_TOP_64_16_4.TOP.CONTROLLER.controller1_DVLP_reg.D = (0)
ABSOLUTE PORT: TB_TOP_64_16_4.TOP.CONTROLLER.controller1_DVLP_reg.E = (0)
ABSOLUTE PORT: TB_TOP_64_16_4.TOP.CONTROLLER.P_EN[16] = (0)
ABSOLUTE PORT: TB_TOP_64_16_4.TOP.CONTROLLER.DVLP = (0)
ABSOLUTE PORT: TB_TOP_64_16_4.TOP.CONTROLLER.PRE = (0)
ABSOLUTE PORT: TB_TOP_64_16_4.TOP.CONTROLLER.controller1_EN_SA_reg.D = (0)
ABSOLUTE PORT: TB_TOP_64_16_4.TOP.CONTROLLER.controller1_EN_SA_reg.E = (0)
ABSOLUTE PORT: TB_TOP_64_16_4.TOP.CONTROLLER.EN_SA = (0)
ABSOLUTE PORT: TB_TOP_64_16_4.TOP.CONTROLLER.g1500__9682.A1 = (0)
ABSOLUTE PORT: TB_TOP_64_16_4.TOP.CONTROLLER.g1500__9682.A2 = (0)
ABSOLUTE PORT: TB_TOP_64_16_4.TOP.CONTROLLER.g1499__2683.B1 = (0)
ABSOLUTE PORT: TB_TOP_64_16_4.TOP.CONTROLLER.g1499__2683.A1 = (0)
ABSOLUTE PORT: TB_TOP_64_16_4.TOP.CONTROLLER.g1497__1309.A1 = (0)
ABSOLUTE PORT: TB_TOP_64_16_4.TOP.CONTROLLER.g1497__1309.B1 = (0)
ABSOLUTE PORT: TB_TOP_64_16_4.TOP.CONTROLLER.g1509__7118.A2 = (0)
ABSOLUTE PORT: TB_TOP_64_16_4.TOP.CONTROLLER.g1509__7118.A1 = (0)
ABSOLUTE PORT: TB_TOP_64_16_4.TOP.CONTROLLER.g1491__8780.B1 = (0)
ABSOLUTE PORT: TB_TOP_64_16_4.TOP.CONTROLLER.g1491__8780.B2 = (0)
ABSOLUTE PORT: TB_TOP_64_16_4.TOP.CONTROLLER.g1491__8780.A1 = (0)
ABSOLUTE PORT: TB_TOP_64_16_4.TOP.CONTROLLER.g1492__3772.A2 = (0)
ABSOLUTE PORT: TB_TOP_64_16_4.TOP.CONTROLLER.g1492__3772.A1 = (0)
ABSOLUTE PORT: TB_TOP_64_16_4.TOP.CONTROLLER.g1492__3772.A3 = (0)
ABSOLUTE PORT: TB_TOP_64_16_4.TOP.CONTROLLER.g1493__1474.A2 = (0)
ABSOLUTE PORT: TB_TOP_64_16_4.TOP.CONTROLLER.g1493__1474.A3 = (0)
ABSOLUTE PORT: TB_TOP_64_16_4.TOP.CONTROLLER.g1493__1474.A1 = (0)
ABSOLUTE PORT: TB_TOP_64_16_4.TOP.CONTROLLER.g1518.I = (0)
ABSOLUTE PORT: TB_TOP_64_16_4.TOP.CONTROLLER.g1488__4296.A2 = (0)
ABSOLUTE PORT: TB_TOP_64_16_4.TOP.CONTROLLER.g1488__4296.A3 = (0)
ABSOLUTE PORT: TB_TOP_64_16_4.TOP.CONTROLLER.g1488__4296.A1 = (0)
ABSOLUTE PORT: TB_TOP_64_16_4.TOP.CONTROLLER.g1513.I = (0)
ABSOLUTE PORT: TB_TOP_64_16_4.TOP.CONTROLLER.g1496__4547.A1 = (0)
ABSOLUTE PORT: TB_TOP_64_16_4.TOP.CONTROLLER.g1496__4547.A2 = (0)
ABSOLUTE PORT: TB_TOP_64_16_4.TOP.CONTROLLER.g1508__2900.A1 = (0)
ABSOLUTE PORT: TB_TOP_64_16_4.TOP.CONTROLLER.g1508__2900.A2 = (0)
ABSOLUTE PORT: TB_TOP_64_16_4.TOP.CONTROLLER.g1507__2391.A1 = (0)
ABSOLUTE PORT: TB_TOP_64_16_4.TOP.CONTROLLER.g1507__2391.B1 = (0)
ABSOLUTE PORT: TB_TOP_64_16_4.TOP.CONTROLLER.g1506__7675.B1 = (0)
ABSOLUTE PORT: TB_TOP_64_16_4.TOP.CONTROLLER.g1506__7675.A1 = (0)
ABSOLUTE PORT: TB_TOP_64_16_4.TOP.CONTROLLER.g1501__6877.B1 = (0)
ABSOLUTE PORT: TB_TOP_64_16_4.TOP.CONTROLLER.g1501__6877.A1 = (0)
ABSOLUTE PORT: TB_TOP_64_16_4.TOP.CONTROLLER.g1510__8757.A1 = (0)
ABSOLUTE PORT: TB_TOP_64_16_4.TOP.CONTROLLER.g1510__8757.B1 = (0)
ABSOLUTE PORT: TB_TOP_64_16_4.TOP.CONTROLLER.g1511__1786.A2 = (0)
ABSOLUTE PORT: TB_TOP_64_16_4.TOP.CONTROLLER.g1511__1786.A1 = (0)
ABSOLUTE PORT: TB_TOP_64_16_4.TOP.CONTROLLER.g1512__5953.A1 = (0)
ABSOLUTE PORT: TB_TOP_64_16_4.TOP.CONTROLLER.g1512__5953.A2 = (0)
ABSOLUTE PORT: TB_TOP_64_16_4.TOP.CONTROLLER.\controller1_nstate_reg[2] .D = (0)
ABSOLUTE PORT: TB_TOP_64_16_4.TOP.CONTROLLER.\controller1_nstate_reg[2] .E = (0)
ABSOLUTE PORT: TB_TOP_64_16_4.TOP.CONTROLLER.\controller1_nstate_reg[0] .D = (0)
ABSOLUTE PORT: TB_TOP_64_16_4.TOP.CONTROLLER.\controller1_nstate_reg[0] .E = (0)
ABSOLUTE PORT: TB_TOP_64_16_4.TOP.CONTROLLER.g1545__9906.B1 = (0)
ABSOLUTE PORT: TB_TOP_64_16_4.TOP.CONTROLLER.g1545__9906.A1 = (0)
ABSOLUTE PORT: TB_TOP_64_16_4.TOP.CONTROLLER.g1540__1840.A1 = (0)
ABSOLUTE PORT: TB_TOP_64_16_4.TOP.CONTROLLER.g1540__1840.A2 = (0)
ABSOLUTE PORT: TB_TOP_64_16_4.TOP.CONTROLLER.controller1_P_ADDRESS_EN_reg.D = (0)
ABSOLUTE PORT: TB_TOP_64_16_4.TOP.CONTROLLER.controller1_P_ADDRESS_EN_reg.E = (0)
ABSOLUTE PORT: TB_TOP_64_16_4.TOP.CONTROLLER.g1482__2703.A2 = (0)
ABSOLUTE PORT: TB_TOP_64_16_4.TOP.CONTROLLER.g1482__2703.A1 = (0)
ABSOLUTE PORT: TB_TOP_64_16_4.TOP.CONTROLLER.g1485__5019.B1 = (0)
ABSOLUTE PORT: TB_TOP_64_16_4.TOP.CONTROLLER.g1485__5019.A1 = (0)
ABSOLUTE PORT: TB_TOP_64_16_4.TOP.CONTROLLER.g1490__9906.A1 = (0)
ABSOLUTE PORT: TB_TOP_64_16_4.TOP.CONTROLLER.g1490__9906.B1 = (0)
ABSOLUTE PORT: TB_TOP_64_16_4.TOP.CONTROLLER.g2.A1 = (0)
ABSOLUTE PORT: TB_TOP_64_16_4.TOP.CONTROLLER.g2.B1 = (0)
ABSOLUTE PORT: TB_TOP_64_16_4.TOP.CONTROLLER.g1495.I = (0)
ABSOLUTE PORT: TB_TOP_64_16_4.TOP.CONTROLLER.g1503.I = (0)
ABSOLUTE PORT: TB_TOP_64_16_4.TOP.CONTROLLER.g1504.I = (0)
ABSOLUTE PORT: TB_TOP_64_16_4.TOP.CONTROLLER.g1505.I = (0)
