======================================================================

Annotating SDF timing data:
  Compiled SDF file:     /ibe/users/da220/Cadence/WORK_TSMC180FORTE/THESIS/TB_TOP_64_16_8/.CHARACTERIZATION/CONTROLLER_5V_64_16_8_final.sdf.X
  Log file:              /ibe/users/da220/Cadence/WORK_TSMC180FORTE/THESIS/TB_TOP_64_16_8/.CHARACTERIZATION/CONTROLLER_5V_64_16_8_final.sdf.X_sdf_annotation.log
  Backannotation scope:  TB_TOP_64_16_8.TOP.CONTROLLER
  Configuration file:    
  MTM control:           MAXIMUM
  Scale factors:         
  Scale type:            

Time units: 1ns


Annotating to instance FE_OFC0_N_NOT_EN_4 of module CKBD6
	ABSOLUTE (IOPATH I Z) = (1.115, 1.216)

Annotating to instance CTS_ccl_a_buf_00024 of module CKBD0
	ABSOLUTE (IOPATH I Z) = (0.379, 0.37)

Annotating to instance CTS_ccl_a_buf_00021 of module CKBD2
	ABSOLUTE (IOPATH I Z) = (0.297, 0.285)

Annotating to instance CTS_ccl_a_buf_00015 of module CKBD0
	ABSOLUTE (IOPATH I Z) = (0.343, 0.324)

Annotating to instance CTS_ccl_a_buf_00012 of module CKBD0
	ABSOLUTE (IOPATH I Z) = (0.384, 0.374)

Annotating to instance CTS_ccl_a_buf_00006 of module CKBD0
	ABSOLUTE (IOPATH I Z) = (0.389, 0.371)

Annotating to instance g1188 of module CKND2
	ABSOLUTE (IOPATH I ZN) = (0.187, 0.215)

Annotating to instance g1191 of module CKND0
	ABSOLUTE (IOPATH I ZN) = (0.277, 0.309)

Annotating to instance CTS_cse_buf_00003 of module BUFFD4
	ABSOLUTE (IOPATH I Z) = (0.139, 0.144)

Annotating to instance CTS_cse_buf_00002 of module BUFFD2
	ABSOLUTE (IOPATH I Z) = (0.178, 0.239)

Annotating to instance CTS_cse_buf_00001 of module BUFFD1
	ABSOLUTE (IOPATH I Z) = (0.222, 0.283)

Annotating to instance g1115 of module INVD4
	ABSOLUTE (IOPATH I ZN) = (1.562, 1.114)

Annotating to instance g1112 of module INVD16
	ABSOLUTE (IOPATH I ZN) = (0.681, 0.332)

Annotating to instance g1108 of module INVD16
	ABSOLUTE (IOPATH I ZN) = (0.688, 0.34)

Annotating to instance g1127 of module INVD4
	ABSOLUTE (IOPATH I ZN) = (1.795, 1.124)

Annotating to instance g1129 of module INVD16
	ABSOLUTE (IOPATH I ZN) = (0.868, 0.332)

Annotating to instance g1128 of module INVD16
	ABSOLUTE (IOPATH I ZN) = (0.687, 0.342)

Annotating to instance g1110 of module INVD4
	ABSOLUTE (IOPATH I ZN) = (1.564, 1.116)

Annotating to instance g1130 of module INVD4
	ABSOLUTE (IOPATH I ZN) = (1.753, 1.123)

Annotating to instance g1098__8780 of module AN2D4
	ABSOLUTE (IOPATH A1 Z) = (1.359, 0.909)
	ABSOLUTE (IOPATH A2 Z) = (1.287, 0.871)

Annotating to instance g1111 of module INVD4
	ABSOLUTE (IOPATH I ZN) = (1.562, 1.118)

Annotating to instance g1097__4296 of module AN2D4
	ABSOLUTE (IOPATH A1 Z) = (1.36, 0.914)
	ABSOLUTE (IOPATH A2 Z) = (1.284, 0.885)

Annotating to instance g1132 of module INVD4
	ABSOLUTE (IOPATH I ZN) = (1.745, 1.103)

Annotating to instance g1109 of module INVD4
	ABSOLUTE (IOPATH I ZN) = (1.557, 1.106)

Annotating to instance g1133 of module INVD4
	ABSOLUTE (IOPATH I ZN) = (1.75, 1.123)

Annotating to instance g1096__3772 of module AN2D4
	ABSOLUTE (IOPATH A1 Z) = (1.318, 0.845)
	ABSOLUTE (IOPATH A2 Z) = (1.286, 0.869)

Annotating to instance g1093__1474 of module AN2D4
	ABSOLUTE (IOPATH A1 Z) = (1.36, 0.913)
	ABSOLUTE (IOPATH A2 Z) = (1.287, 0.871)

Annotating to instance g1094__4547 of module AN2D4
	ABSOLUTE (IOPATH A1 Z) = (1.318, 0.844)
	ABSOLUTE (IOPATH A2 Z) = (1.264, 0.948)

Annotating to instance g1100__9682 of module AN2D4
	ABSOLUTE (IOPATH A1 Z) = (1.36, 0.913)
	ABSOLUTE (IOPATH A2 Z) = (1.264, 0.951)

Annotating to instance g1095__2683 of module AN2D4
	ABSOLUTE (IOPATH A1 Z) = (1.319, 0.845)
	ABSOLUTE (IOPATH A2 Z) = (1.264, 0.951)

Annotating to instance g1105__1309 of module AN2D4
	ABSOLUTE (IOPATH A1 Z) = (1.36, 0.913)
	ABSOLUTE (IOPATH A2 Z) = (1.263, 0.953)

Annotating to instance g1092__6877 of module AN2D4
	ABSOLUTE (IOPATH A1 Z) = (1.319, 0.847)
	ABSOLUTE (IOPATH A2 Z) = (1.284, 0.883)

Annotating to instance g1116 of module INVD4
	ABSOLUTE (IOPATH I ZN) = (1.551, 1.094)

Annotating to instance g1119__2900 of module OR2D4
	ABSOLUTE (IOPATH A1 Z) = (1.483, 1.001)
	ABSOLUTE (IOPATH A2 Z) = (1.518, 0.999)

Annotating to instance g1121__2391 of module AN2D4
	ABSOLUTE (IOPATH A1 Z) = (1.553, 0.967)
	ABSOLUTE (IOPATH A2 Z) = (1.521, 0.987)

Annotating to instance g1131 of module INVD16
	ABSOLUTE (IOPATH I ZN) = (0.765, 0.326)

Annotating to instance g1106__7675 of module AN2D4
	ABSOLUTE (IOPATH A1 Z) = (1.359, 0.91)
	ABSOLUTE (IOPATH A2 Z) = (1.264, 0.951)

Annotating to instance g1107__7118 of module AN2D4
	ABSOLUTE (IOPATH A1 Z) = (1.358, 0.909)
	ABSOLUTE (IOPATH A2 Z) = (1.263, 0.952)

Annotating to instance g1101__8757 of module AN2D4
	ABSOLUTE (IOPATH A1 Z) = (1.36, 0.912)
	ABSOLUTE (IOPATH A2 Z) = (1.263, 0.953)

Annotating to instance g1102__1786 of module AN2D4
	ABSOLUTE (IOPATH A1 Z) = (1.359, 0.909)
	ABSOLUTE (IOPATH A2 Z) = (1.284, 0.883)

Annotating to instance g1103__5953 of module AN2D4
	ABSOLUTE (IOPATH A1 Z) = (1.359, 0.912)
	ABSOLUTE (IOPATH A2 Z) = (1.284, 0.884)

Annotating to instance g1099__5703 of module AN2D4
	ABSOLUTE (IOPATH A1 Z) = (1.36, 0.912)
	ABSOLUTE (IOPATH A2 Z) = (1.287, 0.872)

Annotating to instance g1114 of module INVD4
	ABSOLUTE (IOPATH I ZN) = (1.558, 1.106)

Annotating to instance g1104__7114 of module AN2D4
	ABSOLUTE (IOPATH A1 Z) = (1.36, 0.913)
	ABSOLUTE (IOPATH A2 Z) = (1.264, 0.952)

Annotating to instance g1113 of module INVD4
	ABSOLUTE (IOPATH I ZN) = (1.563, 1.115)

Annotating to instance g1135__6083 of module OR2D4
	ABSOLUTE (IOPATH A1 Z) = (1.568, 1.053)
	ABSOLUTE (IOPATH A2 Z) = (1.6, 1.084)

Annotating to instance g1124__2703 of module AN2D4
	ABSOLUTE (IOPATH A1 Z) = (1.554, 1.044)
	ABSOLUTE (IOPATH A2 Z) = (1.459, 0.961)

Annotating to instance g1117__5795 of module AN2D4
	ABSOLUTE (IOPATH A1 Z) = (1.595, 1.005)
	ABSOLUTE (IOPATH A2 Z) = (1.518, 0.984)

Annotating to instance g1118__1840 of module AN2D4
	ABSOLUTE (IOPATH A1 Z) = (1.473, 0.899)
	ABSOLUTE (IOPATH A2 Z) = (1.444, 0.967)

Annotating to instance g1140__5019 of module ND2D4
	ABSOLUTE (IOPATH A1 ZN) = (1.403, 1.374)
	ABSOLUTE (IOPATH A2 ZN) = (1.529, 1.203)

Annotating to instance g1125__1857 of module AN2D4
	ABSOLUTE (IOPATH A1 Z) = (1.466, 0.891)
	ABSOLUTE (IOPATH A2 Z) = (1.441, 0.947)

Annotating to instance g1122__9906 of module AN2D4
	ABSOLUTE (IOPATH A1 Z) = (1.519, 1.059)
	ABSOLUTE (IOPATH A2 Z) = (1.445, 0.952)

Annotating to instance g1138__8780 of module ND2D3
	ABSOLUTE (IOPATH A1 ZN) = (0.229, 0.069)
	ABSOLUTE (IOPATH A2 ZN) = (0.308, 0.009)

Annotating to instance g1120__4296 of module AN2D4
	ABSOLUTE (IOPATH A1 Z) = (1.541, 1.03)
	ABSOLUTE (IOPATH A2 Z) = (1.445, 0.969)

Annotating to instance g1123__3772 of module AN2D4
	ABSOLUTE (IOPATH A1 Z) = (1.475, 0.926)
	ABSOLUTE (IOPATH A2 Z) = (1.444, 0.968)

Annotating to instance g1139__1474 of module ND2D4
	ABSOLUTE (IOPATH A1 ZN) = (1.399, 1.371)
	ABSOLUTE (IOPATH A2 ZN) = (1.39, 1.155)

Annotating to instance g1154 of module INVD1
	ABSOLUTE (IOPATH I ZN) = (0.292, 0.213)

Annotating to instance g1141__4547 of module INR3D0
	ABSOLUTE (IOPATH A1 ZN) = (0.962, 0.548)
	ABSOLUTE (IOPATH B1 ZN) = (0.865, 0.4)
	ABSOLUTE (IOPATH B2 ZN) = (0.833, 0.402)

Annotating to instance g1145 of module INVD1
	ABSOLUTE (IOPATH I ZN) = (0.276, 0.199)

Annotating to instance g1146 of module INVD1
	ABSOLUTE (IOPATH I ZN) = (0.416, 0.229)

Annotating to instance g1142__9682 of module INR3D0
	ABSOLUTE (IOPATH A1 ZN) = (0.988, 0.562)
	ABSOLUTE (IOPATH B1 ZN) = (0.89, 0.41)
	ABSOLUTE (IOPATH B2 ZN) = (0.856, 0.409)

Annotating to instance g1144__2683 of module NR3D0
	ABSOLUTE (IOPATH A1 ZN) = (0.853, 0.389)
	ABSOLUTE (IOPATH A2 ZN) = (0.891, 0.408)
	ABSOLUTE (IOPATH A3 ZN) = (0.909, 0.427)

Annotating to instance g1143__1309 of module AN3D1
	ABSOLUTE (IOPATH A1 Z) = (0.589, 0.398)
	ABSOLUTE (IOPATH A2 Z) = (0.589, 0.421)
	ABSOLUTE (IOPATH A3 Z) = (0.584, 0.435)

Annotating to instance g1158__6877 of module NR2D1
	ABSOLUTE (IOPATH A1 ZN) = (0.326, 0.13)
	ABSOLUTE (IOPATH A2 ZN) = (0.318, 0.137)

Annotating to instance g1152__2900 of module AN2D1
	ABSOLUTE (IOPATH A1 Z) = (0.589, 0.431)
	ABSOLUTE (IOPATH A2 Z) = (0.565, 0.441)

Annotating to instance g1159__2391 of module AN2D1
	ABSOLUTE (IOPATH A1 Z) = (0.513, 0.385)
	ABSOLUTE (IOPATH A2 Z) = (0.498, 0.413)

Annotating to instance g1157__7675 of module INR2D1
	ABSOLUTE (IOPATH A1 ZN) = (1.065, 0.494)
	ABSOLUTE (IOPATH B1 ZN) = (0.975, 0.344)

Annotating to instance g1160__7118 of module NR2D1
	ABSOLUTE (IOPATH A1 ZN) = (0.926, 0.328)
	ABSOLUTE (IOPATH A2 ZN) = (1.143, 0.441)

Annotating to instance controller1_state_reg[2] of module DFKCNQD1
	ABSOLUTE (IOPATH CP Q) = (0.521, 0.562)
	TIMINGCHECK (SETUPHOLD (posedge D) (posedge CP) (0.103) (-0.05))
	TIMINGCHECK (SETUPHOLD (negedge D) (posedge CP) (0.055) (0.065))
	TIMINGCHECK (WIDTH (posedge CP) (0.619))
	TIMINGCHECK (WIDTH (negedge CP) (0.711))
	TIMINGCHECK (SETUPHOLD (posedge CN) (posedge CP) (0.093) (-0.042))
	TIMINGCHECK (SETUPHOLD (negedge CN) (posedge CP) (0.22) (-0.04))

Annotating to instance g1149__8757 of module NR2D1
	ABSOLUTE (IOPATH A1 ZN) = (0.376, 0.148)
	ABSOLUTE (IOPATH A2 ZN) = (0.374, 0.156)

Annotating to instance g1150__1786 of module ND2D1
	ABSOLUTE (IOPATH A1 ZN) = (0.226, 0.199)
	ABSOLUTE (IOPATH A2 ZN) = (0.444, 0.152)

Annotating to instance g1163__5953 of module INR2D0
	ABSOLUTE (IOPATH A1 ZN) = (1.311, 0.55)
	ABSOLUTE (IOPATH B1 ZN) = (1.236, 0.423)

Annotating to instance g1148__5703 of module AN2D1
	ABSOLUTE (IOPATH A1 Z) = (0.51, 0.381)
	ABSOLUTE (IOPATH A2 Z) = (0.495, 0.401)

Annotating to instance g1151__7114 of module INR2D0
	ABSOLUTE (IOPATH A1 ZN) = (1.294, 0.542)
	ABSOLUTE (IOPATH B1 ZN) = (1.222, 0.42)

Annotating to instance g1162__5266 of module INR2D0
	ABSOLUTE (IOPATH A1 ZN) = (1.599, 0.651)
	ABSOLUTE (IOPATH B1 ZN) = (1.529, 0.521)

Annotating to instance g1161__2250 of module NR2D1
	ABSOLUTE (IOPATH A1 ZN) = (0.725, 0.258)
	ABSOLUTE (IOPATH A2 ZN) = (0.734, 0.269)

Annotating to instance controller1_state_reg[0] of module DFKCNQD1
	ABSOLUTE (IOPATH CP Q) = (0.624, 0.626)
	TIMINGCHECK (SETUPHOLD (posedge D) (posedge CP) (0.104) (-0.05))
	TIMINGCHECK (SETUPHOLD (negedge D) (posedge CP) (0.057) (0.064))
	TIMINGCHECK (WIDTH (posedge CP) (0.619))
	TIMINGCHECK (WIDTH (negedge CP) (0.711))
	TIMINGCHECK (SETUPHOLD (posedge CN) (posedge CP) (0.093) (-0.042))
	TIMINGCHECK (SETUPHOLD (negedge CN) (posedge CP) (0.22) (-0.04))

Annotating to instance controller1_Y_ADDRESS_CON_DEC_reg[2] of module LHQD1
	ABSOLUTE (IOPATH D Q) = (0.307, 0.421)
	ABSOLUTE (IOPATH E Q) = (0.505, 0.407)
	TIMINGCHECK (WIDTH (posedge E) (0.305))
	TIMINGCHECK (SETUPHOLD (posedge D) (negedge E) (-0.092) (0.152))
	TIMINGCHECK (SETUPHOLD (negedge D) (negedge E) (0.2) (-0.106))

Annotating to instance controller1_Y_ADDRESS_CON_DEC_reg[1] of module LHQD1
	ABSOLUTE (IOPATH D Q) = (0.316, 0.43)
	ABSOLUTE (IOPATH E Q) = (0.514, 0.416)
	TIMINGCHECK (WIDTH (posedge E) (0.305))
	TIMINGCHECK (SETUPHOLD (posedge D) (negedge E) (-0.092) (0.152))
	TIMINGCHECK (SETUPHOLD (negedge D) (negedge E) (0.2) (-0.106))

Annotating to instance controller1_X_ADDRESS_CON_DEC_reg[2] of module LHQD1
	ABSOLUTE (IOPATH D Q) = (0.366, 0.467)
	ABSOLUTE (IOPATH E Q) = (0.564, 0.453)
	TIMINGCHECK (WIDTH (posedge E) (0.305))
	TIMINGCHECK (SETUPHOLD (posedge D) (negedge E) (-0.092) (0.152))
	TIMINGCHECK (SETUPHOLD (negedge D) (negedge E) (0.2) (-0.106))

Annotating to instance controller1_Y_ADDRESS_CON_DEC_reg[3] of module LHQD1
	ABSOLUTE (IOPATH D Q) = (0.324, 0.437)
	ABSOLUTE (IOPATH E Q) = (0.522, 0.422)
	TIMINGCHECK (WIDTH (posedge E) (0.305))
	TIMINGCHECK (SETUPHOLD (posedge D) (negedge E) (-0.092) (0.152))
	TIMINGCHECK (SETUPHOLD (negedge D) (negedge E) (0.2) (-0.106))

Annotating to instance controller1_X_ADDRESS_CON_DEC_reg[1] of module LHQD1
	ABSOLUTE (IOPATH D Q) = (0.34, 0.449)
	ABSOLUTE (IOPATH E Q) = (0.538, 0.434)
	TIMINGCHECK (WIDTH (posedge E) (0.305))
	TIMINGCHECK (SETUPHOLD (posedge D) (negedge E) (-0.092) (0.152))
	TIMINGCHECK (SETUPHOLD (negedge D) (negedge E) (0.2) (-0.106))

Annotating to instance controller1_X_ADDRESS_CON_DEC_reg[0] of module LHQD1
	ABSOLUTE (IOPATH D Q) = (0.355, 0.46)
	ABSOLUTE (IOPATH E Q) = (0.553, 0.445)
	TIMINGCHECK (WIDTH (posedge E) (0.305))
	TIMINGCHECK (SETUPHOLD (posedge D) (negedge E) (-0.092) (0.152))
	TIMINGCHECK (SETUPHOLD (negedge D) (negedge E) (0.2) (-0.106))

Annotating to instance controller1_Y_ADDRESS_CON_DEC_reg[0] of module LHQD1
	ABSOLUTE (IOPATH D Q) = (0.308, 0.423)
	ABSOLUTE (IOPATH E Q) = (0.507, 0.409)
	TIMINGCHECK (WIDTH (posedge E) (0.305))
	TIMINGCHECK (SETUPHOLD (posedge D) (negedge E) (-0.092) (0.152))
	TIMINGCHECK (SETUPHOLD (negedge D) (negedge E) (0.2) (-0.106))

Annotating to instance g1172 of module INVD1
	ABSOLUTE (IOPATH I ZN) = (0.211, 0.134)

Annotating to instance controller1_nstate_reg[2] of module LHQD1
	ABSOLUTE (IOPATH D Q) = (0.234, 0.309)
	ABSOLUTE (IOPATH E Q) = (0.455, 0.369)
	TIMINGCHECK (WIDTH (posedge E) (0.44))
	TIMINGCHECK (SETUPHOLD (posedge D) (negedge E) (-0.146) (0.185))
	TIMINGCHECK (SETUPHOLD (negedge D) (negedge E) (0.116) (-0.023))

Annotating to instance g1173 of module INVD3
	ABSOLUTE (IOPATH I ZN) = (1.481, 1.028)

Annotating to instance controller1_P_ADDRESS_EN_reg of module LHQD1
	ABSOLUTE (IOPATH D Q) = (0.291, 0.352)
	ABSOLUTE (IOPATH E Q) = (0.519, 0.422)
	TIMINGCHECK (WIDTH (posedge E) (0.44))
	TIMINGCHECK (SETUPHOLD (posedge D) (negedge E) (-0.136) (0.17))
	TIMINGCHECK (SETUPHOLD (negedge D) (negedge E) (0.104) (-0.023))

Annotating to instance controller1_READ_reg of module LHQD1
	ABSOLUTE (IOPATH D Q) = (0.499, 0.49)
	ABSOLUTE (IOPATH E Q) = (0.726, 0.563)
	TIMINGCHECK (WIDTH (posedge E) (0.44))
	TIMINGCHECK (SETUPHOLD (posedge D) (negedge E) (-0.135) (0.169))
	TIMINGCHECK (SETUPHOLD (negedge D) (negedge E) (0.097) (-0.018))

Annotating to instance controller1_PRE_reg of module LHQD1
	ABSOLUTE (IOPATH D Q) = (0.508, 0.497)
	ABSOLUTE (IOPATH E Q) = (0.734, 0.568)
	TIMINGCHECK (WIDTH (posedge E) (0.44))
	TIMINGCHECK (SETUPHOLD (posedge D) (negedge E) (-0.137) (0.172))
	TIMINGCHECK (SETUPHOLD (negedge D) (negedge E) (0.101) (-0.021))

Annotating to instance controller1_DVLP_reg of module LHQD4
	ABSOLUTE (IOPATH D Q) = (1.665, 1.314)
	ABSOLUTE (IOPATH E Q) = (1.888, 1.372)
	TIMINGCHECK (WIDTH (posedge E) (0.459))
	TIMINGCHECK (SETUPHOLD (posedge D) (negedge E) (-0.04) (0.091))
	TIMINGCHECK (SETUPHOLD (negedge D) (negedge E) (0.284) (-0.113))

Annotating to instance controller1_EN_SA_reg of module LHQD1
	ABSOLUTE (IOPATH D Q) = (0.516, 0.502)
	ABSOLUTE (IOPATH E Q) = (0.743, 0.573)
	TIMINGCHECK (WIDTH (posedge E) (0.44))
	TIMINGCHECK (SETUPHOLD (posedge D) (negedge E) (-0.137) (0.172))
	TIMINGCHECK (SETUPHOLD (negedge D) (negedge E) (0.101) (-0.021))

Annotating to instance controller1_nstate_reg[0] of module LHQD1
	ABSOLUTE (IOPATH D Q) = (0.262, 0.329)
	ABSOLUTE (IOPATH E Q) = (0.483, 0.393)
	TIMINGCHECK (WIDTH (posedge E) (0.44))
	TIMINGCHECK (SETUPHOLD (posedge D) (negedge E) (-0.146) (0.18))
	TIMINGCHECK (SETUPHOLD (negedge D) (negedge E) (0.111) (-0.026))

Annotating to instance controller1_N_ADDRESS_EN_reg of module LHQD4
	ABSOLUTE (IOPATH D Q) = (1.232, 1.052)
	ABSOLUTE (IOPATH E Q) = (1.463, 1.124)
	TIMINGCHECK (WIDTH (posedge E) (0.459))
	TIMINGCHECK (SETUPHOLD (posedge D) (negedge E) (-0.043) (0.091))
	TIMINGCHECK (SETUPHOLD (negedge D) (negedge E) (0.266) (-0.101))

Annotating to instance g1182__6083 of module AO21D4
	ABSOLUTE (IOPATH A1 Z) = (0.263, 0.294)
	ABSOLUTE (IOPATH A2 Z) = (0.247, 0.398)
	ABSOLUTE (IOPATH B Z) = (0.235, 0.357)
	ABSOLUTE (COND ((A1==0)&&(A2==0)) (IOPATH B Z)) = (0.235, 0.357)
	ABSOLUTE (COND ((A1==0)&&(A2==1)) (IOPATH B Z)) = (0.235, 0.357)
	ABSOLUTE (COND ((A1==1)&&(A2==0)) (IOPATH B Z)) = (0.235, 0.357)

Annotating to instance g1184__2703 of module OR2D1
	ABSOLUTE (IOPATH A1 Z) = (0.208, 0.309)
	ABSOLUTE (IOPATH A2 Z) = (0.229, 0.354)

Annotating to instance g1179__5795 of module NR3D0
	ABSOLUTE (IOPATH A1 ZN) = (0.223, 0.118)
	ABSOLUTE (IOPATH A2 ZN) = (0.319, 0.181)
	ABSOLUTE (IOPATH A3 ZN) = (0.299, 0.181)

Annotating to instance g1185__7344 of module CKND2D2
	ABSOLUTE (IOPATH A1 ZN) = (0.239, 0.245)
	ABSOLUTE (IOPATH A2 ZN) = (0.25, 0.258)

Annotating to instance g1183__1840 of module INR2D4
	ABSOLUTE (IOPATH A1 ZN) = (0.262, 0.23)
	ABSOLUTE (IOPATH B1 ZN) = (0.207, 0.07)

Annotating to instance g1186__5019 of module AOI21D1
	ABSOLUTE (IOPATH A1 ZN) = (0.234, 0.127)
	ABSOLUTE (IOPATH A2 ZN) = (0.328, 0.117)
	ABSOLUTE (IOPATH B ZN) = (0.318, 0.13)
	ABSOLUTE (COND ((A1==0)&&(A2==0)) (IOPATH B ZN)) = (0.318, 0.13)
	ABSOLUTE (COND ((A1==0)&&(A2==1)) (IOPATH B ZN)) = (0.318, 0.13)
	ABSOLUTE (COND ((A1==1)&&(A2==0)) (IOPATH B ZN)) = (0.318, 0.13)

Annotating to instance g1187__1857 of module AOI21D1
	ABSOLUTE (IOPATH A1 ZN) = (0.315, 0.16)
	ABSOLUTE (IOPATH A2 ZN) = (0.325, 0.132)
	ABSOLUTE (IOPATH B ZN) = (0.323, 0.137)
	ABSOLUTE (COND ((A1==0)&&(A2==0)) (IOPATH B ZN)) = (0.323, 0.137)
	ABSOLUTE (COND ((A1==0)&&(A2==1)) (IOPATH B ZN)) = (0.323, 0.137)
	ABSOLUTE (COND ((A1==1)&&(A2==0)) (IOPATH B ZN)) = (0.323, 0.137)

Annotating to instance g1189__9906 of module NR2D2
	ABSOLUTE (IOPATH A1 ZN) = (0.206, 0.082)
	ABSOLUTE (IOPATH A2 ZN) = (0.228, 0.1)

Annotating to instance g1190__8780 of module AN2D1
	ABSOLUTE (IOPATH A1 Z) = (0.27, 0.209)
	ABSOLUTE (IOPATH A2 Z) = (0.261, 0.3)

Annotating to instance g1193__4296 of module IND2D1
	ABSOLUTE (IOPATH A1 ZN) = (0.198, 0.22)
	ABSOLUTE (IOPATH B1 ZN) = (0.187, 0.115)

Annotating to instance controller1_state_reg[1] of module DFKCNQD1
	ABSOLUTE (IOPATH CP Q) = (0.593, 0.608)
	TIMINGCHECK (SETUPHOLD (posedge D) (posedge CP) (0.117) (-0.007))
	TIMINGCHECK (SETUPHOLD (negedge D) (posedge CP) (0.243) (-0.036))
	TIMINGCHECK (WIDTH (posedge CP) (0.619))
	TIMINGCHECK (WIDTH (negedge CP) (0.711))
	TIMINGCHECK (SETUPHOLD (posedge CN) (posedge CP) (0.093) (-0.042))
	TIMINGCHECK (SETUPHOLD (negedge CN) (posedge CP) (0.22) (-0.04))

Annotating to instance g1195__3772 of module IND2D4
	ABSOLUTE (IOPATH A1 ZN) = (0.182, 0.257)
	ABSOLUTE (IOPATH B1 ZN) = (0.146, 0.073)

Annotating to instance g1194__1474 of module INR2D2
	ABSOLUTE (IOPATH A1 ZN) = (0.303, 0.242)
	ABSOLUTE (IOPATH B1 ZN) = (0.224, 0.082)

Annotating to instance g1197 of module CKND6
	ABSOLUTE (IOPATH I ZN) = (1.154, 1.342)

Annotating to instance g1196 of module INVD1
	ABSOLUTE (IOPATH I ZN) = (0.27, 0.132)

Annotating to instance g2 of module IND2D4
	ABSOLUTE (IOPATH A1 ZN) = (1.521, 1.382)
	ABSOLUTE (IOPATH B1 ZN) = (1.602, 1.442)

Annotating to instance g1219 of module IND2D4
	ABSOLUTE (IOPATH A1 ZN) = (1.412, 1.286)
	ABSOLUTE (IOPATH B1 ZN) = (1.465, 1.528)

Annotating to instance g1220 of module IND2D4
	ABSOLUTE (IOPATH A1 ZN) = (1.433, 1.307)
	ABSOLUTE (IOPATH B1 ZN) = (1.411, 1.38)
ABSOLUTE PORT: TB_TOP_64_16_8.TOP.CONTROLLER.g1138__8780.A1 = (0)
ABSOLUTE PORT: TB_TOP_64_16_8.TOP.CONTROLLER.g1138__8780.A2 = (0)
ABSOLUTE PORT: TB_TOP_64_16_8.TOP.CONTROLLER.FE_OFC0_N_NOT_EN_4.I = (0)
ABSOLUTE PORT: TB_TOP_64_16_8.TOP.CONTROLLER.CTS_ccl_a_buf_00024.I = (0)
ABSOLUTE PORT: TB_TOP_64_16_8.TOP.CONTROLLER.g1195__3772.A1 = (0)
ABSOLUTE PORT: TB_TOP_64_16_8.TOP.CONTROLLER.g1195__3772.B1 = (0)
ABSOLUTE PORT: TB_TOP_64_16_8.TOP.CONTROLLER.g1184__2703.A2 = (0)
ABSOLUTE PORT: TB_TOP_64_16_8.TOP.CONTROLLER.g1184__2703.A1 = (0)
ABSOLUTE PORT: TB_TOP_64_16_8.TOP.CONTROLLER.CTS_ccl_a_buf_00021.I = (0)
ABSOLUTE PORT: TB_TOP_64_16_8.TOP.CONTROLLER.g1194__1474.B1 = (0)
ABSOLUTE PORT: TB_TOP_64_16_8.TOP.CONTROLLER.g1194__1474.A1 = (0)
ABSOLUTE PORT: TB_TOP_64_16_8.TOP.CONTROLLER.g1183__1840.A1 = (0)
ABSOLUTE PORT: TB_TOP_64_16_8.TOP.CONTROLLER.g1183__1840.B1 = (0)
ABSOLUTE PORT: TB_TOP_64_16_8.TOP.CONTROLLER.g1185__7344.A2 = (0)
ABSOLUTE PORT: TB_TOP_64_16_8.TOP.CONTROLLER.g1185__7344.A1 = (0)
ABSOLUTE PORT: TB_TOP_64_16_8.TOP.CONTROLLER.CTS_ccl_a_buf_00015.I = (0)
ABSOLUTE PORT: TB_TOP_64_16_8.TOP.CONTROLLER.g1187__1857.A2 = (0)
ABSOLUTE PORT: TB_TOP_64_16_8.TOP.CONTROLLER.g1187__1857.A1 = (0)
ABSOLUTE PORT: TB_TOP_64_16_8.TOP.CONTROLLER.g1187__1857.B = (0)
ABSOLUTE PORT: TB_TOP_64_16_8.TOP.CONTROLLER.g1186__5019.B = (0)
ABSOLUTE PORT: TB_TOP_64_16_8.TOP.CONTROLLER.g1186__5019.A2 = (0)
ABSOLUTE PORT: TB_TOP_64_16_8.TOP.CONTROLLER.g1186__5019.A1 = (0)
ABSOLUTE PORT: TB_TOP_64_16_8.TOP.CONTROLLER.CTS_ccl_a_buf_00012.I = (0)
ABSOLUTE PORT: TB_TOP_64_16_8.TOP.CONTROLLER.g1190__8780.A2 = (0)
ABSOLUTE PORT: TB_TOP_64_16_8.TOP.CONTROLLER.g1190__8780.A1 = (0)
ABSOLUTE PORT: TB_TOP_64_16_8.TOP.CONTROLLER.CTS_cse_buf_00001.I = (0)
ABSOLUTE PORT: TB_TOP_64_16_8.TOP.CONTROLLER.g1188.I = (0)
ABSOLUTE PORT: TB_TOP_64_16_8.TOP.CONTROLLER.CTS_ccl_a_buf_00006.I = (0)
ABSOLUTE PORT: TB_TOP_64_16_8.TOP.CONTROLLER.g1179__5795.A3 = (0)
ABSOLUTE PORT: TB_TOP_64_16_8.TOP.CONTROLLER.g1179__5795.A2 = (0)
ABSOLUTE PORT: TB_TOP_64_16_8.TOP.CONTROLLER.g1179__5795.A1 = (0)
ABSOLUTE PORT: TB_TOP_64_16_8.TOP.CONTROLLER.CTS_cse_buf_00002.I = (0)
ABSOLUTE PORT: TB_TOP_64_16_8.TOP.CONTROLLER.g1191.I = (0)
ABSOLUTE PORT: TB_TOP_64_16_8.TOP.CONTROLLER.g1182__6083.A2 = (0)
ABSOLUTE PORT: TB_TOP_64_16_8.TOP.CONTROLLER.g1182__6083.A1 = (0)
ABSOLUTE PORT: TB_TOP_64_16_8.TOP.CONTROLLER.g1182__6083.B = (0)
ABSOLUTE PORT: TB_TOP_64_16_8.TOP.CONTROLLER.CTS_cse_buf_00003.I = (0)
ABSOLUTE PORT: TB_TOP_64_16_8.TOP.CONTROLLER.controller1_N_ADDRESS_EN_reg.D = (0)
ABSOLUTE PORT: TB_TOP_64_16_8.TOP.CONTROLLER.controller1_N_ADDRESS_EN_reg.E = (0)
ABSOLUTE PORT: TB_TOP_64_16_8.TOP.CONTROLLER.controller1_READ_reg.D = (0)
ABSOLUTE PORT: TB_TOP_64_16_8.TOP.CONTROLLER.controller1_READ_reg.E = (0)
ABSOLUTE PORT: TB_TOP_64_16_8.TOP.CONTROLLER.controller1_PRE_reg.D = (0)
ABSOLUTE PORT: TB_TOP_64_16_8.TOP.CONTROLLER.controller1_PRE_reg.E = (0)
ABSOLUTE PORT: TB_TOP_64_16_8.TOP.CONTROLLER.g1193__4296.B1 = (0)
ABSOLUTE PORT: TB_TOP_64_16_8.TOP.CONTROLLER.g1193__4296.A1 = (0)
ABSOLUTE PORT: TB_TOP_64_16_8.TOP.CONTROLLER.\controller1_state_reg[2] .CP = (0)
ABSOLUTE PORT: TB_TOP_64_16_8.TOP.CONTROLLER.\controller1_state_reg[2] .D = (0)
ABSOLUTE PORT: TB_TOP_64_16_8.TOP.CONTROLLER.\controller1_state_reg[2] .CN = (0)
ABSOLUTE PORT: TB_TOP_64_16_8.TOP.CONTROLLER.\controller1_state_reg[1] .CP = (0)
ABSOLUTE PORT: TB_TOP_64_16_8.TOP.CONTROLLER.\controller1_state_reg[1] .D = (0.01)
ABSOLUTE PORT: TB_TOP_64_16_8.TOP.CONTROLLER.\controller1_state_reg[1] .CN = (0)
ABSOLUTE PORT: TB_TOP_64_16_8.TOP.CONTROLLER.\controller1_state_reg[0] .CP = (0)
ABSOLUTE PORT: TB_TOP_64_16_8.TOP.CONTROLLER.\controller1_state_reg[0] .D = (0)
ABSOLUTE PORT: TB_TOP_64_16_8.TOP.CONTROLLER.\controller1_state_reg[0] .CN = (0)
ABSOLUTE PORT: TB_TOP_64_16_8.TOP.CONTROLLER.g1196.I = (0)
ABSOLUTE PORT: TB_TOP_64_16_8.TOP.CONTROLLER.\controller1_X_ADDRESS_CON_DEC_reg[2] .D = (0)
ABSOLUTE PORT: TB_TOP_64_16_8.TOP.CONTROLLER.\controller1_X_ADDRESS_CON_DEC_reg[2] .E = (0)
ABSOLUTE PORT: TB_TOP_64_16_8.TOP.CONTROLLER.\controller1_X_ADDRESS_CON_DEC_reg[1] .D = (0)
ABSOLUTE PORT: TB_TOP_64_16_8.TOP.CONTROLLER.\controller1_X_ADDRESS_CON_DEC_reg[1] .E = (0)
ABSOLUTE PORT: TB_TOP_64_16_8.TOP.CONTROLLER.\controller1_X_ADDRESS_CON_DEC_reg[0] .D = (0)
ABSOLUTE PORT: TB_TOP_64_16_8.TOP.CONTROLLER.\controller1_X_ADDRESS_CON_DEC_reg[0] .E = (0)
ABSOLUTE PORT: TB_TOP_64_16_8.TOP.CONTROLLER.\controller1_Y_ADDRESS_CON_DEC_reg[3] .D = (0)
ABSOLUTE PORT: TB_TOP_64_16_8.TOP.CONTROLLER.\controller1_Y_ADDRESS_CON_DEC_reg[3] .E = (0)
ABSOLUTE PORT: TB_TOP_64_16_8.TOP.CONTROLLER.\controller1_Y_ADDRESS_CON_DEC_reg[2] .D = (0)
ABSOLUTE PORT: TB_TOP_64_16_8.TOP.CONTROLLER.\controller1_Y_ADDRESS_CON_DEC_reg[2] .E = (0)
ABSOLUTE PORT: TB_TOP_64_16_8.TOP.CONTROLLER.\controller1_Y_ADDRESS_CON_DEC_reg[1] .D = (0)
ABSOLUTE PORT: TB_TOP_64_16_8.TOP.CONTROLLER.\controller1_Y_ADDRESS_CON_DEC_reg[1] .E = (0)
ABSOLUTE PORT: TB_TOP_64_16_8.TOP.CONTROLLER.\controller1_Y_ADDRESS_CON_DEC_reg[0] .D = (0)
ABSOLUTE PORT: TB_TOP_64_16_8.TOP.CONTROLLER.\controller1_Y_ADDRESS_CON_DEC_reg[0] .E = (0)
ABSOLUTE PORT: TB_TOP_64_16_8.TOP.CONTROLLER.g1123__3772.A2 = (0)
ABSOLUTE PORT: TB_TOP_64_16_8.TOP.CONTROLLER.g1123__3772.A1 = (0)
ABSOLUTE PORT: TB_TOP_64_16_8.TOP.CONTROLLER.g1114.I = (0.01)
ABSOLUTE PORT: TB_TOP_64_16_8.TOP.CONTROLLER.P_EN[7] = (0)
ABSOLUTE PORT: TB_TOP_64_16_8.TOP.CONTROLLER.g1125__1857.A1 = (0)
ABSOLUTE PORT: TB_TOP_64_16_8.TOP.CONTROLLER.g1125__1857.A2 = (0)
ABSOLUTE PORT: TB_TOP_64_16_8.TOP.CONTROLLER.g1116.I = (0.01)
ABSOLUTE PORT: TB_TOP_64_16_8.TOP.CONTROLLER.P_EN[6] = (0)
ABSOLUTE PORT: TB_TOP_64_16_8.TOP.CONTROLLER.g1120__4296.A2 = (0)
ABSOLUTE PORT: TB_TOP_64_16_8.TOP.CONTROLLER.g1120__4296.A1 = (0)
ABSOLUTE PORT: TB_TOP_64_16_8.TOP.CONTROLLER.g1111.I = (0.02)
ABSOLUTE PORT: TB_TOP_64_16_8.TOP.CONTROLLER.P_EN[5] = (0)
ABSOLUTE PORT: TB_TOP_64_16_8.TOP.CONTROLLER.g1127.I = (0.01)
ABSOLUTE PORT: TB_TOP_64_16_8.TOP.CONTROLLER.P_EN[4] = (0)
ABSOLUTE PORT: TB_TOP_64_16_8.TOP.CONTROLLER.g1132.I = (0.01)
ABSOLUTE PORT: TB_TOP_64_16_8.TOP.CONTROLLER.P_EN[3] = (0)
ABSOLUTE PORT: TB_TOP_64_16_8.TOP.CONTROLLER.g1130.I = (0.01)
ABSOLUTE PORT: TB_TOP_64_16_8.TOP.CONTROLLER.P_EN[2] = (0)
ABSOLUTE PORT: TB_TOP_64_16_8.TOP.CONTROLLER.g1118__1840.A1 = (0)
ABSOLUTE PORT: TB_TOP_64_16_8.TOP.CONTROLLER.g1118__1840.A2 = (0)
ABSOLUTE PORT: TB_TOP_64_16_8.TOP.CONTROLLER.g1109.I = (0.01)
ABSOLUTE PORT: TB_TOP_64_16_8.TOP.CONTROLLER.P_EN[1] = (0)
ABSOLUTE PORT: TB_TOP_64_16_8.TOP.CONTROLLER.g1110.I = (0.01)
ABSOLUTE PORT: TB_TOP_64_16_8.TOP.CONTROLLER.P_EN[0] = (0)
ABSOLUTE PORT: TB_TOP_64_16_8.TOP.CONTROLLER.g1197.I = (0.02)
ABSOLUTE PORT: TB_TOP_64_16_8.TOP.CONTROLLER.P_NOT_EN[8] = (0)
ABSOLUTE PORT: TB_TOP_64_16_8.TOP.CONTROLLER.P_NOT_EN[7] = (0)
ABSOLUTE PORT: TB_TOP_64_16_8.TOP.CONTROLLER.P_NOT_EN[6] = (0)
ABSOLUTE PORT: TB_TOP_64_16_8.TOP.CONTROLLER.P_NOT_EN[5] = (0)
ABSOLUTE PORT: TB_TOP_64_16_8.TOP.CONTROLLER.g1219.B1 = (0)
ABSOLUTE PORT: TB_TOP_64_16_8.TOP.CONTROLLER.g1219.A1 = (0)
ABSOLUTE PORT: TB_TOP_64_16_8.TOP.CONTROLLER.P_NOT_EN[4] = (0)
ABSOLUTE PORT: TB_TOP_64_16_8.TOP.CONTROLLER.g1139__1474.A2 = (0)
ABSOLUTE PORT: TB_TOP_64_16_8.TOP.CONTROLLER.g1139__1474.A1 = (0)
ABSOLUTE PORT: TB_TOP_64_16_8.TOP.CONTROLLER.P_NOT_EN[3] = (0)
ABSOLUTE PORT: TB_TOP_64_16_8.TOP.CONTROLLER.g1220.B1 = (0)
ABSOLUTE PORT: TB_TOP_64_16_8.TOP.CONTROLLER.g1220.A1 = (0)
ABSOLUTE PORT: TB_TOP_64_16_8.TOP.CONTROLLER.P_NOT_EN[2] = (0)
ABSOLUTE PORT: TB_TOP_64_16_8.TOP.CONTROLLER.P_NOT_EN[1] = (0)
ABSOLUTE PORT: TB_TOP_64_16_8.TOP.CONTROLLER.g1119__2900.A1 = (0)
ABSOLUTE PORT: TB_TOP_64_16_8.TOP.CONTROLLER.g1119__2900.A2 = (0)
ABSOLUTE PORT: TB_TOP_64_16_8.TOP.CONTROLLER.P_NOT_EN[0] = (0)
ABSOLUTE PORT: TB_TOP_64_16_8.TOP.CONTROLLER.g1121__2391.A1 = (0)
ABSOLUTE PORT: TB_TOP_64_16_8.TOP.CONTROLLER.g1121__2391.A2 = (0)
ABSOLUTE PORT: TB_TOP_64_16_8.TOP.CONTROLLER.g1112.I = (0.02)
ABSOLUTE PORT: TB_TOP_64_16_8.TOP.CONTROLLER.N_EN[7] = (0)
ABSOLUTE PORT: TB_TOP_64_16_8.TOP.CONTROLLER.g1122__9906.A1 = (0)
ABSOLUTE PORT: TB_TOP_64_16_8.TOP.CONTROLLER.g1122__9906.A2 = (0)
ABSOLUTE PORT: TB_TOP_64_16_8.TOP.CONTROLLER.g1113.I = (0.01)
ABSOLUTE PORT: TB_TOP_64_16_8.TOP.CONTROLLER.N_EN[6] = (0)
ABSOLUTE PORT: TB_TOP_64_16_8.TOP.CONTROLLER.g1124__2703.A1 = (0)
ABSOLUTE PORT: TB_TOP_64_16_8.TOP.CONTROLLER.g1124__2703.A2 = (0)
ABSOLUTE PORT: TB_TOP_64_16_8.TOP.CONTROLLER.g1115.I = (0.01)
ABSOLUTE PORT: TB_TOP_64_16_8.TOP.CONTROLLER.N_EN[5] = (0)
ABSOLUTE PORT: TB_TOP_64_16_8.TOP.CONTROLLER.g1131.I = (0.04)
ABSOLUTE PORT: TB_TOP_64_16_8.TOP.CONTROLLER.N_EN[4] = (0)
ABSOLUTE PORT: TB_TOP_64_16_8.TOP.CONTROLLER.g1117__5795.A1 = (0)
ABSOLUTE PORT: TB_TOP_64_16_8.TOP.CONTROLLER.g1117__5795.A2 = (0)
ABSOLUTE PORT: TB_TOP_64_16_8.TOP.CONTROLLER.g1108.I = (0.03)
ABSOLUTE PORT: TB_TOP_64_16_8.TOP.CONTROLLER.N_EN[3] = (0)
ABSOLUTE PORT: TB_TOP_64_16_8.TOP.CONTROLLER.g1133.I = (0.02)
ABSOLUTE PORT: TB_TOP_64_16_8.TOP.CONTROLLER.N_EN[2] = (0)
ABSOLUTE PORT: TB_TOP_64_16_8.TOP.CONTROLLER.g1128.I = (0.01)
ABSOLUTE PORT: TB_TOP_64_16_8.TOP.CONTROLLER.N_EN[1] = (0)
ABSOLUTE PORT: TB_TOP_64_16_8.TOP.CONTROLLER.g1129.I = (0.01)
ABSOLUTE PORT: TB_TOP_64_16_8.TOP.CONTROLLER.N_EN[0] = (0)
ABSOLUTE PORT: TB_TOP_64_16_8.TOP.CONTROLLER.N_NOT_EN[7] = (0)
ABSOLUTE PORT: TB_TOP_64_16_8.TOP.CONTROLLER.N_NOT_EN[6] = (0)
ABSOLUTE PORT: TB_TOP_64_16_8.TOP.CONTROLLER.N_NOT_EN[5] = (0)
ABSOLUTE PORT: TB_TOP_64_16_8.TOP.CONTROLLER.N_NOT_EN[4] = (0)
ABSOLUTE PORT: TB_TOP_64_16_8.TOP.CONTROLLER.N_NOT_EN[3] = (0)
ABSOLUTE PORT: TB_TOP_64_16_8.TOP.CONTROLLER.g1140__5019.A2 = (0)
ABSOLUTE PORT: TB_TOP_64_16_8.TOP.CONTROLLER.g1140__5019.A1 = (0)
ABSOLUTE PORT: TB_TOP_64_16_8.TOP.CONTROLLER.N_NOT_EN[2] = (0)
ABSOLUTE PORT: TB_TOP_64_16_8.TOP.CONTROLLER.g1135__6083.A2 = (0)
ABSOLUTE PORT: TB_TOP_64_16_8.TOP.CONTROLLER.g1135__6083.A1 = (0)
ABSOLUTE PORT: TB_TOP_64_16_8.TOP.CONTROLLER.N_NOT_EN[1] = (0)
ABSOLUTE PORT: TB_TOP_64_16_8.TOP.CONTROLLER.g2.B1 = (0)
ABSOLUTE PORT: TB_TOP_64_16_8.TOP.CONTROLLER.g2.A1 = (0)
ABSOLUTE PORT: TB_TOP_64_16_8.TOP.CONTROLLER.N_NOT_EN[0] = (0)
ABSOLUTE PORT: TB_TOP_64_16_8.TOP.CONTROLLER.g1096__3772.A1 = (0)
ABSOLUTE PORT: TB_TOP_64_16_8.TOP.CONTROLLER.g1096__3772.A2 = (0)
ABSOLUTE PORT: TB_TOP_64_16_8.TOP.CONTROLLER.SEL[15] = (0)
ABSOLUTE PORT: TB_TOP_64_16_8.TOP.CONTROLLER.g1093__1474.A1 = (0)
ABSOLUTE PORT: TB_TOP_64_16_8.TOP.CONTROLLER.g1093__1474.A2 = (0)
ABSOLUTE PORT: TB_TOP_64_16_8.TOP.CONTROLLER.SEL[14] = (0)
ABSOLUTE PORT: TB_TOP_64_16_8.TOP.CONTROLLER.g1094__4547.A2 = (0)
ABSOLUTE PORT: TB_TOP_64_16_8.TOP.CONTROLLER.g1094__4547.A1 = (0)
ABSOLUTE PORT: TB_TOP_64_16_8.TOP.CONTROLLER.SEL[13] = (0)
ABSOLUTE PORT: TB_TOP_64_16_8.TOP.CONTROLLER.g1100__9682.A2 = (0)
ABSOLUTE PORT: TB_TOP_64_16_8.TOP.CONTROLLER.g1100__9682.A1 = (0)
ABSOLUTE PORT: TB_TOP_64_16_8.TOP.CONTROLLER.SEL[12] = (0)
ABSOLUTE PORT: TB_TOP_64_16_8.TOP.CONTROLLER.g1095__2683.A2 = (0)
ABSOLUTE PORT: TB_TOP_64_16_8.TOP.CONTROLLER.g1095__2683.A1 = (0)
ABSOLUTE PORT: TB_TOP_64_16_8.TOP.CONTROLLER.SEL[11] = (0)
ABSOLUTE PORT: TB_TOP_64_16_8.TOP.CONTROLLER.g1105__1309.A2 = (0)
ABSOLUTE PORT: TB_TOP_64_16_8.TOP.CONTROLLER.g1105__1309.A1 = (0)
ABSOLUTE PORT: TB_TOP_64_16_8.TOP.CONTROLLER.SEL[10] = (0)
ABSOLUTE PORT: TB_TOP_64_16_8.TOP.CONTROLLER.g1092__6877.A2 = (0)
ABSOLUTE PORT: TB_TOP_64_16_8.TOP.CONTROLLER.g1092__6877.A1 = (0)
ABSOLUTE PORT: TB_TOP_64_16_8.TOP.CONTROLLER.SEL[9] = (0)
ABSOLUTE PORT: TB_TOP_64_16_8.TOP.CONTROLLER.g1097__4296.A2 = (0)
ABSOLUTE PORT: TB_TOP_64_16_8.TOP.CONTROLLER.g1097__4296.A1 = (0)
ABSOLUTE PORT: TB_TOP_64_16_8.TOP.CONTROLLER.SEL[8] = (0)
ABSOLUTE PORT: TB_TOP_64_16_8.TOP.CONTROLLER.g1098__8780.A1 = (0)
ABSOLUTE PORT: TB_TOP_64_16_8.TOP.CONTROLLER.g1098__8780.A2 = (0)
ABSOLUTE PORT: TB_TOP_64_16_8.TOP.CONTROLLER.SEL[7] = (0)
ABSOLUTE PORT: TB_TOP_64_16_8.TOP.CONTROLLER.g1099__5703.A1 = (0)
ABSOLUTE PORT: TB_TOP_64_16_8.TOP.CONTROLLER.g1099__5703.A2 = (0)
ABSOLUTE PORT: TB_TOP_64_16_8.TOP.CONTROLLER.SEL[6] = (0)
ABSOLUTE PORT: TB_TOP_64_16_8.TOP.CONTROLLER.g1106__7675.A1 = (0)
ABSOLUTE PORT: TB_TOP_64_16_8.TOP.CONTROLLER.g1106__7675.A2 = (0)
ABSOLUTE PORT: TB_TOP_64_16_8.TOP.CONTROLLER.SEL[5] = (0)
ABSOLUTE PORT: TB_TOP_64_16_8.TOP.CONTROLLER.g1104__7114.A1 = (0)
ABSOLUTE PORT: TB_TOP_64_16_8.TOP.CONTROLLER.g1104__7114.A2 = (0)
ABSOLUTE PORT: TB_TOP_64_16_8.TOP.CONTROLLER.SEL[4] = (0)
ABSOLUTE PORT: TB_TOP_64_16_8.TOP.CONTROLLER.g1107__7118.A1 = (0)
ABSOLUTE PORT: TB_TOP_64_16_8.TOP.CONTROLLER.g1107__7118.A2 = (0)
ABSOLUTE PORT: TB_TOP_64_16_8.TOP.CONTROLLER.SEL[3] = (0)
ABSOLUTE PORT: TB_TOP_64_16_8.TOP.CONTROLLER.g1101__8757.A1 = (0)
ABSOLUTE PORT: TB_TOP_64_16_8.TOP.CONTROLLER.g1101__8757.A2 = (0)
ABSOLUTE PORT: TB_TOP_64_16_8.TOP.CONTROLLER.SEL[2] = (0)
ABSOLUTE PORT: TB_TOP_64_16_8.TOP.CONTROLLER.g1102__1786.A1 = (0)
ABSOLUTE PORT: TB_TOP_64_16_8.TOP.CONTROLLER.g1102__1786.A2 = (0)
ABSOLUTE PORT: TB_TOP_64_16_8.TOP.CONTROLLER.SEL[1] = (0)
ABSOLUTE PORT: TB_TOP_64_16_8.TOP.CONTROLLER.g1103__5953.A1 = (0)
ABSOLUTE PORT: TB_TOP_64_16_8.TOP.CONTROLLER.g1103__5953.A2 = (0)
ABSOLUTE PORT: TB_TOP_64_16_8.TOP.CONTROLLER.SEL[0] = (0)
ABSOLUTE PORT: TB_TOP_64_16_8.TOP.CONTROLLER.READ = (0)
ABSOLUTE PORT: TB_TOP_64_16_8.TOP.CONTROLLER.g1150__1786.A2 = (0.01)
ABSOLUTE PORT: TB_TOP_64_16_8.TOP.CONTROLLER.g1150__1786.A1 = (0)
ABSOLUTE PORT: TB_TOP_64_16_8.TOP.CONTROLLER.g1173.I = (0.01)
ABSOLUTE PORT: TB_TOP_64_16_8.TOP.CONTROLLER.WRITE = (0)
ABSOLUTE PORT: TB_TOP_64_16_8.TOP.CONTROLLER.WRITE_2 = (0)
ABSOLUTE PORT: TB_TOP_64_16_8.TOP.CONTROLLER.g1160__7118.A2 = (0.03)
ABSOLUTE PORT: TB_TOP_64_16_8.TOP.CONTROLLER.g1160__7118.A1 = (0)
ABSOLUTE PORT: TB_TOP_64_16_8.TOP.CONTROLLER.NOT_WRITE = (0)
ABSOLUTE PORT: TB_TOP_64_16_8.TOP.CONTROLLER.NOT_WRITE_2 = (0)
ABSOLUTE PORT: TB_TOP_64_16_8.TOP.CONTROLLER.controller1_DVLP_reg.D = (0)
ABSOLUTE PORT: TB_TOP_64_16_8.TOP.CONTROLLER.controller1_DVLP_reg.E = (0)
ABSOLUTE PORT: TB_TOP_64_16_8.TOP.CONTROLLER.P_EN[8] = (0)
ABSOLUTE PORT: TB_TOP_64_16_8.TOP.CONTROLLER.DVLP = (0)
ABSOLUTE PORT: TB_TOP_64_16_8.TOP.CONTROLLER.PRE = (0)
ABSOLUTE PORT: TB_TOP_64_16_8.TOP.CONTROLLER.controller1_EN_SA_reg.D = (0)
ABSOLUTE PORT: TB_TOP_64_16_8.TOP.CONTROLLER.controller1_EN_SA_reg.E = (0)
ABSOLUTE PORT: TB_TOP_64_16_8.TOP.CONTROLLER.EN_SA = (0)
ABSOLUTE PORT: TB_TOP_64_16_8.TOP.CONTROLLER.g1141__4547.B2 = (0)
ABSOLUTE PORT: TB_TOP_64_16_8.TOP.CONTROLLER.g1141__4547.A1 = (0)
ABSOLUTE PORT: TB_TOP_64_16_8.TOP.CONTROLLER.g1141__4547.B1 = (0)
ABSOLUTE PORT: TB_TOP_64_16_8.TOP.CONTROLLER.g1142__9682.A1 = (0)
ABSOLUTE PORT: TB_TOP_64_16_8.TOP.CONTROLLER.g1142__9682.B2 = (0)
ABSOLUTE PORT: TB_TOP_64_16_8.TOP.CONTROLLER.g1142__9682.B1 = (0)
ABSOLUTE PORT: TB_TOP_64_16_8.TOP.CONTROLLER.g1144__2683.A1 = (0)
ABSOLUTE PORT: TB_TOP_64_16_8.TOP.CONTROLLER.g1144__2683.A2 = (0)
ABSOLUTE PORT: TB_TOP_64_16_8.TOP.CONTROLLER.g1144__2683.A3 = (0)
ABSOLUTE PORT: TB_TOP_64_16_8.TOP.CONTROLLER.g1143__1309.A2 = (0)
ABSOLUTE PORT: TB_TOP_64_16_8.TOP.CONTROLLER.g1143__1309.A1 = (0)
ABSOLUTE PORT: TB_TOP_64_16_8.TOP.CONTROLLER.g1143__1309.A3 = (0)
ABSOLUTE PORT: TB_TOP_64_16_8.TOP.CONTROLLER.g1163__5953.B1 = (0)
ABSOLUTE PORT: TB_TOP_64_16_8.TOP.CONTROLLER.g1163__5953.A1 = (0)
ABSOLUTE PORT: TB_TOP_64_16_8.TOP.CONTROLLER.g1148__5703.A2 = (0)
ABSOLUTE PORT: TB_TOP_64_16_8.TOP.CONTROLLER.g1148__5703.A1 = (0)
ABSOLUTE PORT: TB_TOP_64_16_8.TOP.CONTROLLER.g1151__7114.A1 = (0)
ABSOLUTE PORT: TB_TOP_64_16_8.TOP.CONTROLLER.g1151__7114.B1 = (0)
ABSOLUTE PORT: TB_TOP_64_16_8.TOP.CONTROLLER.g1161__2250.A1 = (0)
ABSOLUTE PORT: TB_TOP_64_16_8.TOP.CONTROLLER.g1161__2250.A2 = (0)
ABSOLUTE PORT: TB_TOP_64_16_8.TOP.CONTROLLER.g1159__2391.A2 = (0)
ABSOLUTE PORT: TB_TOP_64_16_8.TOP.CONTROLLER.g1159__2391.A1 = (0)
ABSOLUTE PORT: TB_TOP_64_16_8.TOP.CONTROLLER.g1157__7675.B1 = (0)
ABSOLUTE PORT: TB_TOP_64_16_8.TOP.CONTROLLER.g1157__7675.A1 = (0)
ABSOLUTE PORT: TB_TOP_64_16_8.TOP.CONTROLLER.g1149__8757.A1 = (0)
ABSOLUTE PORT: TB_TOP_64_16_8.TOP.CONTROLLER.g1149__8757.A2 = (0)
ABSOLUTE PORT: TB_TOP_64_16_8.TOP.CONTROLLER.g1162__5266.A1 = (0)
ABSOLUTE PORT: TB_TOP_64_16_8.TOP.CONTROLLER.g1162__5266.B1 = (0)
ABSOLUTE PORT: TB_TOP_64_16_8.TOP.CONTROLLER.g1158__6877.A1 = (0)
ABSOLUTE PORT: TB_TOP_64_16_8.TOP.CONTROLLER.g1158__6877.A2 = (0)
ABSOLUTE PORT: TB_TOP_64_16_8.TOP.CONTROLLER.g1152__2900.A1 = (0)
ABSOLUTE PORT: TB_TOP_64_16_8.TOP.CONTROLLER.g1152__2900.A2 = (0)
ABSOLUTE PORT: TB_TOP_64_16_8.TOP.CONTROLLER.\controller1_nstate_reg[2] .D = (0)
ABSOLUTE PORT: TB_TOP_64_16_8.TOP.CONTROLLER.\controller1_nstate_reg[2] .E = (0)
ABSOLUTE PORT: TB_TOP_64_16_8.TOP.CONTROLLER.\controller1_nstate_reg[0] .D = (0)
ABSOLUTE PORT: TB_TOP_64_16_8.TOP.CONTROLLER.\controller1_nstate_reg[0] .E = (0)
ABSOLUTE PORT: TB_TOP_64_16_8.TOP.CONTROLLER.g1189__9906.A1 = (0)
ABSOLUTE PORT: TB_TOP_64_16_8.TOP.CONTROLLER.g1189__9906.A2 = (0)
ABSOLUTE PORT: TB_TOP_64_16_8.TOP.CONTROLLER.controller1_P_ADDRESS_EN_reg.D = (0)
ABSOLUTE PORT: TB_TOP_64_16_8.TOP.CONTROLLER.controller1_P_ADDRESS_EN_reg.E = (0)
ABSOLUTE PORT: TB_TOP_64_16_8.TOP.CONTROLLER.g1172.I = (0)
ABSOLUTE PORT: TB_TOP_64_16_8.TOP.CONTROLLER.g1146.I = (0)
ABSOLUTE PORT: TB_TOP_64_16_8.TOP.CONTROLLER.g1145.I = (0)
ABSOLUTE PORT: TB_TOP_64_16_8.TOP.CONTROLLER.g1154.I = (0)
