======================================================================

Annotating SDF timing data:
  Compiled SDF file:     /ibe/users/da220/Cadence/WORK_TSMC180FORTE/THESIS/TB_TOP_128_32_16/.CHARACTERIZATION/CONTROLLER_5V_128_32_16_final.sdf.X
  Log file:              /ibe/users/da220/Cadence/WORK_TSMC180FORTE/THESIS/TB_TOP_128_32_16/.CHARACTERIZATION/CONTROLLER_5V_128_32_16_final.sdf.X_sdf_annotation.log
  Backannotation scope:  TB_TOP_128_32_16.TOP.CONTROLLER
  Configuration file:    
  MTM control:           MAXIMUM
  Scale factors:         
  Scale type:            

Time units: 1ns


Annotating to instance CTS_ccl_a_buf_00030 of module CKBD0
	ABSOLUTE (IOPATH I Z) = (0.35, 0.335)

Annotating to instance CTS_ccl_a_buf_00024 of module CKBD0
	ABSOLUTE (IOPATH I Z) = (0.343, 0.326)

Annotating to instance CTS_ccl_a_buf_00018 of module CKBD0
	ABSOLUTE (IOPATH I Z) = (0.384, 0.374)

Annotating to instance CTS_ccl_a_buf_00015 of module CKBD0
	ABSOLUTE (IOPATH I Z) = (0.38, 0.37)

Annotating to instance CTS_ccl_a_buf_00009 of module CKBD0
	ABSOLUTE (IOPATH I Z) = (0.327, 0.338)

Annotating to instance CTS_ccl_a_buf_00006 of module CKBD0
	ABSOLUTE (IOPATH I Z) = (0.293, 0.301)

Annotating to instance g1587 of module CKND2
	ABSOLUTE (IOPATH I ZN) = (0.132, 0.158)

Annotating to instance g1590 of module CKND0
	ABSOLUTE (IOPATH I ZN) = (0.301, 0.326)

Annotating to instance CTS_cse_buf_00003 of module BUFFD4
	ABSOLUTE (IOPATH I Z) = (0.147, 0.152)

Annotating to instance CTS_cse_buf_00002 of module CKBD1
	ABSOLUTE (IOPATH I Z) = (0.252, 0.25)

Annotating to instance CTS_cse_buf_00001 of module BUFFD1
	ABSOLUTE (IOPATH I Z) = (0.244, 0.298)

Annotating to instance FE_OFC47_N_NOT_EN_7 of module BUFFD8
	ABSOLUTE (IOPATH I Z) = (1.368, 0.909)

Annotating to instance FE_OFC46_N_EN_3 of module BUFFD8
	ABSOLUTE (IOPATH I Z) = (1.335, 0.875)

Annotating to instance FE_OFC45_SEL_0 of module BUFFD8
	ABSOLUTE (IOPATH I Z) = (1.251, 0.84)

Annotating to instance FE_OFC44_SEL_1 of module BUFFD8
	ABSOLUTE (IOPATH I Z) = (1.248, 0.836)

Annotating to instance FE_OFC43_SEL_2 of module BUFFD8
	ABSOLUTE (IOPATH I Z) = (1.241, 0.83)

Annotating to instance FE_OFC42_SEL_3 of module BUFFD8
	ABSOLUTE (IOPATH I Z) = (1.238, 0.828)

Annotating to instance FE_OFC41_SEL_4 of module BUFFD8
	ABSOLUTE (IOPATH I Z) = (1.252, 0.841)

Annotating to instance FE_OFC40_SEL_5 of module BUFFD8
	ABSOLUTE (IOPATH I Z) = (1.24, 0.827)

Annotating to instance FE_OFC39_SEL_6 of module BUFFD8
	ABSOLUTE (IOPATH I Z) = (1.243, 0.831)

Annotating to instance FE_OFC38_SEL_7 of module BUFFD8
	ABSOLUTE (IOPATH I Z) = (1.236, 0.825)

Annotating to instance FE_OFC37_SEL_8 of module BUFFD8
	ABSOLUTE (IOPATH I Z) = (1.251, 0.84)

Annotating to instance FE_OFC36_SEL_9 of module BUFFD8
	ABSOLUTE (IOPATH I Z) = (1.224, 0.811)

Annotating to instance FE_OFC35_SEL_10 of module BUFFD8
	ABSOLUTE (IOPATH I Z) = (1.245, 0.833)

Annotating to instance FE_OFC34_SEL_11 of module BUFFD8
	ABSOLUTE (IOPATH I Z) = (1.25, 0.837)

Annotating to instance FE_OFC33_SEL_12 of module BUFFD8
	ABSOLUTE (IOPATH I Z) = (1.253, 0.844)

Annotating to instance FE_OFC32_SEL_13 of module BUFFD8
	ABSOLUTE (IOPATH I Z) = (1.253, 0.842)

Annotating to instance FE_OFC31_SEL_14 of module BUFFD8
	ABSOLUTE (IOPATH I Z) = (1.247, 0.836)

Annotating to instance FE_OFC30_SEL_15 of module BUFFD8
	ABSOLUTE (IOPATH I Z) = (1.244, 0.834)

Annotating to instance FE_OFC29_SEL_16 of module BUFFD8
	ABSOLUTE (IOPATH I Z) = (1.236, 0.823)

Annotating to instance FE_OFC28_SEL_17 of module BUFFD8
	ABSOLUTE (IOPATH I Z) = (1.253, 0.847)

Annotating to instance FE_OFC27_SEL_18 of module BUFFD8
	ABSOLUTE (IOPATH I Z) = (1.249, 0.84)

Annotating to instance FE_OFC26_SEL_19 of module BUFFD8
	ABSOLUTE (IOPATH I Z) = (1.241, 0.83)

Annotating to instance FE_OFC25_SEL_20 of module BUFFD8
	ABSOLUTE (IOPATH I Z) = (1.248, 0.835)

Annotating to instance FE_OFC24_SEL_21 of module BUFFD8
	ABSOLUTE (IOPATH I Z) = (1.254, 0.848)

Annotating to instance FE_OFC23_SEL_22 of module BUFFD8
	ABSOLUTE (IOPATH I Z) = (1.253, 0.845)

Annotating to instance FE_OFC22_SEL_23 of module BUFFD8
	ABSOLUTE (IOPATH I Z) = (1.248, 0.838)

Annotating to instance FE_OFC21_SEL_24 of module BUFFD8
	ABSOLUTE (IOPATH I Z) = (1.204, 0.787)

Annotating to instance FE_OFC20_SEL_25 of module BUFFD8
	ABSOLUTE (IOPATH I Z) = (1.202, 0.787)

Annotating to instance FE_OFC19_SEL_26 of module BUFFD8
	ABSOLUTE (IOPATH I Z) = (1.234, 0.822)

Annotating to instance FE_OFC18_SEL_27 of module BUFFD8
	ABSOLUTE (IOPATH I Z) = (1.214, 0.804)

Annotating to instance FE_OFC17_SEL_28 of module BUFFD8
	ABSOLUTE (IOPATH I Z) = (1.224, 0.809)

Annotating to instance FE_OFC16_SEL_29 of module BUFFD8
	ABSOLUTE (IOPATH I Z) = (1.233, 0.822)

Annotating to instance FE_OFC15_SEL_30 of module BUFFD8
	ABSOLUTE (IOPATH I Z) = (1.227, 0.813)

Annotating to instance FE_OFC14_SEL_31 of module BUFFD8
	ABSOLUTE (IOPATH I Z) = (1.234, 0.822)

Annotating to instance FE_OFC13_N_NOT_EN_4 of module BUFFD8
	ABSOLUTE (IOPATH I Z) = (1.353, 0.888)

Annotating to instance FE_OFC12_N_NOT_EN_6 of module BUFFD8
	ABSOLUTE (IOPATH I Z) = (1.377, 0.92)

Annotating to instance FE_OFC11_N_EN_0 of module BUFFD8
	ABSOLUTE (IOPATH I Z) = (1.348, 0.886)

Annotating to instance FE_OFC10_N_EN_1 of module BUFFD8
	ABSOLUTE (IOPATH I Z) = (1.39, 0.917)

Annotating to instance FE_OFC9_N_EN_2 of module BUFFD8
	ABSOLUTE (IOPATH I Z) = (1.347, 0.871)

Annotating to instance FE_OFC8_N_EN_5 of module BUFFD8
	ABSOLUTE (IOPATH I Z) = (1.354, 0.868)

Annotating to instance FE_OFC7_P_NOT_EN_0 of module BUFFD8
	ABSOLUTE (IOPATH I Z) = (1.332, 0.852)

Annotating to instance FE_OFC6_P_NOT_EN_2 of module BUFFD8
	ABSOLUTE (IOPATH I Z) = (1.33, 0.848)

Annotating to instance FE_OFC5_P_NOT_EN_4 of module BUFFD8
	ABSOLUTE (IOPATH I Z) = (1.34, 0.859)

Annotating to instance FE_OFC4_P_NOT_EN_6 of module BUFFD8
	ABSOLUTE (IOPATH I Z) = (1.342, 0.86)

Annotating to instance FE_OFC3_P_EN_1 of module BUFFD8
	ABSOLUTE (IOPATH I Z) = (1.37, 0.868)

Annotating to instance FE_OFC2_P_EN_3 of module BUFFD8
	ABSOLUTE (IOPATH I Z) = (1.37, 0.867)

Annotating to instance FE_OFC1_P_EN_5 of module BUFFD8
	ABSOLUTE (IOPATH I Z) = (1.353, 0.853)

Annotating to instance FE_OFC0_P_EN_7 of module BUFFD8
	ABSOLUTE (IOPATH I Z) = (1.373, 0.874)

Annotating to instance g1499 of module INVD8
	ABSOLUTE (IOPATH I ZN) = (1.548, 1.082)

Annotating to instance g1493 of module INVD8
	ABSOLUTE (IOPATH I ZN) = (1.552, 1.101)

Annotating to instance g1501 of module INVD8
	ABSOLUTE (IOPATH I ZN) = (1.543, 1.086)

Annotating to instance g1456__8780 of module AN2D0
	ABSOLUTE (IOPATH A1 Z) = (0.446, 0.327)
	ABSOLUTE (IOPATH A2 Z) = (0.398, 0.357)

Annotating to instance g1457__3772 of module AN2D0
	ABSOLUTE (IOPATH A1 Z) = (0.433, 0.319)
	ABSOLUTE (IOPATH A2 Z) = (0.387, 0.324)

Annotating to instance g1449__1474 of module AN2D0
	ABSOLUTE (IOPATH A1 Z) = (0.444, 0.324)
	ABSOLUTE (IOPATH A2 Z) = (0.397, 0.372)

Annotating to instance g1446__4547 of module AN2D0
	ABSOLUTE (IOPATH A1 Z) = (0.425, 0.315)
	ABSOLUTE (IOPATH A2 Z) = (0.374, 0.318)

Annotating to instance g1451__9682 of module AN2D0
	ABSOLUTE (IOPATH A1 Z) = (0.432, 0.319)
	ABSOLUTE (IOPATH A2 Z) = (0.381, 0.363)

Annotating to instance g1453__2683 of module AN2D0
	ABSOLUTE (IOPATH A1 Z) = (0.428, 0.315)
	ABSOLUTE (IOPATH A2 Z) = (0.384, 0.349)

Annotating to instance g1455__1309 of module AN2D0
	ABSOLUTE (IOPATH A1 Z) = (0.43, 0.316)
	ABSOLUTE (IOPATH A2 Z) = (0.389, 0.325)

Annotating to instance g1447__6877 of module AN2D0
	ABSOLUTE (IOPATH A1 Z) = (0.434, 0.318)
	ABSOLUTE (IOPATH A2 Z) = (0.387, 0.326)

Annotating to instance g1448__2900 of module AN2D0
	ABSOLUTE (IOPATH A1 Z) = (0.412, 0.306)
	ABSOLUTE (IOPATH A2 Z) = (0.382, 0.363)

Annotating to instance g1497 of module INVD8
	ABSOLUTE (IOPATH I ZN) = (1.551, 1.094)

Annotating to instance g1465 of module INVD8
	ABSOLUTE (IOPATH I ZN) = (1.556, 1.099)

Annotating to instance g1469 of module INVD8
	ABSOLUTE (IOPATH I ZN) = (1.541, 1.074)

Annotating to instance g1495 of module INVD8
	ABSOLUTE (IOPATH I ZN) = (1.54, 1.071)

Annotating to instance g1471 of module INVD8
	ABSOLUTE (IOPATH I ZN) = (1.541, 1.073)

Annotating to instance g1450__2391 of module AN2D0
	ABSOLUTE (IOPATH A1 Z) = (0.419, 0.31)
	ABSOLUTE (IOPATH A2 Z) = (0.389, 0.327)

Annotating to instance g1459__7118 of module AN2D0
	ABSOLUTE (IOPATH A1 Z) = (0.426, 0.313)
	ABSOLUTE (IOPATH A2 Z) = (0.38, 0.321)

Annotating to instance g1460__8757 of module AN2D0
	ABSOLUTE (IOPATH A1 Z) = (0.428, 0.315)
	ABSOLUTE (IOPATH A2 Z) = (0.382, 0.363)

Annotating to instance g1458__1786 of module AN2D0
	ABSOLUTE (IOPATH A1 Z) = (0.408, 0.303)
	ABSOLUTE (IOPATH A2 Z) = (0.384, 0.322)

Annotating to instance g1461__5953 of module AN2D0
	ABSOLUTE (IOPATH A1 Z) = (0.431, 0.316)
	ABSOLUTE (IOPATH A2 Z) = (0.388, 0.352)

Annotating to instance g1454__5703 of module AN2D0
	ABSOLUTE (IOPATH A1 Z) = (0.427, 0.314)
	ABSOLUTE (IOPATH A2 Z) = (0.386, 0.323)

Annotating to instance g1491 of module INVD8
	ABSOLUTE (IOPATH I ZN) = (1.558, 1.102)

Annotating to instance g1463 of module INVD8
	ABSOLUTE (IOPATH I ZN) = (1.551, 1.087)

Annotating to instance g1473 of module INVD8
	ABSOLUTE (IOPATH I ZN) = (1.547, 1.089)

Annotating to instance g1452__7114 of module AN2D0
	ABSOLUTE (IOPATH A1 Z) = (0.42, 0.311)
	ABSOLUTE (IOPATH A2 Z) = (0.394, 0.355)

Annotating to instance g1467 of module INVD8
	ABSOLUTE (IOPATH I ZN) = (1.541, 1.087)

Annotating to instance g1512__5266 of module ND2D1
	ABSOLUTE (IOPATH A1 ZN) = (0.288, 0.201)
	ABSOLUTE (IOPATH A2 ZN) = (0.273, 0.171)

Annotating to instance g1502__2250 of module AN2D0
	ABSOLUTE (IOPATH A1 Z) = (0.395, 0.292)
	ABSOLUTE (IOPATH A2 Z) = (0.391, 0.382)

Annotating to instance g1478__6083 of module AN2D0
	ABSOLUTE (IOPATH A1 Z) = (0.386, 0.285)
	ABSOLUTE (IOPATH A2 Z) = (0.383, 0.377)

Annotating to instance g1479__2703 of module AN2D0
	ABSOLUTE (IOPATH A1 Z) = (0.386, 0.285)
	ABSOLUTE (IOPATH A2 Z) = (0.38, 0.384)

Annotating to instance g1503__5795 of module AN2D0
	ABSOLUTE (IOPATH A1 Z) = (0.39, 0.287)
	ABSOLUTE (IOPATH A2 Z) = (0.383, 0.343)

Annotating to instance g1475__7344 of module AN2D0
	ABSOLUTE (IOPATH A1 Z) = (0.39, 0.287)
	ABSOLUTE (IOPATH A2 Z) = (0.387, 0.381)

Annotating to instance g1474__1840 of module AN2D0
	ABSOLUTE (IOPATH A1 Z) = (0.4, 0.293)
	ABSOLUTE (IOPATH A2 Z) = (0.391, 0.348)

Annotating to instance g1508__5019 of module AN2D0
	ABSOLUTE (IOPATH A1 Z) = (0.385, 0.286)
	ABSOLUTE (IOPATH A2 Z) = (0.38, 0.384)

Annotating to instance g1507__1857 of module AN2D0
	ABSOLUTE (IOPATH A1 Z) = (0.41, 0.301)
	ABSOLUTE (IOPATH A2 Z) = (0.406, 0.391)

Annotating to instance g1477__9906 of module AN2D0
	ABSOLUTE (IOPATH A1 Z) = (0.386, 0.287)
	ABSOLUTE (IOPATH A2 Z) = (0.377, 0.339)

Annotating to instance g1483__8780 of module NR2D1
	ABSOLUTE (IOPATH A1 ZN) = (0.375, 0.121)
	ABSOLUTE (IOPATH A2 ZN) = (0.336, 0.138)

Annotating to instance g1485__4296 of module ND2D1
	ABSOLUTE (IOPATH A1 ZN) = (0.188, 0.18)
	ABSOLUTE (IOPATH A2 ZN) = (0.212, 0.155)

Annotating to instance g1481__3772 of module ND2D1
	ABSOLUTE (IOPATH A1 ZN) = (0.182, 0.175)
	ABSOLUTE (IOPATH A2 ZN) = (0.215, 0.152)

Annotating to instance g1484__1474 of module ND2D1
	ABSOLUTE (IOPATH A1 ZN) = (0.186, 0.178)
	ABSOLUTE (IOPATH A2 ZN) = (0.218, 0.154)

Annotating to instance g1514__4547 of module INR2D0
	ABSOLUTE (IOPATH A1 ZN) = (0.553, 0.358)
	ABSOLUTE (IOPATH B1 ZN) = (0.558, 0.196)

Annotating to instance g1476__2683 of module AN2D0
	ABSOLUTE (IOPATH A1 Z) = (0.41, 0.3)
	ABSOLUTE (IOPATH A2 Z) = (0.408, 0.392)

Annotating to instance g1505__1309 of module AN2D0
	ABSOLUTE (IOPATH A1 Z) = (0.403, 0.295)
	ABSOLUTE (IOPATH A2 Z) = (0.399, 0.396)

Annotating to instance g1506__6877 of module AN2D0
	ABSOLUTE (IOPATH A1 Z) = (0.423, 0.307)
	ABSOLUTE (IOPATH A2 Z) = (0.416, 0.362)

Annotating to instance g1480__2900 of module AN2D0
	ABSOLUTE (IOPATH A1 Z) = (0.378, 0.281)
	ABSOLUTE (IOPATH A2 Z) = (0.375, 0.381)

Annotating to instance g1520 of module INVD8
	ABSOLUTE (IOPATH I ZN) = (1.54, 1.079)

Annotating to instance g1510__2391 of module AN2D0
	ABSOLUTE (IOPATH A1 Z) = (0.382, 0.283)
	ABSOLUTE (IOPATH A2 Z) = (0.378, 0.374)

Annotating to instance g1509__7675 of module AN2D0
	ABSOLUTE (IOPATH A1 Z) = (0.398, 0.292)
	ABSOLUTE (IOPATH A2 Z) = (0.396, 0.385)

Annotating to instance g1522 of module INVD8
	ABSOLUTE (IOPATH I ZN) = (1.549, 1.094)

Annotating to instance g1504__7118 of module AN2D0
	ABSOLUTE (IOPATH A1 Z) = (0.393, 0.289)
	ABSOLUTE (IOPATH A2 Z) = (0.389, 0.381)

Annotating to instance g1511__8757 of module NR2D1
	ABSOLUTE (IOPATH A1 ZN) = (0.305, 0.119)
	ABSOLUTE (IOPATH A2 ZN) = (0.341, 0.141)

Annotating to instance g1486__1786 of module ND2D1
	ABSOLUTE (IOPATH A1 ZN) = (0.168, 0.149)
	ABSOLUTE (IOPATH A2 ZN) = (0.255, 0.152)

Annotating to instance g1482__5953 of module ND2D1
	ABSOLUTE (IOPATH A1 ZN) = (0.189, 0.181)
	ABSOLUTE (IOPATH A2 ZN) = (0.214, 0.157)

Annotating to instance g1513__5703 of module INR2D0
	ABSOLUTE (IOPATH A1 ZN) = (0.585, 0.297)
	ABSOLUTE (IOPATH B1 ZN) = (0.562, 0.231)

Annotating to instance g1536 of module INVD8
	ABSOLUTE (IOPATH I ZN) = (1.549, 1.095)

Annotating to instance g1517__5266 of module INR2D0
	ABSOLUTE (IOPATH A1 ZN) = (0.535, 0.36)
	ABSOLUTE (IOPATH B1 ZN) = (0.509, 0.203)

Annotating to instance g1489__2250 of module NR2D1
	ABSOLUTE (IOPATH A1 ZN) = (0.337, 0.128)
	ABSOLUTE (IOPATH A2 ZN) = (0.343, 0.151)

Annotating to instance g1525 of module INVD8
	ABSOLUTE (IOPATH I ZN) = (1.558, 1.105)

Annotating to instance g1527__6083 of module NR2D1
	ABSOLUTE (IOPATH A1 ZN) = (0.311, 0.122)
	ABSOLUTE (IOPATH A2 ZN) = (0.312, 0.132)

Annotating to instance g1531__2703 of module NR2D1
	ABSOLUTE (IOPATH A1 ZN) = (0.236, 0.09)
ncelab: *W,SDFNDP: Annotation resulted in a negative delay value or pulse limit to specify path or interconnect delay ((IOPATH A2 ZN)), setting to 0 </ibe/users/da220/Cadence/WORK_TSMC180FORTE/THESIS/TB_TOP_128_32_16/.CHARACTERIZATION/CONTROLLER_5V_128_32_16_final.sdf, line 1653>.

Annotating to instance g1528__5795 of module NR2D1
	ABSOLUTE (IOPATH A1 ZN) = (0.331, 0.129)
	ABSOLUTE (IOPATH A2 ZN) = (0.347, 0.142)

Annotating to instance g1540__7344 of module IND2D1
	ABSOLUTE (IOPATH A1 ZN) = (0.229, 0.257)
	ABSOLUTE (IOPATH B1 ZN) = (0.339, 0.127)

Annotating to instance g1541__1840 of module NR2D1
	ABSOLUTE (IOPATH A1 ZN) = (0.312, 0.123)
	ABSOLUTE (IOPATH A2 ZN) = (0.316, 0.134)

Annotating to instance g1542__5019 of module AN2D1
	ABSOLUTE (IOPATH A1 Z) = (0.302, 0.313)
	ABSOLUTE (IOPATH A2 Z) = (0.269, 0.257)

Annotating to instance g1543__1857 of module AN2D1
	ABSOLUTE (IOPATH A1 Z) = (0.341, 0.27)
	ABSOLUTE (IOPATH A2 Z) = (0.326, 0.316)

Annotating to instance g1537 of module CKND1
	ABSOLUTE (IOPATH I ZN) = (0.221, 0.226)

Annotating to instance g1530__9906 of module NR2D1
	ABSOLUTE (IOPATH A1 ZN) = (0.288, 0.1)
	ABSOLUTE (IOPATH A2 ZN) = (0.266, 0.116)

Annotating to instance g1529__8780 of module NR2D1
	ABSOLUTE (IOPATH A1 ZN) = (0.248, 0.095)
	ABSOLUTE (IOPATH A2 ZN) = (0.251, 0.11)

Annotating to instance g1526__4296 of module ND2D1
	ABSOLUTE (IOPATH A1 ZN) = (0.245, 0.16)
	ABSOLUTE (IOPATH A2 ZN) = (0.19, 0.128)

Annotating to instance g1532__3772 of module NR2D1
	ABSOLUTE (IOPATH A1 ZN) = (0.335, 0.131)
	ABSOLUTE (IOPATH A2 ZN) = (0.353, 0.145)

Annotating to instance g1533__1474 of module AN2D1
	ABSOLUTE (IOPATH A1 Z) = (0.362, 0.264)
	ABSOLUTE (IOPATH A2 Z) = (0.315, 0.309)

Annotating to instance g1545__4547 of module AN2D1
	ABSOLUTE (IOPATH A1 Z) = (0.382, 0.286)
	ABSOLUTE (IOPATH A2 Z) = (0.31, 0.306)

Annotating to instance g1544__9682 of module AN2D1
	ABSOLUTE (IOPATH A1 Z) = (0.398, 0.303)
	ABSOLUTE (IOPATH A2 Z) = (0.316, 0.31)

Annotating to instance g1546__2683 of module ND3D1
	ABSOLUTE (IOPATH A1 ZN) = (0.175, 0.191)
	ABSOLUTE (IOPATH A2 ZN) = (0.19, 0.183)
	ABSOLUTE (IOPATH A3 ZN) = (0.213, 0.173)

Annotating to instance g1549__1309 of module NR3D0
	ABSOLUTE (IOPATH A1 ZN) = (0.615, 0.292)
	ABSOLUTE (IOPATH A2 ZN) = (0.655, 0.317)
	ABSOLUTE (IOPATH A3 ZN) = (0.67, 0.32)

Annotating to instance g1550__6877 of module ND2D1
	ABSOLUTE (IOPATH A1 ZN) = (0.207, 0.183)
	ABSOLUTE (IOPATH A2 ZN) = (0.22, 0.154)

Annotating to instance g1548__2900 of module INR3D0
	ABSOLUTE (IOPATH A1 ZN) = (0.762, 0.467)
	ABSOLUTE (IOPATH B1 ZN) = (0.664, 0.311)
	ABSOLUTE (IOPATH B2 ZN) = (0.633, 0.319)

Annotating to instance g1547__2391 of module INR3D0
	ABSOLUTE (IOPATH A1 ZN) = (0.715, 0.45)
	ABSOLUTE (IOPATH B1 ZN) = (0.618, 0.292)
	ABSOLUTE (IOPATH B2 ZN) = (0.585, 0.296)

Annotating to instance g1551__7675 of module ND2D1
	ABSOLUTE (IOPATH A1 ZN) = (0.195, 0.175)
	ABSOLUTE (IOPATH A2 ZN) = (0.226, 0.155)

Annotating to instance g1556__7118 of module ND2D1
	ABSOLUTE (IOPATH A1 ZN) = (0.262, 0.232)
	ABSOLUTE (IOPATH A2 ZN) = (0.242, 0.174)

Annotating to instance g1553__8757 of module AN2D1
	ABSOLUTE (IOPATH A1 Z) = (0.381, 0.302)
	ABSOLUTE (IOPATH A2 Z) = (0.37, 0.324)

Annotating to instance controller1_state_reg[2] of module DFKCNQD1
	ABSOLUTE (IOPATH CP Q) = (0.616, 0.622)
	TIMINGCHECK (SETUPHOLD (posedge D) (posedge CP) (0.104) (-0.05))
	TIMINGCHECK (SETUPHOLD (negedge D) (posedge CP) (0.057) (0.064))
	TIMINGCHECK (WIDTH (posedge CP) (0.619))
	TIMINGCHECK (WIDTH (negedge CP) (0.711))
	TIMINGCHECK (SETUPHOLD (posedge CN) (posedge CP) (0.093) (-0.042))
	TIMINGCHECK (SETUPHOLD (negedge CN) (posedge CP) (0.22) (-0.041))

Annotating to instance g1555__1786 of module NR2D1
	ABSOLUTE (IOPATH A1 ZN) = (0.244, 0.09)
ncelab: *W,SDFNDP: Annotation resulted in a negative delay value or pulse limit to specify path or interconnect delay ((IOPATH A2 ZN)), setting to 0 </ibe/users/da220/Cadence/WORK_TSMC180FORTE/THESIS/TB_TOP_128_32_16/.CHARACTERIZATION/CONTROLLER_5V_128_32_16_final.sdf, line 1916>.

Annotating to instance g1557__5953 of module IND2D1
	ABSOLUTE (IOPATH A1 ZN) = (0.302, 0.353)
	ABSOLUTE (IOPATH B1 ZN) = (0.209, 0.184)

Annotating to instance g1558__5703 of module INR2D0
	ABSOLUTE (IOPATH A1 ZN) = (0.678, 0.345)
	ABSOLUTE (IOPATH B1 ZN) = (0.605, 0.222)

Annotating to instance g1559__7114 of module INR2D0
	ABSOLUTE (IOPATH A1 ZN) = (0.835, 0.393)
	ABSOLUTE (IOPATH B1 ZN) = (0.762, 0.269)

Annotating to instance g1554__5266 of module NR2D1
	ABSOLUTE (IOPATH A1 ZN) = (0.41, 0.157)
	ABSOLUTE (IOPATH A2 ZN) = (0.418, 0.166)

Annotating to instance controller1_state_reg[0] of module DFKCNQD1
	ABSOLUTE (IOPATH CP Q) = (0.601, 0.613)
	TIMINGCHECK (SETUPHOLD (posedge D) (posedge CP) (0.104) (-0.05))
	TIMINGCHECK (SETUPHOLD (negedge D) (posedge CP) (0.057) (0.064))
	TIMINGCHECK (WIDTH (posedge CP) (0.619))
	TIMINGCHECK (WIDTH (negedge CP) (0.711))
	TIMINGCHECK (SETUPHOLD (posedge CN) (posedge CP) (0.093) (-0.042))
	TIMINGCHECK (SETUPHOLD (negedge CN) (posedge CP) (0.22) (-0.041))

Annotating to instance g1570 of module INVD1
	ABSOLUTE (IOPATH I ZN) = (0.19, 0.118)

Annotating to instance controller1_Y_ADDRESS_CON_DEC_reg[0] of module LHQD1
	ABSOLUTE (IOPATH D Q) = (0.331, 0.441)
	ABSOLUTE (IOPATH E Q) = (0.544, 0.439)
	TIMINGCHECK (WIDTH (posedge E) (0.385))
	TIMINGCHECK (SETUPHOLD (posedge D) (negedge E) (-0.109) (0.166))
	TIMINGCHECK (SETUPHOLD (negedge D) (negedge E) (0.19) (-0.096))

Annotating to instance controller1_Y_ADDRESS_CON_DEC_reg[2] of module LHQD1
	ABSOLUTE (IOPATH D Q) = (0.32, 0.431)
	ABSOLUTE (IOPATH E Q) = (0.532, 0.43)
	TIMINGCHECK (WIDTH (posedge E) (0.385))
	TIMINGCHECK (SETUPHOLD (posedge D) (negedge E) (-0.109) (0.166))
	TIMINGCHECK (SETUPHOLD (negedge D) (negedge E) (0.19) (-0.096))

Annotating to instance controller1_Y_ADDRESS_CON_DEC_reg[1] of module LHQD1
	ABSOLUTE (IOPATH D Q) = (0.297, 0.415)
	ABSOLUTE (IOPATH E Q) = (0.509, 0.414)
	TIMINGCHECK (WIDTH (posedge E) (0.385))
	TIMINGCHECK (SETUPHOLD (posedge D) (negedge E) (-0.109) (0.166))
	TIMINGCHECK (SETUPHOLD (negedge D) (negedge E) (0.19) (-0.096))

Annotating to instance controller1_X_ADDRESS_CON_DEC_reg[2] of module LHQD1
	ABSOLUTE (IOPATH D Q) = (0.543, 0.583)
	ABSOLUTE (IOPATH E Q) = (0.757, 0.581)
	TIMINGCHECK (WIDTH (posedge E) (0.385))
	TIMINGCHECK (SETUPHOLD (posedge D) (negedge E) (-0.109) (0.166))
	TIMINGCHECK (SETUPHOLD (negedge D) (negedge E) (0.19) (-0.096))

Annotating to instance g1571 of module INVD6
	ABSOLUTE (IOPATH I ZN) = (1.48, 1.037)

Annotating to instance controller1_Y_ADDRESS_CON_DEC_reg[3] of module LHQD1
	ABSOLUTE (IOPATH D Q) = (0.296, 0.412)
	ABSOLUTE (IOPATH E Q) = (0.508, 0.411)
	TIMINGCHECK (WIDTH (posedge E) (0.385))
	TIMINGCHECK (SETUPHOLD (posedge D) (negedge E) (-0.109) (0.166))
	TIMINGCHECK (SETUPHOLD (negedge D) (negedge E) (0.19) (-0.096))

Annotating to instance controller1_X_ADDRESS_CON_DEC_reg[1] of module LHD1
	ABSOLUTE (IOPATH D QN) = (0.638, 0.44)
	ABSOLUTE (IOPATH D Q) = (0.344, 0.449)
	ABSOLUTE (IOPATH E QN) = (0.636, 0.654)
	ABSOLUTE (IOPATH E Q) = (0.556, 0.447)
	TIMINGCHECK (WIDTH (posedge E) (0.394))
	TIMINGCHECK (SETUPHOLD (posedge D) (negedge E) (-0.114) (0.167))
	TIMINGCHECK (SETUPHOLD (negedge D) (negedge E) (0.222) (-0.096))

Annotating to instance controller1_X_ADDRESS_CON_DEC_reg[0] of module LHQD1
	ABSOLUTE (IOPATH D Q) = (0.371, 0.471)
	ABSOLUTE (IOPATH E Q) = (0.584, 0.469)
	TIMINGCHECK (WIDTH (posedge E) (0.385))
	TIMINGCHECK (SETUPHOLD (posedge D) (negedge E) (-0.109) (0.166))
	TIMINGCHECK (SETUPHOLD (negedge D) (negedge E) (0.19) (-0.096))

Annotating to instance controller1_Y_ADDRESS_CON_DEC_reg[4] of module LHQD1
	ABSOLUTE (IOPATH D Q) = (0.426, 0.508)
	ABSOLUTE (IOPATH E Q) = (0.639, 0.506)
	TIMINGCHECK (WIDTH (posedge E) (0.385))
	TIMINGCHECK (SETUPHOLD (posedge D) (negedge E) (-0.109) (0.166))
	TIMINGCHECK (SETUPHOLD (negedge D) (negedge E) (0.19) (-0.096))

Annotating to instance g1576 of module INVD6
	ABSOLUTE (IOPATH I ZN) = (1.239, 0.77)

Annotating to instance controller1_nstate_reg[2] of module LHQD1
	ABSOLUTE (IOPATH D Q) = (0.262, 0.338)
	ABSOLUTE (IOPATH E Q) = (0.481, 0.39)
	TIMINGCHECK (WIDTH (posedge E) (0.431))
	TIMINGCHECK (SETUPHOLD (posedge D) (negedge E) (-0.127) (0.175))
	TIMINGCHECK (SETUPHOLD (negedge D) (negedge E) (0.137) (-0.044))

Annotating to instance controller1_P_ADDRESS_EN_reg of module LHQD1
	ABSOLUTE (IOPATH D Q) = (0.359, 0.401)
	ABSOLUTE (IOPATH E Q) = (0.585, 0.47)
	TIMINGCHECK (WIDTH (posedge E) (0.431))
	TIMINGCHECK (SETUPHOLD (posedge D) (negedge E) (-0.112) (0.147))
	TIMINGCHECK (SETUPHOLD (negedge D) (negedge E) (0.12) (-0.04))

Annotating to instance controller1_N_ADDRESS_EN_reg of module LHD1
	ABSOLUTE (IOPATH D QN) = (0.597, 0.454)
	ABSOLUTE (IOPATH D Q) = (0.179, 0.244)
	ABSOLUTE (IOPATH E QN) = (0.673, 0.681)
	ABSOLUTE (IOPATH E Q) = (0.407, 0.324)
	TIMINGCHECK (WIDTH (posedge E) (0.435))
	TIMINGCHECK (SETUPHOLD (posedge D) (negedge E) (-0.11) (0.144))
	TIMINGCHECK (SETUPHOLD (negedge D) (negedge E) (0.141) (-0.032))

Annotating to instance controller1_nstate_reg[0] of module LHQD1
	ABSOLUTE (IOPATH D Q) = (0.255, 0.325)
	ABSOLUTE (IOPATH E Q) = (0.476, 0.387)
	TIMINGCHECK (WIDTH (posedge E) (0.431))
	TIMINGCHECK (SETUPHOLD (posedge D) (negedge E) (-0.118) (0.154))
	TIMINGCHECK (SETUPHOLD (negedge D) (negedge E) (0.13) (-0.039))

Annotating to instance controller1_DVLP_reg of module LHQD1
	ABSOLUTE (IOPATH D Q) = (0.828, 0.697)
	ABSOLUTE (IOPATH E Q) = (1.049, 0.756)
	TIMINGCHECK (WIDTH (posedge E) (0.431))
	TIMINGCHECK (SETUPHOLD (posedge D) (negedge E) (-0.122) (0.157))
	TIMINGCHECK (SETUPHOLD (negedge D) (negedge E) (0.13) (-0.043))

Annotating to instance controller1_READ_reg of module LHQD4
	ABSOLUTE (IOPATH D Q) = (0.377, 0.495)
	ABSOLUTE (IOPATH E Q) = (0.607, 0.557)
	TIMINGCHECK (WIDTH (posedge E) (0.455))
	TIMINGCHECK (SETUPHOLD (posedge D) (negedge E) (-0.018) (0.068))
	TIMINGCHECK (SETUPHOLD (negedge D) (negedge E) (0.297) (-0.129))

Annotating to instance controller1_PRE_reg of module LHQD1
	ABSOLUTE (IOPATH D Q) = (0.508, 0.499)
	ABSOLUTE (IOPATH E Q) = (0.733, 0.567)
	TIMINGCHECK (WIDTH (posedge E) (0.431))
	TIMINGCHECK (SETUPHOLD (posedge D) (negedge E) (-0.114) (0.151))
	TIMINGCHECK (SETUPHOLD (negedge D) (negedge E) (0.12) (-0.04))

Annotating to instance controller1_EN_SA_reg of module LHQD1
	ABSOLUTE (IOPATH D Q) = (0.505, 0.495)
	ABSOLUTE (IOPATH E Q) = (0.73, 0.565)
	TIMINGCHECK (WIDTH (posedge E) (0.431))
	TIMINGCHECK (SETUPHOLD (posedge D) (negedge E) (-0.113) (0.148))
	TIMINGCHECK (SETUPHOLD (negedge D) (negedge E) (0.117) (-0.036))

Annotating to instance g1581__2250 of module AO21D2
	ABSOLUTE (IOPATH A1 Z) = (0.339, 0.352)
	ABSOLUTE (IOPATH A2 Z) = (0.31, 0.45)
	ABSOLUTE (IOPATH B Z) = (0.308, 0.413)
	ABSOLUTE (COND ((A1==0)&&(A2==0)) (IOPATH B Z)) = (0.308, 0.413)
	ABSOLUTE (COND ((A1==0)&&(A2==1)) (IOPATH B Z)) = (0.308, 0.413)
	ABSOLUTE (COND ((A1==1)&&(A2==0)) (IOPATH B Z)) = (0.308, 0.413)

Annotating to instance g1582__6083 of module OR2D1
	ABSOLUTE (IOPATH A1 Z) = (0.204, 0.304)
	ABSOLUTE (IOPATH A2 Z) = (0.22, 0.334)

Annotating to instance g1579__2703 of module NR3D0
	ABSOLUTE (IOPATH A1 ZN) = (0.285, 0.145)
	ABSOLUTE (IOPATH A2 ZN) = (0.374, 0.211)
	ABSOLUTE (IOPATH A3 ZN) = (0.355, 0.205)

Annotating to instance g1584__5795 of module ND2D2
	ABSOLUTE (IOPATH A1 ZN) = (0.236, 0.192)
	ABSOLUTE (IOPATH A2 ZN) = (0.268, 0.18)

Annotating to instance g1583__7344 of module INR2D2
	ABSOLUTE (IOPATH A1 ZN) = (0.332, 0.248)
	ABSOLUTE (IOPATH B1 ZN) = (0.236, 0.087)

Annotating to instance g1586__1840 of module AOI21D1
	ABSOLUTE (IOPATH A1 ZN) = (0.303, 0.152)
	ABSOLUTE (IOPATH A2 ZN) = (0.339, 0.125)
	ABSOLUTE (IOPATH B ZN) = (0.31, 0.132)
	ABSOLUTE (COND ((A1==0)&&(A2==0)) (IOPATH B ZN)) = (0.31, 0.132)
	ABSOLUTE (COND ((A1==0)&&(A2==1)) (IOPATH B ZN)) = (0.31, 0.132)
	ABSOLUTE (COND ((A1==1)&&(A2==0)) (IOPATH B ZN)) = (0.31, 0.132)

Annotating to instance g1585__5019 of module AOI21D1
	ABSOLUTE (IOPATH A1 ZN) = (0.199, 0.11)
	ABSOLUTE (IOPATH A2 ZN) = (0.298, 0.098)
	ABSOLUTE (IOPATH B ZN) = (0.301, 0.119)
	ABSOLUTE (COND ((A1==0)&&(A2==0)) (IOPATH B ZN)) = (0.301, 0.119)
	ABSOLUTE (COND ((A1==0)&&(A2==1)) (IOPATH B ZN)) = (0.301, 0.119)
	ABSOLUTE (COND ((A1==1)&&(A2==0)) (IOPATH B ZN)) = (0.301, 0.119)

Annotating to instance g1589__1857 of module AN2D1
	ABSOLUTE (IOPATH A1 Z) = (0.284, 0.215)
	ABSOLUTE (IOPATH A2 Z) = (0.255, 0.294)

Annotating to instance g1588__9906 of module NR2D2
	ABSOLUTE (IOPATH A1 ZN) = (0.205, 0.082)
	ABSOLUTE (IOPATH A2 ZN) = (0.225, 0.1)

Annotating to instance controller1_state_reg[1] of module DFKCNQD1
	ABSOLUTE (IOPATH CP Q) = (0.589, 0.605)
	TIMINGCHECK (SETUPHOLD (posedge D) (posedge CP) (0.112) (-0.035))
	TIMINGCHECK (SETUPHOLD (negedge D) (posedge CP) (0.121) (0.029))
	TIMINGCHECK (WIDTH (posedge CP) (0.619))
	TIMINGCHECK (WIDTH (negedge CP) (0.711))
	TIMINGCHECK (SETUPHOLD (posedge CN) (posedge CP) (0.093) (-0.042))
	TIMINGCHECK (SETUPHOLD (negedge CN) (posedge CP) (0.22) (-0.041))

Annotating to instance g1592__8780 of module IND2D1
	ABSOLUTE (IOPATH A1 ZN) = (0.198, 0.222)
	ABSOLUTE (IOPATH B1 ZN) = (0.182, 0.11)

Annotating to instance g1594__4296 of module IND2D2
	ABSOLUTE (IOPATH A1 ZN) = (0.205, 0.261)
	ABSOLUTE (IOPATH B1 ZN) = (0.168, 0.097)

Annotating to instance g1593__3772 of module INR2D1
	ABSOLUTE (IOPATH A1 ZN) = (0.443, 0.265)
	ABSOLUTE (IOPATH B1 ZN) = (0.349, 0.119)

Annotating to instance g1598 of module INVD8
	ABSOLUTE (IOPATH I ZN) = (1.563, 1.084)

Annotating to instance g1600 of module INVD8
	ABSOLUTE (IOPATH I ZN) = (1.372, 0.887)

Annotating to instance g1601 of module INVD1
	ABSOLUTE (IOPATH I ZN) = (0.271, 0.132)

Annotating to instance g2 of module INR2D0
	ABSOLUTE (IOPATH A1 ZN) = (0.614, 0.409)
	ABSOLUTE (IOPATH B1 ZN) = (0.589, 0.242)

Annotating to instance g1719 of module IND2D1
	ABSOLUTE (IOPATH A1 ZN) = (0.283, 0.307)
	ABSOLUTE (IOPATH B1 ZN) = (0.245, 0.214)

Annotating to instance g1720 of module INR2D0
	ABSOLUTE (IOPATH A1 ZN) = (0.52, 0.369)
	ABSOLUTE (IOPATH B1 ZN) = (0.498, 0.204)

Annotating to instance g1721 of module INR2D0
	ABSOLUTE (IOPATH A1 ZN) = (0.591, 0.383)
	ABSOLUTE (IOPATH B1 ZN) = (0.564, 0.228)
ABSOLUTE PORT: TB_TOP_128_32_16.TOP.CONTROLLER.CTS_ccl_a_buf_00030.I = (0)
ABSOLUTE PORT: TB_TOP_128_32_16.TOP.CONTROLLER.g1594__4296.A1 = (0)
ABSOLUTE PORT: TB_TOP_128_32_16.TOP.CONTROLLER.g1594__4296.B1 = (0)
ABSOLUTE PORT: TB_TOP_128_32_16.TOP.CONTROLLER.g1582__6083.A2 = (0)
ABSOLUTE PORT: TB_TOP_128_32_16.TOP.CONTROLLER.g1582__6083.A1 = (0)
ABSOLUTE PORT: TB_TOP_128_32_16.TOP.CONTROLLER.CTS_ccl_a_buf_00024.I = (0)
ABSOLUTE PORT: TB_TOP_128_32_16.TOP.CONTROLLER.g1584__5795.A2 = (0)
ABSOLUTE PORT: TB_TOP_128_32_16.TOP.CONTROLLER.g1584__5795.A1 = (0)
ABSOLUTE PORT: TB_TOP_128_32_16.TOP.CONTROLLER.CTS_ccl_a_buf_00018.I = (0)
ABSOLUTE PORT: TB_TOP_128_32_16.TOP.CONTROLLER.g1585__5019.B = (0)
ABSOLUTE PORT: TB_TOP_128_32_16.TOP.CONTROLLER.g1585__5019.A2 = (0)
ABSOLUTE PORT: TB_TOP_128_32_16.TOP.CONTROLLER.g1585__5019.A1 = (0)
ABSOLUTE PORT: TB_TOP_128_32_16.TOP.CONTROLLER.g1586__1840.A2 = (0)
ABSOLUTE PORT: TB_TOP_128_32_16.TOP.CONTROLLER.g1586__1840.A1 = (0)
ABSOLUTE PORT: TB_TOP_128_32_16.TOP.CONTROLLER.g1586__1840.B = (0)
ABSOLUTE PORT: TB_TOP_128_32_16.TOP.CONTROLLER.CTS_ccl_a_buf_00015.I = (0)
ABSOLUTE PORT: TB_TOP_128_32_16.TOP.CONTROLLER.g1589__1857.A2 = (0)
ABSOLUTE PORT: TB_TOP_128_32_16.TOP.CONTROLLER.g1589__1857.A1 = (0)
ABSOLUTE PORT: TB_TOP_128_32_16.TOP.CONTROLLER.CTS_cse_buf_00001.I = (0)
ABSOLUTE PORT: TB_TOP_128_32_16.TOP.CONTROLLER.g1587.I = (0)
ABSOLUTE PORT: TB_TOP_128_32_16.TOP.CONTROLLER.g1583__7344.B1 = (0)
ABSOLUTE PORT: TB_TOP_128_32_16.TOP.CONTROLLER.g1583__7344.A1 = (0)
ABSOLUTE PORT: TB_TOP_128_32_16.TOP.CONTROLLER.CTS_ccl_a_buf_00006.I = (0)
ABSOLUTE PORT: TB_TOP_128_32_16.TOP.CONTROLLER.CTS_ccl_a_buf_00009.I = (0)
ABSOLUTE PORT: TB_TOP_128_32_16.TOP.CONTROLLER.g1579__2703.A3 = (0)
ABSOLUTE PORT: TB_TOP_128_32_16.TOP.CONTROLLER.g1579__2703.A2 = (0)
ABSOLUTE PORT: TB_TOP_128_32_16.TOP.CONTROLLER.g1579__2703.A1 = (0)
ABSOLUTE PORT: TB_TOP_128_32_16.TOP.CONTROLLER.CTS_cse_buf_00002.I = (0)
ABSOLUTE PORT: TB_TOP_128_32_16.TOP.CONTROLLER.g1590.I = (0)
ABSOLUTE PORT: TB_TOP_128_32_16.TOP.CONTROLLER.g1581__2250.A2 = (0)
ABSOLUTE PORT: TB_TOP_128_32_16.TOP.CONTROLLER.g1581__2250.A1 = (0)
ABSOLUTE PORT: TB_TOP_128_32_16.TOP.CONTROLLER.g1581__2250.B = (0)
ABSOLUTE PORT: TB_TOP_128_32_16.TOP.CONTROLLER.CTS_cse_buf_00003.I = (0)
ABSOLUTE PORT: TB_TOP_128_32_16.TOP.CONTROLLER.controller1_N_ADDRESS_EN_reg.D = (0)
ABSOLUTE PORT: TB_TOP_128_32_16.TOP.CONTROLLER.controller1_N_ADDRESS_EN_reg.E = (0)
ABSOLUTE PORT: TB_TOP_128_32_16.TOP.CONTROLLER.controller1_READ_reg.D = (0)
ABSOLUTE PORT: TB_TOP_128_32_16.TOP.CONTROLLER.controller1_READ_reg.E = (0)
ABSOLUTE PORT: TB_TOP_128_32_16.TOP.CONTROLLER.controller1_PRE_reg.D = (0)
ABSOLUTE PORT: TB_TOP_128_32_16.TOP.CONTROLLER.controller1_PRE_reg.E = (0)
ABSOLUTE PORT: TB_TOP_128_32_16.TOP.CONTROLLER.g1512__5266.A2 = (0)
ABSOLUTE PORT: TB_TOP_128_32_16.TOP.CONTROLLER.g1512__5266.A1 = (0)
ABSOLUTE PORT: TB_TOP_128_32_16.TOP.CONTROLLER.FE_OFC47_N_NOT_EN_7.I = (0)
ABSOLUTE PORT: TB_TOP_128_32_16.TOP.CONTROLLER.g2.B1 = (0)
ABSOLUTE PORT: TB_TOP_128_32_16.TOP.CONTROLLER.g2.A1 = (0)
ABSOLUTE PORT: TB_TOP_128_32_16.TOP.CONTROLLER.FE_OFC46_N_EN_3.I = (0)
ABSOLUTE PORT: TB_TOP_128_32_16.TOP.CONTROLLER.g1454__5703.A1 = (0)
ABSOLUTE PORT: TB_TOP_128_32_16.TOP.CONTROLLER.g1454__5703.A2 = (0)
ABSOLUTE PORT: TB_TOP_128_32_16.TOP.CONTROLLER.FE_OFC45_SEL_0.I = (0)
ABSOLUTE PORT: TB_TOP_128_32_16.TOP.CONTROLLER.g1457__3772.A2 = (0)
ABSOLUTE PORT: TB_TOP_128_32_16.TOP.CONTROLLER.g1457__3772.A1 = (0)
ABSOLUTE PORT: TB_TOP_128_32_16.TOP.CONTROLLER.FE_OFC44_SEL_1.I = (0)
ABSOLUTE PORT: TB_TOP_128_32_16.TOP.CONTROLLER.g1461__5953.A1 = (0)
ABSOLUTE PORT: TB_TOP_128_32_16.TOP.CONTROLLER.g1461__5953.A2 = (0)
ABSOLUTE PORT: TB_TOP_128_32_16.TOP.CONTROLLER.FE_OFC43_SEL_2.I = (0)
ABSOLUTE PORT: TB_TOP_128_32_16.TOP.CONTROLLER.g1456__8780.A2 = (0)
ABSOLUTE PORT: TB_TOP_128_32_16.TOP.CONTROLLER.g1456__8780.A1 = (0)
ABSOLUTE PORT: TB_TOP_128_32_16.TOP.CONTROLLER.FE_OFC42_SEL_3.I = (0)
ABSOLUTE PORT: TB_TOP_128_32_16.TOP.CONTROLLER.g1455__1309.A2 = (0)
ABSOLUTE PORT: TB_TOP_128_32_16.TOP.CONTROLLER.g1455__1309.A1 = (0)
ABSOLUTE PORT: TB_TOP_128_32_16.TOP.CONTROLLER.FE_OFC41_SEL_4.I = (0)
ABSOLUTE PORT: TB_TOP_128_32_16.TOP.CONTROLLER.g1458__1786.A1 = (0)
ABSOLUTE PORT: TB_TOP_128_32_16.TOP.CONTROLLER.g1458__1786.A2 = (0)
ABSOLUTE PORT: TB_TOP_128_32_16.TOP.CONTROLLER.FE_OFC40_SEL_5.I = (0)
ABSOLUTE PORT: TB_TOP_128_32_16.TOP.CONTROLLER.g1453__2683.A2 = (0)
ABSOLUTE PORT: TB_TOP_128_32_16.TOP.CONTROLLER.g1453__2683.A1 = (0)
ABSOLUTE PORT: TB_TOP_128_32_16.TOP.CONTROLLER.FE_OFC39_SEL_6.I = (0)
ABSOLUTE PORT: TB_TOP_128_32_16.TOP.CONTROLLER.g1452__7114.A1 = (0)
ABSOLUTE PORT: TB_TOP_128_32_16.TOP.CONTROLLER.g1452__7114.A2 = (0)
ABSOLUTE PORT: TB_TOP_128_32_16.TOP.CONTROLLER.FE_OFC38_SEL_7.I = (0)
ABSOLUTE PORT: TB_TOP_128_32_16.TOP.CONTROLLER.g1460__8757.A1 = (0)
ABSOLUTE PORT: TB_TOP_128_32_16.TOP.CONTROLLER.g1460__8757.A2 = (0)
ABSOLUTE PORT: TB_TOP_128_32_16.TOP.CONTROLLER.FE_OFC37_SEL_8.I = (0)
ABSOLUTE PORT: TB_TOP_128_32_16.TOP.CONTROLLER.g1451__9682.A2 = (0)
ABSOLUTE PORT: TB_TOP_128_32_16.TOP.CONTROLLER.g1451__9682.A1 = (0)
ABSOLUTE PORT: TB_TOP_128_32_16.TOP.CONTROLLER.FE_OFC36_SEL_9.I = (0)
ABSOLUTE PORT: TB_TOP_128_32_16.TOP.CONTROLLER.g1459__7118.A1 = (0)
ABSOLUTE PORT: TB_TOP_128_32_16.TOP.CONTROLLER.g1459__7118.A2 = (0)
ABSOLUTE PORT: TB_TOP_128_32_16.TOP.CONTROLLER.FE_OFC35_SEL_10.I = (0)
ABSOLUTE PORT: TB_TOP_128_32_16.TOP.CONTROLLER.g1446__4547.A2 = (0)
ABSOLUTE PORT: TB_TOP_128_32_16.TOP.CONTROLLER.g1446__4547.A1 = (0)
ABSOLUTE PORT: TB_TOP_128_32_16.TOP.CONTROLLER.FE_OFC34_SEL_11.I = (0)
ABSOLUTE PORT: TB_TOP_128_32_16.TOP.CONTROLLER.g1449__1474.A2 = (0)
ABSOLUTE PORT: TB_TOP_128_32_16.TOP.CONTROLLER.g1449__1474.A1 = (0)
ABSOLUTE PORT: TB_TOP_128_32_16.TOP.CONTROLLER.FE_OFC33_SEL_12.I = (0)
ABSOLUTE PORT: TB_TOP_128_32_16.TOP.CONTROLLER.g1448__2900.A1 = (0)
ABSOLUTE PORT: TB_TOP_128_32_16.TOP.CONTROLLER.g1448__2900.A2 = (0)
ABSOLUTE PORT: TB_TOP_128_32_16.TOP.CONTROLLER.FE_OFC32_SEL_13.I = (0)
ABSOLUTE PORT: TB_TOP_128_32_16.TOP.CONTROLLER.g1447__6877.A2 = (0)
ABSOLUTE PORT: TB_TOP_128_32_16.TOP.CONTROLLER.g1447__6877.A1 = (0)
ABSOLUTE PORT: TB_TOP_128_32_16.TOP.CONTROLLER.FE_OFC31_SEL_14.I = (0)
ABSOLUTE PORT: TB_TOP_128_32_16.TOP.CONTROLLER.g1450__2391.A1 = (0)
ABSOLUTE PORT: TB_TOP_128_32_16.TOP.CONTROLLER.g1450__2391.A2 = (0)
ABSOLUTE PORT: TB_TOP_128_32_16.TOP.CONTROLLER.FE_OFC30_SEL_15.I = (0)
ABSOLUTE PORT: TB_TOP_128_32_16.TOP.CONTROLLER.g1478__6083.A1 = (0)
ABSOLUTE PORT: TB_TOP_128_32_16.TOP.CONTROLLER.g1478__6083.A2 = (0)
ABSOLUTE PORT: TB_TOP_128_32_16.TOP.CONTROLLER.FE_OFC29_SEL_16.I = (0)
ABSOLUTE PORT: TB_TOP_128_32_16.TOP.CONTROLLER.g1476__2683.A1 = (0)
ABSOLUTE PORT: TB_TOP_128_32_16.TOP.CONTROLLER.g1476__2683.A2 = (0)
ABSOLUTE PORT: TB_TOP_128_32_16.TOP.CONTROLLER.FE_OFC28_SEL_17.I = (0)
ABSOLUTE PORT: TB_TOP_128_32_16.TOP.CONTROLLER.g1509__7675.A1 = (0)
ABSOLUTE PORT: TB_TOP_128_32_16.TOP.CONTROLLER.g1509__7675.A2 = (0)
ABSOLUTE PORT: TB_TOP_128_32_16.TOP.CONTROLLER.FE_OFC27_SEL_18.I = (0)
ABSOLUTE PORT: TB_TOP_128_32_16.TOP.CONTROLLER.g1475__7344.A2 = (0)
ABSOLUTE PORT: TB_TOP_128_32_16.TOP.CONTROLLER.g1475__7344.A1 = (0)
ABSOLUTE PORT: TB_TOP_128_32_16.TOP.CONTROLLER.FE_OFC26_SEL_19.I = (0)
ABSOLUTE PORT: TB_TOP_128_32_16.TOP.CONTROLLER.g1480__2900.A1 = (0)
ABSOLUTE PORT: TB_TOP_128_32_16.TOP.CONTROLLER.g1480__2900.A2 = (0)
ABSOLUTE PORT: TB_TOP_128_32_16.TOP.CONTROLLER.FE_OFC25_SEL_20.I = (0)
ABSOLUTE PORT: TB_TOP_128_32_16.TOP.CONTROLLER.g1506__6877.A1 = (0)
ABSOLUTE PORT: TB_TOP_128_32_16.TOP.CONTROLLER.g1506__6877.A2 = (0)
ABSOLUTE PORT: TB_TOP_128_32_16.TOP.CONTROLLER.FE_OFC24_SEL_21.I = (0)
ABSOLUTE PORT: TB_TOP_128_32_16.TOP.CONTROLLER.g1505__1309.A2 = (0)
ABSOLUTE PORT: TB_TOP_128_32_16.TOP.CONTROLLER.g1505__1309.A1 = (0)
ABSOLUTE PORT: TB_TOP_128_32_16.TOP.CONTROLLER.FE_OFC23_SEL_22.I = (0)
ABSOLUTE PORT: TB_TOP_128_32_16.TOP.CONTROLLER.g1503__5795.A2 = (0)
ABSOLUTE PORT: TB_TOP_128_32_16.TOP.CONTROLLER.g1503__5795.A1 = (0)
ABSOLUTE PORT: TB_TOP_128_32_16.TOP.CONTROLLER.FE_OFC22_SEL_23.I = (0)
ABSOLUTE PORT: TB_TOP_128_32_16.TOP.CONTROLLER.g1510__2391.A1 = (0)
ABSOLUTE PORT: TB_TOP_128_32_16.TOP.CONTROLLER.g1510__2391.A2 = (0)
ABSOLUTE PORT: TB_TOP_128_32_16.TOP.CONTROLLER.FE_OFC21_SEL_24.I = (0)
ABSOLUTE PORT: TB_TOP_128_32_16.TOP.CONTROLLER.g1504__7118.A2 = (0)
ABSOLUTE PORT: TB_TOP_128_32_16.TOP.CONTROLLER.g1504__7118.A1 = (0)
ABSOLUTE PORT: TB_TOP_128_32_16.TOP.CONTROLLER.FE_OFC20_SEL_25.I = (0)
ABSOLUTE PORT: TB_TOP_128_32_16.TOP.CONTROLLER.g1502__2250.A1 = (0)
ABSOLUTE PORT: TB_TOP_128_32_16.TOP.CONTROLLER.g1502__2250.A2 = (0)
ABSOLUTE PORT: TB_TOP_128_32_16.TOP.CONTROLLER.FE_OFC19_SEL_26.I = (0)
ABSOLUTE PORT: TB_TOP_128_32_16.TOP.CONTROLLER.g1507__1857.A2 = (0)
ABSOLUTE PORT: TB_TOP_128_32_16.TOP.CONTROLLER.g1507__1857.A1 = (0)
ABSOLUTE PORT: TB_TOP_128_32_16.TOP.CONTROLLER.FE_OFC18_SEL_27.I = (0)
ABSOLUTE PORT: TB_TOP_128_32_16.TOP.CONTROLLER.g1479__2703.A2 = (0)
ABSOLUTE PORT: TB_TOP_128_32_16.TOP.CONTROLLER.g1479__2703.A1 = (0)
ABSOLUTE PORT: TB_TOP_128_32_16.TOP.CONTROLLER.FE_OFC17_SEL_28.I = (0)
ABSOLUTE PORT: TB_TOP_128_32_16.TOP.CONTROLLER.g1474__1840.A2 = (0)
ABSOLUTE PORT: TB_TOP_128_32_16.TOP.CONTROLLER.g1474__1840.A1 = (0)
ABSOLUTE PORT: TB_TOP_128_32_16.TOP.CONTROLLER.FE_OFC16_SEL_29.I = (0)
ABSOLUTE PORT: TB_TOP_128_32_16.TOP.CONTROLLER.g1508__5019.A2 = (0)
ABSOLUTE PORT: TB_TOP_128_32_16.TOP.CONTROLLER.g1508__5019.A1 = (0)
ABSOLUTE PORT: TB_TOP_128_32_16.TOP.CONTROLLER.FE_OFC15_SEL_30.I = (0)
ABSOLUTE PORT: TB_TOP_128_32_16.TOP.CONTROLLER.g1477__9906.A1 = (0)
ABSOLUTE PORT: TB_TOP_128_32_16.TOP.CONTROLLER.g1477__9906.A2 = (0)
ABSOLUTE PORT: TB_TOP_128_32_16.TOP.CONTROLLER.FE_OFC14_SEL_31.I = (0)
ABSOLUTE PORT: TB_TOP_128_32_16.TOP.CONTROLLER.g1486__1786.A2 = (0)
ABSOLUTE PORT: TB_TOP_128_32_16.TOP.CONTROLLER.g1486__1786.A1 = (0)
ABSOLUTE PORT: TB_TOP_128_32_16.TOP.CONTROLLER.FE_OFC13_N_NOT_EN_4.I = (0)
ABSOLUTE PORT: TB_TOP_128_32_16.TOP.CONTROLLER.g1719.B1 = (0)
ABSOLUTE PORT: TB_TOP_128_32_16.TOP.CONTROLLER.g1719.A1 = (0)
ABSOLUTE PORT: TB_TOP_128_32_16.TOP.CONTROLLER.FE_OFC12_N_NOT_EN_6.I = (0)
ABSOLUTE PORT: TB_TOP_128_32_16.TOP.CONTROLLER.g1513__5703.B1 = (0)
ABSOLUTE PORT: TB_TOP_128_32_16.TOP.CONTROLLER.g1513__5703.A1 = (0)
ABSOLUTE PORT: TB_TOP_128_32_16.TOP.CONTROLLER.FE_OFC11_N_EN_0.I = (0)
ABSOLUTE PORT: TB_TOP_128_32_16.TOP.CONTROLLER.g1483__8780.A2 = (0)
ABSOLUTE PORT: TB_TOP_128_32_16.TOP.CONTROLLER.g1483__8780.A1 = (0)
ABSOLUTE PORT: TB_TOP_128_32_16.TOP.CONTROLLER.FE_OFC10_N_EN_1.I = (0)
ABSOLUTE PORT: TB_TOP_128_32_16.TOP.CONTROLLER.g1511__8757.A2 = (0)
ABSOLUTE PORT: TB_TOP_128_32_16.TOP.CONTROLLER.g1511__8757.A1 = (0)
ABSOLUTE PORT: TB_TOP_128_32_16.TOP.CONTROLLER.FE_OFC9_N_EN_2.I = (0)
ABSOLUTE PORT: TB_TOP_128_32_16.TOP.CONTROLLER.g1514__4547.A1 = (0)
ABSOLUTE PORT: TB_TOP_128_32_16.TOP.CONTROLLER.g1514__4547.B1 = (0)
ABSOLUTE PORT: TB_TOP_128_32_16.TOP.CONTROLLER.FE_OFC8_N_EN_5.I = (0)
ABSOLUTE PORT: TB_TOP_128_32_16.TOP.CONTROLLER.g1482__5953.A2 = (0)
ABSOLUTE PORT: TB_TOP_128_32_16.TOP.CONTROLLER.g1482__5953.A1 = (0)
ABSOLUTE PORT: TB_TOP_128_32_16.TOP.CONTROLLER.FE_OFC7_P_NOT_EN_0.I = (0)
ABSOLUTE PORT: TB_TOP_128_32_16.TOP.CONTROLLER.g1481__3772.A1 = (0)
ABSOLUTE PORT: TB_TOP_128_32_16.TOP.CONTROLLER.g1481__3772.A2 = (0)
ABSOLUTE PORT: TB_TOP_128_32_16.TOP.CONTROLLER.FE_OFC6_P_NOT_EN_2.I = (0)
ABSOLUTE PORT: TB_TOP_128_32_16.TOP.CONTROLLER.g1485__4296.A2 = (0)
ABSOLUTE PORT: TB_TOP_128_32_16.TOP.CONTROLLER.g1485__4296.A1 = (0)
ABSOLUTE PORT: TB_TOP_128_32_16.TOP.CONTROLLER.FE_OFC5_P_NOT_EN_4.I = (0)
ABSOLUTE PORT: TB_TOP_128_32_16.TOP.CONTROLLER.g1484__1474.A2 = (0)
ABSOLUTE PORT: TB_TOP_128_32_16.TOP.CONTROLLER.g1484__1474.A1 = (0)
ABSOLUTE PORT: TB_TOP_128_32_16.TOP.CONTROLLER.FE_OFC4_P_NOT_EN_6.I = (0)
ABSOLUTE PORT: TB_TOP_128_32_16.TOP.CONTROLLER.g1541__1840.A2 = (0)
ABSOLUTE PORT: TB_TOP_128_32_16.TOP.CONTROLLER.g1541__1840.A1 = (0)
ABSOLUTE PORT: TB_TOP_128_32_16.TOP.CONTROLLER.FE_OFC3_P_EN_1.I = (0)
ABSOLUTE PORT: TB_TOP_128_32_16.TOP.CONTROLLER.g1527__6083.A1 = (0)
ABSOLUTE PORT: TB_TOP_128_32_16.TOP.CONTROLLER.g1527__6083.A2 = (0)
ABSOLUTE PORT: TB_TOP_128_32_16.TOP.CONTROLLER.FE_OFC2_P_EN_3.I = (0)
ABSOLUTE PORT: TB_TOP_128_32_16.TOP.CONTROLLER.g1532__3772.A2 = (0)
ABSOLUTE PORT: TB_TOP_128_32_16.TOP.CONTROLLER.g1532__3772.A1 = (0)
ABSOLUTE PORT: TB_TOP_128_32_16.TOP.CONTROLLER.FE_OFC1_P_EN_5.I = (0)
ABSOLUTE PORT: TB_TOP_128_32_16.TOP.CONTROLLER.g1528__5795.A2 = (0)
ABSOLUTE PORT: TB_TOP_128_32_16.TOP.CONTROLLER.g1528__5795.A1 = (0)
ABSOLUTE PORT: TB_TOP_128_32_16.TOP.CONTROLLER.FE_OFC0_P_EN_7.I = (0)
ABSOLUTE PORT: TB_TOP_128_32_16.TOP.CONTROLLER.g1592__8780.B1 = (0)
ABSOLUTE PORT: TB_TOP_128_32_16.TOP.CONTROLLER.g1592__8780.A1 = (0)
ABSOLUTE PORT: TB_TOP_128_32_16.TOP.CONTROLLER.\controller1_state_reg[2] .CP = (0)
ABSOLUTE PORT: TB_TOP_128_32_16.TOP.CONTROLLER.\controller1_state_reg[2] .D = (0)
ABSOLUTE PORT: TB_TOP_128_32_16.TOP.CONTROLLER.\controller1_state_reg[2] .CN = (0)
ABSOLUTE PORT: TB_TOP_128_32_16.TOP.CONTROLLER.\controller1_state_reg[1] .CP = (0)
ABSOLUTE PORT: TB_TOP_128_32_16.TOP.CONTROLLER.\controller1_state_reg[1] .D = (0)
ABSOLUTE PORT: TB_TOP_128_32_16.TOP.CONTROLLER.\controller1_state_reg[1] .CN = (0)
ABSOLUTE PORT: TB_TOP_128_32_16.TOP.CONTROLLER.\controller1_state_reg[0] .CP = (0)
ABSOLUTE PORT: TB_TOP_128_32_16.TOP.CONTROLLER.\controller1_state_reg[0] .D = (0)
ABSOLUTE PORT: TB_TOP_128_32_16.TOP.CONTROLLER.\controller1_state_reg[0] .CN = (0)
ABSOLUTE PORT: TB_TOP_128_32_16.TOP.CONTROLLER.g1601.I = (0)
ABSOLUTE PORT: TB_TOP_128_32_16.TOP.CONTROLLER.\controller1_X_ADDRESS_CON_DEC_reg[2] .D = (0)
ABSOLUTE PORT: TB_TOP_128_32_16.TOP.CONTROLLER.\controller1_X_ADDRESS_CON_DEC_reg[2] .E = (0)
ABSOLUTE PORT: TB_TOP_128_32_16.TOP.CONTROLLER.\controller1_X_ADDRESS_CON_DEC_reg[1] .D = (0)
ABSOLUTE PORT: TB_TOP_128_32_16.TOP.CONTROLLER.\controller1_X_ADDRESS_CON_DEC_reg[1] .E = (0)
ABSOLUTE PORT: TB_TOP_128_32_16.TOP.CONTROLLER.\controller1_X_ADDRESS_CON_DEC_reg[0] .D = (0)
ABSOLUTE PORT: TB_TOP_128_32_16.TOP.CONTROLLER.\controller1_X_ADDRESS_CON_DEC_reg[0] .E = (0)
ABSOLUTE PORT: TB_TOP_128_32_16.TOP.CONTROLLER.\controller1_Y_ADDRESS_CON_DEC_reg[4] .D = (0)
ABSOLUTE PORT: TB_TOP_128_32_16.TOP.CONTROLLER.\controller1_Y_ADDRESS_CON_DEC_reg[4] .E = (0)
ABSOLUTE PORT: TB_TOP_128_32_16.TOP.CONTROLLER.\controller1_Y_ADDRESS_CON_DEC_reg[3] .D = (0)
ABSOLUTE PORT: TB_TOP_128_32_16.TOP.CONTROLLER.\controller1_Y_ADDRESS_CON_DEC_reg[3] .E = (0)
ABSOLUTE PORT: TB_TOP_128_32_16.TOP.CONTROLLER.\controller1_Y_ADDRESS_CON_DEC_reg[2] .D = (0)
ABSOLUTE PORT: TB_TOP_128_32_16.TOP.CONTROLLER.\controller1_Y_ADDRESS_CON_DEC_reg[2] .E = (0)
ABSOLUTE PORT: TB_TOP_128_32_16.TOP.CONTROLLER.\controller1_Y_ADDRESS_CON_DEC_reg[1] .D = (0)
ABSOLUTE PORT: TB_TOP_128_32_16.TOP.CONTROLLER.\controller1_Y_ADDRESS_CON_DEC_reg[1] .E = (0)
ABSOLUTE PORT: TB_TOP_128_32_16.TOP.CONTROLLER.\controller1_Y_ADDRESS_CON_DEC_reg[0] .D = (0)
ABSOLUTE PORT: TB_TOP_128_32_16.TOP.CONTROLLER.\controller1_Y_ADDRESS_CON_DEC_reg[0] .E = (0)
ABSOLUTE PORT: TB_TOP_128_32_16.TOP.CONTROLLER.g1598.I = (0.06)
ABSOLUTE PORT: TB_TOP_128_32_16.TOP.CONTROLLER.P_EN[8] = (0)
ABSOLUTE PORT: TB_TOP_128_32_16.TOP.CONTROLLER.g1522.I = (0.06)
ABSOLUTE PORT: TB_TOP_128_32_16.TOP.CONTROLLER.P_EN[7] = (0)
ABSOLUTE PORT: TB_TOP_128_32_16.TOP.CONTROLLER.g1469.I = (0.07)
ABSOLUTE PORT: TB_TOP_128_32_16.TOP.CONTROLLER.P_EN[6] = (0)
ABSOLUTE PORT: TB_TOP_128_32_16.TOP.CONTROLLER.g1525.I = (0.07)
ABSOLUTE PORT: TB_TOP_128_32_16.TOP.CONTROLLER.P_EN[5] = (0)
ABSOLUTE PORT: TB_TOP_128_32_16.TOP.CONTROLLER.g1471.I = (0.06)
ABSOLUTE PORT: TB_TOP_128_32_16.TOP.CONTROLLER.P_EN[4] = (0)
ABSOLUTE PORT: TB_TOP_128_32_16.TOP.CONTROLLER.g1520.I = (0.06)
ABSOLUTE PORT: TB_TOP_128_32_16.TOP.CONTROLLER.P_EN[3] = (0)
ABSOLUTE PORT: TB_TOP_128_32_16.TOP.CONTROLLER.g1463.I = (0.06)
ABSOLUTE PORT: TB_TOP_128_32_16.TOP.CONTROLLER.P_EN[2] = (0)
ABSOLUTE PORT: TB_TOP_128_32_16.TOP.CONTROLLER.g1536.I = (0.04)
ABSOLUTE PORT: TB_TOP_128_32_16.TOP.CONTROLLER.P_EN[1] = (0)
ABSOLUTE PORT: TB_TOP_128_32_16.TOP.CONTROLLER.g1465.I = (0.05)
ABSOLUTE PORT: TB_TOP_128_32_16.TOP.CONTROLLER.P_EN[0] = (0)
ABSOLUTE PORT: TB_TOP_128_32_16.TOP.CONTROLLER.g1600.I = (0)
ABSOLUTE PORT: TB_TOP_128_32_16.TOP.CONTROLLER.P_NOT_EN[8] = (0)
ABSOLUTE PORT: TB_TOP_128_32_16.TOP.CONTROLLER.P_NOT_EN[7] = (0)
ABSOLUTE PORT: TB_TOP_128_32_16.TOP.CONTROLLER.P_NOT_EN[6] = (0)
ABSOLUTE PORT: TB_TOP_128_32_16.TOP.CONTROLLER.P_NOT_EN[5] = (0)
ABSOLUTE PORT: TB_TOP_128_32_16.TOP.CONTROLLER.P_NOT_EN[4] = (0)
ABSOLUTE PORT: TB_TOP_128_32_16.TOP.CONTROLLER.P_NOT_EN[3] = (0)
ABSOLUTE PORT: TB_TOP_128_32_16.TOP.CONTROLLER.P_NOT_EN[2] = (0)
ABSOLUTE PORT: TB_TOP_128_32_16.TOP.CONTROLLER.P_NOT_EN[1] = (0)
ABSOLUTE PORT: TB_TOP_128_32_16.TOP.CONTROLLER.P_NOT_EN[0] = (0)
ABSOLUTE PORT: TB_TOP_128_32_16.TOP.CONTROLLER.g1493.I = (0.06)
ABSOLUTE PORT: TB_TOP_128_32_16.TOP.CONTROLLER.N_EN[7] = (0)
ABSOLUTE PORT: TB_TOP_128_32_16.TOP.CONTROLLER.g1501.I = (0.04)
ABSOLUTE PORT: TB_TOP_128_32_16.TOP.CONTROLLER.N_EN[6] = (0)
ABSOLUTE PORT: TB_TOP_128_32_16.TOP.CONTROLLER.g1497.I = (0.05)
ABSOLUTE PORT: TB_TOP_128_32_16.TOP.CONTROLLER.N_EN[5] = (0)
ABSOLUTE PORT: TB_TOP_128_32_16.TOP.CONTROLLER.g1473.I = (0.03)
ABSOLUTE PORT: TB_TOP_128_32_16.TOP.CONTROLLER.N_EN[4] = (0)
ABSOLUTE PORT: TB_TOP_128_32_16.TOP.CONTROLLER.g1499.I = (0.06)
ABSOLUTE PORT: TB_TOP_128_32_16.TOP.CONTROLLER.N_EN[3] = (0)
ABSOLUTE PORT: TB_TOP_128_32_16.TOP.CONTROLLER.g1491.I = (0.07)
ABSOLUTE PORT: TB_TOP_128_32_16.TOP.CONTROLLER.N_EN[2] = (0)
ABSOLUTE PORT: TB_TOP_128_32_16.TOP.CONTROLLER.g1467.I = (0.02)
ABSOLUTE PORT: TB_TOP_128_32_16.TOP.CONTROLLER.N_EN[1] = (0)
ABSOLUTE PORT: TB_TOP_128_32_16.TOP.CONTROLLER.g1495.I = (0.05)
ABSOLUTE PORT: TB_TOP_128_32_16.TOP.CONTROLLER.N_EN[0] = (0)
ABSOLUTE PORT: TB_TOP_128_32_16.TOP.CONTROLLER.N_NOT_EN[7] = (0)
ABSOLUTE PORT: TB_TOP_128_32_16.TOP.CONTROLLER.N_NOT_EN[6] = (0)
ABSOLUTE PORT: TB_TOP_128_32_16.TOP.CONTROLLER.N_NOT_EN[5] = (0)
ABSOLUTE PORT: TB_TOP_128_32_16.TOP.CONTROLLER.N_NOT_EN[4] = (0)
ABSOLUTE PORT: TB_TOP_128_32_16.TOP.CONTROLLER.N_NOT_EN[3] = (0)
ABSOLUTE PORT: TB_TOP_128_32_16.TOP.CONTROLLER.N_NOT_EN[2] = (0)
ABSOLUTE PORT: TB_TOP_128_32_16.TOP.CONTROLLER.N_NOT_EN[1] = (0)
ABSOLUTE PORT: TB_TOP_128_32_16.TOP.CONTROLLER.N_NOT_EN[0] = (0)
ABSOLUTE PORT: TB_TOP_128_32_16.TOP.CONTROLLER.SEL[31] = (0)
ABSOLUTE PORT: TB_TOP_128_32_16.TOP.CONTROLLER.SEL[30] = (0)
ABSOLUTE PORT: TB_TOP_128_32_16.TOP.CONTROLLER.SEL[29] = (0)
ABSOLUTE PORT: TB_TOP_128_32_16.TOP.CONTROLLER.SEL[28] = (0)
ABSOLUTE PORT: TB_TOP_128_32_16.TOP.CONTROLLER.SEL[27] = (0)
ABSOLUTE PORT: TB_TOP_128_32_16.TOP.CONTROLLER.SEL[26] = (0)
ABSOLUTE PORT: TB_TOP_128_32_16.TOP.CONTROLLER.SEL[25] = (0)
ABSOLUTE PORT: TB_TOP_128_32_16.TOP.CONTROLLER.SEL[24] = (0)
ABSOLUTE PORT: TB_TOP_128_32_16.TOP.CONTROLLER.SEL[23] = (0)
ABSOLUTE PORT: TB_TOP_128_32_16.TOP.CONTROLLER.SEL[22] = (0)
ABSOLUTE PORT: TB_TOP_128_32_16.TOP.CONTROLLER.SEL[21] = (0)
ABSOLUTE PORT: TB_TOP_128_32_16.TOP.CONTROLLER.SEL[20] = (0)
ABSOLUTE PORT: TB_TOP_128_32_16.TOP.CONTROLLER.SEL[19] = (0)
ABSOLUTE PORT: TB_TOP_128_32_16.TOP.CONTROLLER.SEL[18] = (0)
ABSOLUTE PORT: TB_TOP_128_32_16.TOP.CONTROLLER.SEL[17] = (0)
ABSOLUTE PORT: TB_TOP_128_32_16.TOP.CONTROLLER.SEL[16] = (0)
ABSOLUTE PORT: TB_TOP_128_32_16.TOP.CONTROLLER.SEL[15] = (0)
ABSOLUTE PORT: TB_TOP_128_32_16.TOP.CONTROLLER.SEL[14] = (0)
ABSOLUTE PORT: TB_TOP_128_32_16.TOP.CONTROLLER.SEL[13] = (0)
ABSOLUTE PORT: TB_TOP_128_32_16.TOP.CONTROLLER.SEL[12] = (0)
ABSOLUTE PORT: TB_TOP_128_32_16.TOP.CONTROLLER.SEL[11] = (0)
ABSOLUTE PORT: TB_TOP_128_32_16.TOP.CONTROLLER.SEL[10] = (0)
ABSOLUTE PORT: TB_TOP_128_32_16.TOP.CONTROLLER.SEL[9] = (0)
ABSOLUTE PORT: TB_TOP_128_32_16.TOP.CONTROLLER.SEL[8] = (0)
ABSOLUTE PORT: TB_TOP_128_32_16.TOP.CONTROLLER.SEL[7] = (0)
ABSOLUTE PORT: TB_TOP_128_32_16.TOP.CONTROLLER.SEL[6] = (0)
ABSOLUTE PORT: TB_TOP_128_32_16.TOP.CONTROLLER.SEL[5] = (0)
ABSOLUTE PORT: TB_TOP_128_32_16.TOP.CONTROLLER.SEL[4] = (0)
ABSOLUTE PORT: TB_TOP_128_32_16.TOP.CONTROLLER.SEL[3] = (0)
ABSOLUTE PORT: TB_TOP_128_32_16.TOP.CONTROLLER.SEL[2] = (0)
ABSOLUTE PORT: TB_TOP_128_32_16.TOP.CONTROLLER.SEL[1] = (0)
ABSOLUTE PORT: TB_TOP_128_32_16.TOP.CONTROLLER.SEL[0] = (0)
ABSOLUTE PORT: TB_TOP_128_32_16.TOP.CONTROLLER.READ = (0)
ABSOLUTE PORT: TB_TOP_128_32_16.TOP.CONTROLLER.g1576.I = (0)
ABSOLUTE PORT: TB_TOP_128_32_16.TOP.CONTROLLER.g1540__7344.B1 = (0.01)
ABSOLUTE PORT: TB_TOP_128_32_16.TOP.CONTROLLER.g1540__7344.A1 = (0)
ABSOLUTE PORT: TB_TOP_128_32_16.TOP.CONTROLLER.g1571.I = (0.01)
ABSOLUTE PORT: TB_TOP_128_32_16.TOP.CONTROLLER.WRITE = (0)
ABSOLUTE PORT: TB_TOP_128_32_16.TOP.CONTROLLER.WRITE_2 = (0)
ABSOLUTE PORT: TB_TOP_128_32_16.TOP.CONTROLLER.g1531__2703.A2 = (0.03)
ABSOLUTE PORT: TB_TOP_128_32_16.TOP.CONTROLLER.g1531__2703.A1 = (0)
ABSOLUTE PORT: TB_TOP_128_32_16.TOP.CONTROLLER.g1555__1786.A2 = (0.03)
ABSOLUTE PORT: TB_TOP_128_32_16.TOP.CONTROLLER.g1555__1786.A1 = (0)
ABSOLUTE PORT: TB_TOP_128_32_16.TOP.CONTROLLER.NOT_WRITE = (0)
ABSOLUTE PORT: TB_TOP_128_32_16.TOP.CONTROLLER.NOT_WRITE_2 = (0)
ABSOLUTE PORT: TB_TOP_128_32_16.TOP.CONTROLLER.controller1_DVLP_reg.D = (0)
ABSOLUTE PORT: TB_TOP_128_32_16.TOP.CONTROLLER.controller1_DVLP_reg.E = (0)
ABSOLUTE PORT: TB_TOP_128_32_16.TOP.CONTROLLER.DVLP = (0)
ABSOLUTE PORT: TB_TOP_128_32_16.TOP.CONTROLLER.PRE = (0)
ABSOLUTE PORT: TB_TOP_128_32_16.TOP.CONTROLLER.controller1_EN_SA_reg.D = (0)
ABSOLUTE PORT: TB_TOP_128_32_16.TOP.CONTROLLER.controller1_EN_SA_reg.E = (0)
ABSOLUTE PORT: TB_TOP_128_32_16.TOP.CONTROLLER.EN_SA = (0)
ABSOLUTE PORT: TB_TOP_128_32_16.TOP.CONTROLLER.g1556__7118.A1 = (0)
ABSOLUTE PORT: TB_TOP_128_32_16.TOP.CONTROLLER.g1556__7118.A2 = (0)
ABSOLUTE PORT: TB_TOP_128_32_16.TOP.CONTROLLER.g1557__5953.A1 = (0)
ABSOLUTE PORT: TB_TOP_128_32_16.TOP.CONTROLLER.g1557__5953.B1 = (0)
ABSOLUTE PORT: TB_TOP_128_32_16.TOP.CONTROLLER.g1542__5019.A2 = (0)
ABSOLUTE PORT: TB_TOP_128_32_16.TOP.CONTROLLER.g1542__5019.A1 = (0)
ABSOLUTE PORT: TB_TOP_128_32_16.TOP.CONTROLLER.g1551__7675.A1 = (0)
ABSOLUTE PORT: TB_TOP_128_32_16.TOP.CONTROLLER.g1551__7675.A2 = (0)
ABSOLUTE PORT: TB_TOP_128_32_16.TOP.CONTROLLER.g1530__9906.A2 = (0)
ABSOLUTE PORT: TB_TOP_128_32_16.TOP.CONTROLLER.g1530__9906.A1 = (0)
ABSOLUTE PORT: TB_TOP_128_32_16.TOP.CONTROLLER.g1529__8780.A2 = (0)
ABSOLUTE PORT: TB_TOP_128_32_16.TOP.CONTROLLER.g1529__8780.A1 = (0)
ABSOLUTE PORT: TB_TOP_128_32_16.TOP.CONTROLLER.g1550__6877.A1 = (0)
ABSOLUTE PORT: TB_TOP_128_32_16.TOP.CONTROLLER.g1550__6877.A2 = (0)
ABSOLUTE PORT: TB_TOP_128_32_16.TOP.CONTROLLER.g1517__5266.B1 = (0)
ABSOLUTE PORT: TB_TOP_128_32_16.TOP.CONTROLLER.g1517__5266.A1 = (0)
ABSOLUTE PORT: TB_TOP_128_32_16.TOP.CONTROLLER.g1489__2250.A2 = (0)
ABSOLUTE PORT: TB_TOP_128_32_16.TOP.CONTROLLER.g1489__2250.A1 = (0)
ABSOLUTE PORT: TB_TOP_128_32_16.TOP.CONTROLLER.g1543__1857.A2 = (0)
ABSOLUTE PORT: TB_TOP_128_32_16.TOP.CONTROLLER.g1543__1857.A1 = (0)
ABSOLUTE PORT: TB_TOP_128_32_16.TOP.CONTROLLER.g1533__1474.A2 = (0)
ABSOLUTE PORT: TB_TOP_128_32_16.TOP.CONTROLLER.g1533__1474.A1 = (0)
ABSOLUTE PORT: TB_TOP_128_32_16.TOP.CONTROLLER.g1545__4547.A2 = (0)
ABSOLUTE PORT: TB_TOP_128_32_16.TOP.CONTROLLER.g1545__4547.A1 = (0)
ABSOLUTE PORT: TB_TOP_128_32_16.TOP.CONTROLLER.g1544__9682.A2 = (0)
ABSOLUTE PORT: TB_TOP_128_32_16.TOP.CONTROLLER.g1544__9682.A1 = (0)
ABSOLUTE PORT: TB_TOP_128_32_16.TOP.CONTROLLER.g1720.B1 = (0)
ABSOLUTE PORT: TB_TOP_128_32_16.TOP.CONTROLLER.g1720.A1 = (0)
ABSOLUTE PORT: TB_TOP_128_32_16.TOP.CONTROLLER.g1721.B1 = (0)
ABSOLUTE PORT: TB_TOP_128_32_16.TOP.CONTROLLER.g1721.A1 = (0)
ABSOLUTE PORT: TB_TOP_128_32_16.TOP.CONTROLLER.g1553__8757.A2 = (0)
ABSOLUTE PORT: TB_TOP_128_32_16.TOP.CONTROLLER.g1553__8757.A1 = (0)
ABSOLUTE PORT: TB_TOP_128_32_16.TOP.CONTROLLER.g1558__5703.B1 = (0)
ABSOLUTE PORT: TB_TOP_128_32_16.TOP.CONTROLLER.g1558__5703.A1 = (0)
ABSOLUTE PORT: TB_TOP_128_32_16.TOP.CONTROLLER.g1559__7114.A1 = (0)
ABSOLUTE PORT: TB_TOP_128_32_16.TOP.CONTROLLER.g1559__7114.B1 = (0)
ABSOLUTE PORT: TB_TOP_128_32_16.TOP.CONTROLLER.g1554__5266.A1 = (0)
ABSOLUTE PORT: TB_TOP_128_32_16.TOP.CONTROLLER.g1554__5266.A2 = (0)
ABSOLUTE PORT: TB_TOP_128_32_16.TOP.CONTROLLER.g1546__2683.A2 = (0)
ABSOLUTE PORT: TB_TOP_128_32_16.TOP.CONTROLLER.g1546__2683.A1 = (0)
ABSOLUTE PORT: TB_TOP_128_32_16.TOP.CONTROLLER.g1546__2683.A3 = (0)
ABSOLUTE PORT: TB_TOP_128_32_16.TOP.CONTROLLER.g1549__1309.A1 = (0)
ABSOLUTE PORT: TB_TOP_128_32_16.TOP.CONTROLLER.g1549__1309.A2 = (0)
ABSOLUTE PORT: TB_TOP_128_32_16.TOP.CONTROLLER.g1549__1309.A3 = (0)
ABSOLUTE PORT: TB_TOP_128_32_16.TOP.CONTROLLER.g1548__2900.A1 = (0)
ABSOLUTE PORT: TB_TOP_128_32_16.TOP.CONTROLLER.g1548__2900.B2 = (0)
ABSOLUTE PORT: TB_TOP_128_32_16.TOP.CONTROLLER.g1548__2900.B1 = (0)
ABSOLUTE PORT: TB_TOP_128_32_16.TOP.CONTROLLER.g1547__2391.B2 = (0)
ABSOLUTE PORT: TB_TOP_128_32_16.TOP.CONTROLLER.g1547__2391.A1 = (0)
ABSOLUTE PORT: TB_TOP_128_32_16.TOP.CONTROLLER.g1547__2391.B1 = (0)
ABSOLUTE PORT: TB_TOP_128_32_16.TOP.CONTROLLER.\controller1_nstate_reg[2] .D = (0)
ABSOLUTE PORT: TB_TOP_128_32_16.TOP.CONTROLLER.\controller1_nstate_reg[2] .E = (0)
ABSOLUTE PORT: TB_TOP_128_32_16.TOP.CONTROLLER.\controller1_nstate_reg[0] .D = (0)
ABSOLUTE PORT: TB_TOP_128_32_16.TOP.CONTROLLER.\controller1_nstate_reg[0] .E = (0)
ABSOLUTE PORT: TB_TOP_128_32_16.TOP.CONTROLLER.g1593__3772.B1 = (0)
ABSOLUTE PORT: TB_TOP_128_32_16.TOP.CONTROLLER.g1593__3772.A1 = (0)
ABSOLUTE PORT: TB_TOP_128_32_16.TOP.CONTROLLER.g1588__9906.A1 = (0)
ABSOLUTE PORT: TB_TOP_128_32_16.TOP.CONTROLLER.g1588__9906.A2 = (0)
ABSOLUTE PORT: TB_TOP_128_32_16.TOP.CONTROLLER.controller1_P_ADDRESS_EN_reg.D = (0)
ABSOLUTE PORT: TB_TOP_128_32_16.TOP.CONTROLLER.controller1_P_ADDRESS_EN_reg.E = (0)
ABSOLUTE PORT: TB_TOP_128_32_16.TOP.CONTROLLER.g1570.I = (0)
ABSOLUTE PORT: TB_TOP_128_32_16.TOP.CONTROLLER.g1526__4296.A1 = (0)
ABSOLUTE PORT: TB_TOP_128_32_16.TOP.CONTROLLER.g1526__4296.A2 = (0)
ABSOLUTE PORT: TB_TOP_128_32_16.TOP.CONTROLLER.g1537.I = (0)
