======================================================================

Annotating SDF timing data:
  Compiled SDF file:     /ibe/users/da220/Cadence/WORK_TSMC180FORTE/THESIS/TB_TOP_64_32_4/.CHARACTERIZATION/CONTROLLER_5V_64_32_4_final.sdf.X
  Log file:              /ibe/users/da220/Cadence/WORK_TSMC180FORTE/THESIS/TB_TOP_64_32_4/.CHARACTERIZATION/CONTROLLER_5V_64_32_4_final.sdf.X_sdf_annotation.log
  Backannotation scope:  TB_TOP_64_32_4.TOP.CONTROLLER
  Configuration file:    
  MTM control:           MAXIMUM
  Scale factors:         
  Scale type:            

Time units: 1ns


Annotating to instance CTS_ccl_a_buf_00030 of module CKBD0
	ABSOLUTE (IOPATH I Z) = (0.354, 0.338)

Annotating to instance CTS_ccl_a_buf_00024 of module CKBD0
	ABSOLUTE (IOPATH I Z) = (0.342, 0.325)

Annotating to instance CTS_ccl_a_buf_00021 of module CKBD0
	ABSOLUTE (IOPATH I Z) = (0.353, 0.343)

Annotating to instance CTS_ccl_a_buf_00015 of module CKBD0
	ABSOLUTE (IOPATH I Z) = (0.382, 0.364)

Annotating to instance CTS_ccl_a_buf_00009 of module CKBD0
	ABSOLUTE (IOPATH I Z) = (0.29, 0.298)

Annotating to instance CTS_ccl_a_buf_00006 of module CKBD1
	ABSOLUTE (IOPATH I Z) = (0.263, 0.267)

Annotating to instance g1747 of module CKND2
	ABSOLUTE (IOPATH I ZN) = (0.134, 0.168)

Annotating to instance g1750 of module CKND0
	ABSOLUTE (IOPATH I ZN) = (0.263, 0.294)

Annotating to instance CTS_cse_buf_00003 of module BUFFD4
	ABSOLUTE (IOPATH I Z) = (0.15, 0.154)

Annotating to instance CTS_cse_buf_00002 of module BUFFD2
	ABSOLUTE (IOPATH I Z) = (0.164, 0.208)

Annotating to instance CTS_cse_buf_00001 of module BUFFD1
	ABSOLUTE (IOPATH I Z) = (0.256, 0.301)

Annotating to instance g1588 of module INVD4
	ABSOLUTE (IOPATH I ZN) = (1.478, 1.057)

Annotating to instance g1589 of module INVD4
	ABSOLUTE (IOPATH I ZN) = (1.471, 1.047)

Annotating to instance g1594 of module INVD4
	ABSOLUTE (IOPATH I ZN) = (1.478, 1.059)

Annotating to instance g1590 of module INVD4
	ABSOLUTE (IOPATH I ZN) = (1.476, 1.058)

Annotating to instance g1638 of module INVD4
	ABSOLUTE (IOPATH I ZN) = (1.668, 1.075)

Annotating to instance g1586 of module INVD4
	ABSOLUTE (IOPATH I ZN) = (1.481, 1.061)

Annotating to instance g1592 of module INVD4
	ABSOLUTE (IOPATH I ZN) = (1.475, 1.058)

Annotating to instance g1632 of module INVD4
	ABSOLUTE (IOPATH I ZN) = (1.666, 1.056)

Annotating to instance g1648 of module INVD4
	ABSOLUTE (IOPATH I ZN) = (1.479, 1.06)

Annotating to instance g1633 of module INVD4
	ABSOLUTE (IOPATH I ZN) = (1.656, 1.072)

Annotating to instance g1593 of module INVD4
	ABSOLUTE (IOPATH I ZN) = (1.478, 1.056)

Annotating to instance g1595 of module INVD4
	ABSOLUTE (IOPATH I ZN) = (1.475, 1.057)

Annotating to instance g1634 of module INVD4
	ABSOLUTE (IOPATH I ZN) = (1.654, 1.065)

Annotating to instance g1635 of module INVD4
	ABSOLUTE (IOPATH I ZN) = (1.656, 1.057)

Annotating to instance g1585 of module INVD4
	ABSOLUTE (IOPATH I ZN) = (1.476, 1.059)

Annotating to instance g1637 of module INVD4
	ABSOLUTE (IOPATH I ZN) = (1.477, 1.051)

Annotating to instance g1636 of module INVD4
	ABSOLUTE (IOPATH I ZN) = (1.657, 1.058)

Annotating to instance g1622__8780 of module AN2D4
	ABSOLUTE (IOPATH A1 Z) = (1.44, 0.988)
	ABSOLUTE (IOPATH A2 Z) = (1.384, 0.942)

Annotating to instance g1626__4296 of module AN2D4
	ABSOLUTE (IOPATH A1 Z) = (1.422, 0.97)
	ABSOLUTE (IOPATH A2 Z) = (1.35, 0.965)

Annotating to instance g1621__3772 of module AN2D4
	ABSOLUTE (IOPATH A1 Z) = (1.434, 0.983)
	ABSOLUTE (IOPATH A2 Z) = (1.358, 0.985)

Annotating to instance g1647 of module INVD4
	ABSOLUTE (IOPATH I ZN) = (1.663, 1.054)

Annotating to instance g1587 of module INVD4
	ABSOLUTE (IOPATH I ZN) = (1.468, 1.048)

Annotating to instance g1639 of module INVD4
	ABSOLUTE (IOPATH I ZN) = (1.665, 1.054)

Annotating to instance g1596 of module INVD4
	ABSOLUTE (IOPATH I ZN) = (1.477, 1.054)

Annotating to instance g1640 of module INVD4
	ABSOLUTE (IOPATH I ZN) = (1.482, 1.06)

Annotating to instance g1641 of module INVD4
	ABSOLUTE (IOPATH I ZN) = (1.666, 1.066)

Annotating to instance g1597 of module INVD4
	ABSOLUTE (IOPATH I ZN) = (1.469, 1.044)

Annotating to instance g1642 of module INVD4
	ABSOLUTE (IOPATH I ZN) = (1.662, 1.057)

Annotating to instance g1643 of module INVD4
	ABSOLUTE (IOPATH I ZN) = (1.668, 1.066)

Annotating to instance g1591 of module INVD4
	ABSOLUTE (IOPATH I ZN) = (1.477, 1.059)

Annotating to instance g1598 of module INVD4
	ABSOLUTE (IOPATH I ZN) = (1.478, 1.058)

Annotating to instance g1644 of module INVD4
	ABSOLUTE (IOPATH I ZN) = (1.669, 1.052)

Annotating to instance g1645 of module INVD4
	ABSOLUTE (IOPATH I ZN) = (1.48, 1.062)

Annotating to instance g1599 of module INVD4
	ABSOLUTE (IOPATH I ZN) = (1.472, 1.056)

Annotating to instance g1646 of module INVD4
	ABSOLUTE (IOPATH I ZN) = (1.668, 1.074)

Annotating to instance g1620__1474 of module AN2D4
	ABSOLUTE (IOPATH A1 Z) = (1.434, 0.981)
	ABSOLUTE (IOPATH A2 Z) = (1.363, 0.967)

Annotating to instance g1657__4547 of module AN2D4
	ABSOLUTE (IOPATH A1 Z) = (1.343, 0.845)
	ABSOLUTE (IOPATH A2 Z) = (1.285, 0.95)

Annotating to instance g1661__9682 of module AN2D4
	ABSOLUTE (IOPATH A1 Z) = (1.366, 0.896)
	ABSOLUTE (IOPATH A2 Z) = (1.275, 0.967)

Annotating to instance g1608__2683 of module AN2D4
	ABSOLUTE (IOPATH A1 Z) = (1.318, 0.845)
	ABSOLUTE (IOPATH A2 Z) = (1.285, 0.949)

Annotating to instance g1650__1309 of module AN2D4
	ABSOLUTE (IOPATH A1 Z) = (1.342, 0.851)
	ABSOLUTE (IOPATH A2 Z) = (1.286, 0.949)

Annotating to instance g1610__6877 of module AN2D4
	ABSOLUTE (IOPATH A1 Z) = (1.344, 0.854)
	ABSOLUTE (IOPATH A2 Z) = (1.275, 0.969)

Annotating to instance g1604__2900 of module AN2D4
	ABSOLUTE (IOPATH A1 Z) = (1.34, 0.847)
	ABSOLUTE (IOPATH A2 Z) = (1.275, 0.966)

Annotating to instance g1605__2391 of module AN2D4
	ABSOLUTE (IOPATH A1 Z) = (1.342, 0.851)
	ABSOLUTE (IOPATH A2 Z) = (1.275, 0.968)

Annotating to instance g1654__7675 of module AN2D4
	ABSOLUTE (IOPATH A1 Z) = (1.344, 0.854)
	ABSOLUTE (IOPATH A2 Z) = (1.285, 0.95)

Annotating to instance g1659__7118 of module AN2D4
	ABSOLUTE (IOPATH A1 Z) = (1.367, 0.896)
	ABSOLUTE (IOPATH A2 Z) = (1.285, 0.948)

Annotating to instance g1665__8757 of module ND2D4
	ABSOLUTE (IOPATH A1 ZN) = (1.319, 1.17)
	ABSOLUTE (IOPATH A2 ZN) = (1.333, 1.107)

Annotating to instance g1669__1786 of module OR2D4
	ABSOLUTE (IOPATH A1 Z) = (1.416, 0.992)
	ABSOLUTE (IOPATH A2 Z) = (1.439, 0.958)

Annotating to instance g1627__5953 of module AN2D4
	ABSOLUTE (IOPATH A1 Z) = (1.412, 0.89)
	ABSOLUTE (IOPATH A2 Z) = (1.381, 0.91)

Annotating to instance g1619__5703 of module AN2D4
	ABSOLUTE (IOPATH A1 Z) = (1.411, 0.892)
	ABSOLUTE (IOPATH A2 Z) = (1.378, 0.94)

Annotating to instance g1618__7114 of module AN2D4
	ABSOLUTE (IOPATH A1 Z) = (1.441, 0.994)
	ABSOLUTE (IOPATH A2 Z) = (1.367, 0.921)

Annotating to instance g1670__5266 of module ND2D4
	ABSOLUTE (IOPATH A1 ZN) = (1.428, 1.3)
	ABSOLUTE (IOPATH A2 ZN) = (1.368, 1.164)

Annotating to instance g1667__2250 of module ND2D4
	ABSOLUTE (IOPATH A1 ZN) = (1.302, 1.155)
	ABSOLUTE (IOPATH A2 ZN) = (1.301, 1.087)

Annotating to instance g1671__6083 of module ND2D4
	ABSOLUTE (IOPATH A1 ZN) = (1.426, 1.31)
	ABSOLUTE (IOPATH A2 ZN) = (1.378, 1.169)

Annotating to instance g1628__2703 of module AN2D4
	ABSOLUTE (IOPATH A1 Z) = (1.397, 0.881)
	ABSOLUTE (IOPATH A2 Z) = (1.353, 0.875)

Annotating to instance g1672__5795 of module OR2D4
	ABSOLUTE (IOPATH A1 Z) = (1.407, 0.983)
	ABSOLUTE (IOPATH A2 Z) = (1.406, 0.955)

Annotating to instance g1673__7344 of module ND2D4
	ABSOLUTE (IOPATH A1 ZN) = (1.407, 1.279)
	ABSOLUTE (IOPATH A2 ZN) = (1.344, 1.143)

Annotating to instance g1629__1840 of module AN2D4
	ABSOLUTE (IOPATH A1 Z) = (1.423, 0.912)
	ABSOLUTE (IOPATH A2 Z) = (1.378, 0.937)

Annotating to instance g1666__5019 of module ND2D4
	ABSOLUTE (IOPATH A1 ZN) = (1.31, 1.163)
	ABSOLUTE (IOPATH A2 ZN) = (1.326, 1.129)

Annotating to instance g1623__1857 of module AN2D4
	ABSOLUTE (IOPATH A1 Z) = (1.416, 0.902)
	ABSOLUTE (IOPATH A2 Z) = (1.373, 0.899)

Annotating to instance g1674__9906 of module ND2D4
	ABSOLUTE (IOPATH A1 ZN) = (1.421, 1.302)
	ABSOLUTE (IOPATH A2 ZN) = (1.355, 1.153)

Annotating to instance g1617__8780 of module AN2D4
	ABSOLUTE (IOPATH A1 Z) = (1.403, 0.882)
	ABSOLUTE (IOPATH A2 Z) = (1.375, 0.927)

Annotating to instance g1630__4296 of module AN2D4
	ABSOLUTE (IOPATH A1 Z) = (1.416, 0.904)
	ABSOLUTE (IOPATH A2 Z) = (1.373, 0.909)

Annotating to instance g1675__3772 of module ND2D4
	ABSOLUTE (IOPATH A1 ZN) = (1.422, 1.294)
	ABSOLUTE (IOPATH A2 ZN) = (1.369, 1.162)

Annotating to instance g1676__1474 of module ND2D4
	ABSOLUTE (IOPATH A1 ZN) = (1.424, 1.305)
	ABSOLUTE (IOPATH A2 ZN) = (1.366, 1.159)

Annotating to instance g1625__4547 of module AN2D4
	ABSOLUTE (IOPATH A1 Z) = (1.453, 1.006)
	ABSOLUTE (IOPATH A2 Z) = (1.381, 0.937)

Annotating to instance g1668__9682 of module ND2D4
	ABSOLUTE (IOPATH A1 ZN) = (1.293, 1.148)
	ABSOLUTE (IOPATH A2 ZN) = (1.307, 1.085)

Annotating to instance g1662__2683 of module AN2D4
	ABSOLUTE (IOPATH A1 Z) = (1.343, 0.845)
	ABSOLUTE (IOPATH A2 Z) = (1.285, 0.948)

Annotating to instance g1602__1309 of module AN2D4
	ABSOLUTE (IOPATH A1 Z) = (1.34, 0.84)
	ABSOLUTE (IOPATH A2 Z) = (1.285, 0.949)

Annotating to instance g1613__6877 of module AN2D4
	ABSOLUTE (IOPATH A1 Z) = (1.34, 0.839)
	ABSOLUTE (IOPATH A2 Z) = (1.285, 0.947)

Annotating to instance g1656__2900 of module AN2D4
	ABSOLUTE (IOPATH A1 Z) = (1.342, 0.851)
	ABSOLUTE (IOPATH A2 Z) = (1.285, 0.951)

Annotating to instance g1663__2391 of module AN2D4
	ABSOLUTE (IOPATH A1 Z) = (1.344, 0.844)
	ABSOLUTE (IOPATH A2 Z) = (1.286, 0.943)

Annotating to instance g1658__7675 of module AN2D4
	ABSOLUTE (IOPATH A1 Z) = (1.344, 0.846)
	ABSOLUTE (IOPATH A2 Z) = (1.275, 0.969)

Annotating to instance g1603__7118 of module AN2D4
	ABSOLUTE (IOPATH A1 Z) = (1.34, 0.846)
	ABSOLUTE (IOPATH A2 Z) = (1.286, 0.942)

Annotating to instance g1614__8757 of module AN2D4
	ABSOLUTE (IOPATH A1 Z) = (1.34, 0.839)
	ABSOLUTE (IOPATH A2 Z) = (1.286, 0.942)

Annotating to instance g1651__1786 of module AN2D4
	ABSOLUTE (IOPATH A1 Z) = (1.34, 0.84)
	ABSOLUTE (IOPATH A2 Z) = (1.275, 0.967)

Annotating to instance g1652__5953 of module AN2D4
	ABSOLUTE (IOPATH A1 Z) = (1.342, 0.85)
	ABSOLUTE (IOPATH A2 Z) = (1.286, 0.943)

Annotating to instance g1601__5703 of module AN2D4
	ABSOLUTE (IOPATH A1 Z) = (1.34, 0.844)
	ABSOLUTE (IOPATH A2 Z) = (1.285, 0.945)

Annotating to instance g1606__7114 of module AN2D4
	ABSOLUTE (IOPATH A1 Z) = (1.343, 0.846)
	ABSOLUTE (IOPATH A2 Z) = (1.285, 0.951)

Annotating to instance g1615__5266 of module AN2D4
	ABSOLUTE (IOPATH A1 Z) = (1.343, 0.846)
	ABSOLUTE (IOPATH A2 Z) = (1.285, 0.95)

Annotating to instance g1653__2250 of module AN2D4
	ABSOLUTE (IOPATH A1 Z) = (1.344, 0.852)
	ABSOLUTE (IOPATH A2 Z) = (1.285, 0.949)

Annotating to instance g1607__6083 of module AN2D4
	ABSOLUTE (IOPATH A1 Z) = (1.317, 0.844)
	ABSOLUTE (IOPATH A2 Z) = (1.285, 0.949)

Annotating to instance g1609__2703 of module AN2D4
	ABSOLUTE (IOPATH A1 Z) = (1.367, 0.897)
	ABSOLUTE (IOPATH A2 Z) = (1.285, 0.95)

Annotating to instance g1616__5795 of module AN2D4
	ABSOLUTE (IOPATH A1 Z) = (1.343, 0.845)
	ABSOLUTE (IOPATH A2 Z) = (1.285, 0.944)

Annotating to instance g1655__7344 of module AN2D4
	ABSOLUTE (IOPATH A1 Z) = (1.343, 0.846)
	ABSOLUTE (IOPATH A2 Z) = (1.275, 0.969)

Annotating to instance g1649__1840 of module AN2D4
	ABSOLUTE (IOPATH A1 Z) = (1.344, 0.854)
	ABSOLUTE (IOPATH A2 Z) = (1.286, 0.944)

Annotating to instance g1611__5019 of module AN2D4
	ABSOLUTE (IOPATH A1 Z) = (1.318, 0.844)
	ABSOLUTE (IOPATH A2 Z) = (1.285, 0.943)

Annotating to instance g1612__1857 of module AN2D4
	ABSOLUTE (IOPATH A1 Z) = (1.318, 0.846)
	ABSOLUTE (IOPATH A2 Z) = (1.275, 0.969)

Annotating to instance g1660__9906 of module AN2D4
	ABSOLUTE (IOPATH A1 Z) = (1.366, 0.896)
	ABSOLUTE (IOPATH A2 Z) = (1.285, 0.943)

Annotating to instance g1600__8780 of module AN2D4
	ABSOLUTE (IOPATH A1 Z) = (1.34, 0.846)
	ABSOLUTE (IOPATH A2 Z) = (1.285, 0.948)

Annotating to instance g1677__4296 of module OR2D4
	ABSOLUTE (IOPATH A1 Z) = (1.406, 0.982)
	ABSOLUTE (IOPATH A2 Z) = (1.428, 0.947)

Annotating to instance g1631__3772 of module AN2D4
	ABSOLUTE (IOPATH A1 Z) = (1.456, 1.013)
	ABSOLUTE (IOPATH A2 Z) = (1.384, 0.944)

Annotating to instance g1624__1474 of module AN2D4
	ABSOLUTE (IOPATH A1 Z) = (1.403, 0.882)
	ABSOLUTE (IOPATH A2 Z) = (1.373, 0.911)

Annotating to instance g1678__4547 of module ND2D4
	ABSOLUTE (IOPATH A1 ZN) = (1.422, 1.296)
	ABSOLUTE (IOPATH A2 ZN) = (1.37, 1.162)

Annotating to instance g1664__9682 of module ND2D4
	ABSOLUTE (IOPATH A1 ZN) = (1.421, 1.294)
	ABSOLUTE (IOPATH A2 ZN) = (1.377, 1.167)

Annotating to instance g1679__2683 of module ND2D4
	ABSOLUTE (IOPATH A1 ZN) = (1.42, 1.294)
	ABSOLUTE (IOPATH A2 ZN) = (1.376, 1.167)

Annotating to instance g1680__1309 of module OR2D4
	ABSOLUTE (IOPATH A1 Z) = (1.418, 0.994)
	ABSOLUTE (IOPATH A2 Z) = (1.437, 0.958)

Annotating to instance g1682__6877 of module NR2D1
	ABSOLUTE (IOPATH A1 ZN) = (0.647, 0.218)
	ABSOLUTE (IOPATH A2 ZN) = (0.834, 0.275)

Annotating to instance g1688__2900 of module NR2D1
	ABSOLUTE (IOPATH A1 ZN) = (0.569, 0.203)
	ABSOLUTE (IOPATH A2 ZN) = (0.581, 0.216)

Annotating to instance g1683__2391 of module AN2D1
	ABSOLUTE (IOPATH A1 Z) = (0.495, 0.357)
	ABSOLUTE (IOPATH A2 Z) = (0.488, 0.414)

Annotating to instance g1684__7675 of module INR2D0
	ABSOLUTE (IOPATH A1 ZN) = (1.104, 0.467)
	ABSOLUTE (IOPATH B1 ZN) = (1.046, 0.384)

Annotating to instance g1685__7118 of module AN2D1
	ABSOLUTE (IOPATH A1 Z) = (0.574, 0.433)
	ABSOLUTE (IOPATH A2 Z) = (0.47, 0.411)

Annotating to instance g1686__8757 of module NR2D1
	ABSOLUTE (IOPATH A1 ZN) = (0.609, 0.216)
	ABSOLUTE (IOPATH A2 ZN) = (0.619, 0.228)

Annotating to instance g1687__1786 of module NR2D1
	ABSOLUTE (IOPATH A1 ZN) = (0.918, 0.327)
	ABSOLUTE (IOPATH A2 ZN) = (1.092, 0.434)

Annotating to instance g1681__5953 of module NR2D1
	ABSOLUTE (IOPATH A1 ZN) = (0.588, 0.209)
	ABSOLUTE (IOPATH A2 ZN) = (0.61, 0.25)

Annotating to instance g1694__5703 of module NR2D1
	ABSOLUTE (IOPATH A1 ZN) = (0.617, 0.218)
	ABSOLUTE (IOPATH A2 ZN) = (0.637, 0.259)

Annotating to instance g1691__7114 of module AN2D1
	ABSOLUTE (IOPATH A1 Z) = (0.689, 0.508)
	ABSOLUTE (IOPATH A2 Z) = (0.584, 0.478)

Annotating to instance g1692__5266 of module NR2D1
	ABSOLUTE (IOPATH A1 ZN) = (0.959, 0.339)
	ABSOLUTE (IOPATH A2 ZN) = (1.132, 0.456)

Annotating to instance g1693__2250 of module NR2D1
	ABSOLUTE (IOPATH A1 ZN) = (0.603, 0.214)
	ABSOLUTE (IOPATH A2 ZN) = (0.615, 0.227)

Annotating to instance g1689__6083 of module NR2D1
	ABSOLUTE (IOPATH A1 ZN) = (0.567, 0.204)
	ABSOLUTE (IOPATH A2 ZN) = (0.588, 0.243)

Annotating to instance g1695__2703 of module AN2D1
	ABSOLUTE (IOPATH A1 Z) = (0.686, 0.511)
	ABSOLUTE (IOPATH A2 Z) = (0.578, 0.475)

Annotating to instance g1696__5795 of module NR2D1
	ABSOLUTE (IOPATH A1 ZN) = (0.911, 0.324)
	ABSOLUTE (IOPATH A2 ZN) = (1.089, 0.433)

Annotating to instance g1697__7344 of module ND2D1
	ABSOLUTE (IOPATH A1 ZN) = (0.334, 0.306)
	ABSOLUTE (IOPATH A2 ZN) = (0.332, 0.238)

Annotating to instance g1702 of module INVD1
	ABSOLUTE (IOPATH I ZN) = (0.221, 0.089)

Annotating to instance g1703 of module INVD1
	ABSOLUTE (IOPATH I ZN) = (0.455, 0.283)

Annotating to instance g1710 of module INVD1
	ABSOLUTE (IOPATH I ZN) = (0.379, 0.238)

Annotating to instance g1711 of module INVD1
	ABSOLUTE (IOPATH I ZN) = (0.331, 0.21)

Annotating to instance g1700__1840 of module AN3D1
	ABSOLUTE (IOPATH A1 Z) = (0.943, 0.605)
	ABSOLUTE (IOPATH A2 Z) = (0.937, 0.624)
	ABSOLUTE (IOPATH A3 Z) = (0.933, 0.669)

Annotating to instance g1698__5019 of module AN3D1
	ABSOLUTE (IOPATH A1 Z) = (0.887, 0.566)
	ABSOLUTE (IOPATH A2 Z) = (0.911, 0.611)
	ABSOLUTE (IOPATH A3 Z) = (0.906, 0.654)

Annotating to instance g1699__1857 of module AN3D1
	ABSOLUTE (IOPATH A1 Z) = (0.907, 0.578)
	ABSOLUTE (IOPATH A2 Z) = (0.93, 0.621)
	ABSOLUTE (IOPATH A3 Z) = (0.926, 0.665)

Annotating to instance g1701__9906 of module INR3D1
	ABSOLUTE (IOPATH A1 ZN) = (1.072, 0.645)
	ABSOLUTE (IOPATH B1 ZN) = (0.984, 0.469)
	ABSOLUTE (IOPATH B2 ZN) = (0.947, 0.443)

Annotating to instance g1713__8780 of module ND2D1
	ABSOLUTE (IOPATH A1 ZN) = (0.165, 0.14)
	ABSOLUTE (IOPATH A2 ZN) = (0.183, 0.122)

Annotating to instance g1704__4296 of module IND2D1
	ABSOLUTE (IOPATH A1 ZN) = (0.249, 0.271)
	ABSOLUTE (IOPATH B1 ZN) = (0.162, 0.138)

Annotating to instance g1705__3772 of module IND2D1
	ABSOLUTE (IOPATH A1 ZN) = (0.246, 0.268)
	ABSOLUTE (IOPATH B1 ZN) = (0.159, 0.135)

Annotating to instance g1707__1474 of module NR2D1
	ABSOLUTE (IOPATH A1 ZN) = (0.764, 0.276)
	ABSOLUTE (IOPATH A2 ZN) = (0.769, 0.287)

Annotating to instance controller1_state_reg[2] of module DFKCNQD1
	ABSOLUTE (IOPATH CP Q) = (0.623, 0.625)
	TIMINGCHECK (SETUPHOLD (posedge D) (posedge CP) (0.103) (-0.05))
	TIMINGCHECK (SETUPHOLD (negedge D) (posedge CP) (0.056) (0.065))
	TIMINGCHECK (WIDTH (posedge CP) (0.619))
	TIMINGCHECK (WIDTH (negedge CP) (0.711))
	TIMINGCHECK (SETUPHOLD (posedge CN) (posedge CP) (0.093) (-0.041))
	TIMINGCHECK (SETUPHOLD (negedge CN) (posedge CP) (0.221) (-0.041))

Annotating to instance g1708__4547 of module AN2D1
	ABSOLUTE (IOPATH A1 Z) = (0.602, 0.436)
	ABSOLUTE (IOPATH A2 Z) = (0.588, 0.459)

Annotating to instance g1712__9682 of module NR2D1
	ABSOLUTE (IOPATH A1 ZN) = (0.218, 0.083)
	ABSOLUTE (IOPATH A2 ZN) = (0.22, 0.097)

Annotating to instance g1718__2683 of module ND2D1
	ABSOLUTE (IOPATH A1 ZN) = (0.259, 0.23)
	ABSOLUTE (IOPATH A2 ZN) = (0.275, 0.206)

Annotating to instance g1709__1309 of module IND2D1
	ABSOLUTE (IOPATH A1 ZN) = (0.339, 0.354)
	ABSOLUTE (IOPATH B1 ZN) = (0.254, 0.226)

Annotating to instance g1717__6877 of module IND2D1
	ABSOLUTE (IOPATH A1 ZN) = (0.334, 0.351)
	ABSOLUTE (IOPATH B1 ZN) = (0.247, 0.218)

Annotating to instance g1716__2900 of module NR2D1
	ABSOLUTE (IOPATH A1 ZN) = (1.059, 0.364)
	ABSOLUTE (IOPATH A2 ZN) = (1.065, 0.372)

Annotating to instance g1715__2391 of module INR2D1
	ABSOLUTE (IOPATH A1 ZN) = (1.257, 0.55)
	ABSOLUTE (IOPATH B1 ZN) = (1.162, 0.394)

Annotating to instance g1714__7675 of module INR2D1
	ABSOLUTE (IOPATH A1 ZN) = (1.198, 0.532)
	ABSOLUTE (IOPATH B1 ZN) = (1.102, 0.375)

Annotating to instance g1719 of module CKND1
	ABSOLUTE (IOPATH I ZN) = (0.094, 0.098)

Annotating to instance controller1_state_reg[0] of module DFKCNQD1
	ABSOLUTE (IOPATH CP Q) = (0.574, 0.596)
	TIMINGCHECK (SETUPHOLD (posedge D) (posedge CP) (0.103) (-0.05))
	TIMINGCHECK (SETUPHOLD (negedge D) (posedge CP) (0.056) (0.064))
	TIMINGCHECK (WIDTH (posedge CP) (0.619))
	TIMINGCHECK (WIDTH (negedge CP) (0.711))
	TIMINGCHECK (SETUPHOLD (posedge CN) (posedge CP) (0.093) (-0.041))
	TIMINGCHECK (SETUPHOLD (negedge CN) (posedge CP) (0.221) (-0.041))

Annotating to instance g1720 of module CKND1
	ABSOLUTE (IOPATH I ZN) = (0.091, 0.094)

Annotating to instance g1726 of module INVD1
	ABSOLUTE (IOPATH I ZN) = (0.209, 0.127)

Annotating to instance controller1_Y_ADDRESS_CON_DEC_reg[2] of module LHQD1
	ABSOLUTE (IOPATH D Q) = (0.331, 0.442)
	ABSOLUTE (IOPATH E Q) = (0.549, 0.445)
	TIMINGCHECK (WIDTH (posedge E) (0.427))
	TIMINGCHECK (SETUPHOLD (posedge D) (negedge E) (-0.117) (0.173))
	TIMINGCHECK (SETUPHOLD (negedge D) (negedge E) (0.185) (-0.091))

Annotating to instance controller1_X_ADDRESS_CON_DEC_reg[3] of module LHQD1
	ABSOLUTE (IOPATH D Q) = (0.328, 0.437)
	ABSOLUTE (IOPATH E Q) = (0.546, 0.44)
	TIMINGCHECK (WIDTH (posedge E) (0.427))
	TIMINGCHECK (SETUPHOLD (posedge D) (negedge E) (-0.117) (0.173))
	TIMINGCHECK (SETUPHOLD (negedge D) (negedge E) (0.185) (-0.091))

Annotating to instance controller1_X_ADDRESS_CON_DEC_reg[1] of module LHQD1
	ABSOLUTE (IOPATH D Q) = (0.345, 0.453)
	ABSOLUTE (IOPATH E Q) = (0.564, 0.456)
	TIMINGCHECK (WIDTH (posedge E) (0.427))
	TIMINGCHECK (SETUPHOLD (posedge D) (negedge E) (-0.117) (0.173))
	TIMINGCHECK (SETUPHOLD (negedge D) (negedge E) (0.185) (-0.091))

Annotating to instance controller1_Y_ADDRESS_CON_DEC_reg[1] of module LHQD1
	ABSOLUTE (IOPATH D Q) = (0.412, 0.499)
	ABSOLUTE (IOPATH E Q) = (0.631, 0.502)
	TIMINGCHECK (WIDTH (posedge E) (0.427))
	TIMINGCHECK (SETUPHOLD (posedge D) (negedge E) (-0.117) (0.173))
	TIMINGCHECK (SETUPHOLD (negedge D) (negedge E) (0.185) (-0.091))

Annotating to instance controller1_X_ADDRESS_CON_DEC_reg[2] of module LHQD1
	ABSOLUTE (IOPATH D Q) = (0.337, 0.446)
	ABSOLUTE (IOPATH E Q) = (0.556, 0.45)
	TIMINGCHECK (WIDTH (posedge E) (0.427))
	TIMINGCHECK (SETUPHOLD (posedge D) (negedge E) (-0.117) (0.173))
	TIMINGCHECK (SETUPHOLD (negedge D) (negedge E) (0.185) (-0.091))

Annotating to instance controller1_X_ADDRESS_CON_DEC_reg[0] of module LHQD1
	ABSOLUTE (IOPATH D Q) = (0.322, 0.435)
	ABSOLUTE (IOPATH E Q) = (0.541, 0.439)
	TIMINGCHECK (WIDTH (posedge E) (0.427))
	TIMINGCHECK (SETUPHOLD (posedge D) (negedge E) (-0.117) (0.173))
	TIMINGCHECK (SETUPHOLD (negedge D) (negedge E) (0.185) (-0.091))

Annotating to instance controller1_Y_ADDRESS_CON_DEC_reg[4] of module LHQD1
	ABSOLUTE (IOPATH D Q) = (0.329, 0.44)
	ABSOLUTE (IOPATH E Q) = (0.547, 0.444)
	TIMINGCHECK (WIDTH (posedge E) (0.427))
	TIMINGCHECK (SETUPHOLD (posedge D) (negedge E) (-0.117) (0.173))
	TIMINGCHECK (SETUPHOLD (negedge D) (negedge E) (0.185) (-0.091))

Annotating to instance controller1_Y_ADDRESS_CON_DEC_reg[0] of module LHQD1
	ABSOLUTE (IOPATH D Q) = (0.331, 0.442)
	ABSOLUTE (IOPATH E Q) = (0.549, 0.445)
	TIMINGCHECK (WIDTH (posedge E) (0.427))
	TIMINGCHECK (SETUPHOLD (posedge D) (negedge E) (-0.117) (0.173))
	TIMINGCHECK (SETUPHOLD (negedge D) (negedge E) (0.185) (-0.091))

Annotating to instance controller1_Y_ADDRESS_CON_DEC_reg[3] of module LHQD1
	ABSOLUTE (IOPATH D Q) = (0.324, 0.436)
	ABSOLUTE (IOPATH E Q) = (0.542, 0.44)
	TIMINGCHECK (WIDTH (posedge E) (0.427))
	TIMINGCHECK (SETUPHOLD (posedge D) (negedge E) (-0.117) (0.173))
	TIMINGCHECK (SETUPHOLD (negedge D) (negedge E) (0.185) (-0.091))

Annotating to instance g1732 of module INVD2
	ABSOLUTE (IOPATH I ZN) = (1.365, 0.929)

Annotating to instance controller1_nstate_reg[2] of module LHQD1
	ABSOLUTE (IOPATH D Q) = (0.242, 0.318)
	ABSOLUTE (IOPATH E Q) = (0.461, 0.374)
	TIMINGCHECK (WIDTH (posedge E) (0.424))
	TIMINGCHECK (SETUPHOLD (posedge D) (negedge E) (-0.14) (0.181))
	TIMINGCHECK (SETUPHOLD (negedge D) (negedge E) (0.122) (-0.028))

Annotating to instance controller1_P_ADDRESS_EN_reg of module LHQD1
	ABSOLUTE (IOPATH D Q) = (0.447, 0.461)
	ABSOLUTE (IOPATH E Q) = (0.672, 0.528)
	TIMINGCHECK (WIDTH (posedge E) (0.424))
	TIMINGCHECK (SETUPHOLD (posedge D) (negedge E) (-0.129) (0.164))
	TIMINGCHECK (SETUPHOLD (negedge D) (negedge E) (0.108) (-0.027))

Annotating to instance controller1_READ_reg of module LHQD1
	ABSOLUTE (IOPATH D Q) = (0.534, 0.51)
	ABSOLUTE (IOPATH E Q) = (0.758, 0.583)
	TIMINGCHECK (WIDTH (posedge E) (0.424))
	TIMINGCHECK (SETUPHOLD (posedge D) (negedge E) (-0.127) (0.162))
	TIMINGCHECK (SETUPHOLD (negedge D) (negedge E) (0.101) (-0.021))

Annotating to instance controller1_EN_SA_reg of module LHQD1
	ABSOLUTE (IOPATH D Q) = (0.537, 0.515)
	ABSOLUTE (IOPATH E Q) = (0.762, 0.585)
	TIMINGCHECK (WIDTH (posedge E) (0.424))
	TIMINGCHECK (SETUPHOLD (posedge D) (negedge E) (-0.129) (0.166))
	TIMINGCHECK (SETUPHOLD (negedge D) (negedge E) (0.105) (-0.024))

Annotating to instance g1741__7118 of module AO21D2
	ABSOLUTE (IOPATH A1 Z) = (0.371, 0.377)
	ABSOLUTE (IOPATH A2 Z) = (0.343, 0.47)
	ABSOLUTE (IOPATH B Z) = (0.338, 0.437)
	ABSOLUTE (COND ((A1==0)&&(A2==0)) (IOPATH B Z)) = (0.338, 0.437)
	ABSOLUTE (COND ((A1==0)&&(A2==1)) (IOPATH B Z)) = (0.338, 0.437)
	ABSOLUTE (COND ((A1==1)&&(A2==0)) (IOPATH B Z)) = (0.338, 0.437)

Annotating to instance controller1_PRE_reg of module LHQD1
	ABSOLUTE (IOPATH D Q) = (0.532, 0.514)
	ABSOLUTE (IOPATH E Q) = (0.756, 0.581)
	TIMINGCHECK (WIDTH (posedge E) (0.424))
	TIMINGCHECK (SETUPHOLD (posedge D) (negedge E) (-0.131) (0.169))
	TIMINGCHECK (SETUPHOLD (negedge D) (negedge E) (0.109) (-0.028))

Annotating to instance controller1_nstate_reg[0] of module LHQD1
	ABSOLUTE (IOPATH D Q) = (0.244, 0.314)
	ABSOLUTE (IOPATH E Q) = (0.465, 0.378)
	TIMINGCHECK (WIDTH (posedge E) (0.424))
	TIMINGCHECK (SETUPHOLD (posedge D) (negedge E) (-0.135) (0.171))
	TIMINGCHECK (SETUPHOLD (negedge D) (negedge E) (0.116) (-0.027))

Annotating to instance controller1_N_ADDRESS_EN_reg of module LHQD2
	ABSOLUTE (IOPATH D Q) = (1.275, 0.985)
	ABSOLUTE (IOPATH E Q) = (1.501, 1.057)
	TIMINGCHECK (WIDTH (posedge E) (0.433))
	TIMINGCHECK (SETUPHOLD (posedge D) (negedge E) (-0.099) (0.136))
	TIMINGCHECK (SETUPHOLD (negedge D) (negedge E) (0.155) (-0.047))

Annotating to instance controller1_DVLP_reg of module LHQD4
	ABSOLUTE (IOPATH D Q) = (1.582, 1.259)
	ABSOLUTE (IOPATH E Q) = (1.804, 1.318)
	TIMINGCHECK (WIDTH (posedge E) (0.453))
	TIMINGCHECK (SETUPHOLD (posedge D) (negedge E) (-0.03) (0.085))
	TIMINGCHECK (SETUPHOLD (negedge D) (negedge E) (0.287) (-0.117))

Annotating to instance g1739__8757 of module NR3D0
	ABSOLUTE (IOPATH A1 ZN) = (0.235, 0.125)
	ABSOLUTE (IOPATH A2 ZN) = (0.327, 0.185)
	ABSOLUTE (IOPATH A3 ZN) = (0.302, 0.172)

Annotating to instance g1743__1786 of module OR2D1
	ABSOLUTE (IOPATH A1 Z) = (0.206, 0.303)
	ABSOLUTE (IOPATH A2 Z) = (0.222, 0.337)

Annotating to instance g1744__5953 of module INR2D2
	ABSOLUTE (IOPATH A1 ZN) = (0.312, 0.244)
	ABSOLUTE (IOPATH B1 ZN) = (0.221, 0.083)

Annotating to instance g1742__5703 of module CKND2D2
	ABSOLUTE (IOPATH A1 ZN) = (0.217, 0.225)
	ABSOLUTE (IOPATH A2 ZN) = (0.254, 0.25)

Annotating to instance g1745__7114 of module AOI21D1
	ABSOLUTE (IOPATH A1 ZN) = (0.192, 0.106)
	ABSOLUTE (IOPATH A2 ZN) = (0.285, 0.094)
	ABSOLUTE (IOPATH B ZN) = (0.285, 0.114)
	ABSOLUTE (COND ((A1==0)&&(A2==0)) (IOPATH B ZN)) = (0.285, 0.114)
	ABSOLUTE (COND ((A1==0)&&(A2==1)) (IOPATH B ZN)) = (0.285, 0.114)
	ABSOLUTE (COND ((A1==1)&&(A2==0)) (IOPATH B ZN)) = (0.285, 0.114)

Annotating to instance g1746__5266 of module AOI21D1
	ABSOLUTE (IOPATH A1 ZN) = (0.287, 0.143)
	ABSOLUTE (IOPATH A2 ZN) = (0.313, 0.118)
	ABSOLUTE (IOPATH B ZN) = (0.294, 0.13)
	ABSOLUTE (COND ((A1==0)&&(A2==0)) (IOPATH B ZN)) = (0.294, 0.13)
	ABSOLUTE (COND ((A1==0)&&(A2==1)) (IOPATH B ZN)) = (0.294, 0.13)
	ABSOLUTE (COND ((A1==1)&&(A2==0)) (IOPATH B ZN)) = (0.294, 0.13)

Annotating to instance g1749__2250 of module AN2D1
	ABSOLUTE (IOPATH A1 Z) = (0.283, 0.215)
	ABSOLUTE (IOPATH A2 Z) = (0.254, 0.292)

Annotating to instance g1748__6083 of module NR2D2
	ABSOLUTE (IOPATH A1 ZN) = (0.221, 0.091)
	ABSOLUTE (IOPATH A2 ZN) = (0.241, 0.106)

Annotating to instance controller1_state_reg[1] of module DFKCNQD1
	ABSOLUTE (IOPATH CP Q) = (0.577, 0.598)
	TIMINGCHECK (SETUPHOLD (posedge D) (posedge CP) (0.117) (-0.01))
	TIMINGCHECK (SETUPHOLD (negedge D) (posedge CP) (0.234) (-0.031))
	TIMINGCHECK (WIDTH (posedge CP) (0.619))
	TIMINGCHECK (WIDTH (negedge CP) (0.711))
	TIMINGCHECK (SETUPHOLD (posedge CN) (posedge CP) (0.093) (-0.041))
	TIMINGCHECK (SETUPHOLD (negedge CN) (posedge CP) (0.221) (-0.041))

Annotating to instance g1752__2703 of module IND2D1
	ABSOLUTE (IOPATH A1 ZN) = (0.201, 0.225)
	ABSOLUTE (IOPATH B1 ZN) = (0.186, 0.114)

Annotating to instance g1753__5795 of module INR2D1
	ABSOLUTE (IOPATH A1 ZN) = (0.411, 0.258)
	ABSOLUTE (IOPATH B1 ZN) = (0.323, 0.119)

Annotating to instance g1754__7344 of module IND2D2
	ABSOLUTE (IOPATH A1 ZN) = (0.203, 0.26)
	ABSOLUTE (IOPATH B1 ZN) = (0.165, 0.093)

Annotating to instance g1755 of module INVD4
	ABSOLUTE (IOPATH I ZN) = (1.513, 1.071)

Annotating to instance g1756 of module INVD1
	ABSOLUTE (IOPATH I ZN) = (0.279, 0.139)
ABSOLUTE PORT: TB_TOP_64_32_4.TOP.CONTROLLER.CTS_ccl_a_buf_00030.I = (0)
ABSOLUTE PORT: TB_TOP_64_32_4.TOP.CONTROLLER.g1754__7344.A1 = (0)
ABSOLUTE PORT: TB_TOP_64_32_4.TOP.CONTROLLER.g1754__7344.B1 = (0)
ABSOLUTE PORT: TB_TOP_64_32_4.TOP.CONTROLLER.g1743__1786.A2 = (0)
ABSOLUTE PORT: TB_TOP_64_32_4.TOP.CONTROLLER.g1743__1786.A1 = (0)
ABSOLUTE PORT: TB_TOP_64_32_4.TOP.CONTROLLER.CTS_ccl_a_buf_00024.I = (0)
ABSOLUTE PORT: TB_TOP_64_32_4.TOP.CONTROLLER.g1742__5703.A2 = (0)
ABSOLUTE PORT: TB_TOP_64_32_4.TOP.CONTROLLER.g1742__5703.A1 = (0)
ABSOLUTE PORT: TB_TOP_64_32_4.TOP.CONTROLLER.CTS_ccl_a_buf_00021.I = (0)
ABSOLUTE PORT: TB_TOP_64_32_4.TOP.CONTROLLER.g1746__5266.A2 = (0)
ABSOLUTE PORT: TB_TOP_64_32_4.TOP.CONTROLLER.g1746__5266.A1 = (0)
ABSOLUTE PORT: TB_TOP_64_32_4.TOP.CONTROLLER.g1746__5266.B = (0)
ABSOLUTE PORT: TB_TOP_64_32_4.TOP.CONTROLLER.g1745__7114.B = (0)
ABSOLUTE PORT: TB_TOP_64_32_4.TOP.CONTROLLER.g1745__7114.A2 = (0)
ABSOLUTE PORT: TB_TOP_64_32_4.TOP.CONTROLLER.g1745__7114.A1 = (0)
ABSOLUTE PORT: TB_TOP_64_32_4.TOP.CONTROLLER.CTS_ccl_a_buf_00015.I = (0)
ABSOLUTE PORT: TB_TOP_64_32_4.TOP.CONTROLLER.g1749__2250.A2 = (0)
ABSOLUTE PORT: TB_TOP_64_32_4.TOP.CONTROLLER.g1749__2250.A1 = (0)
ABSOLUTE PORT: TB_TOP_64_32_4.TOP.CONTROLLER.CTS_cse_buf_00001.I = (0)
ABSOLUTE PORT: TB_TOP_64_32_4.TOP.CONTROLLER.g1747.I = (0)
ABSOLUTE PORT: TB_TOP_64_32_4.TOP.CONTROLLER.g1744__5953.B1 = (0)
ABSOLUTE PORT: TB_TOP_64_32_4.TOP.CONTROLLER.g1744__5953.A1 = (0)
ABSOLUTE PORT: TB_TOP_64_32_4.TOP.CONTROLLER.CTS_ccl_a_buf_00006.I = (0)
ABSOLUTE PORT: TB_TOP_64_32_4.TOP.CONTROLLER.CTS_ccl_a_buf_00009.I = (0)
ABSOLUTE PORT: TB_TOP_64_32_4.TOP.CONTROLLER.g1739__8757.A3 = (0)
ABSOLUTE PORT: TB_TOP_64_32_4.TOP.CONTROLLER.g1739__8757.A2 = (0)
ABSOLUTE PORT: TB_TOP_64_32_4.TOP.CONTROLLER.g1739__8757.A1 = (0)
ABSOLUTE PORT: TB_TOP_64_32_4.TOP.CONTROLLER.CTS_cse_buf_00002.I = (0)
ABSOLUTE PORT: TB_TOP_64_32_4.TOP.CONTROLLER.g1750.I = (0)
ABSOLUTE PORT: TB_TOP_64_32_4.TOP.CONTROLLER.g1741__7118.A2 = (0)
ABSOLUTE PORT: TB_TOP_64_32_4.TOP.CONTROLLER.g1741__7118.A1 = (0)
ABSOLUTE PORT: TB_TOP_64_32_4.TOP.CONTROLLER.g1741__7118.B = (0)
ABSOLUTE PORT: TB_TOP_64_32_4.TOP.CONTROLLER.CTS_cse_buf_00003.I = (0)
ABSOLUTE PORT: TB_TOP_64_32_4.TOP.CONTROLLER.controller1_N_ADDRESS_EN_reg.D = (0)
ABSOLUTE PORT: TB_TOP_64_32_4.TOP.CONTROLLER.controller1_N_ADDRESS_EN_reg.E = (0)
ABSOLUTE PORT: TB_TOP_64_32_4.TOP.CONTROLLER.controller1_READ_reg.D = (0)
ABSOLUTE PORT: TB_TOP_64_32_4.TOP.CONTROLLER.controller1_READ_reg.E = (0)
ABSOLUTE PORT: TB_TOP_64_32_4.TOP.CONTROLLER.controller1_PRE_reg.D = (0)
ABSOLUTE PORT: TB_TOP_64_32_4.TOP.CONTROLLER.controller1_PRE_reg.E = (0)
ABSOLUTE PORT: TB_TOP_64_32_4.TOP.CONTROLLER.g1752__2703.B1 = (0)
ABSOLUTE PORT: TB_TOP_64_32_4.TOP.CONTROLLER.g1752__2703.A1 = (0)
ABSOLUTE PORT: TB_TOP_64_32_4.TOP.CONTROLLER.\controller1_state_reg[2] .CP = (0)
ABSOLUTE PORT: TB_TOP_64_32_4.TOP.CONTROLLER.\controller1_state_reg[2] .D = (0)
ABSOLUTE PORT: TB_TOP_64_32_4.TOP.CONTROLLER.\controller1_state_reg[2] .CN = (0)
ABSOLUTE PORT: TB_TOP_64_32_4.TOP.CONTROLLER.\controller1_state_reg[1] .CP = (0)
ABSOLUTE PORT: TB_TOP_64_32_4.TOP.CONTROLLER.\controller1_state_reg[1] .D = (0.01)
ABSOLUTE PORT: TB_TOP_64_32_4.TOP.CONTROLLER.\controller1_state_reg[1] .CN = (0)
ABSOLUTE PORT: TB_TOP_64_32_4.TOP.CONTROLLER.\controller1_state_reg[0] .CP = (0)
ABSOLUTE PORT: TB_TOP_64_32_4.TOP.CONTROLLER.\controller1_state_reg[0] .D = (0)
ABSOLUTE PORT: TB_TOP_64_32_4.TOP.CONTROLLER.\controller1_state_reg[0] .CN = (0)
ABSOLUTE PORT: TB_TOP_64_32_4.TOP.CONTROLLER.g1756.I = (0)
ABSOLUTE PORT: TB_TOP_64_32_4.TOP.CONTROLLER.\controller1_X_ADDRESS_CON_DEC_reg[3] .D = (0)
ABSOLUTE PORT: TB_TOP_64_32_4.TOP.CONTROLLER.\controller1_X_ADDRESS_CON_DEC_reg[3] .E = (0)
ABSOLUTE PORT: TB_TOP_64_32_4.TOP.CONTROLLER.\controller1_X_ADDRESS_CON_DEC_reg[2] .D = (0)
ABSOLUTE PORT: TB_TOP_64_32_4.TOP.CONTROLLER.\controller1_X_ADDRESS_CON_DEC_reg[2] .E = (0)
ABSOLUTE PORT: TB_TOP_64_32_4.TOP.CONTROLLER.\controller1_X_ADDRESS_CON_DEC_reg[1] .D = (0)
ABSOLUTE PORT: TB_TOP_64_32_4.TOP.CONTROLLER.\controller1_X_ADDRESS_CON_DEC_reg[1] .E = (0)
ABSOLUTE PORT: TB_TOP_64_32_4.TOP.CONTROLLER.\controller1_X_ADDRESS_CON_DEC_reg[0] .D = (0)
ABSOLUTE PORT: TB_TOP_64_32_4.TOP.CONTROLLER.\controller1_X_ADDRESS_CON_DEC_reg[0] .E = (0)
ABSOLUTE PORT: TB_TOP_64_32_4.TOP.CONTROLLER.\controller1_Y_ADDRESS_CON_DEC_reg[4] .D = (0)
ABSOLUTE PORT: TB_TOP_64_32_4.TOP.CONTROLLER.\controller1_Y_ADDRESS_CON_DEC_reg[4] .E = (0)
ABSOLUTE PORT: TB_TOP_64_32_4.TOP.CONTROLLER.\controller1_Y_ADDRESS_CON_DEC_reg[3] .D = (0)
ABSOLUTE PORT: TB_TOP_64_32_4.TOP.CONTROLLER.\controller1_Y_ADDRESS_CON_DEC_reg[3] .E = (0)
ABSOLUTE PORT: TB_TOP_64_32_4.TOP.CONTROLLER.\controller1_Y_ADDRESS_CON_DEC_reg[2] .D = (0)
ABSOLUTE PORT: TB_TOP_64_32_4.TOP.CONTROLLER.\controller1_Y_ADDRESS_CON_DEC_reg[2] .E = (0)
ABSOLUTE PORT: TB_TOP_64_32_4.TOP.CONTROLLER.\controller1_Y_ADDRESS_CON_DEC_reg[1] .D = (0)
ABSOLUTE PORT: TB_TOP_64_32_4.TOP.CONTROLLER.\controller1_Y_ADDRESS_CON_DEC_reg[1] .E = (0)
ABSOLUTE PORT: TB_TOP_64_32_4.TOP.CONTROLLER.\controller1_Y_ADDRESS_CON_DEC_reg[0] .D = (0)
ABSOLUTE PORT: TB_TOP_64_32_4.TOP.CONTROLLER.\controller1_Y_ADDRESS_CON_DEC_reg[0] .E = (0)
ABSOLUTE PORT: TB_TOP_64_32_4.TOP.CONTROLLER.g1637.I = (0.02)
ABSOLUTE PORT: TB_TOP_64_32_4.TOP.CONTROLLER.P_EN[15] = (0)
ABSOLUTE PORT: TB_TOP_64_32_4.TOP.CONTROLLER.g1628__2703.A2 = (0)
ABSOLUTE PORT: TB_TOP_64_32_4.TOP.CONTROLLER.g1628__2703.A1 = (0)
ABSOLUTE PORT: TB_TOP_64_32_4.TOP.CONTROLLER.g1596.I = (0.05)
ABSOLUTE PORT: TB_TOP_64_32_4.TOP.CONTROLLER.P_EN[14] = (0)
ABSOLUTE PORT: TB_TOP_64_32_4.TOP.CONTROLLER.g1648.I = (0.01)
ABSOLUTE PORT: TB_TOP_64_32_4.TOP.CONTROLLER.P_EN[13] = (0)
ABSOLUTE PORT: TB_TOP_64_32_4.TOP.CONTROLLER.g1630__4296.A2 = (0)
ABSOLUTE PORT: TB_TOP_64_32_4.TOP.CONTROLLER.g1630__4296.A1 = (0)
ABSOLUTE PORT: TB_TOP_64_32_4.TOP.CONTROLLER.g1598.I = (0.01)
ABSOLUTE PORT: TB_TOP_64_32_4.TOP.CONTROLLER.P_EN[12] = (0)
ABSOLUTE PORT: TB_TOP_64_32_4.TOP.CONTROLLER.g1645.I = (0.03)
ABSOLUTE PORT: TB_TOP_64_32_4.TOP.CONTROLLER.P_EN[11] = (0)
ABSOLUTE PORT: TB_TOP_64_32_4.TOP.CONTROLLER.g1633.I = (0.01)
ABSOLUTE PORT: TB_TOP_64_32_4.TOP.CONTROLLER.P_EN[10] = (0)
ABSOLUTE PORT: TB_TOP_64_32_4.TOP.CONTROLLER.g1640.I = (0.03)
ABSOLUTE PORT: TB_TOP_64_32_4.TOP.CONTROLLER.P_EN[9] = (0)
ABSOLUTE PORT: TB_TOP_64_32_4.TOP.CONTROLLER.g1634.I = (0.02)
ABSOLUTE PORT: TB_TOP_64_32_4.TOP.CONTROLLER.P_EN[8] = (0)
ABSOLUTE PORT: TB_TOP_64_32_4.TOP.CONTROLLER.g1623__1857.A1 = (0)
ABSOLUTE PORT: TB_TOP_64_32_4.TOP.CONTROLLER.g1623__1857.A2 = (0)
ABSOLUTE PORT: TB_TOP_64_32_4.TOP.CONTROLLER.g1591.I = (0.02)
ABSOLUTE PORT: TB_TOP_64_32_4.TOP.CONTROLLER.P_EN[7] = (0)
ABSOLUTE PORT: TB_TOP_64_32_4.TOP.CONTROLLER.g1627__5953.A2 = (0)
ABSOLUTE PORT: TB_TOP_64_32_4.TOP.CONTROLLER.g1627__5953.A1 = (0)
ABSOLUTE PORT: TB_TOP_64_32_4.TOP.CONTROLLER.g1595.I = (0.01)
ABSOLUTE PORT: TB_TOP_64_32_4.TOP.CONTROLLER.P_EN[6] = (0)
ABSOLUTE PORT: TB_TOP_64_32_4.TOP.CONTROLLER.g1635.I = (0.02)
ABSOLUTE PORT: TB_TOP_64_32_4.TOP.CONTROLLER.P_EN[5] = (0)
ABSOLUTE PORT: TB_TOP_64_32_4.TOP.CONTROLLER.g1624__1474.A2 = (0)
ABSOLUTE PORT: TB_TOP_64_32_4.TOP.CONTROLLER.g1624__1474.A1 = (0)
ABSOLUTE PORT: TB_TOP_64_32_4.TOP.CONTROLLER.g1592.I = (0.02)
ABSOLUTE PORT: TB_TOP_64_32_4.TOP.CONTROLLER.P_EN[4] = (0)
ABSOLUTE PORT: TB_TOP_64_32_4.TOP.CONTROLLER.g1636.I = (0.03)
ABSOLUTE PORT: TB_TOP_64_32_4.TOP.CONTROLLER.P_EN[3] = (0)
ABSOLUTE PORT: TB_TOP_64_32_4.TOP.CONTROLLER.g1617__8780.A2 = (0)
ABSOLUTE PORT: TB_TOP_64_32_4.TOP.CONTROLLER.g1617__8780.A1 = (0)
ABSOLUTE PORT: TB_TOP_64_32_4.TOP.CONTROLLER.g1585.I = (0.01)
ABSOLUTE PORT: TB_TOP_64_32_4.TOP.CONTROLLER.P_EN[2] = (0)
ABSOLUTE PORT: TB_TOP_64_32_4.TOP.CONTROLLER.g1629__1840.A2 = (0)
ABSOLUTE PORT: TB_TOP_64_32_4.TOP.CONTROLLER.g1629__1840.A1 = (0)
ABSOLUTE PORT: TB_TOP_64_32_4.TOP.CONTROLLER.g1597.I = (0.01)
ABSOLUTE PORT: TB_TOP_64_32_4.TOP.CONTROLLER.P_EN[1] = (0)
ABSOLUTE PORT: TB_TOP_64_32_4.TOP.CONTROLLER.g1619__5703.A2 = (0)
ABSOLUTE PORT: TB_TOP_64_32_4.TOP.CONTROLLER.g1619__5703.A1 = (0)
ABSOLUTE PORT: TB_TOP_64_32_4.TOP.CONTROLLER.g1587.I = (0.01)
ABSOLUTE PORT: TB_TOP_64_32_4.TOP.CONTROLLER.P_EN[0] = (0)
ABSOLUTE PORT: TB_TOP_64_32_4.TOP.CONTROLLER.g1755.I = (0.04)
ABSOLUTE PORT: TB_TOP_64_32_4.TOP.CONTROLLER.P_NOT_EN[16] = (0)
ABSOLUTE PORT: TB_TOP_64_32_4.TOP.CONTROLLER.g1669__1786.A2 = (0)
ABSOLUTE PORT: TB_TOP_64_32_4.TOP.CONTROLLER.g1669__1786.A1 = (0)
ABSOLUTE PORT: TB_TOP_64_32_4.TOP.CONTROLLER.P_NOT_EN[15] = (0)
ABSOLUTE PORT: TB_TOP_64_32_4.TOP.CONTROLLER.P_NOT_EN[14] = (0)
ABSOLUTE PORT: TB_TOP_64_32_4.TOP.CONTROLLER.g1680__1309.A2 = (0)
ABSOLUTE PORT: TB_TOP_64_32_4.TOP.CONTROLLER.g1680__1309.A1 = (0)
ABSOLUTE PORT: TB_TOP_64_32_4.TOP.CONTROLLER.P_NOT_EN[13] = (0)
ABSOLUTE PORT: TB_TOP_64_32_4.TOP.CONTROLLER.P_NOT_EN[12] = (0)
ABSOLUTE PORT: TB_TOP_64_32_4.TOP.CONTROLLER.g1677__4296.A2 = (0)
ABSOLUTE PORT: TB_TOP_64_32_4.TOP.CONTROLLER.g1677__4296.A1 = (0)
ABSOLUTE PORT: TB_TOP_64_32_4.TOP.CONTROLLER.P_NOT_EN[11] = (0)
ABSOLUTE PORT: TB_TOP_64_32_4.TOP.CONTROLLER.g1665__8757.A2 = (0)
ABSOLUTE PORT: TB_TOP_64_32_4.TOP.CONTROLLER.g1665__8757.A1 = (0)
ABSOLUTE PORT: TB_TOP_64_32_4.TOP.CONTROLLER.P_NOT_EN[10] = (0)
ABSOLUTE PORT: TB_TOP_64_32_4.TOP.CONTROLLER.g1672__5795.A2 = (0)
ABSOLUTE PORT: TB_TOP_64_32_4.TOP.CONTROLLER.g1672__5795.A1 = (0)
ABSOLUTE PORT: TB_TOP_64_32_4.TOP.CONTROLLER.P_NOT_EN[9] = (0)
ABSOLUTE PORT: TB_TOP_64_32_4.TOP.CONTROLLER.g1666__5019.A2 = (0)
ABSOLUTE PORT: TB_TOP_64_32_4.TOP.CONTROLLER.g1666__5019.A1 = (0)
ABSOLUTE PORT: TB_TOP_64_32_4.TOP.CONTROLLER.P_NOT_EN[8] = (0)
ABSOLUTE PORT: TB_TOP_64_32_4.TOP.CONTROLLER.P_NOT_EN[7] = (0)
ABSOLUTE PORT: TB_TOP_64_32_4.TOP.CONTROLLER.P_NOT_EN[6] = (0)
ABSOLUTE PORT: TB_TOP_64_32_4.TOP.CONTROLLER.g1667__2250.A2 = (0)
ABSOLUTE PORT: TB_TOP_64_32_4.TOP.CONTROLLER.g1667__2250.A1 = (0)
ABSOLUTE PORT: TB_TOP_64_32_4.TOP.CONTROLLER.P_NOT_EN[5] = (0)
ABSOLUTE PORT: TB_TOP_64_32_4.TOP.CONTROLLER.P_NOT_EN[4] = (0)
ABSOLUTE PORT: TB_TOP_64_32_4.TOP.CONTROLLER.g1668__9682.A2 = (0)
ABSOLUTE PORT: TB_TOP_64_32_4.TOP.CONTROLLER.g1668__9682.A1 = (0)
ABSOLUTE PORT: TB_TOP_64_32_4.TOP.CONTROLLER.P_NOT_EN[3] = (0)
ABSOLUTE PORT: TB_TOP_64_32_4.TOP.CONTROLLER.P_NOT_EN[2] = (0)
ABSOLUTE PORT: TB_TOP_64_32_4.TOP.CONTROLLER.P_NOT_EN[1] = (0)
ABSOLUTE PORT: TB_TOP_64_32_4.TOP.CONTROLLER.P_NOT_EN[0] = (0)
ABSOLUTE PORT: TB_TOP_64_32_4.TOP.CONTROLLER.g1631__3772.A1 = (0)
ABSOLUTE PORT: TB_TOP_64_32_4.TOP.CONTROLLER.g1631__3772.A2 = (0)
ABSOLUTE PORT: TB_TOP_64_32_4.TOP.CONTROLLER.g1599.I = (0.02)
ABSOLUTE PORT: TB_TOP_64_32_4.TOP.CONTROLLER.N_EN[15] = (0)
ABSOLUTE PORT: TB_TOP_64_32_4.TOP.CONTROLLER.g1646.I = (0.03)
ABSOLUTE PORT: TB_TOP_64_32_4.TOP.CONTROLLER.N_EN[14] = (0)
ABSOLUTE PORT: TB_TOP_64_32_4.TOP.CONTROLLER.g1625__4547.A1 = (0)
ABSOLUTE PORT: TB_TOP_64_32_4.TOP.CONTROLLER.g1625__4547.A2 = (0)
ABSOLUTE PORT: TB_TOP_64_32_4.TOP.CONTROLLER.g1593.I = (0.01)
ABSOLUTE PORT: TB_TOP_64_32_4.TOP.CONTROLLER.N_EN[13] = (0)
ABSOLUTE PORT: TB_TOP_64_32_4.TOP.CONTROLLER.g1643.I = (0.03)
ABSOLUTE PORT: TB_TOP_64_32_4.TOP.CONTROLLER.N_EN[12] = (0)
ABSOLUTE PORT: TB_TOP_64_32_4.TOP.CONTROLLER.g1618__7114.A1 = (0)
ABSOLUTE PORT: TB_TOP_64_32_4.TOP.CONTROLLER.g1618__7114.A2 = (0)
ABSOLUTE PORT: TB_TOP_64_32_4.TOP.CONTROLLER.g1586.I = (0.03)
ABSOLUTE PORT: TB_TOP_64_32_4.TOP.CONTROLLER.N_EN[11] = (0)
ABSOLUTE PORT: TB_TOP_64_32_4.TOP.CONTROLLER.g1644.I = (0.02)
ABSOLUTE PORT: TB_TOP_64_32_4.TOP.CONTROLLER.N_EN[10] = (0)
ABSOLUTE PORT: TB_TOP_64_32_4.TOP.CONTROLLER.g1622__8780.A2 = (0)
ABSOLUTE PORT: TB_TOP_64_32_4.TOP.CONTROLLER.g1622__8780.A1 = (0)
ABSOLUTE PORT: TB_TOP_64_32_4.TOP.CONTROLLER.g1590.I = (0.02)
ABSOLUTE PORT: TB_TOP_64_32_4.TOP.CONTROLLER.N_EN[9] = (0)
ABSOLUTE PORT: TB_TOP_64_32_4.TOP.CONTROLLER.g1626__4296.A2 = (0)
ABSOLUTE PORT: TB_TOP_64_32_4.TOP.CONTROLLER.g1626__4296.A1 = (0)
ABSOLUTE PORT: TB_TOP_64_32_4.TOP.CONTROLLER.g1594.I = (0.02)
ABSOLUTE PORT: TB_TOP_64_32_4.TOP.CONTROLLER.N_EN[8] = (0)
ABSOLUTE PORT: TB_TOP_64_32_4.TOP.CONTROLLER.g1647.I = (0.02)
ABSOLUTE PORT: TB_TOP_64_32_4.TOP.CONTROLLER.N_EN[7] = (0)
ABSOLUTE PORT: TB_TOP_64_32_4.TOP.CONTROLLER.g1641.I = (0.03)
ABSOLUTE PORT: TB_TOP_64_32_4.TOP.CONTROLLER.N_EN[6] = (0)
ABSOLUTE PORT: TB_TOP_64_32_4.TOP.CONTROLLER.g1632.I = (0.03)
ABSOLUTE PORT: TB_TOP_64_32_4.TOP.CONTROLLER.N_EN[5] = (0)
ABSOLUTE PORT: TB_TOP_64_32_4.TOP.CONTROLLER.g1638.I = (0.03)
ABSOLUTE PORT: TB_TOP_64_32_4.TOP.CONTROLLER.N_EN[4] = (0)
ABSOLUTE PORT: TB_TOP_64_32_4.TOP.CONTROLLER.g1639.I = (0.01)
ABSOLUTE PORT: TB_TOP_64_32_4.TOP.CONTROLLER.N_EN[3] = (0)
ABSOLUTE PORT: TB_TOP_64_32_4.TOP.CONTROLLER.g1642.I = (0.02)
ABSOLUTE PORT: TB_TOP_64_32_4.TOP.CONTROLLER.N_EN[2] = (0)
ABSOLUTE PORT: TB_TOP_64_32_4.TOP.CONTROLLER.g1621__3772.A2 = (0)
ABSOLUTE PORT: TB_TOP_64_32_4.TOP.CONTROLLER.g1621__3772.A1 = (0)
ABSOLUTE PORT: TB_TOP_64_32_4.TOP.CONTROLLER.g1589.I = (0.01)
ABSOLUTE PORT: TB_TOP_64_32_4.TOP.CONTROLLER.N_EN[1] = (0)
ABSOLUTE PORT: TB_TOP_64_32_4.TOP.CONTROLLER.g1620__1474.A2 = (0)
ABSOLUTE PORT: TB_TOP_64_32_4.TOP.CONTROLLER.g1620__1474.A1 = (0)
ABSOLUTE PORT: TB_TOP_64_32_4.TOP.CONTROLLER.g1588.I = (0.02)
ABSOLUTE PORT: TB_TOP_64_32_4.TOP.CONTROLLER.N_EN[0] = (0)
ABSOLUTE PORT: TB_TOP_64_32_4.TOP.CONTROLLER.N_NOT_EN[15] = (0)
ABSOLUTE PORT: TB_TOP_64_32_4.TOP.CONTROLLER.g1678__4547.A1 = (0)
ABSOLUTE PORT: TB_TOP_64_32_4.TOP.CONTROLLER.g1678__4547.A2 = (0)
ABSOLUTE PORT: TB_TOP_64_32_4.TOP.CONTROLLER.N_NOT_EN[14] = (0)
ABSOLUTE PORT: TB_TOP_64_32_4.TOP.CONTROLLER.N_NOT_EN[13] = (0)
ABSOLUTE PORT: TB_TOP_64_32_4.TOP.CONTROLLER.g1675__3772.A2 = (0)
ABSOLUTE PORT: TB_TOP_64_32_4.TOP.CONTROLLER.g1675__3772.A1 = (0)
ABSOLUTE PORT: TB_TOP_64_32_4.TOP.CONTROLLER.N_NOT_EN[12] = (0)
ABSOLUTE PORT: TB_TOP_64_32_4.TOP.CONTROLLER.N_NOT_EN[11] = (0)
ABSOLUTE PORT: TB_TOP_64_32_4.TOP.CONTROLLER.g1676__1474.A2 = (0)
ABSOLUTE PORT: TB_TOP_64_32_4.TOP.CONTROLLER.g1676__1474.A1 = (0)
ABSOLUTE PORT: TB_TOP_64_32_4.TOP.CONTROLLER.N_NOT_EN[10] = (0)
ABSOLUTE PORT: TB_TOP_64_32_4.TOP.CONTROLLER.N_NOT_EN[9] = (0)
ABSOLUTE PORT: TB_TOP_64_32_4.TOP.CONTROLLER.N_NOT_EN[8] = (0)
ABSOLUTE PORT: TB_TOP_64_32_4.TOP.CONTROLLER.g1679__2683.A1 = (0)
ABSOLUTE PORT: TB_TOP_64_32_4.TOP.CONTROLLER.g1679__2683.A2 = (0)
ABSOLUTE PORT: TB_TOP_64_32_4.TOP.CONTROLLER.N_NOT_EN[7] = (0)
ABSOLUTE PORT: TB_TOP_64_32_4.TOP.CONTROLLER.g1673__7344.A1 = (0)
ABSOLUTE PORT: TB_TOP_64_32_4.TOP.CONTROLLER.g1673__7344.A2 = (0)
ABSOLUTE PORT: TB_TOP_64_32_4.TOP.CONTROLLER.N_NOT_EN[6] = (0)
ABSOLUTE PORT: TB_TOP_64_32_4.TOP.CONTROLLER.g1664__9682.A1 = (0)
ABSOLUTE PORT: TB_TOP_64_32_4.TOP.CONTROLLER.g1664__9682.A2 = (0)
ABSOLUTE PORT: TB_TOP_64_32_4.TOP.CONTROLLER.N_NOT_EN[5] = (0)
ABSOLUTE PORT: TB_TOP_64_32_4.TOP.CONTROLLER.g1670__5266.A1 = (0)
ABSOLUTE PORT: TB_TOP_64_32_4.TOP.CONTROLLER.g1670__5266.A2 = (0)
ABSOLUTE PORT: TB_TOP_64_32_4.TOP.CONTROLLER.N_NOT_EN[4] = (0)
ABSOLUTE PORT: TB_TOP_64_32_4.TOP.CONTROLLER.g1671__6083.A2 = (0)
ABSOLUTE PORT: TB_TOP_64_32_4.TOP.CONTROLLER.g1671__6083.A1 = (0)
ABSOLUTE PORT: TB_TOP_64_32_4.TOP.CONTROLLER.N_NOT_EN[3] = (0)
ABSOLUTE PORT: TB_TOP_64_32_4.TOP.CONTROLLER.g1674__9906.A1 = (0)
ABSOLUTE PORT: TB_TOP_64_32_4.TOP.CONTROLLER.g1674__9906.A2 = (0)
ABSOLUTE PORT: TB_TOP_64_32_4.TOP.CONTROLLER.N_NOT_EN[2] = (0)
ABSOLUTE PORT: TB_TOP_64_32_4.TOP.CONTROLLER.N_NOT_EN[1] = (0)
ABSOLUTE PORT: TB_TOP_64_32_4.TOP.CONTROLLER.N_NOT_EN[0] = (0)
ABSOLUTE PORT: TB_TOP_64_32_4.TOP.CONTROLLER.g1657__4547.A2 = (0)
ABSOLUTE PORT: TB_TOP_64_32_4.TOP.CONTROLLER.g1657__4547.A1 = (0)
ABSOLUTE PORT: TB_TOP_64_32_4.TOP.CONTROLLER.SEL[31] = (0)
ABSOLUTE PORT: TB_TOP_64_32_4.TOP.CONTROLLER.g1662__2683.A1 = (0)
ABSOLUTE PORT: TB_TOP_64_32_4.TOP.CONTROLLER.g1662__2683.A2 = (0)
ABSOLUTE PORT: TB_TOP_64_32_4.TOP.CONTROLLER.SEL[30] = (0)
ABSOLUTE PORT: TB_TOP_64_32_4.TOP.CONTROLLER.g1600__8780.A1 = (0)
ABSOLUTE PORT: TB_TOP_64_32_4.TOP.CONTROLLER.g1600__8780.A2 = (0)
ABSOLUTE PORT: TB_TOP_64_32_4.TOP.CONTROLLER.SEL[29] = (0)
ABSOLUTE PORT: TB_TOP_64_32_4.TOP.CONTROLLER.g1601__5703.A1 = (0)
ABSOLUTE PORT: TB_TOP_64_32_4.TOP.CONTROLLER.g1601__5703.A2 = (0)
ABSOLUTE PORT: TB_TOP_64_32_4.TOP.CONTROLLER.SEL[28] = (0)
ABSOLUTE PORT: TB_TOP_64_32_4.TOP.CONTROLLER.g1602__1309.A1 = (0)
ABSOLUTE PORT: TB_TOP_64_32_4.TOP.CONTROLLER.g1602__1309.A2 = (0)
ABSOLUTE PORT: TB_TOP_64_32_4.TOP.CONTROLLER.SEL[27] = (0)
ABSOLUTE PORT: TB_TOP_64_32_4.TOP.CONTROLLER.g1613__6877.A1 = (0)
ABSOLUTE PORT: TB_TOP_64_32_4.TOP.CONTROLLER.g1613__6877.A2 = (0)
ABSOLUTE PORT: TB_TOP_64_32_4.TOP.CONTROLLER.SEL[26] = (0)
ABSOLUTE PORT: TB_TOP_64_32_4.TOP.CONTROLLER.g1656__2900.A2 = (0)
ABSOLUTE PORT: TB_TOP_64_32_4.TOP.CONTROLLER.g1656__2900.A1 = (0)
ABSOLUTE PORT: TB_TOP_64_32_4.TOP.CONTROLLER.SEL[25] = (0)
ABSOLUTE PORT: TB_TOP_64_32_4.TOP.CONTROLLER.g1650__1309.A1 = (0)
ABSOLUTE PORT: TB_TOP_64_32_4.TOP.CONTROLLER.g1650__1309.A2 = (0)
ABSOLUTE PORT: TB_TOP_64_32_4.TOP.CONTROLLER.SEL[24] = (0)
ABSOLUTE PORT: TB_TOP_64_32_4.TOP.CONTROLLER.g1663__2391.A2 = (0)
ABSOLUTE PORT: TB_TOP_64_32_4.TOP.CONTROLLER.g1663__2391.A1 = (0)
ABSOLUTE PORT: TB_TOP_64_32_4.TOP.CONTROLLER.SEL[23] = (0)
ABSOLUTE PORT: TB_TOP_64_32_4.TOP.CONTROLLER.g1658__7675.A1 = (0)
ABSOLUTE PORT: TB_TOP_64_32_4.TOP.CONTROLLER.g1658__7675.A2 = (0.01)
ABSOLUTE PORT: TB_TOP_64_32_4.TOP.CONTROLLER.SEL[22] = (0)
ABSOLUTE PORT: TB_TOP_64_32_4.TOP.CONTROLLER.g1603__7118.A2 = (0)
ABSOLUTE PORT: TB_TOP_64_32_4.TOP.CONTROLLER.g1603__7118.A1 = (0)
ABSOLUTE PORT: TB_TOP_64_32_4.TOP.CONTROLLER.SEL[21] = (0)
ABSOLUTE PORT: TB_TOP_64_32_4.TOP.CONTROLLER.g1604__2900.A1 = (0)
ABSOLUTE PORT: TB_TOP_64_32_4.TOP.CONTROLLER.g1604__2900.A2 = (0.01)
ABSOLUTE PORT: TB_TOP_64_32_4.TOP.CONTROLLER.SEL[20] = (0)
ABSOLUTE PORT: TB_TOP_64_32_4.TOP.CONTROLLER.g1614__8757.A2 = (0)
ABSOLUTE PORT: TB_TOP_64_32_4.TOP.CONTROLLER.g1614__8757.A1 = (0)
ABSOLUTE PORT: TB_TOP_64_32_4.TOP.CONTROLLER.SEL[19] = (0)
ABSOLUTE PORT: TB_TOP_64_32_4.TOP.CONTROLLER.g1651__1786.A1 = (0)
ABSOLUTE PORT: TB_TOP_64_32_4.TOP.CONTROLLER.g1651__1786.A2 = (0.01)
ABSOLUTE PORT: TB_TOP_64_32_4.TOP.CONTROLLER.SEL[18] = (0)
ABSOLUTE PORT: TB_TOP_64_32_4.TOP.CONTROLLER.g1652__5953.A2 = (0)
ABSOLUTE PORT: TB_TOP_64_32_4.TOP.CONTROLLER.g1652__5953.A1 = (0)
ABSOLUTE PORT: TB_TOP_64_32_4.TOP.CONTROLLER.SEL[17] = (0)
ABSOLUTE PORT: TB_TOP_64_32_4.TOP.CONTROLLER.g1605__2391.A1 = (0)
ABSOLUTE PORT: TB_TOP_64_32_4.TOP.CONTROLLER.g1605__2391.A2 = (0.01)
ABSOLUTE PORT: TB_TOP_64_32_4.TOP.CONTROLLER.SEL[16] = (0)
ABSOLUTE PORT: TB_TOP_64_32_4.TOP.CONTROLLER.g1606__7114.A1 = (0)
ABSOLUTE PORT: TB_TOP_64_32_4.TOP.CONTROLLER.g1606__7114.A2 = (0)
ABSOLUTE PORT: TB_TOP_64_32_4.TOP.CONTROLLER.SEL[15] = (0)
ABSOLUTE PORT: TB_TOP_64_32_4.TOP.CONTROLLER.g1615__5266.A1 = (0)
ABSOLUTE PORT: TB_TOP_64_32_4.TOP.CONTROLLER.g1615__5266.A2 = (0)
ABSOLUTE PORT: TB_TOP_64_32_4.TOP.CONTROLLER.SEL[14] = (0)
ABSOLUTE PORT: TB_TOP_64_32_4.TOP.CONTROLLER.g1653__2250.A2 = (0)
ABSOLUTE PORT: TB_TOP_64_32_4.TOP.CONTROLLER.g1653__2250.A1 = (0)
ABSOLUTE PORT: TB_TOP_64_32_4.TOP.CONTROLLER.SEL[13] = (0)
ABSOLUTE PORT: TB_TOP_64_32_4.TOP.CONTROLLER.g1654__7675.A1 = (0)
ABSOLUTE PORT: TB_TOP_64_32_4.TOP.CONTROLLER.g1654__7675.A2 = (0)
ABSOLUTE PORT: TB_TOP_64_32_4.TOP.CONTROLLER.SEL[12] = (0)
ABSOLUTE PORT: TB_TOP_64_32_4.TOP.CONTROLLER.g1607__6083.A1 = (0)
ABSOLUTE PORT: TB_TOP_64_32_4.TOP.CONTROLLER.g1607__6083.A2 = (0)
ABSOLUTE PORT: TB_TOP_64_32_4.TOP.CONTROLLER.SEL[11] = (0)
ABSOLUTE PORT: TB_TOP_64_32_4.TOP.CONTROLLER.g1608__2683.A1 = (0)
ABSOLUTE PORT: TB_TOP_64_32_4.TOP.CONTROLLER.g1608__2683.A2 = (0)
ABSOLUTE PORT: TB_TOP_64_32_4.TOP.CONTROLLER.SEL[10] = (0)
ABSOLUTE PORT: TB_TOP_64_32_4.TOP.CONTROLLER.g1609__2703.A2 = (0)
ABSOLUTE PORT: TB_TOP_64_32_4.TOP.CONTROLLER.g1609__2703.A1 = (0)
ABSOLUTE PORT: TB_TOP_64_32_4.TOP.CONTROLLER.SEL[9] = (0)
ABSOLUTE PORT: TB_TOP_64_32_4.TOP.CONTROLLER.g1659__7118.A1 = (0)
ABSOLUTE PORT: TB_TOP_64_32_4.TOP.CONTROLLER.g1659__7118.A2 = (0)
ABSOLUTE PORT: TB_TOP_64_32_4.TOP.CONTROLLER.SEL[8] = (0)
ABSOLUTE PORT: TB_TOP_64_32_4.TOP.CONTROLLER.g1616__5795.A1 = (0)
ABSOLUTE PORT: TB_TOP_64_32_4.TOP.CONTROLLER.g1616__5795.A2 = (0)
ABSOLUTE PORT: TB_TOP_64_32_4.TOP.CONTROLLER.SEL[7] = (0)
ABSOLUTE PORT: TB_TOP_64_32_4.TOP.CONTROLLER.g1655__7344.A1 = (0)
ABSOLUTE PORT: TB_TOP_64_32_4.TOP.CONTROLLER.g1655__7344.A2 = (0)
ABSOLUTE PORT: TB_TOP_64_32_4.TOP.CONTROLLER.SEL[6] = (0)
ABSOLUTE PORT: TB_TOP_64_32_4.TOP.CONTROLLER.g1649__1840.A2 = (0)
ABSOLUTE PORT: TB_TOP_64_32_4.TOP.CONTROLLER.g1649__1840.A1 = (0)
ABSOLUTE PORT: TB_TOP_64_32_4.TOP.CONTROLLER.SEL[5] = (0)
ABSOLUTE PORT: TB_TOP_64_32_4.TOP.CONTROLLER.g1610__6877.A1 = (0)
ABSOLUTE PORT: TB_TOP_64_32_4.TOP.CONTROLLER.g1610__6877.A2 = (0)
ABSOLUTE PORT: TB_TOP_64_32_4.TOP.CONTROLLER.SEL[4] = (0)
ABSOLUTE PORT: TB_TOP_64_32_4.TOP.CONTROLLER.g1611__5019.A1 = (0)
ABSOLUTE PORT: TB_TOP_64_32_4.TOP.CONTROLLER.g1611__5019.A2 = (0)
ABSOLUTE PORT: TB_TOP_64_32_4.TOP.CONTROLLER.SEL[3] = (0)
ABSOLUTE PORT: TB_TOP_64_32_4.TOP.CONTROLLER.g1612__1857.A1 = (0)
ABSOLUTE PORT: TB_TOP_64_32_4.TOP.CONTROLLER.g1612__1857.A2 = (0)
ABSOLUTE PORT: TB_TOP_64_32_4.TOP.CONTROLLER.SEL[2] = (0)
ABSOLUTE PORT: TB_TOP_64_32_4.TOP.CONTROLLER.g1660__9906.A2 = (0)
ABSOLUTE PORT: TB_TOP_64_32_4.TOP.CONTROLLER.g1660__9906.A1 = (0)
ABSOLUTE PORT: TB_TOP_64_32_4.TOP.CONTROLLER.SEL[1] = (0)
ABSOLUTE PORT: TB_TOP_64_32_4.TOP.CONTROLLER.g1661__9682.A1 = (0)
ABSOLUTE PORT: TB_TOP_64_32_4.TOP.CONTROLLER.g1661__9682.A2 = (0)
ABSOLUTE PORT: TB_TOP_64_32_4.TOP.CONTROLLER.SEL[0] = (0)
ABSOLUTE PORT: TB_TOP_64_32_4.TOP.CONTROLLER.READ = (0)
ABSOLUTE PORT: TB_TOP_64_32_4.TOP.CONTROLLER.g1732.I = (0.01)
ABSOLUTE PORT: TB_TOP_64_32_4.TOP.CONTROLLER.WRITE = (0)
ABSOLUTE PORT: TB_TOP_64_32_4.TOP.CONTROLLER.WRITE_2 = (0)
ABSOLUTE PORT: TB_TOP_64_32_4.TOP.CONTROLLER.g1682__6877.A2 = (0)
ABSOLUTE PORT: TB_TOP_64_32_4.TOP.CONTROLLER.g1682__6877.A1 = (0)
ABSOLUTE PORT: TB_TOP_64_32_4.TOP.CONTROLLER.g1687__1786.A2 = (0)
ABSOLUTE PORT: TB_TOP_64_32_4.TOP.CONTROLLER.g1687__1786.A1 = (0)
ABSOLUTE PORT: TB_TOP_64_32_4.TOP.CONTROLLER.g1692__5266.A2 = (0)
ABSOLUTE PORT: TB_TOP_64_32_4.TOP.CONTROLLER.g1692__5266.A1 = (0)
ABSOLUTE PORT: TB_TOP_64_32_4.TOP.CONTROLLER.g1696__5795.A2 = (0)
ABSOLUTE PORT: TB_TOP_64_32_4.TOP.CONTROLLER.g1696__5795.A1 = (0)
ABSOLUTE PORT: TB_TOP_64_32_4.TOP.CONTROLLER.NOT_WRITE = (0)
ABSOLUTE PORT: TB_TOP_64_32_4.TOP.CONTROLLER.NOT_WRITE_2 = (0)
ABSOLUTE PORT: TB_TOP_64_32_4.TOP.CONTROLLER.controller1_DVLP_reg.D = (0)
ABSOLUTE PORT: TB_TOP_64_32_4.TOP.CONTROLLER.controller1_DVLP_reg.E = (0)
ABSOLUTE PORT: TB_TOP_64_32_4.TOP.CONTROLLER.P_EN[16] = (0)
ABSOLUTE PORT: TB_TOP_64_32_4.TOP.CONTROLLER.DVLP = (0)
ABSOLUTE PORT: TB_TOP_64_32_4.TOP.CONTROLLER.PRE = (0)
ABSOLUTE PORT: TB_TOP_64_32_4.TOP.CONTROLLER.controller1_EN_SA_reg.D = (0)
ABSOLUTE PORT: TB_TOP_64_32_4.TOP.CONTROLLER.controller1_EN_SA_reg.E = (0)
ABSOLUTE PORT: TB_TOP_64_32_4.TOP.CONTROLLER.EN_SA = (0)
ABSOLUTE PORT: TB_TOP_64_32_4.TOP.CONTROLLER.g1713__8780.A2 = (0)
ABSOLUTE PORT: TB_TOP_64_32_4.TOP.CONTROLLER.g1713__8780.A1 = (0)
ABSOLUTE PORT: TB_TOP_64_32_4.TOP.CONTROLLER.g1704__4296.A1 = (0)
ABSOLUTE PORT: TB_TOP_64_32_4.TOP.CONTROLLER.g1704__4296.B1 = (0)
ABSOLUTE PORT: TB_TOP_64_32_4.TOP.CONTROLLER.g1705__3772.B1 = (0)
ABSOLUTE PORT: TB_TOP_64_32_4.TOP.CONTROLLER.g1705__3772.A1 = (0)
ABSOLUTE PORT: TB_TOP_64_32_4.TOP.CONTROLLER.g1712__9682.A1 = (0)
ABSOLUTE PORT: TB_TOP_64_32_4.TOP.CONTROLLER.g1712__9682.A2 = (0)
ABSOLUTE PORT: TB_TOP_64_32_4.TOP.CONTROLLER.g1700__1840.A2 = (0)
ABSOLUTE PORT: TB_TOP_64_32_4.TOP.CONTROLLER.g1700__1840.A1 = (0)
ABSOLUTE PORT: TB_TOP_64_32_4.TOP.CONTROLLER.g1700__1840.A3 = (0)
ABSOLUTE PORT: TB_TOP_64_32_4.TOP.CONTROLLER.g1699__1857.A2 = (0)
ABSOLUTE PORT: TB_TOP_64_32_4.TOP.CONTROLLER.g1699__1857.A3 = (0)
ABSOLUTE PORT: TB_TOP_64_32_4.TOP.CONTROLLER.g1699__1857.A1 = (0)
ABSOLUTE PORT: TB_TOP_64_32_4.TOP.CONTROLLER.g1701__9906.B2 = (0)
ABSOLUTE PORT: TB_TOP_64_32_4.TOP.CONTROLLER.g1701__9906.B1 = (0)
ABSOLUTE PORT: TB_TOP_64_32_4.TOP.CONTROLLER.g1701__9906.A1 = (0)
ABSOLUTE PORT: TB_TOP_64_32_4.TOP.CONTROLLER.g1720.I = (0)
ABSOLUTE PORT: TB_TOP_64_32_4.TOP.CONTROLLER.g1683__2391.A2 = (0)
ABSOLUTE PORT: TB_TOP_64_32_4.TOP.CONTROLLER.g1683__2391.A1 = (0)
ABSOLUTE PORT: TB_TOP_64_32_4.TOP.CONTROLLER.g1684__7675.B1 = (0)
ABSOLUTE PORT: TB_TOP_64_32_4.TOP.CONTROLLER.g1684__7675.A1 = (0)
ABSOLUTE PORT: TB_TOP_64_32_4.TOP.CONTROLLER.g1681__5953.A2 = (0)
ABSOLUTE PORT: TB_TOP_64_32_4.TOP.CONTROLLER.g1681__5953.A1 = (0)
ABSOLUTE PORT: TB_TOP_64_32_4.TOP.CONTROLLER.g1694__5703.A2 = (0)
ABSOLUTE PORT: TB_TOP_64_32_4.TOP.CONTROLLER.g1694__5703.A1 = (0)
ABSOLUTE PORT: TB_TOP_64_32_4.TOP.CONTROLLER.g1689__6083.A2 = (0)
ABSOLUTE PORT: TB_TOP_64_32_4.TOP.CONTROLLER.g1689__6083.A1 = (0)
ABSOLUTE PORT: TB_TOP_64_32_4.TOP.CONTROLLER.g1726.I = (0)
ABSOLUTE PORT: TB_TOP_64_32_4.TOP.CONTROLLER.g1698__5019.A2 = (0)
ABSOLUTE PORT: TB_TOP_64_32_4.TOP.CONTROLLER.g1698__5019.A3 = (0)
ABSOLUTE PORT: TB_TOP_64_32_4.TOP.CONTROLLER.g1698__5019.A1 = (0)
ABSOLUTE PORT: TB_TOP_64_32_4.TOP.CONTROLLER.g1719.I = (0)
ABSOLUTE PORT: TB_TOP_64_32_4.TOP.CONTROLLER.g1708__4547.A2 = (0)
ABSOLUTE PORT: TB_TOP_64_32_4.TOP.CONTROLLER.g1708__4547.A1 = (0)
ABSOLUTE PORT: TB_TOP_64_32_4.TOP.CONTROLLER.g1716__2900.A1 = (0)
ABSOLUTE PORT: TB_TOP_64_32_4.TOP.CONTROLLER.g1716__2900.A2 = (0)
ABSOLUTE PORT: TB_TOP_64_32_4.TOP.CONTROLLER.g1715__2391.B1 = (0)
ABSOLUTE PORT: TB_TOP_64_32_4.TOP.CONTROLLER.g1715__2391.A1 = (0)
ABSOLUTE PORT: TB_TOP_64_32_4.TOP.CONTROLLER.g1714__7675.A1 = (0)
ABSOLUTE PORT: TB_TOP_64_32_4.TOP.CONTROLLER.g1714__7675.B1 = (0)
ABSOLUTE PORT: TB_TOP_64_32_4.TOP.CONTROLLER.g1707__1474.A1 = (0)
ABSOLUTE PORT: TB_TOP_64_32_4.TOP.CONTROLLER.g1707__1474.A2 = (0)
ABSOLUTE PORT: TB_TOP_64_32_4.TOP.CONTROLLER.g1718__2683.A2 = (0)
ABSOLUTE PORT: TB_TOP_64_32_4.TOP.CONTROLLER.g1718__2683.A1 = (0)
ABSOLUTE PORT: TB_TOP_64_32_4.TOP.CONTROLLER.g1709__1309.A1 = (0)
ABSOLUTE PORT: TB_TOP_64_32_4.TOP.CONTROLLER.g1709__1309.B1 = (0)
ABSOLUTE PORT: TB_TOP_64_32_4.TOP.CONTROLLER.g1717__6877.B1 = (0)
ABSOLUTE PORT: TB_TOP_64_32_4.TOP.CONTROLLER.g1717__6877.A1 = (0)
ABSOLUTE PORT: TB_TOP_64_32_4.TOP.CONTROLLER.\controller1_nstate_reg[2] .D = (0)
ABSOLUTE PORT: TB_TOP_64_32_4.TOP.CONTROLLER.\controller1_nstate_reg[2] .E = (0)
ABSOLUTE PORT: TB_TOP_64_32_4.TOP.CONTROLLER.\controller1_nstate_reg[0] .D = (0)
ABSOLUTE PORT: TB_TOP_64_32_4.TOP.CONTROLLER.\controller1_nstate_reg[0] .E = (0)
ABSOLUTE PORT: TB_TOP_64_32_4.TOP.CONTROLLER.g1753__5795.B1 = (0)
ABSOLUTE PORT: TB_TOP_64_32_4.TOP.CONTROLLER.g1753__5795.A1 = (0)
ABSOLUTE PORT: TB_TOP_64_32_4.TOP.CONTROLLER.g1748__6083.A1 = (0)
ABSOLUTE PORT: TB_TOP_64_32_4.TOP.CONTROLLER.g1748__6083.A2 = (0)
ABSOLUTE PORT: TB_TOP_64_32_4.TOP.CONTROLLER.controller1_P_ADDRESS_EN_reg.D = (0)
ABSOLUTE PORT: TB_TOP_64_32_4.TOP.CONTROLLER.controller1_P_ADDRESS_EN_reg.E = (0)
ABSOLUTE PORT: TB_TOP_64_32_4.TOP.CONTROLLER.g1685__7118.A2 = (0)
ABSOLUTE PORT: TB_TOP_64_32_4.TOP.CONTROLLER.g1685__7118.A1 = (0)
ABSOLUTE PORT: TB_TOP_64_32_4.TOP.CONTROLLER.g1691__7114.A2 = (0)
ABSOLUTE PORT: TB_TOP_64_32_4.TOP.CONTROLLER.g1691__7114.A1 = (0)
ABSOLUTE PORT: TB_TOP_64_32_4.TOP.CONTROLLER.g1695__2703.A2 = (0)
ABSOLUTE PORT: TB_TOP_64_32_4.TOP.CONTROLLER.g1695__2703.A1 = (0)
ABSOLUTE PORT: TB_TOP_64_32_4.TOP.CONTROLLER.g1697__7344.A2 = (0)
ABSOLUTE PORT: TB_TOP_64_32_4.TOP.CONTROLLER.g1697__7344.A1 = (0)
ABSOLUTE PORT: TB_TOP_64_32_4.TOP.CONTROLLER.g1710.I = (0)
ABSOLUTE PORT: TB_TOP_64_32_4.TOP.CONTROLLER.g1686__8757.A1 = (0)
ABSOLUTE PORT: TB_TOP_64_32_4.TOP.CONTROLLER.g1686__8757.A2 = (0)
ABSOLUTE PORT: TB_TOP_64_32_4.TOP.CONTROLLER.g1693__2250.A1 = (0)
ABSOLUTE PORT: TB_TOP_64_32_4.TOP.CONTROLLER.g1693__2250.A2 = (0)
ABSOLUTE PORT: TB_TOP_64_32_4.TOP.CONTROLLER.g1703.I = (0)
ABSOLUTE PORT: TB_TOP_64_32_4.TOP.CONTROLLER.g1688__2900.A1 = (0)
ABSOLUTE PORT: TB_TOP_64_32_4.TOP.CONTROLLER.g1688__2900.A2 = (0)
ABSOLUTE PORT: TB_TOP_64_32_4.TOP.CONTROLLER.g1711.I = (0)
ABSOLUTE PORT: TB_TOP_64_32_4.TOP.CONTROLLER.g1702.I = (0)
